[DEBUG][2017-10-31 09:00:25,665] com.opensymphony.xwork2.util.logging.commons.CommonsLogger.debug(CommonsLogger.java:68)
	系统启动!
[DEBUG][2017-10-31 09:00:25,728] com.opensymphony.xwork2.util.logging.commons.CommonsLogger.debug(CommonsLogger.java:68)
	系统主目录:[E:\workspace\eFiling\eFiling\]
[DEBUG][2017-10-31 09:00:27,214] com.opensymphony.xwork2.util.logging.commons.CommonsLogger.debug(CommonsLogger.java:68)
	初始化FileNet配置...
[DEBUG][2017-10-31 09:00:27,282] com.opensymphony.xwork2.util.logging.commons.CommonsLogger.debug(CommonsLogger.java:68)
	{}
[DEBUG][2017-10-31 09:00:27,475] com.opensymphony.xwork2.util.logging.commons.CommonsLogger.debug(CommonsLogger.java:68)
	初始化邮件配置...
[DEBUG][2017-10-31 09:00:27,699] com.opensymphony.xwork2.util.logging.commons.CommonsLogger.debug(CommonsLogger.java:68)
	{mail.password=, mail.user=ARAP System, mail.smtp.host=10.132.1.168}
[DEBUG][2017-10-31 09:00:27,700] com.opensymphony.xwork2.util.logging.commons.CommonsLogger.debug(CommonsLogger.java:68)
	初始化定时器配置...
[INFO][2017-10-31 09:00:27,725] com.opensymphony.xwork2.util.logging.commons.CommonsLogger.info(CommonsLogger.java:42)
	配置timer.tasks=null
[DEBUG][2017-10-31 13:42:25,685] com.opensymphony.xwork2.util.logging.commons.CommonsLogger.debug(CommonsLogger.java:68)
	系统启动!
[DEBUG][2017-10-31 13:42:25,740] com.opensymphony.xwork2.util.logging.commons.CommonsLogger.debug(CommonsLogger.java:68)
	系统主目录:[E:\workspace\eFiling\eFiling\]
[DEBUG][2017-10-31 13:42:26,842] com.opensymphony.xwork2.util.logging.commons.CommonsLogger.debug(CommonsLogger.java:68)
	初始化FileNet配置...
[DEBUG][2017-10-31 13:42:26,893] com.opensymphony.xwork2.util.logging.commons.CommonsLogger.debug(CommonsLogger.java:68)
	{}
[DEBUG][2017-10-31 13:42:26,929] com.opensymphony.xwork2.util.logging.commons.CommonsLogger.debug(CommonsLogger.java:68)
	初始化邮件配置...
[DEBUG][2017-10-31 13:42:27,038] com.opensymphony.xwork2.util.logging.commons.CommonsLogger.debug(CommonsLogger.java:68)
	{mail.password=, mail.user=ARAP System, mail.smtp.host=10.132.1.168}
[DEBUG][2017-10-31 13:42:27,040] com.opensymphony.xwork2.util.logging.commons.CommonsLogger.debug(CommonsLogger.java:68)
	初始化定时器配置...
[INFO][2017-10-31 13:42:27,046] com.opensymphony.xwork2.util.logging.commons.CommonsLogger.info(CommonsLogger.java:42)
	配置timer.tasks=null
