[DEBUG][2017-10-27 09:22:56,245] com.opensymphony.xwork2.util.logging.commons.CommonsLogger.debug(CommonsLogger.java:68)
	系统启动!
[DEBUG][2017-10-27 09:22:56,326] com.opensymphony.xwork2.util.logging.commons.CommonsLogger.debug(CommonsLogger.java:68)
	系统主目录:[E:\workspace\eFiling\eFiling\]
[DEBUG][2017-10-27 09:22:57,464] com.opensymphony.xwork2.util.logging.commons.CommonsLogger.debug(CommonsLogger.java:68)
	初始化FileNet配置...
[DEBUG][2017-10-27 09:22:57,640] com.opensymphony.xwork2.util.logging.commons.CommonsLogger.debug(CommonsLogger.java:68)
	{}
[DEBUG][2017-10-27 09:22:57,673] com.opensymphony.xwork2.util.logging.commons.CommonsLogger.debug(CommonsLogger.java:68)
	初始化邮件配置...
[DEBUG][2017-10-27 09:22:59,950] com.opensymphony.xwork2.util.logging.commons.CommonsLogger.debug(CommonsLogger.java:68)
	{mail.password=, mail.user=ARAP System, mail.smtp.host=10.132.1.168}
[DEBUG][2017-10-27 09:22:59,952] com.opensymphony.xwork2.util.logging.commons.CommonsLogger.debug(CommonsLogger.java:68)
	初始化定时器配置...
[INFO][2017-10-27 09:23:00,089] com.opensymphony.xwork2.util.logging.commons.CommonsLogger.info(CommonsLogger.java:42)
	配置timer.tasks=null
[DEBUG][2017-10-27 09:24:01,615] com.opensymphony.xwork2.util.logging.commons.CommonsLogger.debug(CommonsLogger.java:68)
	系统启动!
[DEBUG][2017-10-27 09:24:01,626] com.opensymphony.xwork2.util.logging.commons.CommonsLogger.debug(CommonsLogger.java:68)
	系统主目录:[E:\workspace\eFiling\eFiling\]
[DEBUG][2017-10-27 09:24:02,507] com.opensymphony.xwork2.util.logging.commons.CommonsLogger.debug(CommonsLogger.java:68)
	初始化FileNet配置...
[DEBUG][2017-10-27 09:24:02,542] com.opensymphony.xwork2.util.logging.commons.CommonsLogger.debug(CommonsLogger.java:68)
	{}
[DEBUG][2017-10-27 09:24:02,545] com.opensymphony.xwork2.util.logging.commons.CommonsLogger.debug(CommonsLogger.java:68)
	初始化邮件配置...
[DEBUG][2017-10-27 09:24:02,640] com.opensymphony.xwork2.util.logging.commons.CommonsLogger.debug(CommonsLogger.java:68)
	{mail.password=, mail.user=ARAP System, mail.smtp.host=10.132.1.168}
[DEBUG][2017-10-27 09:24:02,642] com.opensymphony.xwork2.util.logging.commons.CommonsLogger.debug(CommonsLogger.java:68)
	初始化定时器配置...
[INFO][2017-10-27 09:24:02,644] com.opensymphony.xwork2.util.logging.commons.CommonsLogger.info(CommonsLogger.java:42)
	配置timer.tasks=null
[DEBUG][2017-10-27 09:55:02,974] com.opensymphony.xwork2.util.logging.commons.CommonsLogger.debug(CommonsLogger.java:68)
	系统启动!
[DEBUG][2017-10-27 09:55:02,985] com.opensymphony.xwork2.util.logging.commons.CommonsLogger.debug(CommonsLogger.java:68)
	系统主目录:[E:\workspace\eFiling\eFiling\]
[DEBUG][2017-10-27 09:55:03,922] com.opensymphony.xwork2.util.logging.commons.CommonsLogger.debug(CommonsLogger.java:68)
	初始化FileNet配置...
[DEBUG][2017-10-27 09:55:03,987] com.opensymphony.xwork2.util.logging.commons.CommonsLogger.debug(CommonsLogger.java:68)
	{}
[DEBUG][2017-10-27 09:55:03,991] com.opensymphony.xwork2.util.logging.commons.CommonsLogger.debug(CommonsLogger.java:68)
	初始化邮件配置...
[DEBUG][2017-10-27 09:55:04,088] com.opensymphony.xwork2.util.logging.commons.CommonsLogger.debug(CommonsLogger.java:68)
	{mail.password=, mail.user=ARAP System, mail.smtp.host=10.132.1.168}
[DEBUG][2017-10-27 09:55:04,091] com.opensymphony.xwork2.util.logging.commons.CommonsLogger.debug(CommonsLogger.java:68)
	初始化定时器配置...
[INFO][2017-10-27 09:55:04,093] com.opensymphony.xwork2.util.logging.commons.CommonsLogger.info(CommonsLogger.java:42)
	配置timer.tasks=null
[DEBUG][2017-10-27 10:32:30,878] com.opensymphony.xwork2.util.logging.commons.CommonsLogger.debug(CommonsLogger.java:68)
	系统启动!
[DEBUG][2017-10-27 10:32:30,894] com.opensymphony.xwork2.util.logging.commons.CommonsLogger.debug(CommonsLogger.java:68)
	系统主目录:[E:\workspace\eFiling\eFiling\]
[DEBUG][2017-10-27 10:32:32,245] com.opensymphony.xwork2.util.logging.commons.CommonsLogger.debug(CommonsLogger.java:68)
	初始化FileNet配置...
[DEBUG][2017-10-27 10:32:32,293] com.opensymphony.xwork2.util.logging.commons.CommonsLogger.debug(CommonsLogger.java:68)
	{}
[DEBUG][2017-10-27 10:32:32,293] com.opensymphony.xwork2.util.logging.commons.CommonsLogger.debug(CommonsLogger.java:68)
	初始化邮件配置...
[DEBUG][2017-10-27 10:32:32,404] com.opensymphony.xwork2.util.logging.commons.CommonsLogger.debug(CommonsLogger.java:68)
	{mail.password=, mail.user=ARAP System, mail.smtp.host=10.132.1.168}
[DEBUG][2017-10-27 10:32:32,404] com.opensymphony.xwork2.util.logging.commons.CommonsLogger.debug(CommonsLogger.java:68)
	初始化定时器配置...
[INFO][2017-10-27 10:32:32,420] com.opensymphony.xwork2.util.logging.commons.CommonsLogger.info(CommonsLogger.java:42)
	配置timer.tasks=null
[DEBUG][2017-10-27 15:05:29,668] com.opensymphony.xwork2.util.logging.commons.CommonsLogger.debug(CommonsLogger.java:68)
	系统启动!
[DEBUG][2017-10-27 15:05:29,717] com.opensymphony.xwork2.util.logging.commons.CommonsLogger.debug(CommonsLogger.java:68)
	系统主目录:[E:\workspace\eFiling\eFiling\]
[DEBUG][2017-10-27 15:05:30,953] com.opensymphony.xwork2.util.logging.commons.CommonsLogger.debug(CommonsLogger.java:68)
	初始化FileNet配置...
[DEBUG][2017-10-27 15:05:30,994] com.opensymphony.xwork2.util.logging.commons.CommonsLogger.debug(CommonsLogger.java:68)
	{}
[DEBUG][2017-10-27 15:05:31,077] com.opensymphony.xwork2.util.logging.commons.CommonsLogger.debug(CommonsLogger.java:68)
	初始化邮件配置...
[DEBUG][2017-10-27 15:05:31,202] com.opensymphony.xwork2.util.logging.commons.CommonsLogger.debug(CommonsLogger.java:68)
	{mail.password=, mail.user=ARAP System, mail.smtp.host=10.132.1.168}
[DEBUG][2017-10-27 15:05:31,206] com.opensymphony.xwork2.util.logging.commons.CommonsLogger.debug(CommonsLogger.java:68)
	初始化定时器配置...
[INFO][2017-10-27 15:05:31,232] com.opensymphony.xwork2.util.logging.commons.CommonsLogger.info(CommonsLogger.java:42)
	配置timer.tasks=null
