[DEBUG][2017-10-16 11:08:16,339] com.opensymphony.xwork2.util.logging.commons.CommonsLogger.debug(CommonsLogger.java:68)
	系统启动!
[DEBUG][2017-10-16 11:08:16,370] com.opensymphony.xwork2.util.logging.commons.CommonsLogger.debug(CommonsLogger.java:68)
	系统主目录:[E:\workspace\eFiling\eFiling\]
[DEBUG][2017-10-16 11:08:17,354] com.opensymphony.xwork2.util.logging.commons.CommonsLogger.debug(CommonsLogger.java:68)
	初始化FileNet配置...
[DEBUG][2017-10-16 11:08:17,463] com.opensymphony.xwork2.util.logging.commons.CommonsLogger.debug(CommonsLogger.java:68)
	{}
[DEBUG][2017-10-16 11:08:17,494] com.opensymphony.xwork2.util.logging.commons.CommonsLogger.debug(CommonsLogger.java:68)
	初始化邮件配置...
[DEBUG][2017-10-16 11:08:17,651] com.opensymphony.xwork2.util.logging.commons.CommonsLogger.debug(CommonsLogger.java:68)
	{mail.password=, mail.user=ARAP System, mail.smtp.host=10.132.1.168}
[DEBUG][2017-10-16 11:08:17,651] com.opensymphony.xwork2.util.logging.commons.CommonsLogger.debug(CommonsLogger.java:68)
	初始化定时器配置...
[INFO][2017-10-16 11:08:17,651] com.opensymphony.xwork2.util.logging.commons.CommonsLogger.info(CommonsLogger.java:42)
	配置timer.tasks=null
[DEBUG][2017-10-16 16:35:26,444] com.opensymphony.xwork2.util.logging.commons.CommonsLogger.debug(CommonsLogger.java:68)
	系统启动!
[DEBUG][2017-10-16 16:35:26,495] com.opensymphony.xwork2.util.logging.commons.CommonsLogger.debug(CommonsLogger.java:68)
	系统主目录:[E:\workspace\eFiling\eFiling\]
[DEBUG][2017-10-16 16:35:27,480] com.opensymphony.xwork2.util.logging.commons.CommonsLogger.debug(CommonsLogger.java:68)
	初始化FileNet配置...
[DEBUG][2017-10-16 16:35:27,723] com.opensymphony.xwork2.util.logging.commons.CommonsLogger.debug(CommonsLogger.java:68)
	{}
[DEBUG][2017-10-16 16:35:27,787] com.opensymphony.xwork2.util.logging.commons.CommonsLogger.debug(CommonsLogger.java:68)
	初始化邮件配置...
[DEBUG][2017-10-16 16:35:27,906] com.opensymphony.xwork2.util.logging.commons.CommonsLogger.debug(CommonsLogger.java:68)
	{mail.password=, mail.user=ARAP System, mail.smtp.host=10.132.1.168}
[DEBUG][2017-10-16 16:35:27,908] com.opensymphony.xwork2.util.logging.commons.CommonsLogger.debug(CommonsLogger.java:68)
	初始化定时器配置...
[INFO][2017-10-16 16:35:27,917] com.opensymphony.xwork2.util.logging.commons.CommonsLogger.info(CommonsLogger.java:42)
	配置timer.tasks=null
[DEBUG][2017-10-16 17:02:19,120] com.opensymphony.xwork2.util.logging.commons.CommonsLogger.debug(CommonsLogger.java:68)
	系统启动!
[DEBUG][2017-10-16 17:02:19,129] com.opensymphony.xwork2.util.logging.commons.CommonsLogger.debug(CommonsLogger.java:68)
	系统主目录:[E:\workspace\eFiling\eFiling\]
[DEBUG][2017-10-16 17:02:20,020] com.opensymphony.xwork2.util.logging.commons.CommonsLogger.debug(CommonsLogger.java:68)
	初始化FileNet配置...
[DEBUG][2017-10-16 17:02:20,053] com.opensymphony.xwork2.util.logging.commons.CommonsLogger.debug(CommonsLogger.java:68)
	{}
[DEBUG][2017-10-16 17:02:20,056] com.opensymphony.xwork2.util.logging.commons.CommonsLogger.debug(CommonsLogger.java:68)
	初始化邮件配置...
[DEBUG][2017-10-16 17:02:20,154] com.opensymphony.xwork2.util.logging.commons.CommonsLogger.debug(CommonsLogger.java:68)
	{mail.password=, mail.user=ARAP System, mail.smtp.host=10.132.1.168}
[DEBUG][2017-10-16 17:02:20,155] com.opensymphony.xwork2.util.logging.commons.CommonsLogger.debug(CommonsLogger.java:68)
	初始化定时器配置...
[INFO][2017-10-16 17:02:20,158] com.opensymphony.xwork2.util.logging.commons.CommonsLogger.info(CommonsLogger.java:42)
	配置timer.tasks=null
