[DEBUG][2017-10-30 09:56:39,683] com.opensymphony.xwork2.util.logging.commons.CommonsLogger.debug(CommonsLogger.java:68)
	系统启动!
[DEBUG][2017-10-30 09:56:39,714] com.opensymphony.xwork2.util.logging.commons.CommonsLogger.debug(CommonsLogger.java:68)
	系统主目录:[E:\workspace\eFiling\eFiling\]
[DEBUG][2017-10-30 09:56:41,057] com.opensymphony.xwork2.util.logging.commons.CommonsLogger.debug(CommonsLogger.java:68)
	初始化FileNet配置...
[DEBUG][2017-10-30 09:56:41,105] com.opensymphony.xwork2.util.logging.commons.CommonsLogger.debug(CommonsLogger.java:68)
	{}
[DEBUG][2017-10-30 09:56:41,105] com.opensymphony.xwork2.util.logging.commons.CommonsLogger.debug(CommonsLogger.java:68)
	初始化邮件配置...
[DEBUG][2017-10-30 09:56:41,248] com.opensymphony.xwork2.util.logging.commons.CommonsLogger.debug(CommonsLogger.java:68)
	{mail.password=, mail.user=ARAP System, mail.smtp.host=10.132.1.168}
[DEBUG][2017-10-30 09:56:41,248] com.opensymphony.xwork2.util.logging.commons.CommonsLogger.debug(CommonsLogger.java:68)
	初始化定时器配置...
[INFO][2017-10-30 09:56:41,248] com.opensymphony.xwork2.util.logging.commons.CommonsLogger.info(CommonsLogger.java:42)
	配置timer.tasks=null
[DEBUG][2017-10-30 15:29:19,614] com.opensymphony.xwork2.util.logging.commons.CommonsLogger.debug(CommonsLogger.java:68)
	系统启动!
[DEBUG][2017-10-30 15:29:19,677] com.opensymphony.xwork2.util.logging.commons.CommonsLogger.debug(CommonsLogger.java:68)
	系统主目录:[E:\workspace\eFiling\eFiling\]
[DEBUG][2017-10-30 15:29:20,739] com.opensymphony.xwork2.util.logging.commons.CommonsLogger.debug(CommonsLogger.java:68)
	初始化FileNet配置...
[DEBUG][2017-10-30 15:29:20,789] com.opensymphony.xwork2.util.logging.commons.CommonsLogger.debug(CommonsLogger.java:68)
	{}
[DEBUG][2017-10-30 15:29:20,892] com.opensymphony.xwork2.util.logging.commons.CommonsLogger.debug(CommonsLogger.java:68)
	初始化邮件配置...
[DEBUG][2017-10-30 15:29:21,049] com.opensymphony.xwork2.util.logging.commons.CommonsLogger.debug(CommonsLogger.java:68)
	{mail.password=, mail.user=ARAP System, mail.smtp.host=10.132.1.168}
[DEBUG][2017-10-30 15:29:21,055] com.opensymphony.xwork2.util.logging.commons.CommonsLogger.debug(CommonsLogger.java:68)
	初始化定时器配置...
[INFO][2017-10-30 15:29:21,085] com.opensymphony.xwork2.util.logging.commons.CommonsLogger.info(CommonsLogger.java:42)
	配置timer.tasks=null
[DEBUG][2017-10-30 16:03:06,562] com.opensymphony.xwork2.util.logging.commons.CommonsLogger.debug(CommonsLogger.java:68)
	系统启动!
[DEBUG][2017-10-30 16:03:06,572] com.opensymphony.xwork2.util.logging.commons.CommonsLogger.debug(CommonsLogger.java:68)
	系统主目录:[E:\workspace\eFiling\eFiling\]
[DEBUG][2017-10-30 16:03:07,483] com.opensymphony.xwork2.util.logging.commons.CommonsLogger.debug(CommonsLogger.java:68)
	初始化FileNet配置...
[DEBUG][2017-10-30 16:03:07,528] com.opensymphony.xwork2.util.logging.commons.CommonsLogger.debug(CommonsLogger.java:68)
	{}
[DEBUG][2017-10-30 16:03:07,530] com.opensymphony.xwork2.util.logging.commons.CommonsLogger.debug(CommonsLogger.java:68)
	初始化邮件配置...
[DEBUG][2017-10-30 16:03:07,612] com.opensymphony.xwork2.util.logging.commons.CommonsLogger.debug(CommonsLogger.java:68)
	{mail.password=, mail.user=ARAP System, mail.smtp.host=10.132.1.168}
[DEBUG][2017-10-30 16:03:07,613] com.opensymphony.xwork2.util.logging.commons.CommonsLogger.debug(CommonsLogger.java:68)
	初始化定时器配置...
[INFO][2017-10-30 16:03:07,615] com.opensymphony.xwork2.util.logging.commons.CommonsLogger.info(CommonsLogger.java:42)
	配置timer.tasks=null
[DEBUG][2017-10-30 16:31:49,689] com.opensymphony.xwork2.util.logging.commons.CommonsLogger.debug(CommonsLogger.java:68)
	系统启动!
[DEBUG][2017-10-30 16:31:49,697] com.opensymphony.xwork2.util.logging.commons.CommonsLogger.debug(CommonsLogger.java:68)
	系统主目录:[E:\workspace\eFiling\eFiling\]
[DEBUG][2017-10-30 16:31:50,658] com.opensymphony.xwork2.util.logging.commons.CommonsLogger.debug(CommonsLogger.java:68)
	初始化FileNet配置...
[DEBUG][2017-10-30 16:31:50,783] com.opensymphony.xwork2.util.logging.commons.CommonsLogger.debug(CommonsLogger.java:68)
	{}
[DEBUG][2017-10-30 16:31:50,787] com.opensymphony.xwork2.util.logging.commons.CommonsLogger.debug(CommonsLogger.java:68)
	初始化邮件配置...
[DEBUG][2017-10-30 16:31:51,089] com.opensymphony.xwork2.util.logging.commons.CommonsLogger.debug(CommonsLogger.java:68)
	{mail.password=, mail.user=ARAP System, mail.smtp.host=10.132.1.168}
[DEBUG][2017-10-30 16:31:51,091] com.opensymphony.xwork2.util.logging.commons.CommonsLogger.debug(CommonsLogger.java:68)
	初始化定时器配置...
[INFO][2017-10-30 16:31:51,093] com.opensymphony.xwork2.util.logging.commons.CommonsLogger.info(CommonsLogger.java:42)
	配置timer.tasks=null
[DEBUG][2017-10-30 17:26:30,660] com.opensymphony.xwork2.util.logging.commons.CommonsLogger.debug(CommonsLogger.java:68)
	系统启动!
[DEBUG][2017-10-30 17:26:30,672] com.opensymphony.xwork2.util.logging.commons.CommonsLogger.debug(CommonsLogger.java:68)
	系统主目录:[E:\workspace\eFiling\eFiling\]
[DEBUG][2017-10-30 17:26:31,458] com.opensymphony.xwork2.util.logging.commons.CommonsLogger.debug(CommonsLogger.java:68)
	初始化FileNet配置...
[DEBUG][2017-10-30 17:26:31,579] com.opensymphony.xwork2.util.logging.commons.CommonsLogger.debug(CommonsLogger.java:68)
	{}
[DEBUG][2017-10-30 17:26:31,583] com.opensymphony.xwork2.util.logging.commons.CommonsLogger.debug(CommonsLogger.java:68)
	初始化邮件配置...
[DEBUG][2017-10-30 17:26:31,679] com.opensymphony.xwork2.util.logging.commons.CommonsLogger.debug(CommonsLogger.java:68)
	{mail.password=, mail.user=ARAP System, mail.smtp.host=10.132.1.168}
[DEBUG][2017-10-30 17:26:31,681] com.opensymphony.xwork2.util.logging.commons.CommonsLogger.debug(CommonsLogger.java:68)
	初始化定时器配置...
[INFO][2017-10-30 17:26:31,704] com.opensymphony.xwork2.util.logging.commons.CommonsLogger.info(CommonsLogger.java:42)
	配置timer.tasks=null
