[DEBUG][2017-09-11 13:49:46,211] com.opensymphony.xwork2.util.logging.commons.CommonsLogger.debug(CommonsLogger.java:68)
	系统启动!
[DEBUG][2017-09-11 13:49:46,305] com.opensymphony.xwork2.util.logging.commons.CommonsLogger.debug(CommonsLogger.java:68)
	系统主目录:[E:\workspace\eFiling\eFiling\]
[DEBUG][2017-09-11 13:49:46,992] com.opensymphony.xwork2.util.logging.commons.CommonsLogger.debug(CommonsLogger.java:68)
	初始化FileNet配置...
[DEBUG][2017-09-11 13:49:47,194] com.opensymphony.xwork2.util.logging.commons.CommonsLogger.debug(CommonsLogger.java:68)
	{}
[DEBUG][2017-09-11 13:49:47,304] com.opensymphony.xwork2.util.logging.commons.CommonsLogger.debug(CommonsLogger.java:68)
	初始化邮件配置...
[DEBUG][2017-09-11 13:49:47,476] com.opensymphony.xwork2.util.logging.commons.CommonsLogger.debug(CommonsLogger.java:68)
	{mail.password=, mail.user=ARAP System, mail.smtp.host=10.132.1.168}
[DEBUG][2017-09-11 13:49:47,476] com.opensymphony.xwork2.util.logging.commons.CommonsLogger.debug(CommonsLogger.java:68)
	初始化定时器配置...
[INFO][2017-09-11 13:49:47,507] com.opensymphony.xwork2.util.logging.commons.CommonsLogger.info(CommonsLogger.java:42)
	配置timer.tasks=null
[INFO][2017-09-11 13:53:07,622] com.opensymphony.xwork2.util.logging.commons.CommonsLogger.info(CommonsLogger.java:42)
	DocumentAuditServiceAction.save(),生成保单数据接口调用:9105025000170000969000
[INFO][2017-09-11 13:53:10,868] com.sinosoft.efiling.service.DocumentAuditService.save(DocumentAuditService.java:236)
	9105025000170000969000 开始保存数据
[INFO][2017-09-11 13:53:12,648] com.sinosoft.efiling.service.DocumentAuditService.saveDocumntFiles(DocumentAuditService.java:1715)
	9105025000170000969000从承保数据库查询到的承保资料：
	0009 - 投保单或投保及报价确认单或续保通知书[com.sinosoft.efiling.hibernate.entity.DocumentFile@1351466]false,true
	1200 - 被保险人身份证或组织机构代码证或营业执照(三证合一)[com.sinosoft.efiling.hibernate.entity.DocumentFile@d6e8b1]false,true
	2201 - 投保险人身份证或组织机构代码证或营业执照（三证合一）[com.sinosoft.efiling.hibernate.entity.DocumentFile@de8fc8]false,true
	3250 - 营业执照[com.sinosoft.efiling.hibernate.entity.DocumentFile@1663a47]false,true
	4251 - 税务登记证/营业执照(三证合一)复印件[]false,false
	5258 - 货物进出口证明书/购车发票[com.sinosoft.efiling.hibernate.entity.DocumentFile@1ab7727]false,true
	6278 - 免责事项说明书[com.sinosoft.efiling.hibernate.entity.DocumentFile@13cd4f0]false,true
	7280 - 纳税人身份证[com.sinosoft.efiling.hibernate.entity.DocumentFile@eea2b4]false,true
	8281 - 投保人实际控制人或法定代理人或负责人身份证件[]false,false
	9282 - 被保险人实际控制人或法定代理人或负责人身份证件[]false,false
[INFO][2017-09-11 13:53:12,648] com.sinosoft.efiling.service.DocumentAuditService.saveDocumntFiles(DocumentAuditService.java:1726)
	1003
[INFO][2017-09-11 13:53:12,960] com.sinosoft.efiling.service.DocumentAuditService.saveDocumntFiles(DocumentAuditService.java:1729)
	
[INFO][2017-09-11 13:53:12,960] com.sinosoft.efiling.service.DocumentAuditService.saveDocumntFiles(DocumentAuditService.java:1726)
	200
[INFO][2017-09-11 13:53:13,116] com.sinosoft.efiling.service.DocumentAuditService.saveDocumntFiles(DocumentAuditService.java:1729)
	
[INFO][2017-09-11 13:53:13,116] com.sinosoft.efiling.service.DocumentAuditService.saveDocumntFiles(DocumentAuditService.java:1726)
	009
[INFO][2017-09-11 13:53:13,211] com.sinosoft.efiling.service.DocumentAuditService.saveDocumntFiles(DocumentAuditService.java:1729)
	
[INFO][2017-09-11 13:53:13,211] com.sinosoft.efiling.service.DocumentAuditService.saveDocumntFiles(DocumentAuditService.java:1726)
	258
[INFO][2017-09-11 13:53:13,304] com.sinosoft.efiling.service.DocumentAuditService.saveDocumntFiles(DocumentAuditService.java:1729)
	
[INFO][2017-09-11 13:53:13,304] com.sinosoft.efiling.service.DocumentAuditService.saveDocumntFiles(DocumentAuditService.java:1726)
	250
[INFO][2017-09-11 13:53:13,398] com.sinosoft.efiling.service.DocumentAuditService.saveDocumntFiles(DocumentAuditService.java:1729)
	
[INFO][2017-09-11 13:53:13,398] com.sinosoft.efiling.service.DocumentAuditService.saveDocumntFiles(DocumentAuditService.java:1726)
	201
[INFO][2017-09-11 13:53:13,491] com.sinosoft.efiling.service.DocumentAuditService.saveDocumntFiles(DocumentAuditService.java:1729)
	
[INFO][2017-09-11 13:53:13,491] com.sinosoft.efiling.service.DocumentAuditService.saveDocumntFiles(DocumentAuditService.java:1726)
	1004
[INFO][2017-09-11 13:53:13,585] com.sinosoft.efiling.service.DocumentAuditService.saveDocumntFiles(DocumentAuditService.java:1729)
	
[INFO][2017-09-11 13:53:13,725] com.sinosoft.efiling.service.DocumentAuditService.saveDocumntFiles(DocumentAuditService.java:1791)
	删除0条数据!
[INFO][2017-09-11 13:53:14,349] com.sinosoft.efiling.service.DocumentAuditService.save(DocumentAuditService.java:281)
	9105025000170000969000 数据保存完成,需要的承保资料清单:

	1.1003 - 免责事项说明书
	2.200 - 被保险人身份证或组织机构代码证或营业执照（三证合一）
	3.009 - 投保单或投保及报价确认单或续保通知书
	4.258 - 货物进出口证明书/购车发票
	5.250 - 营业执照复印件
	6.201 - 投保险人身份证或组织机构代码证或营业执照（三证合一）
	7.1004 - 纳税人身份证
[INFO][2017-09-11 13:53:39,904] com.opensymphony.xwork2.util.logging.commons.CommonsLogger.info(CommonsLogger.java:42)
	DocumentAuditServiceAction.save(),生成保单数据接口调用成功:9105025000170000969000
[INFO][2017-09-11 13:54:51,625] com.opensymphony.xwork2.util.logging.commons.CommonsLogger.info(CommonsLogger.java:42)
	DocumentAuditServiceAction.save(),生成保单数据接口调用:9105025000170000969000
[INFO][2017-09-11 13:55:13,576] com.sinosoft.efiling.service.DocumentAuditService.save(DocumentAuditService.java:236)
	9105025000170000969000 开始保存数据
[INFO][2017-09-11 14:12:48,361] com.sinosoft.efiling.service.DocumentAuditService.saveDocumntFiles(DocumentAuditService.java:1715)
	9105025000170000969000从承保数据库查询到的承保资料：
	0009 - 投保单或投保及报价确认单或续保通知书[com.sinosoft.efiling.hibernate.entity.DocumentFile@9da9c]false,true
	1200 - 被保险人身份证或组织机构代码证或营业执照(三证合一)[com.sinosoft.efiling.hibernate.entity.DocumentFile@1b0cfbd]false,true
	2201 - 投保险人身份证或组织机构代码证或营业执照（三证合一）[com.sinosoft.efiling.hibernate.entity.DocumentFile@1050220]false,true
	3250 - 营业执照[com.sinosoft.efiling.hibernate.entity.DocumentFile@274b6b]false,true
	4251 - 税务登记证/营业执照(三证合一)复印件[]false,false
	5258 - 货物进出口证明书/购车发票[com.sinosoft.efiling.hibernate.entity.DocumentFile@14f0168]false,true
	6278 - 免责事项说明书[com.sinosoft.efiling.hibernate.entity.DocumentFile@815558]false,true
	7280 - 纳税人身份证[com.sinosoft.efiling.hibernate.entity.DocumentFile@6727dd]false,true
	8281 - 投保人实际控制人或法定代理人或负责人身份证件[]false,false
	9282 - 被保险人实际控制人或法定代理人或负责人身份证件[]false,false
[INFO][2017-09-11 14:12:48,362] com.sinosoft.efiling.service.DocumentAuditService.saveDocumntFiles(DocumentAuditService.java:1726)
	1004
[INFO][2017-09-11 14:12:48,416] com.sinosoft.efiling.service.DocumentAuditService.saveDocumntFiles(DocumentAuditService.java:1729)
	
[INFO][2017-09-11 14:12:48,418] com.sinosoft.efiling.service.DocumentAuditService.saveDocumntFiles(DocumentAuditService.java:1726)
	201
[INFO][2017-09-11 14:12:48,498] com.sinosoft.efiling.service.DocumentAuditService.saveDocumntFiles(DocumentAuditService.java:1729)
	
[INFO][2017-09-11 14:12:48,499] com.sinosoft.efiling.service.DocumentAuditService.saveDocumntFiles(DocumentAuditService.java:1726)
	009
[INFO][2017-09-11 14:12:48,549] com.sinosoft.efiling.service.DocumentAuditService.saveDocumntFiles(DocumentAuditService.java:1729)
	
[INFO][2017-09-11 14:12:48,550] com.sinosoft.efiling.service.DocumentAuditService.saveDocumntFiles(DocumentAuditService.java:1726)
	200
[INFO][2017-09-11 14:12:48,603] com.sinosoft.efiling.service.DocumentAuditService.saveDocumntFiles(DocumentAuditService.java:1729)
	
[INFO][2017-09-11 14:12:48,605] com.sinosoft.efiling.service.DocumentAuditService.saveDocumntFiles(DocumentAuditService.java:1726)
	1003
[INFO][2017-09-11 14:12:48,654] com.sinosoft.efiling.service.DocumentAuditService.saveDocumntFiles(DocumentAuditService.java:1729)
	
[INFO][2017-09-11 14:12:48,656] com.sinosoft.efiling.service.DocumentAuditService.saveDocumntFiles(DocumentAuditService.java:1726)
	250
[INFO][2017-09-11 14:12:48,705] com.sinosoft.efiling.service.DocumentAuditService.saveDocumntFiles(DocumentAuditService.java:1729)
	
[INFO][2017-09-11 14:12:48,706] com.sinosoft.efiling.service.DocumentAuditService.saveDocumntFiles(DocumentAuditService.java:1726)
	258
[INFO][2017-09-11 14:12:48,756] com.sinosoft.efiling.service.DocumentAuditService.saveDocumntFiles(DocumentAuditService.java:1729)
	
[INFO][2017-09-11 14:12:48,781] com.sinosoft.efiling.service.DocumentAuditService.saveDocumntFiles(DocumentAuditService.java:1791)
	删除0条数据!
[INFO][2017-09-11 14:12:48,939] com.sinosoft.efiling.service.DocumentAuditService.save(DocumentAuditService.java:281)
	9105025000170000969000 数据保存完成,需要的承保资料清单:

	1.1004 - 纳税人身份证
	2.201 - 投保险人身份证或组织机构代码证或营业执照（三证合一）
	3.009 - 投保单或投保及报价确认单或续保通知书
	4.200 - 被保险人身份证或组织机构代码证或营业执照（三证合一）
	5.1003 - 免责事项说明书
	6.250 - 营业执照复印件
	7.258 - 货物进出口证明书/购车发票
[INFO][2017-09-11 14:12:48,954] com.opensymphony.xwork2.util.logging.commons.CommonsLogger.info(CommonsLogger.java:42)
	DocumentAuditServiceAction.save(),生成保单数据接口调用成功:9105025000170000969000
[DEBUG][2017-09-11 14:24:18,976] com.opensymphony.xwork2.util.logging.commons.CommonsLogger.debug(CommonsLogger.java:68)
	系统启动!
[DEBUG][2017-09-11 14:24:18,985] com.opensymphony.xwork2.util.logging.commons.CommonsLogger.debug(CommonsLogger.java:68)
	系统主目录:[E:\workspace\eFiling\eFiling\]
[DEBUG][2017-09-11 14:24:19,220] com.opensymphony.xwork2.util.logging.commons.CommonsLogger.debug(CommonsLogger.java:68)
	初始化FileNet配置...
[DEBUG][2017-09-11 14:24:19,243] com.opensymphony.xwork2.util.logging.commons.CommonsLogger.debug(CommonsLogger.java:68)
	{}
[DEBUG][2017-09-11 14:24:19,246] com.opensymphony.xwork2.util.logging.commons.CommonsLogger.debug(CommonsLogger.java:68)
	初始化邮件配置...
[DEBUG][2017-09-11 14:24:19,272] com.opensymphony.xwork2.util.logging.commons.CommonsLogger.debug(CommonsLogger.java:68)
	{mail.password=, mail.user=ARAP System, mail.smtp.host=10.132.1.168}
[DEBUG][2017-09-11 14:24:19,273] com.opensymphony.xwork2.util.logging.commons.CommonsLogger.debug(CommonsLogger.java:68)
	初始化定时器配置...
[INFO][2017-09-11 14:24:19,275] com.opensymphony.xwork2.util.logging.commons.CommonsLogger.info(CommonsLogger.java:42)
	配置timer.tasks=null
[INFO][2017-09-11 14:24:20,838] com.opensymphony.xwork2.util.logging.commons.CommonsLogger.info(CommonsLogger.java:42)
	DocumentAuditServiceAction.save(),生成保单数据接口调用:9105025000170000969000
[INFO][2017-09-11 14:24:20,869] com.sinosoft.efiling.service.DocumentAuditService.save(DocumentAuditService.java:236)
	9105025000170000969000 开始保存数据
[INFO][2017-09-11 14:28:56,643] com.sinosoft.efiling.service.DocumentAuditService.saveDocumntFiles(DocumentAuditService.java:1715)
	9105025000170000969000从承保数据库查询到的承保资料：
	0009 - 投保单或投保及报价确认单或续保通知书[com.sinosoft.efiling.hibernate.entity.DocumentFile@c9e766]false,true
	1200 - 被保险人身份证或组织机构代码证或营业执照(三证合一)[com.sinosoft.efiling.hibernate.entity.DocumentFile@964cbb]false,true
	2201 - 投保险人身份证或组织机构代码证或营业执照（三证合一）[com.sinosoft.efiling.hibernate.entity.DocumentFile@156c2a5]false,true
	3250 - 营业执照[com.sinosoft.efiling.hibernate.entity.DocumentFile@1292ba9]false,true
	4251 - 税务登记证/营业执照(三证合一)复印件[]false,false
	5258 - 货物进出口证明书/购车发票[com.sinosoft.efiling.hibernate.entity.DocumentFile@1ad44e6]false,true
	6278 - 免责事项说明书[com.sinosoft.efiling.hibernate.entity.DocumentFile@56bdf5]false,true
	7280 - 纳税人身份证[com.sinosoft.efiling.hibernate.entity.DocumentFile@80c0e]false,true
	8281 - 投保人实际控制人或法定代理人或负责人身份证件[com.sinosoft.efiling.hibernate.entity.DocumentFile@8d1601]false,true
	9282 - 被保险人实际控制人或法定代理人或负责人身份证件[com.sinosoft.efiling.hibernate.entity.DocumentFile@1c91d6b]false,true
[INFO][2017-09-11 14:28:56,644] com.sinosoft.efiling.service.DocumentAuditService.saveDocumntFiles(DocumentAuditService.java:1726)
	200
[INFO][2017-09-11 14:28:56,757] com.sinosoft.efiling.service.DocumentAuditService.saveDocumntFiles(DocumentAuditService.java:1729)
	
[INFO][2017-09-11 14:28:56,758] com.sinosoft.efiling.service.DocumentAuditService.saveDocumntFiles(DocumentAuditService.java:1726)
	1003
[INFO][2017-09-11 14:28:57,012] com.sinosoft.efiling.service.DocumentAuditService.saveDocumntFiles(DocumentAuditService.java:1729)
	
[INFO][2017-09-11 14:28:57,013] com.sinosoft.efiling.service.DocumentAuditService.saveDocumntFiles(DocumentAuditService.java:1726)
	258
[INFO][2017-09-11 14:28:57,065] com.sinosoft.efiling.service.DocumentAuditService.saveDocumntFiles(DocumentAuditService.java:1729)
	
[INFO][2017-09-11 14:28:57,068] com.sinosoft.efiling.service.DocumentAuditService.saveDocumntFiles(DocumentAuditService.java:1726)
	281
[INFO][2017-09-11 14:28:57,125] com.sinosoft.efiling.service.DocumentAuditService.saveDocumntFiles(DocumentAuditService.java:1729)
	
[INFO][2017-09-11 14:28:57,126] com.sinosoft.efiling.service.DocumentAuditService.saveDocumntFiles(DocumentAuditService.java:1726)
	250
[INFO][2017-09-11 14:28:57,177] com.sinosoft.efiling.service.DocumentAuditService.saveDocumntFiles(DocumentAuditService.java:1729)
	
[INFO][2017-09-11 14:28:57,178] com.sinosoft.efiling.service.DocumentAuditService.saveDocumntFiles(DocumentAuditService.java:1726)
	282
[INFO][2017-09-11 14:28:57,230] com.sinosoft.efiling.service.DocumentAuditService.saveDocumntFiles(DocumentAuditService.java:1729)
	
[INFO][2017-09-11 14:28:57,231] com.sinosoft.efiling.service.DocumentAuditService.saveDocumntFiles(DocumentAuditService.java:1726)
	009
[INFO][2017-09-11 14:28:57,282] com.sinosoft.efiling.service.DocumentAuditService.saveDocumntFiles(DocumentAuditService.java:1729)
	
[INFO][2017-09-11 14:28:57,283] com.sinosoft.efiling.service.DocumentAuditService.saveDocumntFiles(DocumentAuditService.java:1726)
	201
[INFO][2017-09-11 14:28:57,336] com.sinosoft.efiling.service.DocumentAuditService.saveDocumntFiles(DocumentAuditService.java:1729)
	
[INFO][2017-09-11 14:28:57,337] com.sinosoft.efiling.service.DocumentAuditService.saveDocumntFiles(DocumentAuditService.java:1726)
	1004
[INFO][2017-09-11 14:28:57,387] com.sinosoft.efiling.service.DocumentAuditService.saveDocumntFiles(DocumentAuditService.java:1729)
	
[INFO][2017-09-11 14:28:57,435] com.sinosoft.efiling.service.DocumentAuditService.saveDocumntFiles(DocumentAuditService.java:1791)
	删除0条数据!
[INFO][2017-09-11 14:28:57,808] com.sinosoft.efiling.service.DocumentAuditService.save(DocumentAuditService.java:281)
	9105025000170000969000 数据保存完成,需要的承保资料清单:

	1.200 - 被保险人身份证或组织机构代码证或营业执照（三证合一）
	2.1003 - 免责事项说明书
	3.258 - 货物进出口证明书/购车发票
	4.281 - 投保人实际控制人或法定代理人或负责人身份证件
	5.250 - 营业执照复印件
	6.282 - 被保险人实际控制人或法定代理人或负责人身份证件
	7.009 - 投保单或投保及报价确认单或续保通知书
	8.201 - 投保险人身份证或组织机构代码证或营业执照（三证合一）
	9.1004 - 纳税人身份证
[INFO][2017-09-11 14:28:57,844] com.opensymphony.xwork2.util.logging.commons.CommonsLogger.info(CommonsLogger.java:42)
	DocumentAuditServiceAction.save(),生成保单数据接口调用成功:9105025000170000969000
[DEBUG][2017-09-11 15:32:02,048] com.opensymphony.xwork2.util.logging.commons.CommonsLogger.debug(CommonsLogger.java:68)
	系统启动!
[DEBUG][2017-09-11 15:32:02,056] com.opensymphony.xwork2.util.logging.commons.CommonsLogger.debug(CommonsLogger.java:68)
	系统主目录:[E:\workspace\eFiling\eFiling\]
[DEBUG][2017-09-11 15:32:02,254] com.opensymphony.xwork2.util.logging.commons.CommonsLogger.debug(CommonsLogger.java:68)
	初始化FileNet配置...
[DEBUG][2017-09-11 15:32:02,306] com.opensymphony.xwork2.util.logging.commons.CommonsLogger.debug(CommonsLogger.java:68)
	{}
[DEBUG][2017-09-11 15:32:02,308] com.opensymphony.xwork2.util.logging.commons.CommonsLogger.debug(CommonsLogger.java:68)
	初始化邮件配置...
[DEBUG][2017-09-11 15:32:02,335] com.opensymphony.xwork2.util.logging.commons.CommonsLogger.debug(CommonsLogger.java:68)
	{mail.password=, mail.user=ARAP System, mail.smtp.host=10.132.1.168}
[DEBUG][2017-09-11 15:32:02,336] com.opensymphony.xwork2.util.logging.commons.CommonsLogger.debug(CommonsLogger.java:68)
	初始化定时器配置...
[INFO][2017-09-11 15:32:02,337] com.opensymphony.xwork2.util.logging.commons.CommonsLogger.info(CommonsLogger.java:42)
	配置timer.tasks=null
[INFO][2017-09-11 15:32:03,949] com.opensymphony.xwork2.util.logging.commons.CommonsLogger.info(CommonsLogger.java:42)
	DocumentAuditServiceAction.save(),生成保单数据接口调用:9805025000170002991000
[INFO][2017-09-11 15:32:04,437] com.sinosoft.efiling.service.DocumentAuditService.save(DocumentAuditService.java:236)
	9805025000170002991000 开始保存数据
[INFO][2017-09-11 15:33:19,759] com.sinosoft.efiling.service.DocumentAuditService.saveDocumntFiles(DocumentAuditService.java:1715)
	9805025000170002991000从承保数据库查询到的承保资料：
	0009 - 投保单或投保及报价确认单或续保通知书[com.sinosoft.efiling.hibernate.entity.DocumentFile@1a16f89]false,true
	1200 - 被保险人身份证或组织机构代码证或营业执照(三证合一)[com.sinosoft.efiling.hibernate.entity.DocumentFile@1fa179]false,true
	2201 - 投保险人身份证或组织机构代码证或营业执照（三证合一）[com.sinosoft.efiling.hibernate.entity.DocumentFile@191cd31]false,true
	3250 - 营业执照[com.sinosoft.efiling.hibernate.entity.DocumentFile@16df91]false,true
	4251 - 税务登记证/营业执照(三证合一)复印件[]false,false
	5258 - 货物进出口证明书/购车发票[com.sinosoft.efiling.hibernate.entity.DocumentFile@1afb5b9]false,true
	6278 - 免责事项说明书[com.sinosoft.efiling.hibernate.entity.DocumentFile@395801]false,true
	7280 - 纳税人身份证[com.sinosoft.efiling.hibernate.entity.DocumentFile@141b891]false,true
	8281 - 投保人实际控制人或法定代理人或负责人身份证件[com.sinosoft.efiling.hibernate.entity.DocumentFile@7eefa9]false,true
	9282 - 被保险人实际控制人或法定代理人或负责人身份证件[com.sinosoft.efiling.hibernate.entity.DocumentFile@c3ad36]false,true
[INFO][2017-09-11 15:33:25,010] com.sinosoft.efiling.service.DocumentAuditService.saveDocumntFiles(DocumentAuditService.java:1726)
	282
[INFO][2017-09-11 15:33:25,251] com.sinosoft.efiling.service.DocumentAuditService.saveDocumntFiles(DocumentAuditService.java:1729)
	
[INFO][2017-09-11 15:33:25,288] com.sinosoft.efiling.service.DocumentAuditService.saveDocumntFiles(DocumentAuditService.java:1726)
	258
[INFO][2017-09-11 15:33:25,412] com.sinosoft.efiling.service.DocumentAuditService.saveDocumntFiles(DocumentAuditService.java:1729)
	
[INFO][2017-09-11 15:33:25,415] com.sinosoft.efiling.service.DocumentAuditService.saveDocumntFiles(DocumentAuditService.java:1726)
	281
[INFO][2017-09-11 15:33:25,497] com.sinosoft.efiling.service.DocumentAuditService.saveDocumntFiles(DocumentAuditService.java:1729)
	
[INFO][2017-09-11 15:33:25,499] com.sinosoft.efiling.service.DocumentAuditService.saveDocumntFiles(DocumentAuditService.java:1726)
	009
[INFO][2017-09-11 15:33:25,606] com.sinosoft.efiling.service.DocumentAuditService.saveDocumntFiles(DocumentAuditService.java:1729)
	
[INFO][2017-09-11 15:33:25,608] com.sinosoft.efiling.service.DocumentAuditService.saveDocumntFiles(DocumentAuditService.java:1726)
	1003
[INFO][2017-09-11 15:33:25,690] com.sinosoft.efiling.service.DocumentAuditService.saveDocumntFiles(DocumentAuditService.java:1729)
	
[INFO][2017-09-11 15:33:25,692] com.sinosoft.efiling.service.DocumentAuditService.saveDocumntFiles(DocumentAuditService.java:1726)
	200
[INFO][2017-09-11 15:33:25,777] com.sinosoft.efiling.service.DocumentAuditService.saveDocumntFiles(DocumentAuditService.java:1729)
	
[INFO][2017-09-11 15:33:25,779] com.sinosoft.efiling.service.DocumentAuditService.saveDocumntFiles(DocumentAuditService.java:1726)
	1004
[INFO][2017-09-11 15:33:25,865] com.sinosoft.efiling.service.DocumentAuditService.saveDocumntFiles(DocumentAuditService.java:1729)
	
[INFO][2017-09-11 15:33:25,868] com.sinosoft.efiling.service.DocumentAuditService.saveDocumntFiles(DocumentAuditService.java:1726)
	250
[INFO][2017-09-11 15:33:25,958] com.sinosoft.efiling.service.DocumentAuditService.saveDocumntFiles(DocumentAuditService.java:1729)
	
[INFO][2017-09-11 15:33:25,960] com.sinosoft.efiling.service.DocumentAuditService.saveDocumntFiles(DocumentAuditService.java:1726)
	201
[INFO][2017-09-11 15:33:26,045] com.sinosoft.efiling.service.DocumentAuditService.saveDocumntFiles(DocumentAuditService.java:1729)
	
[INFO][2017-09-11 15:33:26,158] com.sinosoft.efiling.service.DocumentAuditService.saveDocumntFiles(DocumentAuditService.java:1791)
	删除0条数据!
[INFO][2017-09-11 15:33:30,263] com.sinosoft.efiling.service.DocumentAuditService.save(DocumentAuditService.java:281)
	9805025000170002991000 数据保存完成,需要的承保资料清单:

	1.282 - 被保险人实际控制人或法定代理人或负责人身份证件
	2.258 - 货物进出口证明书/购车发票
	3.281 - 投保人实际控制人或法定代理人或负责人身份证件
	4.009 - 投保单或投保及报价确认单或续保通知书
	5.1003 - 免责事项说明书
	6.200 - 被保险人身份证或组织机构代码证或营业执照（三证合一）
	7.1004 - 纳税人身份证
	8.250 - 营业执照复印件
	9.201 - 投保险人身份证或组织机构代码证或营业执照（三证合一）
[INFO][2017-09-11 15:33:30,284] com.opensymphony.xwork2.util.logging.commons.CommonsLogger.info(CommonsLogger.java:42)
	DocumentAuditServiceAction.save(),生成保单数据接口调用成功:9805025000170002991000
[DEBUG][2017-09-12 10:04:43,955] com.opensymphony.xwork2.util.logging.commons.CommonsLogger.debug(CommonsLogger.java:68)
	系统启动!
[DEBUG][2017-09-12 10:04:43,990] com.opensymphony.xwork2.util.logging.commons.CommonsLogger.debug(CommonsLogger.java:68)
	系统主目录:[E:\workspace\eFiling\eFiling\]
[DEBUG][2017-09-12 10:04:44,623] com.opensymphony.xwork2.util.logging.commons.CommonsLogger.debug(CommonsLogger.java:68)
	初始化FileNet配置...
[DEBUG][2017-09-12 10:04:44,779] com.opensymphony.xwork2.util.logging.commons.CommonsLogger.debug(CommonsLogger.java:68)
	{}
[DEBUG][2017-09-12 10:04:44,806] com.opensymphony.xwork2.util.logging.commons.CommonsLogger.debug(CommonsLogger.java:68)
	初始化邮件配置...
[DEBUG][2017-09-12 10:04:44,910] com.opensymphony.xwork2.util.logging.commons.CommonsLogger.debug(CommonsLogger.java:68)
	{mail.password=, mail.user=ARAP System, mail.smtp.host=10.132.1.168}
[DEBUG][2017-09-12 10:04:44,912] com.opensymphony.xwork2.util.logging.commons.CommonsLogger.debug(CommonsLogger.java:68)
	初始化定时器配置...
[INFO][2017-09-12 10:04:44,922] com.opensymphony.xwork2.util.logging.commons.CommonsLogger.info(CommonsLogger.java:42)
	配置timer.tasks=null
