[DEBUG][2017-09-07 09:32:19,935] com.opensymphony.xwork2.util.logging.commons.CommonsLogger.debug(CommonsLogger.java:68)
	系统启动!
[DEBUG][2017-09-07 09:32:19,953] com.opensymphony.xwork2.util.logging.commons.CommonsLogger.debug(CommonsLogger.java:68)
	系统主目录:[E:\workspace\eFiling\eFiling\]
[DEBUG][2017-09-07 09:32:20,427] com.opensymphony.xwork2.util.logging.commons.CommonsLogger.debug(CommonsLogger.java:68)
	初始化FileNet配置...
[DEBUG][2017-09-07 09:32:20,526] com.opensymphony.xwork2.util.logging.commons.CommonsLogger.debug(CommonsLogger.java:68)
	{}
[DEBUG][2017-09-07 09:32:20,528] com.opensymphony.xwork2.util.logging.commons.CommonsLogger.debug(CommonsLogger.java:68)
	初始化邮件配置...
[DEBUG][2017-09-07 09:32:20,604] com.opensymphony.xwork2.util.logging.commons.CommonsLogger.debug(CommonsLogger.java:68)
	{mail.password=, mail.user=ARAP System, mail.smtp.host=10.132.1.168}
[DEBUG][2017-09-07 09:32:20,605] com.opensymphony.xwork2.util.logging.commons.CommonsLogger.debug(CommonsLogger.java:68)
	初始化定时器配置...
[INFO][2017-09-07 09:32:20,607] com.opensymphony.xwork2.util.logging.commons.CommonsLogger.info(CommonsLogger.java:42)
	配置timer.tasks=null
[DEBUG][2017-09-07 14:41:26,588] com.opensymphony.xwork2.util.logging.commons.CommonsLogger.debug(CommonsLogger.java:68)
	系统启动!
[DEBUG][2017-09-07 14:41:26,629] com.opensymphony.xwork2.util.logging.commons.CommonsLogger.debug(CommonsLogger.java:68)
	系统主目录:[E:\workspace\eFiling\eFiling\]
[DEBUG][2017-09-07 14:41:27,596] com.opensymphony.xwork2.util.logging.commons.CommonsLogger.debug(CommonsLogger.java:68)
	初始化FileNet配置...
[DEBUG][2017-09-07 14:41:27,649] com.opensymphony.xwork2.util.logging.commons.CommonsLogger.debug(CommonsLogger.java:68)
	{}
[DEBUG][2017-09-07 14:41:27,681] com.opensymphony.xwork2.util.logging.commons.CommonsLogger.debug(CommonsLogger.java:68)
	初始化邮件配置...
[DEBUG][2017-09-07 14:41:27,915] com.opensymphony.xwork2.util.logging.commons.CommonsLogger.debug(CommonsLogger.java:68)
	{mail.password=, mail.user=ARAP System, mail.smtp.host=10.132.1.168}
[DEBUG][2017-09-07 14:41:27,917] com.opensymphony.xwork2.util.logging.commons.CommonsLogger.debug(CommonsLogger.java:68)
	初始化定时器配置...
[INFO][2017-09-07 14:41:27,919] com.opensymphony.xwork2.util.logging.commons.CommonsLogger.info(CommonsLogger.java:42)
	配置timer.tasks=null
[DEBUG][2017-09-07 14:43:22,256] com.opensymphony.xwork2.util.logging.commons.CommonsLogger.debug(CommonsLogger.java:68)
	系统启动!
[DEBUG][2017-09-07 14:43:22,264] com.opensymphony.xwork2.util.logging.commons.CommonsLogger.debug(CommonsLogger.java:68)
	系统主目录:[E:\workspace\eFiling\eFiling\]
[DEBUG][2017-09-07 14:43:22,457] com.opensymphony.xwork2.util.logging.commons.CommonsLogger.debug(CommonsLogger.java:68)
	初始化FileNet配置...
[DEBUG][2017-09-07 14:43:22,482] com.opensymphony.xwork2.util.logging.commons.CommonsLogger.debug(CommonsLogger.java:68)
	{}
[DEBUG][2017-09-07 14:43:22,485] com.opensymphony.xwork2.util.logging.commons.CommonsLogger.debug(CommonsLogger.java:68)
	初始化邮件配置...
[DEBUG][2017-09-07 14:43:22,513] com.opensymphony.xwork2.util.logging.commons.CommonsLogger.debug(CommonsLogger.java:68)
	{mail.password=, mail.user=ARAP System, mail.smtp.host=10.132.1.168}
[DEBUG][2017-09-07 14:43:22,515] com.opensymphony.xwork2.util.logging.commons.CommonsLogger.debug(CommonsLogger.java:68)
	初始化定时器配置...
[INFO][2017-09-07 14:43:22,516] com.opensymphony.xwork2.util.logging.commons.CommonsLogger.info(CommonsLogger.java:42)
	配置timer.tasks=null
[INFO][2017-09-07 14:55:01,792] com.opensymphony.xwork2.util.logging.commons.CommonsLogger.info(CommonsLogger.java:42)
	DocumentAuditServiceAction.save(),生成保单数据接口调用:9105025000170000932000
[INFO][2017-09-07 14:55:01,854] com.sinosoft.efiling.service.DocumentAuditService.save(DocumentAuditService.java:236)
	9105025000170000932000 开始保存数据
[INFO][2017-09-07 15:48:35,839] com.sinosoft.efiling.service.DocumentAuditService.saveDocumntFiles(DocumentAuditService.java:1752)
	删除0条数据!
[INFO][2017-09-07 15:48:36,007] com.sinosoft.efiling.service.DocumentAuditService.save(DocumentAuditService.java:281)
	9105025000170000932000 数据保存完成,需要的承保资料清单:

[INFO][2017-09-07 15:48:36,052] com.opensymphony.xwork2.util.logging.commons.CommonsLogger.info(CommonsLogger.java:42)
	DocumentAuditServiceAction.save(),生成保单数据接口调用成功:9105025000170000932000
[DEBUG][2017-09-07 15:57:36,487] com.opensymphony.xwork2.util.logging.commons.CommonsLogger.debug(CommonsLogger.java:68)
	系统启动!
[DEBUG][2017-09-07 15:57:36,500] com.opensymphony.xwork2.util.logging.commons.CommonsLogger.debug(CommonsLogger.java:68)
	系统主目录:[E:\workspace\eFiling\eFiling\]
[DEBUG][2017-09-07 15:57:36,781] com.opensymphony.xwork2.util.logging.commons.CommonsLogger.debug(CommonsLogger.java:68)
	初始化FileNet配置...
[DEBUG][2017-09-07 15:57:36,820] com.opensymphony.xwork2.util.logging.commons.CommonsLogger.debug(CommonsLogger.java:68)
	{}
[DEBUG][2017-09-07 15:57:36,822] com.opensymphony.xwork2.util.logging.commons.CommonsLogger.debug(CommonsLogger.java:68)
	初始化邮件配置...
[DEBUG][2017-09-07 15:57:36,859] com.opensymphony.xwork2.util.logging.commons.CommonsLogger.debug(CommonsLogger.java:68)
	{mail.password=, mail.user=ARAP System, mail.smtp.host=10.132.1.168}
[DEBUG][2017-09-07 15:57:36,861] com.opensymphony.xwork2.util.logging.commons.CommonsLogger.debug(CommonsLogger.java:68)
	初始化定时器配置...
[INFO][2017-09-07 15:57:36,863] com.opensymphony.xwork2.util.logging.commons.CommonsLogger.info(CommonsLogger.java:42)
	配置timer.tasks=null
[DEBUG][2017-09-07 16:06:02,387] com.opensymphony.xwork2.util.logging.commons.CommonsLogger.debug(CommonsLogger.java:68)
	系统启动!
[DEBUG][2017-09-07 16:06:02,396] com.opensymphony.xwork2.util.logging.commons.CommonsLogger.debug(CommonsLogger.java:68)
	系统主目录:[E:\workspace\eFiling\eFiling\]
[DEBUG][2017-09-07 16:06:02,583] com.opensymphony.xwork2.util.logging.commons.CommonsLogger.debug(CommonsLogger.java:68)
	初始化FileNet配置...
[DEBUG][2017-09-07 16:06:02,611] com.opensymphony.xwork2.util.logging.commons.CommonsLogger.debug(CommonsLogger.java:68)
	{}
[DEBUG][2017-09-07 16:06:02,613] com.opensymphony.xwork2.util.logging.commons.CommonsLogger.debug(CommonsLogger.java:68)
	初始化邮件配置...
[DEBUG][2017-09-07 16:06:02,638] com.opensymphony.xwork2.util.logging.commons.CommonsLogger.debug(CommonsLogger.java:68)
	{mail.password=, mail.user=ARAP System, mail.smtp.host=10.132.1.168}
[DEBUG][2017-09-07 16:06:02,640] com.opensymphony.xwork2.util.logging.commons.CommonsLogger.debug(CommonsLogger.java:68)
	初始化定时器配置...
[INFO][2017-09-07 16:06:02,643] com.opensymphony.xwork2.util.logging.commons.CommonsLogger.info(CommonsLogger.java:42)
	配置timer.tasks=null
[DEBUG][2017-09-07 16:17:26,286] com.opensymphony.xwork2.util.logging.commons.CommonsLogger.debug(CommonsLogger.java:68)
	系统启动!
[DEBUG][2017-09-07 16:17:26,292] com.opensymphony.xwork2.util.logging.commons.CommonsLogger.debug(CommonsLogger.java:68)
	系统主目录:[E:\workspace\eFiling\eFiling\]
[DEBUG][2017-09-07 16:17:26,739] com.opensymphony.xwork2.util.logging.commons.CommonsLogger.debug(CommonsLogger.java:68)
	初始化FileNet配置...
[DEBUG][2017-09-07 16:17:26,762] com.opensymphony.xwork2.util.logging.commons.CommonsLogger.debug(CommonsLogger.java:68)
	{}
[DEBUG][2017-09-07 16:17:26,764] com.opensymphony.xwork2.util.logging.commons.CommonsLogger.debug(CommonsLogger.java:68)
	初始化邮件配置...
[DEBUG][2017-09-07 16:17:26,857] com.opensymphony.xwork2.util.logging.commons.CommonsLogger.debug(CommonsLogger.java:68)
	{mail.password=, mail.user=ARAP System, mail.smtp.host=10.132.1.168}
[DEBUG][2017-09-07 16:17:26,859] com.opensymphony.xwork2.util.logging.commons.CommonsLogger.debug(CommonsLogger.java:68)
	初始化定时器配置...
[INFO][2017-09-07 16:17:26,861] com.opensymphony.xwork2.util.logging.commons.CommonsLogger.info(CommonsLogger.java:42)
	配置timer.tasks=null
[DEBUG][2017-09-07 16:54:34,255] com.sinosoft.efiling.service.FileScanService.save(FileScanService.java:581)
	请求的单证号:
[DEBUG][2017-09-07 17:41:30,692] com.opensymphony.xwork2.util.logging.commons.CommonsLogger.debug(CommonsLogger.java:68)
	系统启动!
[DEBUG][2017-09-07 17:41:30,699] com.opensymphony.xwork2.util.logging.commons.CommonsLogger.debug(CommonsLogger.java:68)
	系统主目录:[E:\workspace\eFiling\eFiling\]
[DEBUG][2017-09-07 17:41:31,264] com.opensymphony.xwork2.util.logging.commons.CommonsLogger.debug(CommonsLogger.java:68)
	初始化FileNet配置...
[DEBUG][2017-09-07 17:41:31,293] com.opensymphony.xwork2.util.logging.commons.CommonsLogger.debug(CommonsLogger.java:68)
	{}
[DEBUG][2017-09-07 17:41:31,296] com.opensymphony.xwork2.util.logging.commons.CommonsLogger.debug(CommonsLogger.java:68)
	初始化邮件配置...
[DEBUG][2017-09-07 17:41:31,396] com.opensymphony.xwork2.util.logging.commons.CommonsLogger.debug(CommonsLogger.java:68)
	{mail.password=, mail.user=ARAP System, mail.smtp.host=10.132.1.168}
[DEBUG][2017-09-07 17:41:31,397] com.opensymphony.xwork2.util.logging.commons.CommonsLogger.debug(CommonsLogger.java:68)
	初始化定时器配置...
[INFO][2017-09-07 17:41:31,399] com.opensymphony.xwork2.util.logging.commons.CommonsLogger.info(CommonsLogger.java:42)
	配置timer.tasks=null
