[ERROR][2017-12-09 10:27:16,864] org.hibernate.transaction.JDBCTransaction.begin(JDBCTransaction.java:91)
	JDBC begin failed
java.sql.SQLException: 关闭的连接
	at oracle.jdbc.driver.SQLStateMapping.newSQLException(SQLStateMapping.java:70)
	at oracle.jdbc.driver.DatabaseError.newSQLException(DatabaseError.java:133)
	at oracle.jdbc.driver.DatabaseError.throwSqlException(DatabaseError.java:199)
	at oracle.jdbc.driver.DatabaseError.throwSqlException(DatabaseError.java:263)
	at oracle.jdbc.driver.DatabaseError.throwSqlException(DatabaseError.java:271)
	at oracle.jdbc.driver.DatabaseError.throwSqlException(DatabaseError.java:445)
	at oracle.jdbc.driver.PhysicalConnection.setAutoCommit(PhysicalConnection.java:3310)
	at weblogic.jdbc.wrapper.PoolConnection.setAutoCommit(PoolConnection.java:139)
	at org.hibernate.transaction.JDBCTransaction.begin(JDBCTransaction.java:87)
	at org.hibernate.impl.SessionImpl.beginTransaction(SessionImpl.java:1473)
	at org.springframework.orm.hibernate3.HibernateTransactionManager.doBegin(HibernateTransactionManager.java:556)
	at org.springframework.transaction.support.AbstractPlatformTransactionManager.getTransaction(AbstractPlatformTransactionManager.java:372)
	at org.springframework.transaction.interceptor.TransactionAspectSupport.createTransactionIfNecessary(TransactionAspectSupport.java:329)
	at org.springframework.transaction.interceptor.TransactionInterceptor.invoke(TransactionInterceptor.java:105)
	at org.springframework.aop.framework.ReflectiveMethodInvocation.proceed(ReflectiveMethodInvocation.java:172)
	at org.springframework.aop.framework.CglibAopProxy$DynamicAdvisedInterceptor.intercept(CglibAopProxy.java:631)
	at com.sinosoft.efiling.service.ProductService$$EnhancerByCGLIB$$c92f9224.query(<generated>)
	at com.sinosoft.efiling.util.SystemUtils.initialize(SystemUtils.java:422)
	at com.sinosoft.efiling.util.SystemListener.contextInitialized(SystemListener.java:41)
	at weblogic.servlet.internal.EventsManager$FireContextListenerAction.run(EventsManager.java:481)
	at weblogic.security.acl.internal.AuthenticatedSubject.doAs(AuthenticatedSubject.java:321)
	at weblogic.security.service.SecurityManager.runAs(SecurityManager.java:121)
	at weblogic.servlet.internal.EventsManager.notifyContextCreatedEvent(EventsManager.java:181)
	at weblogic.servlet.internal.WebAppServletContext.preloadResources(WebAppServletContext.java:1863)
	at weblogic.servlet.internal.WebAppServletContext.start(WebAppServletContext.java:3126)
	at weblogic.servlet.internal.WebAppModule.startContexts(WebAppModule.java:1512)
	at weblogic.servlet.internal.WebAppModule.start(WebAppModule.java:486)
	at weblogic.application.internal.flow.ModuleStateDriver$3.next(ModuleStateDriver.java:425)
	at weblogic.application.utils.StateMachineDriver.nextState(StateMachineDriver.java:41)
	at weblogic.application.internal.flow.ModuleStateDriver.start(ModuleStateDriver.java:119)
	at weblogic.application.internal.flow.ScopedModuleDriver.start(ScopedModuleDriver.java:200)
	at weblogic.application.internal.flow.ModuleListenerInvoker.start(ModuleListenerInvoker.java:247)
	at weblogic.application.internal.flow.ModuleStateDriver$3.next(ModuleStateDriver.java:425)
	at weblogic.application.utils.StateMachineDriver.nextState(StateMachineDriver.java:41)
	at weblogic.application.internal.flow.ModuleStateDriver.start(ModuleStateDriver.java:119)
	at weblogic.application.internal.flow.StartModulesFlow.activate(StartModulesFlow.java:27)
	at weblogic.application.internal.BaseDeployment$2.next(BaseDeployment.java:1267)
	at weblogic.application.utils.StateMachineDriver.nextState(StateMachineDriver.java:41)
	at weblogic.application.internal.BaseDeployment.activate(BaseDeployment.java:409)
	at weblogic.application.internal.SingleModuleDeployment.activate(SingleModuleDeployment.java:43)
	at weblogic.application.internal.DeploymentStateChecker.activate(DeploymentStateChecker.java:161)
	at weblogic.deploy.internal.targetserver.AppContainerInvoker.activate(AppContainerInvoker.java:79)
	at weblogic.deploy.internal.targetserver.BasicDeployment.activate(BasicDeployment.java:184)
	at weblogic.deploy.internal.targetserver.BasicDeployment.activateFromServerLifecycle(BasicDeployment.java:361)
	at weblogic.management.deploy.internal.DeploymentAdapter$1.doActivate(DeploymentAdapter.java:51)
	at weblogic.management.deploy.internal.DeploymentAdapter.activate(DeploymentAdapter.java:200)
	at weblogic.management.deploy.internal.AppTransition$2.transitionApp(AppTransition.java:30)
	at weblogic.management.deploy.internal.ConfiguredDeployments.transitionApps(ConfiguredDeployments.java:240)
	at weblogic.management.deploy.internal.ConfiguredDeployments.activate(ConfiguredDeployments.java:169)
	at weblogic.management.deploy.internal.ConfiguredDeployments.deploy(ConfiguredDeployments.java:123)
	at weblogic.management.deploy.internal.DeploymentServerService.resume(DeploymentServerService.java:180)
	at weblogic.management.deploy.internal.DeploymentServerService.start(DeploymentServerService.java:96)
	at weblogic.t3.srvr.SubsystemRequest.run(SubsystemRequest.java:64)
	at weblogic.work.ExecuteThread.execute(ExecuteThread.java:201)
	at weblogic.work.ExecuteThread.run(ExecuteThread.java:173)
