[ERROR][2017-11-09 17:05:20,337] org.hibernate.hql.ast.ErrorCounter.reportError(ErrorCounter.java:56)
	line 1:63: unexpected token: ON
[ERROR][2017-11-09 17:05:20,347] org.hibernate.hql.ast.ErrorCounter.reportError(ErrorCounter.java:56)
	line 1:121: unexpected token: ON
[ERROR][2017-11-09 17:05:20,353] org.hibernate.hql.ast.ErrorCounter.reportError(ErrorCounter.java:56)
	line 1:181: unexpected token: ON
[ERROR][2017-11-09 17:05:20,359] org.hibernate.hql.ast.ErrorCounter.reportError(ErrorCounter.java:56)
	line 1:232: unexpected token: ON
[ERROR][2017-11-09 17:05:20,364] org.hibernate.hql.ast.ErrorCounter.reportError(ErrorCounter.java:56)
	line 1:280: unexpected token: ON
[ERROR][2017-11-09 17:05:20,369] org.hibernate.hql.ast.ErrorCounter.reportError(ErrorCounter.java:56)
	line 1:320: unexpected token: AND
[ERROR][2017-11-09 17:05:20,374] org.hibernate.hql.ast.ErrorCounter.reportError(ErrorCounter.java:56)
	line 1:351: unexpected token: ,
[ERROR][2017-11-09 17:05:20,513] org.hibernate.hql.ast.ErrorCounter.reportError(ErrorCounter.java:56)
	line 1:41: unexpected token: LACKS
[ERROR][2017-11-09 17:05:20,530] org.hibernate.hql.ast.ErrorCounter.reportError(ErrorCounter.java:56)
	line 1:253: unexpected token: ON
[ERROR][2017-11-09 17:05:20,536] org.hibernate.hql.ast.ErrorCounter.reportError(ErrorCounter.java:56)
	line 1:311: unexpected token: ON
[ERROR][2017-11-09 17:05:20,542] org.hibernate.hql.ast.ErrorCounter.reportError(ErrorCounter.java:56)
	line 1:371: unexpected token: ON
[ERROR][2017-11-09 17:05:20,548] org.hibernate.hql.ast.ErrorCounter.reportError(ErrorCounter.java:56)
	line 1:422: unexpected token: ON
[ERROR][2017-11-09 17:05:20,553] org.hibernate.hql.ast.ErrorCounter.reportError(ErrorCounter.java:56)
	line 1:470: unexpected token: ON
[ERROR][2017-11-09 17:05:20,558] org.hibernate.hql.ast.ErrorCounter.reportError(ErrorCounter.java:56)
	line 1:510: unexpected token: AND
[ERROR][2017-11-09 17:05:20,562] org.hibernate.hql.ast.ErrorCounter.reportError(ErrorCounter.java:56)
	line 1:541: unexpected token: ,
[ERROR][2017-11-09 17:07:29,121] org.hibernate.hql.ast.ErrorCounter.reportError(ErrorCounter.java:56)
	line 1:63: unexpected token: ON
[ERROR][2017-11-09 17:07:29,124] org.hibernate.hql.ast.ErrorCounter.reportError(ErrorCounter.java:56)
	line 1:121: unexpected token: ON
[ERROR][2017-11-09 17:07:29,126] org.hibernate.hql.ast.ErrorCounter.reportError(ErrorCounter.java:56)
	line 1:181: unexpected token: ON
[ERROR][2017-11-09 17:07:29,127] org.hibernate.hql.ast.ErrorCounter.reportError(ErrorCounter.java:56)
	line 1:232: unexpected token: ON
[ERROR][2017-11-09 17:07:29,129] org.hibernate.hql.ast.ErrorCounter.reportError(ErrorCounter.java:56)
	line 1:280: unexpected token: ON
[ERROR][2017-11-09 17:07:29,185] org.hibernate.hql.ast.ErrorCounter.reportError(ErrorCounter.java:56)
	line 1:41: unexpected token: LACKS
[ERROR][2017-11-09 17:07:29,189] org.hibernate.hql.ast.ErrorCounter.reportError(ErrorCounter.java:56)
	line 1:253: unexpected token: ON
[ERROR][2017-11-09 17:07:29,191] org.hibernate.hql.ast.ErrorCounter.reportError(ErrorCounter.java:56)
	line 1:311: unexpected token: ON
[ERROR][2017-11-09 17:07:29,192] org.hibernate.hql.ast.ErrorCounter.reportError(ErrorCounter.java:56)
	line 1:371: unexpected token: ON
[ERROR][2017-11-09 17:07:29,194] org.hibernate.hql.ast.ErrorCounter.reportError(ErrorCounter.java:56)
	line 1:422: unexpected token: ON
[ERROR][2017-11-09 17:07:29,196] org.hibernate.hql.ast.ErrorCounter.reportError(ErrorCounter.java:56)
	line 1:470: unexpected token: ON
[ERROR][2017-11-09 17:08:27,234] org.hibernate.hql.ast.ErrorCounter.reportError(ErrorCounter.java:56)
	line 1:63: unexpected token: ON
[ERROR][2017-11-09 17:08:27,237] org.hibernate.hql.ast.ErrorCounter.reportError(ErrorCounter.java:56)
	line 1:121: unexpected token: ON
[ERROR][2017-11-09 17:08:27,239] org.hibernate.hql.ast.ErrorCounter.reportError(ErrorCounter.java:56)
	line 1:181: unexpected token: ON
[ERROR][2017-11-09 17:08:27,243] org.hibernate.hql.ast.ErrorCounter.reportError(ErrorCounter.java:56)
	line 1:232: unexpected token: ON
[ERROR][2017-11-09 17:08:27,245] org.hibernate.hql.ast.ErrorCounter.reportError(ErrorCounter.java:56)
	line 1:280: unexpected token: ON
[ERROR][2017-11-09 17:08:27,304] org.hibernate.hql.ast.ErrorCounter.reportError(ErrorCounter.java:56)
	line 1:247: unexpected token: ON
[ERROR][2017-11-09 17:08:27,307] org.hibernate.hql.ast.ErrorCounter.reportError(ErrorCounter.java:56)
	line 1:305: unexpected token: ON
[ERROR][2017-11-09 17:08:27,308] org.hibernate.hql.ast.ErrorCounter.reportError(ErrorCounter.java:56)
	line 1:365: unexpected token: ON
[ERROR][2017-11-09 17:08:27,310] org.hibernate.hql.ast.ErrorCounter.reportError(ErrorCounter.java:56)
	line 1:416: unexpected token: ON
[ERROR][2017-11-09 17:08:27,311] org.hibernate.hql.ast.ErrorCounter.reportError(ErrorCounter.java:56)
	line 1:464: unexpected token: ON
[ERROR][2017-11-09 17:23:25,722] org.hibernate.hql.ast.ErrorCounter.reportError(ErrorCounter.java:56)
	line 1:63: unexpected token: ON
[ERROR][2017-11-09 17:23:25,726] org.hibernate.hql.ast.ErrorCounter.reportError(ErrorCounter.java:56)
	line 1:121: unexpected token: ON
[ERROR][2017-11-09 17:23:25,729] org.hibernate.hql.ast.ErrorCounter.reportError(ErrorCounter.java:56)
	line 1:181: unexpected token: ON
[ERROR][2017-11-09 17:23:25,733] org.hibernate.hql.ast.ErrorCounter.reportError(ErrorCounter.java:56)
	line 1:232: unexpected token: ON
[ERROR][2017-11-09 17:23:25,736] org.hibernate.hql.ast.ErrorCounter.reportError(ErrorCounter.java:56)
	line 1:280: unexpected token: ON
[ERROR][2017-11-09 17:23:25,799] org.hibernate.hql.ast.ErrorCounter.reportError(ErrorCounter.java:56)
	line 1:247: unexpected token: ON
[ERROR][2017-11-09 17:23:25,802] org.hibernate.hql.ast.ErrorCounter.reportError(ErrorCounter.java:56)
	line 1:305: unexpected token: ON
[ERROR][2017-11-09 17:23:25,805] org.hibernate.hql.ast.ErrorCounter.reportError(ErrorCounter.java:56)
	line 1:365: unexpected token: ON
[ERROR][2017-11-09 17:23:25,807] org.hibernate.hql.ast.ErrorCounter.reportError(ErrorCounter.java:56)
	line 1:416: unexpected token: ON
[ERROR][2017-11-09 17:23:25,809] org.hibernate.hql.ast.ErrorCounter.reportError(ErrorCounter.java:56)
	line 1:464: unexpected token: ON
[ERROR][2017-11-09 17:24:09,734] org.hibernate.hql.ast.ErrorCounter.reportError(ErrorCounter.java:56)
	line 1:63: unexpected token: ON
[ERROR][2017-11-09 17:24:09,736] org.hibernate.hql.ast.ErrorCounter.reportError(ErrorCounter.java:56)
	line 1:121: unexpected token: ON
[ERROR][2017-11-09 17:24:09,738] org.hibernate.hql.ast.ErrorCounter.reportError(ErrorCounter.java:56)
	line 1:181: unexpected token: ON
[ERROR][2017-11-09 17:24:09,740] org.hibernate.hql.ast.ErrorCounter.reportError(ErrorCounter.java:56)
	line 1:232: unexpected token: ON
[ERROR][2017-11-09 17:24:09,741] org.hibernate.hql.ast.ErrorCounter.reportError(ErrorCounter.java:56)
	line 1:280: unexpected token: ON
[ERROR][2017-11-09 17:24:09,785] org.hibernate.hql.ast.ErrorCounter.reportError(ErrorCounter.java:56)
	line 1:247: unexpected token: ON
[ERROR][2017-11-09 17:24:09,787] org.hibernate.hql.ast.ErrorCounter.reportError(ErrorCounter.java:56)
	line 1:305: unexpected token: ON
[ERROR][2017-11-09 17:24:09,788] org.hibernate.hql.ast.ErrorCounter.reportError(ErrorCounter.java:56)
	line 1:365: unexpected token: ON
[ERROR][2017-11-09 17:24:09,790] org.hibernate.hql.ast.ErrorCounter.reportError(ErrorCounter.java:56)
	line 1:416: unexpected token: ON
[ERROR][2017-11-09 17:24:09,792] org.hibernate.hql.ast.ErrorCounter.reportError(ErrorCounter.java:56)
	line 1:464: unexpected token: ON
[ERROR][2017-11-09 17:29:14,015] org.hibernate.hql.ast.ErrorCounter.reportError(ErrorCounter.java:56)
	line 1:63: unexpected token: ON
[ERROR][2017-11-09 17:29:14,019] org.hibernate.hql.ast.ErrorCounter.reportError(ErrorCounter.java:56)
	line 1:121: unexpected token: ON
[ERROR][2017-11-09 17:29:14,021] org.hibernate.hql.ast.ErrorCounter.reportError(ErrorCounter.java:56)
	line 1:181: unexpected token: ON
[ERROR][2017-11-09 17:29:14,022] org.hibernate.hql.ast.ErrorCounter.reportError(ErrorCounter.java:56)
	line 1:232: unexpected token: ON
[ERROR][2017-11-09 17:29:14,023] org.hibernate.hql.ast.ErrorCounter.reportError(ErrorCounter.java:56)
	line 1:280: unexpected token: ON
[ERROR][2017-11-09 17:29:14,054] org.hibernate.hql.ast.ErrorCounter.reportError(ErrorCounter.java:56)
	line 1:247: unexpected token: ON
[ERROR][2017-11-09 17:29:14,055] org.hibernate.hql.ast.ErrorCounter.reportError(ErrorCounter.java:56)
	line 1:305: unexpected token: ON
[ERROR][2017-11-09 17:29:14,057] org.hibernate.hql.ast.ErrorCounter.reportError(ErrorCounter.java:56)
	line 1:365: unexpected token: ON
[ERROR][2017-11-09 17:29:14,058] org.hibernate.hql.ast.ErrorCounter.reportError(ErrorCounter.java:56)
	line 1:416: unexpected token: ON
[ERROR][2017-11-09 17:29:14,059] org.hibernate.hql.ast.ErrorCounter.reportError(ErrorCounter.java:56)
	line 1:464: unexpected token: ON
[ERROR][2017-11-15 16:06:05,240] org.hibernate.proxy.pojo.javassist.JavassistLazyInitializer.getProxyFactory(JavassistLazyInitializer.java:165)
	Javassist Enhancement failed: com.sinosoft.efiling.hibernate.entity.PrpPMain
java.lang.RuntimeException: by java.lang.OutOfMemoryError: PermGen space
	at javassist.util.proxy.ProxyFactory.createClass3(ProxyFactory.java:344)
	at javassist.util.proxy.ProxyFactory.createClass2(ProxyFactory.java:314)
	at javassist.util.proxy.ProxyFactory.createClass(ProxyFactory.java:273)
	at org.hibernate.proxy.pojo.javassist.JavassistLazyInitializer.getProxyFactory(JavassistLazyInitializer.java:162)
	at org.hibernate.proxy.pojo.javassist.JavassistProxyFactory.postInstantiate(JavassistProxyFactory.java:65)
	at org.hibernate.tuple.entity.PojoEntityTuplizer.buildProxyFactory(PojoEntityTuplizer.java:185)
	at org.hibernate.tuple.entity.AbstractEntityTuplizer.<init>(AbstractEntityTuplizer.java:167)
	at org.hibernate.tuple.entity.PojoEntityTuplizer.<init>(PojoEntityTuplizer.java:77)
	at sun.reflect.GeneratedConstructorAccessor967.newInstance(Unknown Source)
	at sun.reflect.DelegatingConstructorAccessorImpl.newInstance(DelegatingConstructorAccessorImpl.java:27)
	at java.lang.reflect.Constructor.newInstance(Constructor.java:513)
	at org.hibernate.tuple.entity.EntityTuplizerFactory.constructTuplizer(EntityTuplizerFactory.java:105)
	at org.hibernate.tuple.entity.EntityTuplizerFactory.constructDefaultTuplizer(EntityTuplizerFactory.java:133)
	at org.hibernate.tuple.entity.EntityEntityModeToTuplizerMapping.<init>(EntityEntityModeToTuplizerMapping.java:80)
	at org.hibernate.tuple.entity.EntityMetamodel.<init>(EntityMetamodel.java:322)
	at org.hibernate.persister.entity.AbstractEntityPersister.<init>(AbstractEntityPersister.java:485)
	at org.hibernate.persister.entity.SingleTableEntityPersister.<init>(SingleTableEntityPersister.java:133)
	at org.hibernate.persister.PersisterFactory.createClassPersister(PersisterFactory.java:84)
	at org.hibernate.impl.SessionFactoryImpl.<init>(SessionFactoryImpl.java:286)
	at org.hibernate.cfg.Configuration.buildSessionFactory(Configuration.java:1872)
	at org.springframework.orm.hibernate3.LocalSessionFactoryBean.newSessionFactory(LocalSessionFactoryBean.java:863)
	at org.springframework.orm.hibernate3.LocalSessionFactoryBean.buildSessionFactory(LocalSessionFactoryBean.java:782)
	at org.springframework.orm.hibernate3.AbstractSessionFactoryBean.afterPropertiesSet(AbstractSessionFactoryBean.java:188)
	at org.springframework.beans.factory.support.AbstractAutowireCapableBeanFactory.invokeInitMethods(AbstractAutowireCapableBeanFactory.java:1545)
	at org.springframework.beans.factory.support.AbstractAutowireCapableBeanFactory.initializeBean(AbstractAutowireCapableBeanFactory.java:1483)
	at org.springframework.beans.factory.support.AbstractAutowireCapableBeanFactory.doCreateBean(AbstractAutowireCapableBeanFactory.java:524)
	at org.springframework.beans.factory.support.AbstractAutowireCapableBeanFactory.createBean(AbstractAutowireCapableBeanFactory.java:461)
	at org.springframework.beans.factory.support.AbstractBeanFactory$1.getObject(AbstractBeanFactory.java:295)
	at org.springframework.beans.factory.support.DefaultSingletonBeanRegistry.getSingleton(DefaultSingletonBeanRegistry.java:223)
	at org.springframework.beans.factory.support.AbstractBeanFactory.doGetBean(AbstractBeanFactory.java:292)
	at org.springframework.beans.factory.support.AbstractBeanFactory.getBean(AbstractBeanFactory.java:194)
	at org.springframework.beans.factory.support.DefaultListableBeanFactory.preInstantiateSingletons(DefaultListableBeanFactory.java:608)
	at org.springframework.context.support.AbstractApplicationContext.finishBeanFactoryInitialization(AbstractApplicationContext.java:932)
	at org.springframework.context.support.AbstractApplicationContext.refresh(AbstractApplicationContext.java:479)
	at org.springframework.web.context.ContextLoader.configureAndRefreshWebApplicationContext(ContextLoader.java:389)
	at org.springframework.web.context.ContextLoader.initWebApplicationContext(ContextLoader.java:294)
	at org.springframework.web.context.ContextLoaderListener.contextInitialized(ContextLoaderListener.java:112)
	at weblogic.servlet.internal.EventsManager$FireContextListenerAction.run(EventsManager.java:481)
	at weblogic.security.acl.internal.AuthenticatedSubject.doAs(AuthenticatedSubject.java:321)
	at weblogic.security.service.SecurityManager.runAs(SecurityManager.java:121)
	at weblogic.servlet.internal.EventsManager.notifyContextCreatedEvent(EventsManager.java:181)
	at weblogic.servlet.internal.WebAppServletContext.reloadServletClassLoader(WebAppServletContext.java:3078)
	at weblogic.servlet.internal.FilterWrapper.reloadFilter(FilterWrapper.java:63)
	at weblogic.servlet.internal.FilterWrapper.checkForReload(FilterWrapper.java:104)
	at weblogic.servlet.internal.FilterWrapper.getFilter(FilterWrapper.java:41)
	at weblogic.servlet.internal.FilterChainImpl.add(FilterChainImpl.java:35)
	at weblogic.servlet.internal.FilterManager.getFilterChain(FilterManager.java:244)
	at weblogic.servlet.internal.WebAppServletContext$ServletInvocationAction.doIt(WebAppServletContext.java:3681)
	at weblogic.servlet.internal.WebAppServletContext$ServletInvocationAction.run(WebAppServletContext.java:3650)
	at weblogic.security.acl.internal.AuthenticatedSubject.doAs(AuthenticatedSubject.java:321)
	at weblogic.security.service.SecurityManager.runAs(SecurityManager.java:121)
	at weblogic.servlet.internal.WebAppServletContext.securedExecute(WebAppServletContext.java:2268)
	at weblogic.servlet.internal.WebAppServletContext.execute(WebAppServletContext.java:2174)
	at weblogic.servlet.internal.ServletRequestImpl.run(ServletRequestImpl.java:1446)
	at weblogic.work.ExecuteThread.execute(ExecuteThread.java:201)
	at weblogic.work.ExecuteThread.run(ExecuteThread.java:173)
Caused by: javassist.CannotCompileException: by java.lang.OutOfMemoryError: PermGen space
	at javassist.util.proxy.FactoryHelper.toClass(FactoryHelper.java:169)
	at javassist.util.proxy.ProxyFactory.createClass3(ProxyFactory.java:339)
	... 55 more
Caused by: java.lang.OutOfMemoryError: PermGen space
	at java.lang.ClassLoader.defineClass1(Native Method)
	at java.lang.ClassLoader.defineClassCond(ClassLoader.java:632)
	at java.lang.ClassLoader.defineClass(ClassLoader.java:616)
	at sun.reflect.GeneratedMethodAccessor1583.invoke(Unknown Source)
	at sun.reflect.DelegatingMethodAccessorImpl.invoke(DelegatingMethodAccessorImpl.java:25)
	at java.lang.reflect.Method.invoke(Method.java:597)
	at javassist.util.proxy.FactoryHelper.toClass2(FactoryHelper.java:181)
	at javassist.util.proxy.FactoryHelper.toClass(FactoryHelper.java:163)
	at javassist.util.proxy.ProxyFactory.createClass3(ProxyFactory.java:339)
	at javassist.util.proxy.ProxyFactory.createClass2(ProxyFactory.java:314)
	at javassist.util.proxy.ProxyFactory.createClass(ProxyFactory.java:273)
	at org.hibernate.proxy.pojo.javassist.JavassistLazyInitializer.getProxyFactory(JavassistLazyInitializer.java:162)
	at org.hibernate.proxy.pojo.javassist.JavassistProxyFactory.postInstantiate(JavassistProxyFactory.java:65)
	at org.hibernate.tuple.entity.PojoEntityTuplizer.buildProxyFactory(PojoEntityTuplizer.java:185)
	at org.hibernate.tuple.entity.AbstractEntityTuplizer.<init>(AbstractEntityTuplizer.java:167)
	at org.hibernate.tuple.entity.PojoEntityTuplizer.<init>(PojoEntityTuplizer.java:77)
	at sun.reflect.GeneratedConstructorAccessor967.newInstance(Unknown Source)
	at sun.reflect.DelegatingConstructorAccessorImpl.newInstance(DelegatingConstructorAccessorImpl.java:27)
	at java.lang.reflect.Constructor.newInstance(Constructor.java:513)
	at org.hibernate.tuple.entity.EntityTuplizerFactory.constructTuplizer(EntityTuplizerFactory.java:105)
	at org.hibernate.tuple.entity.EntityTuplizerFactory.constructDefaultTuplizer(EntityTuplizerFactory.java:133)
	at org.hibernate.tuple.entity.EntityEntityModeToTuplizerMapping.<init>(EntityEntityModeToTuplizerMapping.java:80)
	at org.hibernate.tuple.entity.EntityMetamodel.<init>(EntityMetamodel.java:322)
	at org.hibernate.persister.entity.AbstractEntityPersister.<init>(AbstractEntityPersister.java:485)
	at org.hibernate.persister.entity.SingleTableEntityPersister.<init>(SingleTableEntityPersister.java:133)
	at org.hibernate.persister.PersisterFactory.createClassPersister(PersisterFactory.java:84)
	at org.hibernate.impl.SessionFactoryImpl.<init>(SessionFactoryImpl.java:286)
	at org.hibernate.cfg.Configuration.buildSessionFactory(Configuration.java:1872)
	at org.springframework.orm.hibernate3.LocalSessionFactoryBean.newSessionFactory(LocalSessionFactoryBean.java:863)
	at org.springframework.orm.hibernate3.LocalSessionFactoryBean.buildSessionFactory(LocalSessionFactoryBean.java:782)
	at org.springframework.orm.hibernate3.AbstractSessionFactoryBean.afterPropertiesSet(AbstractSessionFactoryBean.java:188)
	at org.springframework.beans.factory.support.AbstractAutowireCapableBeanFactory.invokeInitMethods(AbstractAutowireCapableBeanFactory.java:1545)
[ERROR][2017-11-16 17:34:03,807] org.hibernate.proxy.pojo.javassist.JavassistLazyInitializer.getProxyFactory(JavassistLazyInitializer.java:165)
	Javassist Enhancement failed: com.sinosoft.efiling.hibernate.entity.PrpCItemcar
java.lang.RuntimeException: by java.lang.OutOfMemoryError: PermGen space
	at javassist.util.proxy.ProxyFactory.createClass3(ProxyFactory.java:344)
	at javassist.util.proxy.ProxyFactory.createClass2(ProxyFactory.java:314)
	at javassist.util.proxy.ProxyFactory.createClass(ProxyFactory.java:273)
	at org.hibernate.proxy.pojo.javassist.JavassistLazyInitializer.getProxyFactory(JavassistLazyInitializer.java:162)
	at org.hibernate.proxy.pojo.javassist.JavassistProxyFactory.postInstantiate(JavassistProxyFactory.java:65)
	at org.hibernate.tuple.entity.PojoEntityTuplizer.buildProxyFactory(PojoEntityTuplizer.java:185)
	at org.hibernate.tuple.entity.AbstractEntityTuplizer.<init>(AbstractEntityTuplizer.java:167)
	at org.hibernate.tuple.entity.PojoEntityTuplizer.<init>(PojoEntityTuplizer.java:77)
	at sun.reflect.NativeConstructorAccessorImpl.newInstance0(Native Method)
	at sun.reflect.NativeConstructorAccessorImpl.newInstance(NativeConstructorAccessorImpl.java:39)
	at sun.reflect.DelegatingConstructorAccessorImpl.newInstance(DelegatingConstructorAccessorImpl.java:27)
	at java.lang.reflect.Constructor.newInstance(Constructor.java:513)
	at org.hibernate.tuple.entity.EntityTuplizerFactory.constructTuplizer(EntityTuplizerFactory.java:105)
	at org.hibernate.tuple.entity.EntityTuplizerFactory.constructDefaultTuplizer(EntityTuplizerFactory.java:133)
	at org.hibernate.tuple.entity.EntityEntityModeToTuplizerMapping.<init>(EntityEntityModeToTuplizerMapping.java:80)
	at org.hibernate.tuple.entity.EntityMetamodel.<init>(EntityMetamodel.java:322)
	at org.hibernate.persister.entity.AbstractEntityPersister.<init>(AbstractEntityPersister.java:485)
	at org.hibernate.persister.entity.SingleTableEntityPersister.<init>(SingleTableEntityPersister.java:133)
	at org.hibernate.persister.PersisterFactory.createClassPersister(PersisterFactory.java:84)
	at org.hibernate.impl.SessionFactoryImpl.<init>(SessionFactoryImpl.java:286)
	at org.hibernate.cfg.Configuration.buildSessionFactory(Configuration.java:1872)
	at org.springframework.orm.hibernate3.LocalSessionFactoryBean.newSessionFactory(LocalSessionFactoryBean.java:863)
	at org.springframework.orm.hibernate3.LocalSessionFactoryBean.buildSessionFactory(LocalSessionFactoryBean.java:782)
	at org.springframework.orm.hibernate3.AbstractSessionFactoryBean.afterPropertiesSet(AbstractSessionFactoryBean.java:188)
	at org.springframework.beans.factory.support.AbstractAutowireCapableBeanFactory.invokeInitMethods(AbstractAutowireCapableBeanFactory.java:1545)
	at org.springframework.beans.factory.support.AbstractAutowireCapableBeanFactory.initializeBean(AbstractAutowireCapableBeanFactory.java:1483)
	at org.springframework.beans.factory.support.AbstractAutowireCapableBeanFactory.doCreateBean(AbstractAutowireCapableBeanFactory.java:524)
	at org.springframework.beans.factory.support.AbstractAutowireCapableBeanFactory.createBean(AbstractAutowireCapableBeanFactory.java:461)
	at org.springframework.beans.factory.support.AbstractBeanFactory$1.getObject(AbstractBeanFactory.java:295)
	at org.springframework.beans.factory.support.DefaultSingletonBeanRegistry.getSingleton(DefaultSingletonBeanRegistry.java:223)
	at org.springframework.beans.factory.support.AbstractBeanFactory.doGetBean(AbstractBeanFactory.java:292)
	at org.springframework.beans.factory.support.AbstractBeanFactory.getBean(AbstractBeanFactory.java:194)
	at org.springframework.beans.factory.support.DefaultListableBeanFactory.preInstantiateSingletons(DefaultListableBeanFactory.java:608)
	at org.springframework.context.support.AbstractApplicationContext.finishBeanFactoryInitialization(AbstractApplicationContext.java:932)
	at org.springframework.context.support.AbstractApplicationContext.refresh(AbstractApplicationContext.java:479)
	at org.springframework.web.context.ContextLoader.configureAndRefreshWebApplicationContext(ContextLoader.java:389)
	at org.springframework.web.context.ContextLoader.initWebApplicationContext(ContextLoader.java:294)
	at org.springframework.web.context.ContextLoaderListener.contextInitialized(ContextLoaderListener.java:112)
	at weblogic.servlet.internal.EventsManager$FireContextListenerAction.run(EventsManager.java:481)
	at weblogic.security.acl.internal.AuthenticatedSubject.doAs(AuthenticatedSubject.java:321)
	at weblogic.security.service.SecurityManager.runAs(SecurityManager.java:121)
	at weblogic.servlet.internal.EventsManager.notifyContextCreatedEvent(EventsManager.java:181)
	at weblogic.servlet.internal.WebAppServletContext.reloadServletClassLoader(WebAppServletContext.java:3078)
	at weblogic.servlet.internal.FilterWrapper.reloadFilter(FilterWrapper.java:63)
	at weblogic.servlet.internal.FilterWrapper.checkForReload(FilterWrapper.java:104)
	at weblogic.servlet.internal.FilterWrapper.getFilter(FilterWrapper.java:41)
	at weblogic.servlet.internal.FilterChainImpl.add(FilterChainImpl.java:35)
	at weblogic.servlet.internal.FilterManager.getFilterChain(FilterManager.java:244)
	at weblogic.servlet.internal.WebAppServletContext$ServletInvocationAction.doIt(WebAppServletContext.java:3681)
	at weblogic.servlet.internal.WebAppServletContext$ServletInvocationAction.run(WebAppServletContext.java:3650)
	at weblogic.security.acl.internal.AuthenticatedSubject.doAs(AuthenticatedSubject.java:321)
	at weblogic.security.service.SecurityManager.runAs(SecurityManager.java:121)
	at weblogic.servlet.internal.WebAppServletContext.securedExecute(WebAppServletContext.java:2268)
	at weblogic.servlet.internal.WebAppServletContext.execute(WebAppServletContext.java:2174)
	at weblogic.servlet.internal.ServletRequestImpl.run(ServletRequestImpl.java:1446)
	at weblogic.work.ExecuteThread.execute(ExecuteThread.java:201)
	at weblogic.work.ExecuteThread.run(ExecuteThread.java:173)
Caused by: javassist.CannotCompileException: by java.lang.OutOfMemoryError: PermGen space
	at javassist.util.proxy.FactoryHelper.toClass(FactoryHelper.java:169)
	at javassist.util.proxy.ProxyFactory.createClass3(ProxyFactory.java:339)
	... 56 more
Caused by: java.lang.OutOfMemoryError: PermGen space
	at java.lang.ClassLoader.defineClass1(Native Method)
	at java.lang.ClassLoader.defineClassCond(ClassLoader.java:632)
	at java.lang.ClassLoader.defineClass(ClassLoader.java:616)
	at sun.reflect.GeneratedMethodAccessor526.invoke(Unknown Source)
	at sun.reflect.DelegatingMethodAccessorImpl.invoke(DelegatingMethodAccessorImpl.java:25)
	at java.lang.reflect.Method.invoke(Method.java:597)
	at javassist.util.proxy.FactoryHelper.toClass2(FactoryHelper.java:181)
	at javassist.util.proxy.FactoryHelper.toClass(FactoryHelper.java:163)
	at javassist.util.proxy.ProxyFactory.createClass3(ProxyFactory.java:339)
	at javassist.util.proxy.ProxyFactory.createClass2(ProxyFactory.java:314)
	at javassist.util.proxy.ProxyFactory.createClass(ProxyFactory.java:273)
	at org.hibernate.proxy.pojo.javassist.JavassistLazyInitializer.getProxyFactory(JavassistLazyInitializer.java:162)
	at org.hibernate.proxy.pojo.javassist.JavassistProxyFactory.postInstantiate(JavassistProxyFactory.java:65)
	at org.hibernate.tuple.entity.PojoEntityTuplizer.buildProxyFactory(PojoEntityTuplizer.java:185)
	at org.hibernate.tuple.entity.AbstractEntityTuplizer.<init>(AbstractEntityTuplizer.java:167)
	at org.hibernate.tuple.entity.PojoEntityTuplizer.<init>(PojoEntityTuplizer.java:77)
	at sun.reflect.NativeConstructorAccessorImpl.newInstance0(Native Method)
	at sun.reflect.NativeConstructorAccessorImpl.newInstance(NativeConstructorAccessorImpl.java:39)
	at sun.reflect.DelegatingConstructorAccessorImpl.newInstance(DelegatingConstructorAccessorImpl.java:27)
	at java.lang.reflect.Constructor.newInstance(Constructor.java:513)
	at org.hibernate.tuple.entity.EntityTuplizerFactory.constructTuplizer(EntityTuplizerFactory.java:105)
	at org.hibernate.tuple.entity.EntityTuplizerFactory.constructDefaultTuplizer(EntityTuplizerFactory.java:133)
	at org.hibernate.tuple.entity.EntityEntityModeToTuplizerMapping.<init>(EntityEntityModeToTuplizerMapping.java:80)
	at org.hibernate.tuple.entity.EntityMetamodel.<init>(EntityMetamodel.java:322)
	at org.hibernate.persister.entity.AbstractEntityPersister.<init>(AbstractEntityPersister.java:485)
	at org.hibernate.persister.entity.SingleTableEntityPersister.<init>(SingleTableEntityPersister.java:133)
	at org.hibernate.persister.PersisterFactory.createClassPersister(PersisterFactory.java:84)
	at org.hibernate.impl.SessionFactoryImpl.<init>(SessionFactoryImpl.java:286)
	at org.hibernate.cfg.Configuration.buildSessionFactory(Configuration.java:1872)
	at org.springframework.orm.hibernate3.LocalSessionFactoryBean.newSessionFactory(LocalSessionFactoryBean.java:863)
	at org.springframework.orm.hibernate3.LocalSessionFactoryBean.buildSessionFactory(LocalSessionFactoryBean.java:782)
	at org.springframework.orm.hibernate3.AbstractSessionFactoryBean.afterPropertiesSet(AbstractSessionFactoryBean.java:188)
[ERROR][2017-11-16 17:44:40,898] org.hibernate.util.JDBCExceptionReporter.logExceptions(JDBCExceptionReporter.java:234)
	ORA-00942: 表或视图不存在

[ERROR][2017-11-16 17:44:40,917] org.hibernate.util.JDBCExceptionReporter.logExceptions(JDBCExceptionReporter.java:234)
	ORA-00942: 表或视图不存在

[ERROR][2017-11-16 17:44:40,927] org.hibernate.util.JDBCExceptionReporter.logExceptions(JDBCExceptionReporter.java:234)
	ORA-00942: 表或视图不存在

[ERROR][2017-11-16 17:48:17,862] org.hibernate.util.JDBCExceptionReporter.logExceptions(JDBCExceptionReporter.java:234)
	ORA-00942: 表或视图不存在

[ERROR][2017-11-16 17:48:17,872] org.hibernate.util.JDBCExceptionReporter.logExceptions(JDBCExceptionReporter.java:234)
	ORA-00942: 表或视图不存在

[ERROR][2017-11-16 17:48:17,882] org.hibernate.util.JDBCExceptionReporter.logExceptions(JDBCExceptionReporter.java:234)
	ORA-00942: 表或视图不存在

[ERROR][2017-11-16 18:02:08,447] org.hibernate.util.JDBCExceptionReporter.logExceptions(JDBCExceptionReporter.java:234)
	ORA-00918: 未明确定义列

[ERROR][2017-11-16 18:04:38,076] org.hibernate.util.JDBCExceptionReporter.logExceptions(JDBCExceptionReporter.java:234)
	ORA-00918: 未明确定义列

[ERROR][2017-11-17 12:35:19,899] org.hibernate.util.JDBCExceptionReporter.logExceptions(JDBCExceptionReporter.java:234)
	ORA-00907: 缺失右括号

[ERROR][2017-11-17 12:35:19,918] org.hibernate.util.JDBCExceptionReporter.logExceptions(JDBCExceptionReporter.java:234)
	ORA-00933: SQL 命令未正确结束

[ERROR][2017-11-17 12:35:19,932] org.hibernate.util.JDBCExceptionReporter.logExceptions(JDBCExceptionReporter.java:234)
	ORA-00933: SQL 命令未正确结束

[ERROR][2017-11-17 12:35:43,821] org.hibernate.util.JDBCExceptionReporter.logExceptions(JDBCExceptionReporter.java:234)
	ORA-00907: 缺失右括号

[ERROR][2017-11-17 12:35:43,838] org.hibernate.util.JDBCExceptionReporter.logExceptions(JDBCExceptionReporter.java:234)
	ORA-00933: SQL 命令未正确结束

[ERROR][2017-11-17 12:35:43,853] org.hibernate.util.JDBCExceptionReporter.logExceptions(JDBCExceptionReporter.java:234)
	ORA-00933: SQL 命令未正确结束

[ERROR][2017-11-17 20:46:32,076] org.hibernate.transaction.JDBCTransaction.toggleAutoCommit(JDBCTransaction.java:228)
	Could not toggle autocommit
java.sql.SQLException: Connection has been administratively destroyed. Reconnect.
	at weblogic.jdbc.common.internal.ConnectionEnv.checkIfEnabled(ConnectionEnv.java:894)
	at weblogic.jdbc.wrapper.PoolConnection.checkConnection(PoolConnection.java:58)
	at weblogic.jdbc.wrapper.Connection.preInvocationHandler(Connection.java:93)
	at weblogic.jdbc.wrapper.PoolConnection.setAutoCommit(PoolConnection.java:137)
	at org.hibernate.transaction.JDBCTransaction.toggleAutoCommit(JDBCTransaction.java:224)
	at org.hibernate.transaction.JDBCTransaction.rollbackAndResetAutoCommit(JDBCTransaction.java:216)
	at org.hibernate.transaction.JDBCTransaction.rollback(JDBCTransaction.java:192)
	at org.springframework.orm.hibernate3.HibernateTransactionManager.doRollback(HibernateTransactionManager.java:677)
	at org.springframework.transaction.support.AbstractPlatformTransactionManager.processRollback(AbstractPlatformTransactionManager.java:846)
	at org.springframework.transaction.support.AbstractPlatformTransactionManager.rollback(AbstractPlatformTransactionManager.java:823)
	at org.springframework.transaction.interceptor.TransactionAspectSupport.completeTransactionAfterThrowing(TransactionAspectSupport.java:405)
	at org.springframework.transaction.interceptor.TransactionInterceptor.invoke(TransactionInterceptor.java:114)
	at org.springframework.aop.framework.ReflectiveMethodInvocation.proceed(ReflectiveMethodInvocation.java:172)
	at org.springframework.aop.framework.CglibAopProxy$DynamicAdvisedInterceptor.intercept(CglibAopProxy.java:631)
	at com.sinosoft.efiling.service.FileManualhandleService$$EnhancerByCGLIB$$26d594a.collect(<generated>)
	at com.sinosoft.efiling.struts2.action.FileManualhandleAction.collect(FileManualhandleAction.java:239)
	at sun.reflect.NativeMethodAccessorImpl.invoke0(Native Method)
	at sun.reflect.NativeMethodAccessorImpl.invoke(NativeMethodAccessorImpl.java:39)
	at sun.reflect.DelegatingMethodAccessorImpl.invoke(DelegatingMethodAccessorImpl.java:25)
	at java.lang.reflect.Method.invoke(Method.java:597)
	at com.opensymphony.xwork2.DefaultActionInvocation.invokeAction(DefaultActionInvocation.java:446)
	at com.opensymphony.xwork2.DefaultActionInvocation.invokeActionOnly(DefaultActionInvocation.java:285)
	at com.opensymphony.xwork2.DefaultActionInvocation.invoke(DefaultActionInvocation.java:248)
	at org.apache.struts2.interceptor.debugging.DebuggingInterceptor.intercept(DebuggingInterceptor.java:256)
	at com.opensymphony.xwork2.DefaultActionInvocation.invoke(DefaultActionInvocation.java:242)
	at com.opensymphony.xwork2.interceptor.DefaultWorkflowInterceptor.doIntercept(DefaultWorkflowInterceptor.java:176)
	at com.opensymphony.xwork2.interceptor.MethodFilterInterceptor.intercept(MethodFilterInterceptor.java:98)
	at com.opensymphony.xwork2.DefaultActionInvocation.invoke(DefaultActionInvocation.java:242)
	at com.opensymphony.xwork2.validator.ValidationInterceptor.doIntercept(ValidationInterceptor.java:265)
	at org.apache.struts2.interceptor.validation.AnnotationValidationInterceptor.doIntercept(AnnotationValidationInterceptor.java:68)
	at com.opensymphony.xwork2.interceptor.MethodFilterInterceptor.intercept(MethodFilterInterceptor.java:98)
	at com.opensymphony.xwork2.DefaultActionInvocation.invoke(DefaultActionInvocation.java:242)
	at com.opensymphony.xwork2.interceptor.ConversionErrorInterceptor.intercept(ConversionErrorInterceptor.java:138)
	at com.opensymphony.xwork2.DefaultActionInvocation.invoke(DefaultActionInvocation.java:242)
	at com.opensymphony.xwork2.interceptor.ParametersInterceptor.doIntercept(ParametersInterceptor.java:238)
	at com.opensymphony.xwork2.interceptor.MethodFilterInterceptor.intercept(MethodFilterInterceptor.java:98)
	at com.opensymphony.xwork2.DefaultActionInvocation.invoke(DefaultActionInvocation.java:242)
	at com.opensymphony.xwork2.interceptor.ParametersInterceptor.doIntercept(ParametersInterceptor.java:238)
	at com.opensymphony.xwork2.interceptor.MethodFilterInterceptor.intercept(MethodFilterInterceptor.java:98)
	at com.opensymphony.xwork2.DefaultActionInvocation.invoke(DefaultActionInvocation.java:242)
	at com.opensymphony.xwork2.interceptor.StaticParametersInterceptor.intercept(StaticParametersInterceptor.java:191)
	at com.opensymphony.xwork2.DefaultActionInvocation.invoke(DefaultActionInvocation.java:242)
	at org.apache.struts2.interceptor.MultiselectInterceptor.intercept(MultiselectInterceptor.java:73)
	at com.opensymphony.xwork2.DefaultActionInvocation.invoke(DefaultActionInvocation.java:242)
	at org.apache.struts2.interceptor.CheckboxInterceptor.intercept(CheckboxInterceptor.java:91)
	at com.opensymphony.xwork2.DefaultActionInvocation.invoke(DefaultActionInvocation.java:242)
	at org.apache.struts2.interceptor.FileUploadInterceptor.intercept(FileUploadInterceptor.java:252)
	at com.opensymphony.xwork2.DefaultActionInvocation.invoke(DefaultActionInvocation.java:242)
	at com.opensymphony.xwork2.interceptor.ModelDrivenInterceptor.intercept(ModelDrivenInterceptor.java:100)
	at com.opensymphony.xwork2.DefaultActionInvocation.invoke(DefaultActionInvocation.java:242)
	at com.opensymphony.xwork2.interceptor.ScopedModelDrivenInterceptor.intercept(ScopedModelDrivenInterceptor.java:141)
	at com.opensymphony.xwork2.DefaultActionInvocation.invoke(DefaultActionInvocation.java:242)
	at com.opensymphony.xwork2.interceptor.ChainingInterceptor.intercept(ChainingInterceptor.java:145)
	at com.opensymphony.xwork2.DefaultActionInvocation.invoke(DefaultActionInvocation.java:242)
	at com.opensymphony.xwork2.interceptor.PrepareInterceptor.doIntercept(PrepareInterceptor.java:171)
	at com.opensymphony.xwork2.interceptor.MethodFilterInterceptor.intercept(MethodFilterInterceptor.java:98)
	at com.opensymphony.xwork2.DefaultActionInvocation.invoke(DefaultActionInvocation.java:242)
	at com.opensymphony.xwork2.interceptor.I18nInterceptor.intercept(I18nInterceptor.java:176)
	at com.opensymphony.xwork2.DefaultActionInvocation.invoke(DefaultActionInvocation.java:242)
	at org.apache.struts2.interceptor.ServletConfigInterceptor.intercept(ServletConfigInterceptor.java:164)
	at com.opensymphony.xwork2.DefaultActionInvocation.invoke(DefaultActionInvocation.java:242)
	at com.opensymphony.xwork2.interceptor.AliasInterceptor.intercept(AliasInterceptor.java:193)
	at com.opensymphony.xwork2.DefaultActionInvocation.invoke(DefaultActionInvocation.java:242)
	at com.opensymphony.xwork2.interceptor.ExceptionMappingInterceptor.intercept(ExceptionMappingInterceptor.java:187)
	at com.opensymphony.xwork2.DefaultActionInvocation.invoke(DefaultActionInvocation.java:242)
	at com.sinosoft.util.struts2.intercepter.CreateEntityIntercepter.doIntercept(CreateEntityIntercepter.java:28)
	at com.opensymphony.xwork2.interceptor.MethodFilterInterceptor.intercept(MethodFilterInterceptor.java:98)
	at com.opensymphony.xwork2.DefaultActionInvocation.invoke(DefaultActionInvocation.java:242)
	at org.apache.struts2.impl.StrutsActionProxy.execute(StrutsActionProxy.java:54)
	at org.apache.struts2.dispatcher.Dispatcher.serviceAction(Dispatcher.java:544)
	at org.apache.struts2.dispatcher.ng.ExecuteOperations.executeAction(ExecuteOperations.java:77)
	at org.apache.struts2.dispatcher.ng.filter.StrutsPrepareAndExecuteFilter.doFilter(StrutsPrepareAndExecuteFilter.java:91)
	at weblogic.servlet.internal.FilterChainImpl.doFilter(FilterChainImpl.java:56)
	at org.springframework.orm.hibernate3.support.OpenSessionInViewFilter.doFilterInternal(OpenSessionInViewFilter.java:233)
	at org.springframework.web.filter.OncePerRequestFilter.doFilter(OncePerRequestFilter.java:107)
	at weblogic.servlet.internal.FilterChainImpl.doFilter(FilterChainImpl.java:56)
	at com.sinosoft.efiling.util.UserSessionFilter.doFilter(UserSessionFilter.java:143)
	at com.sinosoft.efiling.util.UserSessionFilter.doFilter(UserSessionFilter.java:109)
	at weblogic.servlet.internal.FilterChainImpl.doFilter(FilterChainImpl.java:56)
	at org.jasig.cas.client.util.AssertionThreadLocalFilter.doFilter(AssertionThreadLocalFilter.java:40)
	at weblogic.servlet.internal.FilterChainImpl.doFilter(FilterChainImpl.java:56)
	at org.jasig.cas.client.util.HttpServletRequestWrapperFilter.doFilter(HttpServletRequestWrapperFilter.java:62)
	at weblogic.servlet.internal.FilterChainImpl.doFilter(FilterChainImpl.java:56)
	at org.jasig.cas.client.validation.AbstractTicketValidationFilter.doFilter(AbstractTicketValidationFilter.java:167)
	at weblogic.servlet.internal.FilterChainImpl.doFilter(FilterChainImpl.java:56)
	at com.sinosoft.util.cas.AuthenticationFilter.doFilter(AuthenticationFilter.java:152)
	at weblogic.servlet.internal.FilterChainImpl.doFilter(FilterChainImpl.java:56)
	at org.jasig.cas.client.session.SingleSignOutFilter.doFilter(SingleSignOutFilter.java:110)
	at weblogic.servlet.internal.FilterChainImpl.doFilter(FilterChainImpl.java:56)
	at weblogic.servlet.internal.WebAppServletContext$ServletInvocationAction.doIt(WebAppServletContext.java:3684)
	at weblogic.servlet.internal.WebAppServletContext$ServletInvocationAction.run(WebAppServletContext.java:3650)
	at weblogic.security.acl.internal.AuthenticatedSubject.doAs(AuthenticatedSubject.java:321)
	at weblogic.security.service.SecurityManager.runAs(SecurityManager.java:121)
	at weblogic.servlet.internal.WebAppServletContext.securedExecute(WebAppServletContext.java:2268)
	at weblogic.servlet.internal.WebAppServletContext.execute(WebAppServletContext.java:2174)
	at weblogic.servlet.internal.ServletRequestImpl.run(ServletRequestImpl.java:1446)
	at weblogic.work.ExecuteThread.execute(ExecuteThread.java:201)
	at weblogic.work.ExecuteThread.run(ExecuteThread.java:173)
[ERROR][2017-11-17 20:46:32,098] org.hibernate.transaction.JDBCTransaction.rollback(JDBCTransaction.java:198)
	JDBC rollback failed
java.sql.SQLException: Connection has been administratively destroyed. Reconnect.
	at weblogic.jdbc.common.internal.ConnectionEnv.checkIfEnabled(ConnectionEnv.java:894)
	at weblogic.jdbc.wrapper.PoolConnection.checkConnection(PoolConnection.java:58)
	at weblogic.jdbc.wrapper.Connection.preInvocationHandler(Connection.java:93)
	at weblogic.jdbc.wrapper.PoolConnection_oracle_jdbc_driver_T4CConnection.rollback(Unknown Source)
	at org.hibernate.transaction.JDBCTransaction.rollbackAndResetAutoCommit(JDBCTransaction.java:213)
	at org.hibernate.transaction.JDBCTransaction.rollback(JDBCTransaction.java:192)
	at org.springframework.orm.hibernate3.HibernateTransactionManager.doRollback(HibernateTransactionManager.java:677)
	at org.springframework.transaction.support.AbstractPlatformTransactionManager.processRollback(AbstractPlatformTransactionManager.java:846)
	at org.springframework.transaction.support.AbstractPlatformTransactionManager.rollback(AbstractPlatformTransactionManager.java:823)
	at org.springframework.transaction.interceptor.TransactionAspectSupport.completeTransactionAfterThrowing(TransactionAspectSupport.java:405)
	at org.springframework.transaction.interceptor.TransactionInterceptor.invoke(TransactionInterceptor.java:114)
	at org.springframework.aop.framework.ReflectiveMethodInvocation.proceed(ReflectiveMethodInvocation.java:172)
	at org.springframework.aop.framework.CglibAopProxy$DynamicAdvisedInterceptor.intercept(CglibAopProxy.java:631)
	at com.sinosoft.efiling.service.FileManualhandleService$$EnhancerByCGLIB$$26d594a.collect(<generated>)
	at com.sinosoft.efiling.struts2.action.FileManualhandleAction.collect(FileManualhandleAction.java:239)
	at sun.reflect.NativeMethodAccessorImpl.invoke0(Native Method)
	at sun.reflect.NativeMethodAccessorImpl.invoke(NativeMethodAccessorImpl.java:39)
	at sun.reflect.DelegatingMethodAccessorImpl.invoke(DelegatingMethodAccessorImpl.java:25)
	at java.lang.reflect.Method.invoke(Method.java:597)
	at com.opensymphony.xwork2.DefaultActionInvocation.invokeAction(DefaultActionInvocation.java:446)
	at com.opensymphony.xwork2.DefaultActionInvocation.invokeActionOnly(DefaultActionInvocation.java:285)
	at com.opensymphony.xwork2.DefaultActionInvocation.invoke(DefaultActionInvocation.java:248)
	at org.apache.struts2.interceptor.debugging.DebuggingInterceptor.intercept(DebuggingInterceptor.java:256)
	at com.opensymphony.xwork2.DefaultActionInvocation.invoke(DefaultActionInvocation.java:242)
	at com.opensymphony.xwork2.interceptor.DefaultWorkflowInterceptor.doIntercept(DefaultWorkflowInterceptor.java:176)
	at com.opensymphony.xwork2.interceptor.MethodFilterInterceptor.intercept(MethodFilterInterceptor.java:98)
	at com.opensymphony.xwork2.DefaultActionInvocation.invoke(DefaultActionInvocation.java:242)
	at com.opensymphony.xwork2.validator.ValidationInterceptor.doIntercept(ValidationInterceptor.java:265)
	at org.apache.struts2.interceptor.validation.AnnotationValidationInterceptor.doIntercept(AnnotationValidationInterceptor.java:68)
	at com.opensymphony.xwork2.interceptor.MethodFilterInterceptor.intercept(MethodFilterInterceptor.java:98)
	at com.opensymphony.xwork2.DefaultActionInvocation.invoke(DefaultActionInvocation.java:242)
	at com.opensymphony.xwork2.interceptor.ConversionErrorInterceptor.intercept(ConversionErrorInterceptor.java:138)
	at com.opensymphony.xwork2.DefaultActionInvocation.invoke(DefaultActionInvocation.java:242)
	at com.opensymphony.xwork2.interceptor.ParametersInterceptor.doIntercept(ParametersInterceptor.java:238)
	at com.opensymphony.xwork2.interceptor.MethodFilterInterceptor.intercept(MethodFilterInterceptor.java:98)
	at com.opensymphony.xwork2.DefaultActionInvocation.invoke(DefaultActionInvocation.java:242)
	at com.opensymphony.xwork2.interceptor.ParametersInterceptor.doIntercept(ParametersInterceptor.java:238)
	at com.opensymphony.xwork2.interceptor.MethodFilterInterceptor.intercept(MethodFilterInterceptor.java:98)
	at com.opensymphony.xwork2.DefaultActionInvocation.invoke(DefaultActionInvocation.java:242)
	at com.opensymphony.xwork2.interceptor.StaticParametersInterceptor.intercept(StaticParametersInterceptor.java:191)
	at com.opensymphony.xwork2.DefaultActionInvocation.invoke(DefaultActionInvocation.java:242)
	at org.apache.struts2.interceptor.MultiselectInterceptor.intercept(MultiselectInterceptor.java:73)
	at com.opensymphony.xwork2.DefaultActionInvocation.invoke(DefaultActionInvocation.java:242)
	at org.apache.struts2.interceptor.CheckboxInterceptor.intercept(CheckboxInterceptor.java:91)
	at com.opensymphony.xwork2.DefaultActionInvocation.invoke(DefaultActionInvocation.java:242)
	at org.apache.struts2.interceptor.FileUploadInterceptor.intercept(FileUploadInterceptor.java:252)
	at com.opensymphony.xwork2.DefaultActionInvocation.invoke(DefaultActionInvocation.java:242)
	at com.opensymphony.xwork2.interceptor.ModelDrivenInterceptor.intercept(ModelDrivenInterceptor.java:100)
	at com.opensymphony.xwork2.DefaultActionInvocation.invoke(DefaultActionInvocation.java:242)
	at com.opensymphony.xwork2.interceptor.ScopedModelDrivenInterceptor.intercept(ScopedModelDrivenInterceptor.java:141)
	at com.opensymphony.xwork2.DefaultActionInvocation.invoke(DefaultActionInvocation.java:242)
	at com.opensymphony.xwork2.interceptor.ChainingInterceptor.intercept(ChainingInterceptor.java:145)
	at com.opensymphony.xwork2.DefaultActionInvocation.invoke(DefaultActionInvocation.java:242)
	at com.opensymphony.xwork2.interceptor.PrepareInterceptor.doIntercept(PrepareInterceptor.java:171)
	at com.opensymphony.xwork2.interceptor.MethodFilterInterceptor.intercept(MethodFilterInterceptor.java:98)
	at com.opensymphony.xwork2.DefaultActionInvocation.invoke(DefaultActionInvocation.java:242)
	at com.opensymphony.xwork2.interceptor.I18nInterceptor.intercept(I18nInterceptor.java:176)
	at com.opensymphony.xwork2.DefaultActionInvocation.invoke(DefaultActionInvocation.java:242)
	at org.apache.struts2.interceptor.ServletConfigInterceptor.intercept(ServletConfigInterceptor.java:164)
	at com.opensymphony.xwork2.DefaultActionInvocation.invoke(DefaultActionInvocation.java:242)
	at com.opensymphony.xwork2.interceptor.AliasInterceptor.intercept(AliasInterceptor.java:193)
	at com.opensymphony.xwork2.DefaultActionInvocation.invoke(DefaultActionInvocation.java:242)
	at com.opensymphony.xwork2.interceptor.ExceptionMappingInterceptor.intercept(ExceptionMappingInterceptor.java:187)
	at com.opensymphony.xwork2.DefaultActionInvocation.invoke(DefaultActionInvocation.java:242)
	at com.sinosoft.util.struts2.intercepter.CreateEntityIntercepter.doIntercept(CreateEntityIntercepter.java:28)
	at com.opensymphony.xwork2.interceptor.MethodFilterInterceptor.intercept(MethodFilterInterceptor.java:98)
	at com.opensymphony.xwork2.DefaultActionInvocation.invoke(DefaultActionInvocation.java:242)
	at org.apache.struts2.impl.StrutsActionProxy.execute(StrutsActionProxy.java:54)
	at org.apache.struts2.dispatcher.Dispatcher.serviceAction(Dispatcher.java:544)
	at org.apache.struts2.dispatcher.ng.ExecuteOperations.executeAction(ExecuteOperations.java:77)
	at org.apache.struts2.dispatcher.ng.filter.StrutsPrepareAndExecuteFilter.doFilter(StrutsPrepareAndExecuteFilter.java:91)
	at weblogic.servlet.internal.FilterChainImpl.doFilter(FilterChainImpl.java:56)
	at org.springframework.orm.hibernate3.support.OpenSessionInViewFilter.doFilterInternal(OpenSessionInViewFilter.java:233)
	at org.springframework.web.filter.OncePerRequestFilter.doFilter(OncePerRequestFilter.java:107)
	at weblogic.servlet.internal.FilterChainImpl.doFilter(FilterChainImpl.java:56)
	at com.sinosoft.efiling.util.UserSessionFilter.doFilter(UserSessionFilter.java:143)
	at com.sinosoft.efiling.util.UserSessionFilter.doFilter(UserSessionFilter.java:109)
	at weblogic.servlet.internal.FilterChainImpl.doFilter(FilterChainImpl.java:56)
	at org.jasig.cas.client.util.AssertionThreadLocalFilter.doFilter(AssertionThreadLocalFilter.java:40)
	at weblogic.servlet.internal.FilterChainImpl.doFilter(FilterChainImpl.java:56)
	at org.jasig.cas.client.util.HttpServletRequestWrapperFilter.doFilter(HttpServletRequestWrapperFilter.java:62)
	at weblogic.servlet.internal.FilterChainImpl.doFilter(FilterChainImpl.java:56)
	at org.jasig.cas.client.validation.AbstractTicketValidationFilter.doFilter(AbstractTicketValidationFilter.java:167)
	at weblogic.servlet.internal.FilterChainImpl.doFilter(FilterChainImpl.java:56)
	at com.sinosoft.util.cas.AuthenticationFilter.doFilter(AuthenticationFilter.java:152)
	at weblogic.servlet.internal.FilterChainImpl.doFilter(FilterChainImpl.java:56)
	at org.jasig.cas.client.session.SingleSignOutFilter.doFilter(SingleSignOutFilter.java:110)
	at weblogic.servlet.internal.FilterChainImpl.doFilter(FilterChainImpl.java:56)
	at weblogic.servlet.internal.WebAppServletContext$ServletInvocationAction.doIt(WebAppServletContext.java:3684)
	at weblogic.servlet.internal.WebAppServletContext$ServletInvocationAction.run(WebAppServletContext.java:3650)
	at weblogic.security.acl.internal.AuthenticatedSubject.doAs(AuthenticatedSubject.java:321)
	at weblogic.security.service.SecurityManager.runAs(SecurityManager.java:121)
	at weblogic.servlet.internal.WebAppServletContext.securedExecute(WebAppServletContext.java:2268)
	at weblogic.servlet.internal.WebAppServletContext.execute(WebAppServletContext.java:2174)
	at weblogic.servlet.internal.ServletRequestImpl.run(ServletRequestImpl.java:1446)
	at weblogic.work.ExecuteThread.execute(ExecuteThread.java:201)
	at weblogic.work.ExecuteThread.run(ExecuteThread.java:173)
