[ERROR][2017-11-23 14:07:20,744] org.hibernate.hql.ast.ErrorCounter.reportError(ErrorCounter.java:56)
	line 1:23: unexpected token: (
[ERROR][2017-11-23 14:07:20,758] org.hibernate.hql.ast.ErrorCounter.reportError(ErrorCounter.java:56)
	line 1:541: unexpected token: 'V'
[ERROR][2017-11-23 14:07:20,760] org.hibernate.hql.ast.ErrorCounter.reportError(ErrorCounter.java:56)
	line 1:584: unexpected token: FROM
[ERROR][2017-11-23 14:07:20,762] org.hibernate.hql.ast.ErrorCounter.reportError(ErrorCounter.java:56)
	line 1:624: unexpected token: ON
[ERROR][2017-11-23 14:07:20,763] org.hibernate.hql.ast.ErrorCounter.reportError(ErrorCounter.java:56)
	line 1:672: unexpected token: ON
[ERROR][2017-11-23 14:07:20,765] org.hibernate.hql.ast.ErrorCounter.reportError(ErrorCounter.java:56)
	line 1:730: unexpected token: ON
[ERROR][2017-11-23 14:07:20,767] org.hibernate.hql.ast.ErrorCounter.reportError(ErrorCounter.java:56)
	line 1:790: unexpected token: ON
[ERROR][2017-11-23 14:07:21,383] org.hibernate.hql.ast.ErrorCounter.reportError(ErrorCounter.java:56)
	line 1:546: unexpected token: (
[ERROR][2017-11-23 14:07:21,389] org.hibernate.hql.ast.ErrorCounter.reportError(ErrorCounter.java:56)
	line 1:1064: unexpected token: 'V'
[ERROR][2017-11-23 14:07:21,391] org.hibernate.hql.ast.ErrorCounter.reportError(ErrorCounter.java:56)
	line 1:1107: unexpected token: FROM
[ERROR][2017-11-23 14:07:21,392] org.hibernate.hql.ast.ErrorCounter.reportError(ErrorCounter.java:56)
	line 1:1147: unexpected token: ON
[ERROR][2017-11-23 14:07:21,393] org.hibernate.hql.ast.ErrorCounter.reportError(ErrorCounter.java:56)
	line 1:1195: unexpected token: ON
[ERROR][2017-11-23 14:07:21,395] org.hibernate.hql.ast.ErrorCounter.reportError(ErrorCounter.java:56)
	line 1:1253: unexpected token: ON
[ERROR][2017-11-23 14:07:21,396] org.hibernate.hql.ast.ErrorCounter.reportError(ErrorCounter.java:56)
	line 1:1313: unexpected token: ON
[ERROR][2017-11-23 14:15:43,196] org.hibernate.hql.ast.ErrorCounter.reportError(ErrorCounter.java:56)
	line 1:23: unexpected token: (
[ERROR][2017-11-23 14:15:43,207] org.hibernate.hql.ast.ErrorCounter.reportError(ErrorCounter.java:56)
	line 1:541: unexpected token: 'V'
[ERROR][2017-11-23 14:15:43,208] org.hibernate.hql.ast.ErrorCounter.reportError(ErrorCounter.java:56)
	line 1:584: unexpected token: FROM
[ERROR][2017-11-23 14:15:43,210] org.hibernate.hql.ast.ErrorCounter.reportError(ErrorCounter.java:56)
	line 1:624: unexpected token: ON
[ERROR][2017-11-23 14:15:43,211] org.hibernate.hql.ast.ErrorCounter.reportError(ErrorCounter.java:56)
	line 1:672: unexpected token: ON
[ERROR][2017-11-23 14:15:43,212] org.hibernate.hql.ast.ErrorCounter.reportError(ErrorCounter.java:56)
	line 1:730: unexpected token: ON
[ERROR][2017-11-23 14:15:43,213] org.hibernate.hql.ast.ErrorCounter.reportError(ErrorCounter.java:56)
	line 1:790: unexpected token: ON
[ERROR][2017-11-23 14:15:43,832] org.hibernate.hql.ast.ErrorCounter.reportError(ErrorCounter.java:56)
	line 1:545: unexpected token: (
[ERROR][2017-11-23 14:15:43,837] org.hibernate.hql.ast.ErrorCounter.reportError(ErrorCounter.java:56)
	line 1:1063: unexpected token: 'V'
[ERROR][2017-11-23 14:15:43,838] org.hibernate.hql.ast.ErrorCounter.reportError(ErrorCounter.java:56)
	line 1:1106: unexpected token: FROM
[ERROR][2017-11-23 14:15:43,839] org.hibernate.hql.ast.ErrorCounter.reportError(ErrorCounter.java:56)
	line 1:1146: unexpected token: ON
[ERROR][2017-11-23 14:15:43,840] org.hibernate.hql.ast.ErrorCounter.reportError(ErrorCounter.java:56)
	line 1:1194: unexpected token: ON
[ERROR][2017-11-23 14:15:43,842] org.hibernate.hql.ast.ErrorCounter.reportError(ErrorCounter.java:56)
	line 1:1252: unexpected token: ON
[ERROR][2017-11-23 14:15:43,844] org.hibernate.hql.ast.ErrorCounter.reportError(ErrorCounter.java:56)
	line 1:1312: unexpected token: ON
[ERROR][2017-11-23 14:18:39,854] org.hibernate.hql.ast.ErrorCounter.reportError(ErrorCounter.java:56)
	line 1:23: unexpected token: (
[ERROR][2017-11-23 14:18:39,864] org.hibernate.hql.ast.ErrorCounter.reportError(ErrorCounter.java:56)
	line 1:541: unexpected token: 'V'
[ERROR][2017-11-23 14:18:39,866] org.hibernate.hql.ast.ErrorCounter.reportError(ErrorCounter.java:56)
	line 1:584: unexpected token: FROM
[ERROR][2017-11-23 14:18:39,867] org.hibernate.hql.ast.ErrorCounter.reportError(ErrorCounter.java:56)
	line 1:624: unexpected token: ON
[ERROR][2017-11-23 14:18:39,869] org.hibernate.hql.ast.ErrorCounter.reportError(ErrorCounter.java:56)
	line 1:672: unexpected token: ON
[ERROR][2017-11-23 14:18:39,871] org.hibernate.hql.ast.ErrorCounter.reportError(ErrorCounter.java:56)
	line 1:730: unexpected token: ON
[ERROR][2017-11-23 14:18:39,874] org.hibernate.hql.ast.ErrorCounter.reportError(ErrorCounter.java:56)
	line 1:790: unexpected token: ON
[ERROR][2017-11-23 14:18:40,446] org.hibernate.hql.ast.ErrorCounter.reportError(ErrorCounter.java:56)
	line 1:300: unexpected token: (
[ERROR][2017-11-23 14:18:40,451] org.hibernate.hql.ast.ErrorCounter.reportError(ErrorCounter.java:56)
	line 1:818: unexpected token: 'V'
[ERROR][2017-11-23 14:18:40,453] org.hibernate.hql.ast.ErrorCounter.reportError(ErrorCounter.java:56)
	line 1:861: unexpected token: FROM
[ERROR][2017-11-23 14:18:40,454] org.hibernate.hql.ast.ErrorCounter.reportError(ErrorCounter.java:56)
	line 1:901: unexpected token: ON
[ERROR][2017-11-23 14:18:40,455] org.hibernate.hql.ast.ErrorCounter.reportError(ErrorCounter.java:56)
	line 1:949: unexpected token: ON
[ERROR][2017-11-23 14:18:40,456] org.hibernate.hql.ast.ErrorCounter.reportError(ErrorCounter.java:56)
	line 1:1007: unexpected token: ON
[ERROR][2017-11-23 14:18:40,457] org.hibernate.hql.ast.ErrorCounter.reportError(ErrorCounter.java:56)
	line 1:1067: unexpected token: ON
[ERROR][2017-11-23 14:21:13,108] org.hibernate.hql.ast.ErrorCounter.reportError(ErrorCounter.java:56)
	line 1:23: unexpected token: (
[ERROR][2017-11-23 14:21:13,116] org.hibernate.hql.ast.ErrorCounter.reportError(ErrorCounter.java:56)
	line 1:541: unexpected token: 'V'
[ERROR][2017-11-23 14:21:13,119] org.hibernate.hql.ast.ErrorCounter.reportError(ErrorCounter.java:56)
	line 1:584: unexpected token: FROM
[ERROR][2017-11-23 14:21:13,120] org.hibernate.hql.ast.ErrorCounter.reportError(ErrorCounter.java:56)
	line 1:624: unexpected token: ON
[ERROR][2017-11-23 14:21:13,122] org.hibernate.hql.ast.ErrorCounter.reportError(ErrorCounter.java:56)
	line 1:672: unexpected token: ON
[ERROR][2017-11-23 14:21:13,124] org.hibernate.hql.ast.ErrorCounter.reportError(ErrorCounter.java:56)
	line 1:730: unexpected token: ON
[ERROR][2017-11-23 14:21:13,127] org.hibernate.hql.ast.ErrorCounter.reportError(ErrorCounter.java:56)
	line 1:790: unexpected token: ON
[ERROR][2017-11-23 14:21:13,660] org.hibernate.hql.ast.ErrorCounter.reportError(ErrorCounter.java:56)
	line 1:300: unexpected token: (
[ERROR][2017-11-23 14:21:13,667] org.hibernate.hql.ast.ErrorCounter.reportError(ErrorCounter.java:56)
	line 1:818: unexpected token: 'V'
[ERROR][2017-11-23 14:21:13,669] org.hibernate.hql.ast.ErrorCounter.reportError(ErrorCounter.java:56)
	line 1:861: unexpected token: FROM
[ERROR][2017-11-23 14:21:13,670] org.hibernate.hql.ast.ErrorCounter.reportError(ErrorCounter.java:56)
	line 1:901: unexpected token: ON
[ERROR][2017-11-23 14:21:13,672] org.hibernate.hql.ast.ErrorCounter.reportError(ErrorCounter.java:56)
	line 1:949: unexpected token: ON
[ERROR][2017-11-23 14:21:13,673] org.hibernate.hql.ast.ErrorCounter.reportError(ErrorCounter.java:56)
	line 1:1007: unexpected token: ON
[ERROR][2017-11-23 14:21:13,676] org.hibernate.hql.ast.ErrorCounter.reportError(ErrorCounter.java:56)
	line 1:1067: unexpected token: ON
[ERROR][2017-11-23 15:33:38,834] org.hibernate.hql.ast.ErrorCounter.reportError(ErrorCounter.java:56)
	line 1:23: unexpected token: (
[ERROR][2017-11-23 15:33:38,871] org.hibernate.hql.ast.ErrorCounter.reportError(ErrorCounter.java:56)
	line 1:541: unexpected token: 'V'
[ERROR][2017-11-23 15:33:38,876] org.hibernate.hql.ast.ErrorCounter.reportError(ErrorCounter.java:56)
	line 1:584: unexpected token: FROM
[ERROR][2017-11-23 15:33:38,882] org.hibernate.hql.ast.ErrorCounter.reportError(ErrorCounter.java:56)
	line 1:624: unexpected token: ON
[ERROR][2017-11-23 15:33:38,887] org.hibernate.hql.ast.ErrorCounter.reportError(ErrorCounter.java:56)
	line 1:672: unexpected token: ON
[ERROR][2017-11-23 15:33:38,892] org.hibernate.hql.ast.ErrorCounter.reportError(ErrorCounter.java:56)
	line 1:730: unexpected token: ON
[ERROR][2017-11-23 15:33:38,898] org.hibernate.hql.ast.ErrorCounter.reportError(ErrorCounter.java:56)
	line 1:790: unexpected token: ON
[ERROR][2017-11-23 15:33:39,906] org.hibernate.hql.ast.ErrorCounter.reportError(ErrorCounter.java:56)
	line 1:286: unexpected token: (
[ERROR][2017-11-23 15:33:39,941] org.hibernate.hql.ast.ErrorCounter.reportError(ErrorCounter.java:56)
	line 1:804: unexpected token: 'V'
[ERROR][2017-11-23 15:33:39,946] org.hibernate.hql.ast.ErrorCounter.reportError(ErrorCounter.java:56)
	line 1:847: unexpected token: FROM
[ERROR][2017-11-23 15:33:39,950] org.hibernate.hql.ast.ErrorCounter.reportError(ErrorCounter.java:56)
	line 1:887: unexpected token: ON
[ERROR][2017-11-23 15:33:39,956] org.hibernate.hql.ast.ErrorCounter.reportError(ErrorCounter.java:56)
	line 1:935: unexpected token: ON
[ERROR][2017-11-23 15:33:39,961] org.hibernate.hql.ast.ErrorCounter.reportError(ErrorCounter.java:56)
	line 1:993: unexpected token: ON
[ERROR][2017-11-23 15:33:39,966] org.hibernate.hql.ast.ErrorCounter.reportError(ErrorCounter.java:56)
	line 1:1053: unexpected token: ON
[ERROR][2017-11-23 15:35:58,083] org.hibernate.hql.ast.ErrorCounter.reportError(ErrorCounter.java:56)
	line 1:23: unexpected token: (
[ERROR][2017-11-23 15:35:58,091] org.hibernate.hql.ast.ErrorCounter.reportError(ErrorCounter.java:56)
	line 1:541: unexpected token: 'V'
[ERROR][2017-11-23 15:35:58,092] org.hibernate.hql.ast.ErrorCounter.reportError(ErrorCounter.java:56)
	line 1:584: unexpected token: FROM
[ERROR][2017-11-23 15:35:58,094] org.hibernate.hql.ast.ErrorCounter.reportError(ErrorCounter.java:56)
	line 1:624: unexpected token: ON
[ERROR][2017-11-23 15:35:58,096] org.hibernate.hql.ast.ErrorCounter.reportError(ErrorCounter.java:56)
	line 1:672: unexpected token: ON
[ERROR][2017-11-23 15:35:58,097] org.hibernate.hql.ast.ErrorCounter.reportError(ErrorCounter.java:56)
	line 1:730: unexpected token: ON
[ERROR][2017-11-23 15:35:58,098] org.hibernate.hql.ast.ErrorCounter.reportError(ErrorCounter.java:56)
	line 1:790: unexpected token: ON
[ERROR][2017-11-23 15:35:58,633] org.hibernate.hql.ast.ErrorCounter.reportError(ErrorCounter.java:56)
	line 1:286: unexpected token: (
[ERROR][2017-11-23 15:35:58,639] org.hibernate.hql.ast.ErrorCounter.reportError(ErrorCounter.java:56)
	line 1:804: unexpected token: 'V'
[ERROR][2017-11-23 15:35:58,640] org.hibernate.hql.ast.ErrorCounter.reportError(ErrorCounter.java:56)
	line 1:847: unexpected token: FROM
[ERROR][2017-11-23 15:35:58,643] org.hibernate.hql.ast.ErrorCounter.reportError(ErrorCounter.java:56)
	line 1:887: unexpected token: ON
[ERROR][2017-11-23 15:35:58,644] org.hibernate.hql.ast.ErrorCounter.reportError(ErrorCounter.java:56)
	line 1:935: unexpected token: ON
[ERROR][2017-11-23 15:35:58,645] org.hibernate.hql.ast.ErrorCounter.reportError(ErrorCounter.java:56)
	line 1:993: unexpected token: ON
[ERROR][2017-11-23 15:35:58,646] org.hibernate.hql.ast.ErrorCounter.reportError(ErrorCounter.java:56)
	line 1:1053: unexpected token: ON
[ERROR][2017-11-23 15:39:20,131] org.hibernate.hql.ast.ErrorCounter.reportError(ErrorCounter.java:56)
	line 1:23: unexpected token: (
[ERROR][2017-11-23 15:39:20,139] org.hibernate.hql.ast.ErrorCounter.reportError(ErrorCounter.java:56)
	line 1:541: unexpected token: 'V'
[ERROR][2017-11-23 15:39:20,143] org.hibernate.hql.ast.ErrorCounter.reportError(ErrorCounter.java:56)
	line 1:584: unexpected token: FROM
[ERROR][2017-11-23 15:39:20,144] org.hibernate.hql.ast.ErrorCounter.reportError(ErrorCounter.java:56)
	line 1:624: unexpected token: ON
[ERROR][2017-11-23 15:39:20,146] org.hibernate.hql.ast.ErrorCounter.reportError(ErrorCounter.java:56)
	line 1:672: unexpected token: ON
[ERROR][2017-11-23 15:39:20,147] org.hibernate.hql.ast.ErrorCounter.reportError(ErrorCounter.java:56)
	line 1:730: unexpected token: ON
[ERROR][2017-11-23 15:39:20,149] org.hibernate.hql.ast.ErrorCounter.reportError(ErrorCounter.java:56)
	line 1:790: unexpected token: ON
[ERROR][2017-11-23 15:39:20,743] org.hibernate.hql.ast.ErrorCounter.reportError(ErrorCounter.java:56)
	line 1:288: unexpected token: (
[ERROR][2017-11-23 15:39:20,748] org.hibernate.hql.ast.ErrorCounter.reportError(ErrorCounter.java:56)
	line 1:806: unexpected token: 'V'
[ERROR][2017-11-23 15:39:20,750] org.hibernate.hql.ast.ErrorCounter.reportError(ErrorCounter.java:56)
	line 1:849: unexpected token: FROM
[ERROR][2017-11-23 15:39:20,750] org.hibernate.hql.ast.ErrorCounter.reportError(ErrorCounter.java:56)
	line 1:889: unexpected token: ON
[ERROR][2017-11-23 15:39:20,751] org.hibernate.hql.ast.ErrorCounter.reportError(ErrorCounter.java:56)
	line 1:937: unexpected token: ON
[ERROR][2017-11-23 15:39:20,752] org.hibernate.hql.ast.ErrorCounter.reportError(ErrorCounter.java:56)
	line 1:995: unexpected token: ON
[ERROR][2017-11-23 15:39:20,753] org.hibernate.hql.ast.ErrorCounter.reportError(ErrorCounter.java:56)
	line 1:1055: unexpected token: ON
[ERROR][2017-11-23 17:02:03,434] org.hibernate.hql.ast.ErrorCounter.reportError(ErrorCounter.java:56)
	line 1:1: unexpected token: no
[ERROR][2017-11-23 17:20:21,731] org.hibernate.util.JDBCExceptionReporter.logExceptions(JDBCExceptionReporter.java:234)
	ORA-00900: 无效 SQL 语句

[ERROR][2017-11-23 17:22:00,227] org.hibernate.hql.ast.ErrorCounter.reportError(ErrorCounter.java:56)
	line 1:2: unexpected token: NO
[ERROR][2017-11-23 21:50:27,261] org.hibernate.util.JDBCExceptionReporter.logExceptions(JDBCExceptionReporter.java:234)
	ORA-00907: 缺失右括号

[ERROR][2017-11-23 21:50:28,354] org.hibernate.util.JDBCExceptionReporter.logExceptions(JDBCExceptionReporter.java:234)
	ORA-00907: 缺失右括号

[ERROR][2017-11-23 21:52:23,417] org.hibernate.util.JDBCExceptionReporter.logExceptions(JDBCExceptionReporter.java:234)
	ORA-00907: 缺失右括号

[ERROR][2017-11-23 21:52:46,336] org.hibernate.util.JDBCExceptionReporter.logExceptions(JDBCExceptionReporter.java:234)
	ORA-00907: 缺失右括号

[ERROR][2017-11-23 21:52:46,852] org.hibernate.util.JDBCExceptionReporter.logExceptions(JDBCExceptionReporter.java:234)
	ORA-00907: 缺失右括号

[ERROR][2017-11-23 21:52:47,242] org.hibernate.util.JDBCExceptionReporter.logExceptions(JDBCExceptionReporter.java:234)
	ORA-00907: 缺失右括号

[ERROR][2017-11-24 09:24:08,096] org.hibernate.util.JDBCExceptionReporter.logExceptions(JDBCExceptionReporter.java:234)
	weblogic.common.resourcepool.ResourceDeadException: 0:weblogic.common.ResourceException: Could not create pool connection. The DBMS driver exception was: The Network Adapter could not establish the connection
[ERROR][2017-11-24 09:24:08,159] org.hibernate.util.JDBCExceptionReporter.logExceptions(JDBCExceptionReporter.java:234)
	Cannot obtain connection: driverURL = jdbc:weblogic:pool:licDataSource, props = {EmulateTwoPhaseCommit=false, connectionPoolID=licDataSource, jdbcTxDataSource=true, LoggingLastResource=false, dataSourceName=licDataSource}
[ERROR][2017-11-24 13:40:26,624] org.hibernate.util.JDBCExceptionReporter.logExceptions(JDBCExceptionReporter.java:234)
	ORA-00933: SQL 命令未正确结束

[ERROR][2017-11-24 13:40:45,904] org.hibernate.util.JDBCExceptionReporter.logExceptions(JDBCExceptionReporter.java:234)
	ORA-00933: SQL 命令未正确结束

[ERROR][2017-11-24 13:41:27,205] org.hibernate.util.JDBCExceptionReporter.logExceptions(JDBCExceptionReporter.java:234)
	ORA-00933: SQL 命令未正确结束

[ERROR][2017-11-25 22:38:15,734] org.hibernate.util.JDBCExceptionReporter.logExceptions(JDBCExceptionReporter.java:234)
	weblogic.common.resourcepool.ResourceDisabledException: Pool licDataSource is Suspended, cannot allocate resources to applications..
[ERROR][2017-11-25 22:38:16,030] org.hibernate.util.JDBCExceptionReporter.logExceptions(JDBCExceptionReporter.java:234)
	Cannot obtain connection: driverURL = jdbc:weblogic:pool:licDataSource, props = {EmulateTwoPhaseCommit=false, connectionPoolID=licDataSource, jdbcTxDataSource=true, LoggingLastResource=false, dataSourceName=licDataSource}
[ERROR][2017-11-25 23:12:17,547] org.hibernate.util.JDBCExceptionReporter.logExceptions(JDBCExceptionReporter.java:234)
	weblogic.common.resourcepool.ResourceDisabledException: Pool licDataSource is Suspended, cannot allocate resources to applications..
[ERROR][2017-11-25 23:12:17,655] org.hibernate.util.JDBCExceptionReporter.logExceptions(JDBCExceptionReporter.java:234)
	Cannot obtain connection: driverURL = jdbc:weblogic:pool:licDataSource, props = {EmulateTwoPhaseCommit=false, connectionPoolID=licDataSource, jdbcTxDataSource=true, LoggingLastResource=false, dataSourceName=licDataSource}
[ERROR][2017-11-25 23:12:17,673] org.hibernate.util.JDBCExceptionReporter.logExceptions(JDBCExceptionReporter.java:234)
	weblogic.common.resourcepool.ResourceDisabledException: Pool licDataSource is Suspended, cannot allocate resources to applications..
[ERROR][2017-11-25 23:12:17,674] org.hibernate.util.JDBCExceptionReporter.logExceptions(JDBCExceptionReporter.java:234)
	Cannot obtain connection: driverURL = jdbc:weblogic:pool:licDataSource, props = {EmulateTwoPhaseCommit=false, connectionPoolID=licDataSource, jdbcTxDataSource=true, LoggingLastResource=false, dataSourceName=licDataSource}
[ERROR][2017-11-25 23:12:17,730] org.hibernate.util.JDBCExceptionReporter.logExceptions(JDBCExceptionReporter.java:234)
	weblogic.common.resourcepool.ResourceDisabledException: Pool licDataSource is Suspended, cannot allocate resources to applications..
[ERROR][2017-11-25 23:12:17,731] org.hibernate.util.JDBCExceptionReporter.logExceptions(JDBCExceptionReporter.java:234)
	Cannot obtain connection: driverURL = jdbc:weblogic:pool:licDataSource, props = {EmulateTwoPhaseCommit=false, connectionPoolID=licDataSource, jdbcTxDataSource=true, LoggingLastResource=false, dataSourceName=licDataSource}
[ERROR][2017-11-25 23:12:17,731] org.hibernate.util.JDBCExceptionReporter.logExceptions(JDBCExceptionReporter.java:234)
	weblogic.common.resourcepool.ResourceDisabledException: Pool licDataSource is Suspended, cannot allocate resources to applications..
[ERROR][2017-11-25 23:12:17,732] org.hibernate.util.JDBCExceptionReporter.logExceptions(JDBCExceptionReporter.java:234)
	Cannot obtain connection: driverURL = jdbc:weblogic:pool:licDataSource, props = {EmulateTwoPhaseCommit=false, connectionPoolID=licDataSource, jdbcTxDataSource=true, LoggingLastResource=false, dataSourceName=licDataSource}
[ERROR][2017-11-26 14:58:39,544] org.hibernate.hql.ast.ErrorCounter.reportError(ErrorCounter.java:56)
	line 1:89: unexpected token: %
[ERROR][2017-11-26 14:58:39,557] org.hibernate.hql.ast.ErrorCounter.reportError(ErrorCounter.java:56)
	line 1:92: unexpected token: )
[ERROR][2017-11-26 15:01:35,714] org.hibernate.hql.ast.ErrorCounter.reportError(ErrorCounter.java:56)
	line 1:88: unexpected token: %
[ERROR][2017-11-26 15:01:35,719] org.hibernate.hql.ast.ErrorCounter.reportError(ErrorCounter.java:56)
	line 1:91: unexpected token: null
[ERROR][2017-11-26 15:43:38,015] org.hibernate.proxy.pojo.javassist.JavassistLazyInitializer.getProxy(JavassistLazyInitializer.java:106)
	Javassist Enhancement failed: com.sinosoft.efiling.hibernate.entity.Grade
java.lang.OutOfMemoryError: PermGen space
	at javassist.util.proxy.ProxyFactory.make(ProxyFactory.java:532)
	at javassist.util.proxy.ProxyFactory.createClass3(ProxyFactory.java:335)
	at javassist.util.proxy.ProxyFactory.createClass2(ProxyFactory.java:314)
	at javassist.util.proxy.ProxyFactory.createClass(ProxyFactory.java:273)
	at org.hibernate.proxy.pojo.javassist.JavassistLazyInitializer.getProxy(JavassistLazyInitializer.java:99)
	at org.hibernate.proxy.pojo.javassist.SerializableProxy.readResolve(SerializableProxy.java:77)
	at sun.reflect.NativeMethodAccessorImpl.invoke0(Native Method)
	at sun.reflect.NativeMethodAccessorImpl.invoke(NativeMethodAccessorImpl.java:39)
	at sun.reflect.DelegatingMethodAccessorImpl.invoke(DelegatingMethodAccessorImpl.java:25)
	at java.lang.reflect.Method.invoke(Method.java:597)
	at java.io.ObjectStreamClass.invokeReadResolve(ObjectStreamClass.java:1061)
	at java.io.ObjectInputStream.readOrdinaryObject(ObjectInputStream.java:1762)
	at java.io.ObjectInputStream.readObject0(ObjectInputStream.java:1329)
	at java.io.ObjectInputStream.defaultReadFields(ObjectInputStream.java:1947)
	at java.io.ObjectInputStream.readSerialData(ObjectInputStream.java:1871)
	at java.io.ObjectInputStream.readOrdinaryObject(ObjectInputStream.java:1753)
	at java.io.ObjectInputStream.readObject0(ObjectInputStream.java:1329)
	at java.io.ObjectInputStream.readObject(ObjectInputStream.java:351)
	at java.util.HashMap.readObject(HashMap.java:1029)
	at sun.reflect.GeneratedMethodAccessor2.invoke(Unknown Source)
	at sun.reflect.DelegatingMethodAccessorImpl.invoke(DelegatingMethodAccessorImpl.java:25)
	at java.lang.reflect.Method.invoke(Method.java:597)
	at java.io.ObjectStreamClass.invokeReadObject(ObjectStreamClass.java:974)
	at java.io.ObjectInputStream.readSerialData(ObjectInputStream.java:1849)
	at java.io.ObjectInputStream.readOrdinaryObject(ObjectInputStream.java:1753)
	at java.io.ObjectInputStream.readObject0(ObjectInputStream.java:1329)
	at java.io.ObjectInputStream.defaultReadFields(ObjectInputStream.java:1947)
	at java.io.ObjectInputStream.readSerialData(ObjectInputStream.java:1871)
	at java.io.ObjectInputStream.readOrdinaryObject(ObjectInputStream.java:1753)
	at java.io.ObjectInputStream.readObject0(ObjectInputStream.java:1329)
	at java.io.ObjectInputStream.defaultReadFields(ObjectInputStream.java:1947)
	at java.io.ObjectInputStream.readSerialData(ObjectInputStream.java:1871)
[ERROR][2017-11-27 17:54:36,430] org.hibernate.util.JDBCExceptionReporter.logExceptions(JDBCExceptionReporter.java:234)
	ORA-01789: 查询块具有不正确的结果列数

[ERROR][2017-11-27 17:54:36,473] org.hibernate.util.JDBCExceptionReporter.logExceptions(JDBCExceptionReporter.java:234)
	ORA-01789: 查询块具有不正确的结果列数

[ERROR][2017-11-27 17:54:36,502] org.hibernate.util.JDBCExceptionReporter.logExceptions(JDBCExceptionReporter.java:234)
	ORA-01789: 查询块具有不正确的结果列数

[ERROR][2017-11-28 17:49:03,150] org.hibernate.util.JDBCExceptionReporter.logExceptions(JDBCExceptionReporter.java:234)
	ORA-00936: 缺失表达式

[ERROR][2017-11-28 17:49:03,176] org.hibernate.util.JDBCExceptionReporter.logExceptions(JDBCExceptionReporter.java:234)
	ORA-00936: 缺失表达式

[ERROR][2017-11-28 17:49:03,307] org.hibernate.util.JDBCExceptionReporter.logExceptions(JDBCExceptionReporter.java:234)
	ORA-00936: 缺失表达式

[ERROR][2017-11-28 17:52:04,574] org.hibernate.util.JDBCExceptionReporter.logExceptions(JDBCExceptionReporter.java:234)
	ORA-00936: 缺失表达式

[ERROR][2017-11-28 17:52:04,587] org.hibernate.util.JDBCExceptionReporter.logExceptions(JDBCExceptionReporter.java:234)
	ORA-00936: 缺失表达式

[ERROR][2017-11-28 17:52:04,605] org.hibernate.util.JDBCExceptionReporter.logExceptions(JDBCExceptionReporter.java:234)
	ORA-00936: 缺失表达式

[ERROR][2017-11-29 16:35:09,552] org.hibernate.util.JDBCExceptionReporter.logExceptions(JDBCExceptionReporter.java:234)
	ORA-00936: 缺失表达式

[ERROR][2017-11-29 16:35:09,595] org.hibernate.util.JDBCExceptionReporter.logExceptions(JDBCExceptionReporter.java:234)
	ORA-00936: 缺失表达式

[ERROR][2017-11-29 16:35:09,618] org.hibernate.util.JDBCExceptionReporter.logExceptions(JDBCExceptionReporter.java:234)
	ORA-00936: 缺失表达式

[ERROR][2017-11-29 16:39:39,566] org.hibernate.util.JDBCExceptionReporter.logExceptions(JDBCExceptionReporter.java:234)
	ORA-00936: 缺失表达式

[ERROR][2017-11-29 16:39:39,584] org.hibernate.util.JDBCExceptionReporter.logExceptions(JDBCExceptionReporter.java:234)
	ORA-00936: 缺失表达式

[ERROR][2017-11-29 16:39:39,615] org.hibernate.util.JDBCExceptionReporter.logExceptions(JDBCExceptionReporter.java:234)
	ORA-00936: 缺失表达式

