[ERROR][2017-11-22 21:14:58,025] org.springframework.web.context.ContextLoader.initWebApplicationContext(ContextLoader.java:319)
	Context initialization failed
org.springframework.beans.factory.BeanCreationException: Error creating bean with name 'dataSource' defined in ServletContext resource [/WEB-INF/classes/applicationContext.xml]: Invocation of init method failed; nested exception is javax.naming.NameNotFoundException: Unable to resolve 'eFilingDataSource'. Resolved ''; remaining name 'eFilingDataSource'
	at org.springframework.beans.factory.support.AbstractAutowireCapableBeanFactory.initializeBean(AbstractAutowireCapableBeanFactory.java:1486)
	at org.springframework.beans.factory.support.AbstractAutowireCapableBeanFactory.doCreateBean(AbstractAutowireCapableBeanFactory.java:524)
	at org.springframework.beans.factory.support.AbstractAutowireCapableBeanFactory.createBean(AbstractAutowireCapableBeanFactory.java:461)
	at org.springframework.beans.factory.support.AbstractBeanFactory$1.getObject(AbstractBeanFactory.java:295)
	at org.springframework.beans.factory.support.DefaultSingletonBeanRegistry.getSingleton(DefaultSingletonBeanRegistry.java:223)
	at org.springframework.beans.factory.support.AbstractBeanFactory.doGetBean(AbstractBeanFactory.java:292)
	at org.springframework.beans.factory.support.AbstractBeanFactory.getBean(AbstractBeanFactory.java:194)
	at org.springframework.beans.factory.support.DefaultListableBeanFactory.preInstantiateSingletons(DefaultListableBeanFactory.java:608)
	at org.springframework.context.support.AbstractApplicationContext.finishBeanFactoryInitialization(AbstractApplicationContext.java:932)
	at org.springframework.context.support.AbstractApplicationContext.refresh(AbstractApplicationContext.java:479)
	at org.springframework.web.context.ContextLoader.configureAndRefreshWebApplicationContext(ContextLoader.java:389)
	at org.springframework.web.context.ContextLoader.initWebApplicationContext(ContextLoader.java:294)
	at org.springframework.web.context.ContextLoaderListener.contextInitialized(ContextLoaderListener.java:112)
	at weblogic.servlet.internal.EventsManager$FireContextListenerAction.run(EventsManager.java:481)
	at weblogic.security.acl.internal.AuthenticatedSubject.doAs(AuthenticatedSubject.java:321)
	at weblogic.security.service.SecurityManager.runAs(SecurityManager.java:121)
	at weblogic.servlet.internal.EventsManager.notifyContextCreatedEvent(EventsManager.java:181)
	at weblogic.servlet.internal.WebAppServletContext.preloadResources(WebAppServletContext.java:1863)
	at weblogic.servlet.internal.WebAppServletContext.start(WebAppServletContext.java:3126)
	at weblogic.servlet.internal.WebAppModule.startContexts(WebAppModule.java:1512)
	at weblogic.servlet.internal.WebAppModule.start(WebAppModule.java:486)
	at weblogic.application.internal.flow.ModuleStateDriver$3.next(ModuleStateDriver.java:425)
	at weblogic.application.utils.StateMachineDriver.nextState(StateMachineDriver.java:41)
	at weblogic.application.internal.flow.ModuleStateDriver.start(ModuleStateDriver.java:119)
	at weblogic.application.internal.flow.ScopedModuleDriver.start(ScopedModuleDriver.java:200)
	at weblogic.application.internal.flow.ModuleListenerInvoker.start(ModuleListenerInvoker.java:247)
	at weblogic.application.internal.flow.ModuleStateDriver$3.next(ModuleStateDriver.java:425)
	at weblogic.application.utils.StateMachineDriver.nextState(StateMachineDriver.java:41)
	at weblogic.application.internal.flow.ModuleStateDriver.start(ModuleStateDriver.java:119)
	at weblogic.application.internal.flow.StartModulesFlow.activate(StartModulesFlow.java:27)
	at weblogic.application.internal.BaseDeployment$2.next(BaseDeployment.java:1267)
	at weblogic.application.utils.StateMachineDriver.nextState(StateMachineDriver.java:41)
	at weblogic.application.internal.BaseDeployment.activate(BaseDeployment.java:409)
	at weblogic.application.internal.SingleModuleDeployment.activate(SingleModuleDeployment.java:43)
	at weblogic.application.internal.DeploymentStateChecker.activate(DeploymentStateChecker.java:161)
	at weblogic.deploy.internal.targetserver.AppContainerInvoker.activate(AppContainerInvoker.java:79)
	at weblogic.deploy.internal.targetserver.BasicDeployment.activate(BasicDeployment.java:184)
	at weblogic.deploy.internal.targetserver.BasicDeployment.activateFromServerLifecycle(BasicDeployment.java:361)
	at weblogic.management.deploy.internal.DeploymentAdapter$1.doActivate(DeploymentAdapter.java:51)
	at weblogic.management.deploy.internal.DeploymentAdapter.activate(DeploymentAdapter.java:200)
	at weblogic.management.deploy.internal.AppTransition$2.transitionApp(AppTransition.java:30)
	at weblogic.management.deploy.internal.ConfiguredDeployments.transitionApps(ConfiguredDeployments.java:240)
	at weblogic.management.deploy.internal.ConfiguredDeployments.activate(ConfiguredDeployments.java:169)
	at weblogic.management.deploy.internal.ConfiguredDeployments.deploy(ConfiguredDeployments.java:123)
	at weblogic.management.deploy.internal.DeploymentServerService.resume(DeploymentServerService.java:180)
	at weblogic.management.deploy.internal.DeploymentServerService.start(DeploymentServerService.java:96)
	at weblogic.t3.srvr.SubsystemRequest.run(SubsystemRequest.java:64)
	at weblogic.work.ExecuteThread.execute(ExecuteThread.java:201)
	at weblogic.work.ExecuteThread.run(ExecuteThread.java:173)
Caused by: javax.naming.NameNotFoundException: Unable to resolve 'eFilingDataSource'. Resolved ''; remaining name 'eFilingDataSource'
	at weblogic.jndi.internal.BasicNamingNode.newNameNotFoundException(BasicNamingNode.java:1139)
	at weblogic.jndi.internal.BasicNamingNode.lookupHere(BasicNamingNode.java:252)
	at weblogic.jndi.internal.ServerNamingNode.lookupHere(ServerNamingNode.java:182)
	at weblogic.jndi.internal.BasicNamingNode.lookup(BasicNamingNode.java:206)
	at weblogic.jndi.internal.WLEventContextImpl.lookup(WLEventContextImpl.java:254)
	at weblogic.jndi.internal.WLContextImpl.lookup(WLContextImpl.java:393)
	at javax.naming.InitialContext.lookup(InitialContext.java:392)
	at org.springframework.jndi.JndiTemplate$1.doInContext(JndiTemplate.java:154)
	at org.springframework.jndi.JndiTemplate.execute(JndiTemplate.java:87)
	at org.springframework.jndi.JndiTemplate.lookup(JndiTemplate.java:152)
	at org.springframework.jndi.JndiTemplate.lookup(JndiTemplate.java:178)
	at org.springframework.jndi.JndiLocatorSupport.lookup(JndiLocatorSupport.java:95)
	at org.springframework.jndi.JndiObjectLocator.lookup(JndiObjectLocator.java:105)
	at org.springframework.jndi.JndiObjectFactoryBean.lookupWithFallback(JndiObjectFactoryBean.java:201)
	at org.springframework.jndi.JndiObjectFactoryBean.afterPropertiesSet(JndiObjectFactoryBean.java:187)
	at org.springframework.beans.factory.support.AbstractAutowireCapableBeanFactory.invokeInitMethods(AbstractAutowireCapableBeanFactory.java:1545)
	at org.springframework.beans.factory.support.AbstractAutowireCapableBeanFactory.initializeBean(AbstractAutowireCapableBeanFactory.java:1483)
	... 48 more
[ERROR][2017-11-22 21:18:24,292] org.springframework.web.context.ContextLoader.initWebApplicationContext(ContextLoader.java:319)
	Context initialization failed
org.springframework.beans.factory.BeanCreationException: Error creating bean with name 'dataSource' defined in ServletContext resource [/WEB-INF/classes/applicationContext.xml]: Invocation of init method failed; nested exception is javax.naming.NameNotFoundException: Unable to resolve 'eFilingDataSource'. Resolved ''; remaining name 'eFilingDataSource'
	at org.springframework.beans.factory.support.AbstractAutowireCapableBeanFactory.initializeBean(AbstractAutowireCapableBeanFactory.java:1486)
	at org.springframework.beans.factory.support.AbstractAutowireCapableBeanFactory.doCreateBean(AbstractAutowireCapableBeanFactory.java:524)
	at org.springframework.beans.factory.support.AbstractAutowireCapableBeanFactory.createBean(AbstractAutowireCapableBeanFactory.java:461)
	at org.springframework.beans.factory.support.AbstractBeanFactory$1.getObject(AbstractBeanFactory.java:295)
	at org.springframework.beans.factory.support.DefaultSingletonBeanRegistry.getSingleton(DefaultSingletonBeanRegistry.java:223)
	at org.springframework.beans.factory.support.AbstractBeanFactory.doGetBean(AbstractBeanFactory.java:292)
	at org.springframework.beans.factory.support.AbstractBeanFactory.getBean(AbstractBeanFactory.java:194)
	at org.springframework.beans.factory.support.DefaultListableBeanFactory.preInstantiateSingletons(DefaultListableBeanFactory.java:608)
	at org.springframework.context.support.AbstractApplicationContext.finishBeanFactoryInitialization(AbstractApplicationContext.java:932)
	at org.springframework.context.support.AbstractApplicationContext.refresh(AbstractApplicationContext.java:479)
	at org.springframework.web.context.ContextLoader.configureAndRefreshWebApplicationContext(ContextLoader.java:389)
	at org.springframework.web.context.ContextLoader.initWebApplicationContext(ContextLoader.java:294)
	at org.springframework.web.context.ContextLoaderListener.contextInitialized(ContextLoaderListener.java:112)
	at weblogic.servlet.internal.EventsManager$FireContextListenerAction.run(EventsManager.java:481)
	at weblogic.security.acl.internal.AuthenticatedSubject.doAs(AuthenticatedSubject.java:321)
	at weblogic.security.service.SecurityManager.runAs(SecurityManager.java:121)
	at weblogic.servlet.internal.EventsManager.notifyContextCreatedEvent(EventsManager.java:181)
	at weblogic.servlet.internal.WebAppServletContext.preloadResources(WebAppServletContext.java:1863)
	at weblogic.servlet.internal.WebAppServletContext.start(WebAppServletContext.java:3126)
	at weblogic.servlet.internal.WebAppModule.startContexts(WebAppModule.java:1512)
	at weblogic.servlet.internal.WebAppModule.start(WebAppModule.java:486)
	at weblogic.application.internal.flow.ModuleStateDriver$3.next(ModuleStateDriver.java:425)
	at weblogic.application.utils.StateMachineDriver.nextState(StateMachineDriver.java:41)
	at weblogic.application.internal.flow.ModuleStateDriver.start(ModuleStateDriver.java:119)
	at weblogic.application.internal.flow.ScopedModuleDriver.start(ScopedModuleDriver.java:200)
	at weblogic.application.internal.flow.ModuleListenerInvoker.start(ModuleListenerInvoker.java:247)
	at weblogic.application.internal.flow.ModuleStateDriver$3.next(ModuleStateDriver.java:425)
	at weblogic.application.utils.StateMachineDriver.nextState(StateMachineDriver.java:41)
	at weblogic.application.internal.flow.ModuleStateDriver.start(ModuleStateDriver.java:119)
	at weblogic.application.internal.flow.StartModulesFlow.activate(StartModulesFlow.java:27)
	at weblogic.application.internal.BaseDeployment$2.next(BaseDeployment.java:1267)
	at weblogic.application.utils.StateMachineDriver.nextState(StateMachineDriver.java:41)
	at weblogic.application.internal.BaseDeployment.activate(BaseDeployment.java:409)
	at weblogic.application.internal.SingleModuleDeployment.activate(SingleModuleDeployment.java:43)
	at weblogic.application.internal.DeploymentStateChecker.activate(DeploymentStateChecker.java:161)
	at weblogic.deploy.internal.targetserver.AppContainerInvoker.activate(AppContainerInvoker.java:79)
	at weblogic.deploy.internal.targetserver.operations.AbstractOperation.activate(AbstractOperation.java:569)
	at weblogic.deploy.internal.targetserver.operations.ActivateOperation.activateDeployment(ActivateOperation.java:150)
	at weblogic.deploy.internal.targetserver.operations.ActivateOperation.doCommit(ActivateOperation.java:116)
	at weblogic.deploy.internal.targetserver.operations.StartOperation.doCommit(StartOperation.java:143)
	at weblogic.deploy.internal.targetserver.operations.AbstractOperation.commit(AbstractOperation.java:323)
	at weblogic.deploy.internal.targetserver.DeploymentManager.handleDeploymentCommit(DeploymentManager.java:844)
	at weblogic.deploy.internal.targetserver.DeploymentManager.activateDeploymentList(DeploymentManager.java:1253)
	at weblogic.deploy.internal.targetserver.DeploymentManager.handleCommit(DeploymentManager.java:440)
	at weblogic.deploy.internal.targetserver.DeploymentServiceDispatcher.commit(DeploymentServiceDispatcher.java:163)
	at weblogic.deploy.service.internal.targetserver.DeploymentReceiverCallbackDeliverer.doCommitCallback(DeploymentReceiverCallbackDeliverer.java:195)
	at weblogic.deploy.service.internal.targetserver.DeploymentReceiverCallbackDeliverer.access$100(DeploymentReceiverCallbackDeliverer.java:13)
	at weblogic.deploy.service.internal.targetserver.DeploymentReceiverCallbackDeliverer$2.run(DeploymentReceiverCallbackDeliverer.java:68)
	at weblogic.work.SelfTuningWorkManagerImpl$WorkAdapterImpl.run(SelfTuningWorkManagerImpl.java:528)
	at weblogic.work.ExecuteThread.execute(ExecuteThread.java:201)
	at weblogic.work.ExecuteThread.run(ExecuteThread.java:173)
Caused by: javax.naming.NameNotFoundException: Unable to resolve 'eFilingDataSource'. Resolved ''; remaining name 'eFilingDataSource'
	at weblogic.jndi.internal.BasicNamingNode.newNameNotFoundException(BasicNamingNode.java:1139)
	at weblogic.jndi.internal.BasicNamingNode.lookupHere(BasicNamingNode.java:252)
	at weblogic.jndi.internal.ServerNamingNode.lookupHere(ServerNamingNode.java:182)
	at weblogic.jndi.internal.BasicNamingNode.lookup(BasicNamingNode.java:206)
	at weblogic.jndi.internal.WLEventContextImpl.lookup(WLEventContextImpl.java:254)
	at weblogic.jndi.internal.WLContextImpl.lookup(WLContextImpl.java:393)
	at javax.naming.InitialContext.lookup(InitialContext.java:392)
	at org.springframework.jndi.JndiTemplate$1.doInContext(JndiTemplate.java:154)
	at org.springframework.jndi.JndiTemplate.execute(JndiTemplate.java:87)
	at org.springframework.jndi.JndiTemplate.lookup(JndiTemplate.java:152)
	at org.springframework.jndi.JndiTemplate.lookup(JndiTemplate.java:178)
	at org.springframework.jndi.JndiLocatorSupport.lookup(JndiLocatorSupport.java:95)
	at org.springframework.jndi.JndiObjectLocator.lookup(JndiObjectLocator.java:105)
	at org.springframework.jndi.JndiObjectFactoryBean.lookupWithFallback(JndiObjectFactoryBean.java:201)
	at org.springframework.jndi.JndiObjectFactoryBean.afterPropertiesSet(JndiObjectFactoryBean.java:187)
	at org.springframework.beans.factory.support.AbstractAutowireCapableBeanFactory.invokeInitMethods(AbstractAutowireCapableBeanFactory.java:1545)
	at org.springframework.beans.factory.support.AbstractAutowireCapableBeanFactory.initializeBean(AbstractAutowireCapableBeanFactory.java:1483)
	... 50 more
[ERROR][2017-11-22 21:18:53,269] org.springframework.web.context.ContextLoader.initWebApplicationContext(ContextLoader.java:319)
	Context initialization failed
org.springframework.beans.factory.BeanCreationException: Error creating bean with name 'dataSource' defined in ServletContext resource [/WEB-INF/classes/applicationContext.xml]: Invocation of init method failed; nested exception is javax.naming.NameNotFoundException: Unable to resolve 'eFilingDataSource'. Resolved ''; remaining name 'eFilingDataSource'
	at org.springframework.beans.factory.support.AbstractAutowireCapableBeanFactory.initializeBean(AbstractAutowireCapableBeanFactory.java:1486)
	at org.springframework.beans.factory.support.AbstractAutowireCapableBeanFactory.doCreateBean(AbstractAutowireCapableBeanFactory.java:524)
	at org.springframework.beans.factory.support.AbstractAutowireCapableBeanFactory.createBean(AbstractAutowireCapableBeanFactory.java:461)
	at org.springframework.beans.factory.support.AbstractBeanFactory$1.getObject(AbstractBeanFactory.java:295)
	at org.springframework.beans.factory.support.DefaultSingletonBeanRegistry.getSingleton(DefaultSingletonBeanRegistry.java:223)
	at org.springframework.beans.factory.support.AbstractBeanFactory.doGetBean(AbstractBeanFactory.java:292)
	at org.springframework.beans.factory.support.AbstractBeanFactory.getBean(AbstractBeanFactory.java:194)
	at org.springframework.beans.factory.support.DefaultListableBeanFactory.preInstantiateSingletons(DefaultListableBeanFactory.java:608)
	at org.springframework.context.support.AbstractApplicationContext.finishBeanFactoryInitialization(AbstractApplicationContext.java:932)
	at org.springframework.context.support.AbstractApplicationContext.refresh(AbstractApplicationContext.java:479)
	at org.springframework.web.context.ContextLoader.configureAndRefreshWebApplicationContext(ContextLoader.java:389)
	at org.springframework.web.context.ContextLoader.initWebApplicationContext(ContextLoader.java:294)
	at org.springframework.web.context.ContextLoaderListener.contextInitialized(ContextLoaderListener.java:112)
	at weblogic.servlet.internal.EventsManager$FireContextListenerAction.run(EventsManager.java:481)
	at weblogic.security.acl.internal.AuthenticatedSubject.doAs(AuthenticatedSubject.java:321)
	at weblogic.security.service.SecurityManager.runAs(SecurityManager.java:121)
	at weblogic.servlet.internal.EventsManager.notifyContextCreatedEvent(EventsManager.java:181)
	at weblogic.servlet.internal.WebAppServletContext.preloadResources(WebAppServletContext.java:1863)
	at weblogic.servlet.internal.WebAppServletContext.start(WebAppServletContext.java:3126)
	at weblogic.servlet.internal.WebAppModule.startContexts(WebAppModule.java:1512)
	at weblogic.servlet.internal.WebAppModule.start(WebAppModule.java:486)
	at weblogic.application.internal.flow.ModuleStateDriver$3.next(ModuleStateDriver.java:425)
	at weblogic.application.utils.StateMachineDriver.nextState(StateMachineDriver.java:41)
	at weblogic.application.internal.flow.ModuleStateDriver.start(ModuleStateDriver.java:119)
	at weblogic.application.internal.flow.ScopedModuleDriver.start(ScopedModuleDriver.java:200)
	at weblogic.application.internal.flow.ModuleListenerInvoker.start(ModuleListenerInvoker.java:247)
	at weblogic.application.internal.flow.ModuleStateDriver$3.next(ModuleStateDriver.java:425)
	at weblogic.application.utils.StateMachineDriver.nextState(StateMachineDriver.java:41)
	at weblogic.application.internal.flow.ModuleStateDriver.start(ModuleStateDriver.java:119)
	at weblogic.application.internal.flow.StartModulesFlow.activate(StartModulesFlow.java:27)
	at weblogic.application.internal.BaseDeployment$2.next(BaseDeployment.java:1267)
	at weblogic.application.utils.StateMachineDriver.nextState(StateMachineDriver.java:41)
	at weblogic.application.internal.BaseDeployment.activate(BaseDeployment.java:409)
	at weblogic.application.internal.SingleModuleDeployment.activate(SingleModuleDeployment.java:43)
	at weblogic.application.internal.DeploymentStateChecker.activate(DeploymentStateChecker.java:161)
	at weblogic.deploy.internal.targetserver.AppContainerInvoker.activate(AppContainerInvoker.java:79)
	at weblogic.deploy.internal.targetserver.operations.AbstractOperation.activate(AbstractOperation.java:569)
	at weblogic.deploy.internal.targetserver.operations.ActivateOperation.activateDeployment(ActivateOperation.java:150)
	at weblogic.deploy.internal.targetserver.operations.ActivateOperation.doCommit(ActivateOperation.java:116)
	at weblogic.deploy.internal.targetserver.operations.StartOperation.doCommit(StartOperation.java:143)
	at weblogic.deploy.internal.targetserver.operations.AbstractOperation.commit(AbstractOperation.java:323)
	at weblogic.deploy.internal.targetserver.DeploymentManager.handleDeploymentCommit(DeploymentManager.java:844)
	at weblogic.deploy.internal.targetserver.DeploymentManager.activateDeploymentList(DeploymentManager.java:1253)
	at weblogic.deploy.internal.targetserver.DeploymentManager.handleCommit(DeploymentManager.java:440)
	at weblogic.deploy.internal.targetserver.DeploymentServiceDispatcher.commit(DeploymentServiceDispatcher.java:163)
	at weblogic.deploy.service.internal.targetserver.DeploymentReceiverCallbackDeliverer.doCommitCallback(DeploymentReceiverCallbackDeliverer.java:195)
	at weblogic.deploy.service.internal.targetserver.DeploymentReceiverCallbackDeliverer.access$100(DeploymentReceiverCallbackDeliverer.java:13)
	at weblogic.deploy.service.internal.targetserver.DeploymentReceiverCallbackDeliverer$2.run(DeploymentReceiverCallbackDeliverer.java:68)
	at weblogic.work.SelfTuningWorkManagerImpl$WorkAdapterImpl.run(SelfTuningWorkManagerImpl.java:528)
	at weblogic.work.ExecuteThread.execute(ExecuteThread.java:201)
	at weblogic.work.ExecuteThread.run(ExecuteThread.java:173)
Caused by: javax.naming.NameNotFoundException: Unable to resolve 'eFilingDataSource'. Resolved ''; remaining name 'eFilingDataSource'
	at weblogic.jndi.internal.BasicNamingNode.newNameNotFoundException(BasicNamingNode.java:1139)
	at weblogic.jndi.internal.BasicNamingNode.lookupHere(BasicNamingNode.java:252)
	at weblogic.jndi.internal.ServerNamingNode.lookupHere(ServerNamingNode.java:182)
	at weblogic.jndi.internal.BasicNamingNode.lookup(BasicNamingNode.java:206)
	at weblogic.jndi.internal.WLEventContextImpl.lookup(WLEventContextImpl.java:254)
	at weblogic.jndi.internal.WLContextImpl.lookup(WLContextImpl.java:393)
	at javax.naming.InitialContext.lookup(InitialContext.java:392)
	at org.springframework.jndi.JndiTemplate$1.doInContext(JndiTemplate.java:154)
	at org.springframework.jndi.JndiTemplate.execute(JndiTemplate.java:87)
	at org.springframework.jndi.JndiTemplate.lookup(JndiTemplate.java:152)
	at org.springframework.jndi.JndiTemplate.lookup(JndiTemplate.java:178)
	at org.springframework.jndi.JndiLocatorSupport.lookup(JndiLocatorSupport.java:95)
	at org.springframework.jndi.JndiObjectLocator.lookup(JndiObjectLocator.java:105)
	at org.springframework.jndi.JndiObjectFactoryBean.lookupWithFallback(JndiObjectFactoryBean.java:201)
	at org.springframework.jndi.JndiObjectFactoryBean.afterPropertiesSet(JndiObjectFactoryBean.java:187)
	at org.springframework.beans.factory.support.AbstractAutowireCapableBeanFactory.invokeInitMethods(AbstractAutowireCapableBeanFactory.java:1545)
	at org.springframework.beans.factory.support.AbstractAutowireCapableBeanFactory.initializeBean(AbstractAutowireCapableBeanFactory.java:1483)
	... 50 more
[ERROR][2017-11-22 21:28:07,980] org.springframework.web.context.ContextLoader.initWebApplicationContext(ContextLoader.java:319)
	Context initialization failed
org.springframework.beans.factory.BeanCreationException: Error creating bean with name 'dataSource' defined in ServletContext resource [/WEB-INF/classes/applicationContext.xml]: Invocation of init method failed; nested exception is javax.naming.NameNotFoundException: Unable to resolve 'eFilingDataSource'. Resolved ''; remaining name 'eFilingDataSource'
	at org.springframework.beans.factory.support.AbstractAutowireCapableBeanFactory.initializeBean(AbstractAutowireCapableBeanFactory.java:1486)
	at org.springframework.beans.factory.support.AbstractAutowireCapableBeanFactory.doCreateBean(AbstractAutowireCapableBeanFactory.java:524)
	at org.springframework.beans.factory.support.AbstractAutowireCapableBeanFactory.createBean(AbstractAutowireCapableBeanFactory.java:461)
	at org.springframework.beans.factory.support.AbstractBeanFactory$1.getObject(AbstractBeanFactory.java:295)
	at org.springframework.beans.factory.support.DefaultSingletonBeanRegistry.getSingleton(DefaultSingletonBeanRegistry.java:223)
	at org.springframework.beans.factory.support.AbstractBeanFactory.doGetBean(AbstractBeanFactory.java:292)
	at org.springframework.beans.factory.support.AbstractBeanFactory.getBean(AbstractBeanFactory.java:194)
	at org.springframework.beans.factory.support.DefaultListableBeanFactory.preInstantiateSingletons(DefaultListableBeanFactory.java:608)
	at org.springframework.context.support.AbstractApplicationContext.finishBeanFactoryInitialization(AbstractApplicationContext.java:932)
	at org.springframework.context.support.AbstractApplicationContext.refresh(AbstractApplicationContext.java:479)
	at org.springframework.web.context.ContextLoader.configureAndRefreshWebApplicationContext(ContextLoader.java:389)
	at org.springframework.web.context.ContextLoader.initWebApplicationContext(ContextLoader.java:294)
	at org.springframework.web.context.ContextLoaderListener.contextInitialized(ContextLoaderListener.java:112)
	at weblogic.servlet.internal.EventsManager$FireContextListenerAction.run(EventsManager.java:481)
	at weblogic.security.acl.internal.AuthenticatedSubject.doAs(AuthenticatedSubject.java:321)
	at weblogic.security.service.SecurityManager.runAs(SecurityManager.java:121)
	at weblogic.servlet.internal.EventsManager.notifyContextCreatedEvent(EventsManager.java:181)
	at weblogic.servlet.internal.WebAppServletContext.preloadResources(WebAppServletContext.java:1863)
	at weblogic.servlet.internal.WebAppServletContext.start(WebAppServletContext.java:3126)
	at weblogic.servlet.internal.WebAppModule.startContexts(WebAppModule.java:1512)
	at weblogic.servlet.internal.WebAppModule.start(WebAppModule.java:486)
	at weblogic.application.internal.flow.ModuleStateDriver$3.next(ModuleStateDriver.java:425)
	at weblogic.application.utils.StateMachineDriver.nextState(StateMachineDriver.java:41)
	at weblogic.application.internal.flow.ModuleStateDriver.start(ModuleStateDriver.java:119)
	at weblogic.application.internal.flow.ScopedModuleDriver.start(ScopedModuleDriver.java:200)
	at weblogic.application.internal.flow.ModuleListenerInvoker.start(ModuleListenerInvoker.java:247)
	at weblogic.application.internal.flow.ModuleStateDriver$3.next(ModuleStateDriver.java:425)
	at weblogic.application.utils.StateMachineDriver.nextState(StateMachineDriver.java:41)
	at weblogic.application.internal.flow.ModuleStateDriver.start(ModuleStateDriver.java:119)
	at weblogic.application.internal.flow.StartModulesFlow.activate(StartModulesFlow.java:27)
	at weblogic.application.internal.BaseDeployment$2.next(BaseDeployment.java:1267)
	at weblogic.application.utils.StateMachineDriver.nextState(StateMachineDriver.java:41)
	at weblogic.application.internal.BaseDeployment.activate(BaseDeployment.java:409)
	at weblogic.application.internal.SingleModuleDeployment.activate(SingleModuleDeployment.java:43)
	at weblogic.application.internal.DeploymentStateChecker.activate(DeploymentStateChecker.java:161)
	at weblogic.deploy.internal.targetserver.AppContainerInvoker.activate(AppContainerInvoker.java:79)
	at weblogic.deploy.internal.targetserver.BasicDeployment.activate(BasicDeployment.java:184)
	at weblogic.deploy.internal.targetserver.BasicDeployment.activateFromServerLifecycle(BasicDeployment.java:361)
	at weblogic.management.deploy.internal.DeploymentAdapter$1.doActivate(DeploymentAdapter.java:51)
	at weblogic.management.deploy.internal.DeploymentAdapter.activate(DeploymentAdapter.java:200)
	at weblogic.management.deploy.internal.AppTransition$2.transitionApp(AppTransition.java:30)
	at weblogic.management.deploy.internal.ConfiguredDeployments.transitionApps(ConfiguredDeployments.java:240)
	at weblogic.management.deploy.internal.ConfiguredDeployments.activate(ConfiguredDeployments.java:169)
	at weblogic.management.deploy.internal.ConfiguredDeployments.deploy(ConfiguredDeployments.java:123)
	at weblogic.management.deploy.internal.DeploymentServerService.resume(DeploymentServerService.java:180)
	at weblogic.management.deploy.internal.DeploymentServerService.start(DeploymentServerService.java:96)
	at weblogic.t3.srvr.SubsystemRequest.run(SubsystemRequest.java:64)
	at weblogic.work.ExecuteThread.execute(ExecuteThread.java:201)
	at weblogic.work.ExecuteThread.run(ExecuteThread.java:173)
Caused by: javax.naming.NameNotFoundException: Unable to resolve 'eFilingDataSource'. Resolved ''; remaining name 'eFilingDataSource'
	at weblogic.jndi.internal.BasicNamingNode.newNameNotFoundException(BasicNamingNode.java:1139)
	at weblogic.jndi.internal.BasicNamingNode.lookupHere(BasicNamingNode.java:252)
	at weblogic.jndi.internal.ServerNamingNode.lookupHere(ServerNamingNode.java:182)
	at weblogic.jndi.internal.BasicNamingNode.lookup(BasicNamingNode.java:206)
	at weblogic.jndi.internal.WLEventContextImpl.lookup(WLEventContextImpl.java:254)
	at weblogic.jndi.internal.WLContextImpl.lookup(WLContextImpl.java:393)
	at javax.naming.InitialContext.lookup(InitialContext.java:392)
	at org.springframework.jndi.JndiTemplate$1.doInContext(JndiTemplate.java:154)
	at org.springframework.jndi.JndiTemplate.execute(JndiTemplate.java:87)
	at org.springframework.jndi.JndiTemplate.lookup(JndiTemplate.java:152)
	at org.springframework.jndi.JndiTemplate.lookup(JndiTemplate.java:178)
	at org.springframework.jndi.JndiLocatorSupport.lookup(JndiLocatorSupport.java:95)
	at org.springframework.jndi.JndiObjectLocator.lookup(JndiObjectLocator.java:105)
	at org.springframework.jndi.JndiObjectFactoryBean.lookupWithFallback(JndiObjectFactoryBean.java:201)
	at org.springframework.jndi.JndiObjectFactoryBean.afterPropertiesSet(JndiObjectFactoryBean.java:187)
	at org.springframework.beans.factory.support.AbstractAutowireCapableBeanFactory.invokeInitMethods(AbstractAutowireCapableBeanFactory.java:1545)
	at org.springframework.beans.factory.support.AbstractAutowireCapableBeanFactory.initializeBean(AbstractAutowireCapableBeanFactory.java:1483)
	... 48 more
[ERROR][2017-11-23 16:43:03,942] org.springframework.web.context.ContextLoader.initWebApplicationContext(ContextLoader.java:319)
	Context initialization failed
org.springframework.beans.factory.BeanCreationException: Error creating bean with name 'fileLendingReminderService' defined in ServletContext resource [/WEB-INF/classes/applicationContext.xml]: Initialization of bean failed; nested exception is org.springframework.aop.framework.AopConfigException: Could not generate CGLIB subclass of class [class com.sinosoft.efiling.timer.FileLendingReminderService]: Common causes of this problem include using a final class or a non-visible class; nested exception is org.springframework.cglib.core.CodeGenerationException: java.lang.reflect.InvocationTargetException-->null
	at org.springframework.beans.factory.support.AbstractAutowireCapableBeanFactory.doCreateBean(AbstractAutowireCapableBeanFactory.java:532)
	at org.springframework.beans.factory.support.AbstractAutowireCapableBeanFactory.createBean(AbstractAutowireCapableBeanFactory.java:461)
	at org.springframework.beans.factory.support.AbstractBeanFactory$1.getObject(AbstractBeanFactory.java:295)
	at org.springframework.beans.factory.support.DefaultSingletonBeanRegistry.getSingleton(DefaultSingletonBeanRegistry.java:223)
	at org.springframework.beans.factory.support.AbstractBeanFactory.doGetBean(AbstractBeanFactory.java:292)
	at org.springframework.beans.factory.support.AbstractBeanFactory.getBean(AbstractBeanFactory.java:194)
	at org.springframework.beans.factory.support.DefaultListableBeanFactory.preInstantiateSingletons(DefaultListableBeanFactory.java:626)
	at org.springframework.context.support.AbstractApplicationContext.finishBeanFactoryInitialization(AbstractApplicationContext.java:932)
	at org.springframework.context.support.AbstractApplicationContext.refresh(AbstractApplicationContext.java:479)
	at org.springframework.web.context.ContextLoader.configureAndRefreshWebApplicationContext(ContextLoader.java:389)
	at org.springframework.web.context.ContextLoader.initWebApplicationContext(ContextLoader.java:294)
	at org.springframework.web.context.ContextLoaderListener.contextInitialized(ContextLoaderListener.java:112)
	at weblogic.servlet.internal.EventsManager$FireContextListenerAction.run(EventsManager.java:481)
	at weblogic.security.acl.internal.AuthenticatedSubject.doAs(AuthenticatedSubject.java:321)
	at weblogic.security.service.SecurityManager.runAs(SecurityManager.java:121)
	at weblogic.servlet.internal.EventsManager.notifyContextCreatedEvent(EventsManager.java:181)
	at weblogic.servlet.internal.WebAppServletContext.reloadServletClassLoader(WebAppServletContext.java:3078)
	at weblogic.servlet.internal.FilterWrapper.reloadFilter(FilterWrapper.java:63)
	at weblogic.servlet.internal.FilterWrapper.checkForReload(FilterWrapper.java:104)
	at weblogic.servlet.internal.FilterWrapper.getFilter(FilterWrapper.java:41)
	at weblogic.servlet.internal.FilterChainImpl.add(FilterChainImpl.java:35)
	at weblogic.servlet.internal.FilterManager.getFilterChain(FilterManager.java:244)
	at weblogic.servlet.internal.WebAppServletContext$ServletInvocationAction.doIt(WebAppServletContext.java:3681)
	at weblogic.servlet.internal.WebAppServletContext$ServletInvocationAction.run(WebAppServletContext.java:3650)
	at weblogic.security.acl.internal.AuthenticatedSubject.doAs(AuthenticatedSubject.java:321)
	at weblogic.security.service.SecurityManager.runAs(SecurityManager.java:121)
	at weblogic.servlet.internal.WebAppServletContext.securedExecute(WebAppServletContext.java:2268)
	at weblogic.servlet.internal.WebAppServletContext.execute(WebAppServletContext.java:2174)
	at weblogic.servlet.internal.ServletRequestImpl.run(ServletRequestImpl.java:1446)
	at weblogic.work.ExecuteThread.execute(ExecuteThread.java:201)
	at weblogic.work.ExecuteThread.run(ExecuteThread.java:173)
Caused by: org.springframework.aop.framework.AopConfigException: Could not generate CGLIB subclass of class [class com.sinosoft.efiling.timer.FileLendingReminderService]: Common causes of this problem include using a final class or a non-visible class; nested exception is org.springframework.cglib.core.CodeGenerationException: java.lang.reflect.InvocationTargetException-->null
	at org.springframework.aop.framework.CglibAopProxy.getProxy(CglibAopProxy.java:211)
	at org.springframework.aop.framework.ProxyFactory.getProxy(ProxyFactory.java:111)
	at org.springframework.aop.framework.autoproxy.AbstractAutoProxyCreator.createProxy(AbstractAutoProxyCreator.java:477)
	at org.springframework.aop.framework.autoproxy.AbstractAutoProxyCreator.wrapIfNecessary(AbstractAutoProxyCreator.java:362)
	at org.springframework.aop.framework.autoproxy.AbstractAutoProxyCreator.postProcessAfterInitialization(AbstractAutoProxyCreator.java:322)
	at org.springframework.beans.factory.support.AbstractAutowireCapableBeanFactory.applyBeanPostProcessorsAfterInitialization(AbstractAutowireCapableBeanFactory.java:412)
	at org.springframework.beans.factory.support.AbstractAutowireCapableBeanFactory.initializeBean(AbstractAutowireCapableBeanFactory.java:1492)
	at org.springframework.beans.factory.support.AbstractAutowireCapableBeanFactory.doCreateBean(AbstractAutowireCapableBeanFactory.java:524)
	... 30 more
Caused by: org.springframework.cglib.core.CodeGenerationException: java.lang.reflect.InvocationTargetException-->null
	at org.springframework.cglib.core.AbstractClassGenerator.create(AbstractClassGenerator.java:237)
	at org.springframework.cglib.proxy.Enhancer.createHelper(Enhancer.java:377)
	at org.springframework.cglib.proxy.Enhancer.create(Enhancer.java:285)
	at org.springframework.aop.framework.CglibAopProxy.getProxy(CglibAopProxy.java:205)
	... 37 more
Caused by: java.lang.reflect.InvocationTargetException
	at sun.reflect.GeneratedMethodAccessor1066.invoke(Unknown Source)
	at sun.reflect.DelegatingMethodAccessorImpl.invoke(DelegatingMethodAccessorImpl.java:25)
	at java.lang.reflect.Method.invoke(Method.java:597)
	at org.springframework.cglib.core.ReflectUtils.defineClass(ReflectUtils.java:384)
	at org.springframework.cglib.core.AbstractClassGenerator.create(AbstractClassGenerator.java:219)
	... 40 more
Caused by: java.lang.OutOfMemoryError: PermGen space
	at java.lang.ClassLoader.defineClass1(Native Method)
	at java.lang.ClassLoader.defineClassCond(ClassLoader.java:632)
	at java.lang.ClassLoader.defineClass(ClassLoader.java:616)
	at sun.reflect.GeneratedMethodAccessor1066.invoke(Unknown Source)
	at sun.reflect.DelegatingMethodAccessorImpl.invoke(DelegatingMethodAccessorImpl.java:25)
	at java.lang.reflect.Method.invoke(Method.java:597)
	at org.springframework.cglib.core.ReflectUtils.defineClass(ReflectUtils.java:384)
	at org.springframework.cglib.core.AbstractClassGenerator.create(AbstractClassGenerator.java:219)
	at org.springframework.cglib.proxy.Enhancer.createHelper(Enhancer.java:377)
	at org.springframework.cglib.proxy.Enhancer.create(Enhancer.java:285)
	at org.springframework.aop.framework.CglibAopProxy.getProxy(CglibAopProxy.java:205)
	at org.springframework.aop.framework.ProxyFactory.getProxy(ProxyFactory.java:111)
	at org.springframework.aop.framework.autoproxy.AbstractAutoProxyCreator.createProxy(AbstractAutoProxyCreator.java:477)
	at org.springframework.aop.framework.autoproxy.AbstractAutoProxyCreator.wrapIfNecessary(AbstractAutoProxyCreator.java:362)
	at org.springframework.aop.framework.autoproxy.AbstractAutoProxyCreator.postProcessAfterInitialization(AbstractAutoProxyCreator.java:322)
	at org.springframework.beans.factory.support.AbstractAutowireCapableBeanFactory.applyBeanPostProcessorsAfterInitialization(AbstractAutowireCapableBeanFactory.java:412)
	at org.springframework.beans.factory.support.AbstractAutowireCapableBeanFactory.initializeBean(AbstractAutowireCapableBeanFactory.java:1492)
	at org.springframework.beans.factory.support.AbstractAutowireCapableBeanFactory.doCreateBean(AbstractAutowireCapableBeanFactory.java:524)
	at org.springframework.beans.factory.support.AbstractAutowireCapableBeanFactory.createBean(AbstractAutowireCapableBeanFactory.java:461)
	at org.springframework.beans.factory.support.AbstractBeanFactory$1.getObject(AbstractBeanFactory.java:295)
	at org.springframework.beans.factory.support.DefaultSingletonBeanRegistry.getSingleton(DefaultSingletonBeanRegistry.java:223)
	at org.springframework.beans.factory.support.AbstractBeanFactory.doGetBean(AbstractBeanFactory.java:292)
	at org.springframework.beans.factory.support.AbstractBeanFactory.getBean(AbstractBeanFactory.java:194)
	at org.springframework.beans.factory.support.DefaultListableBeanFactory.preInstantiateSingletons(DefaultListableBeanFactory.java:626)
	at org.springframework.context.support.AbstractApplicationContext.finishBeanFactoryInitialization(AbstractApplicationContext.java:932)
	at org.springframework.context.support.AbstractApplicationContext.refresh(AbstractApplicationContext.java:479)
	at org.springframework.web.context.ContextLoader.configureAndRefreshWebApplicationContext(ContextLoader.java:389)
	at org.springframework.web.context.ContextLoader.initWebApplicationContext(ContextLoader.java:294)
	at org.springframework.web.context.ContextLoaderListener.contextInitialized(ContextLoaderListener.java:112)
	at weblogic.servlet.internal.EventsManager$FireContextListenerAction.run(EventsManager.java:481)
	at weblogic.security.acl.internal.AuthenticatedSubject.doAs(AuthenticatedSubject.java:321)
	at weblogic.security.service.SecurityManager.runAs(SecurityManager.java:121)
[ERROR][2017-11-24 10:22:52,168] org.springframework.web.context.ContextLoader.initWebApplicationContext(ContextLoader.java:319)
	Context initialization failed
org.springframework.beans.factory.BeanCreationException: Error creating bean with name 'sessionFactory' defined in ServletContext resource [/WEB-INF/classes/applicationContext.xml]: Invocation of init method failed; nested exception is java.lang.OutOfMemoryError: PermGen space
	at org.springframework.beans.factory.support.AbstractAutowireCapableBeanFactory.initializeBean(AbstractAutowireCapableBeanFactory.java:1486)
	at org.springframework.beans.factory.support.AbstractAutowireCapableBeanFactory.doCreateBean(AbstractAutowireCapableBeanFactory.java:524)
	at org.springframework.beans.factory.support.AbstractAutowireCapableBeanFactory.createBean(AbstractAutowireCapableBeanFactory.java:461)
	at org.springframework.beans.factory.support.AbstractBeanFactory$1.getObject(AbstractBeanFactory.java:295)
	at org.springframework.beans.factory.support.DefaultSingletonBeanRegistry.getSingleton(DefaultSingletonBeanRegistry.java:223)
	at org.springframework.beans.factory.support.AbstractBeanFactory.doGetBean(AbstractBeanFactory.java:292)
	at org.springframework.beans.factory.support.AbstractBeanFactory.getBean(AbstractBeanFactory.java:194)
	at org.springframework.beans.factory.support.DefaultListableBeanFactory.preInstantiateSingletons(DefaultListableBeanFactory.java:608)
	at org.springframework.context.support.AbstractApplicationContext.finishBeanFactoryInitialization(AbstractApplicationContext.java:932)
	at org.springframework.context.support.AbstractApplicationContext.refresh(AbstractApplicationContext.java:479)
	at org.springframework.web.context.ContextLoader.configureAndRefreshWebApplicationContext(ContextLoader.java:389)
	at org.springframework.web.context.ContextLoader.initWebApplicationContext(ContextLoader.java:294)
	at org.springframework.web.context.ContextLoaderListener.contextInitialized(ContextLoaderListener.java:112)
	at weblogic.servlet.internal.EventsManager$FireContextListenerAction.run(EventsManager.java:481)
	at weblogic.security.acl.internal.AuthenticatedSubject.doAs(AuthenticatedSubject.java:321)
	at weblogic.security.service.SecurityManager.runAs(SecurityManager.java:121)
	at weblogic.servlet.internal.EventsManager.notifyContextCreatedEvent(EventsManager.java:181)
	at weblogic.servlet.internal.WebAppServletContext.reloadServletClassLoader(WebAppServletContext.java:3078)
	at weblogic.servlet.internal.FilterWrapper.reloadFilter(FilterWrapper.java:63)
	at weblogic.servlet.internal.FilterWrapper.checkForReload(FilterWrapper.java:104)
	at weblogic.servlet.internal.FilterWrapper.getFilter(FilterWrapper.java:41)
	at weblogic.servlet.internal.FilterChainImpl.add(FilterChainImpl.java:35)
	at weblogic.servlet.internal.FilterManager.getFilterChain(FilterManager.java:244)
	at weblogic.servlet.internal.WebAppServletContext$ServletInvocationAction.doIt(WebAppServletContext.java:3681)
	at weblogic.servlet.internal.WebAppServletContext$ServletInvocationAction.run(WebAppServletContext.java:3650)
	at weblogic.security.acl.internal.AuthenticatedSubject.doAs(AuthenticatedSubject.java:321)
	at weblogic.security.service.SecurityManager.runAs(SecurityManager.java:121)
	at weblogic.servlet.internal.WebAppServletContext.securedExecute(WebAppServletContext.java:2268)
	at weblogic.servlet.internal.WebAppServletContext.execute(WebAppServletContext.java:2174)
	at weblogic.servlet.internal.ServletRequestImpl.run(ServletRequestImpl.java:1446)
	at weblogic.work.ExecuteThread.execute(ExecuteThread.java:201)
	at weblogic.work.ExecuteThread.run(ExecuteThread.java:173)
Caused by: java.lang.OutOfMemoryError: PermGen space
	at java.lang.ClassLoader.defineClass1(Native Method)
	at java.lang.ClassLoader.defineClassCond(ClassLoader.java:632)
	at java.lang.ClassLoader.defineClass(ClassLoader.java:616)
	at java.security.SecureClassLoader.defineClass(SecureClassLoader.java:141)
	at weblogic.utils.classloaders.GenericClassLoader.defineClass(GenericClassLoader.java:328)
	at weblogic.utils.classloaders.GenericClassLoader.findLocalClass(GenericClassLoader.java:285)
	at weblogic.utils.classloaders.GenericClassLoader.findClass(GenericClassLoader.java:253)
	at weblogic.utils.classloaders.ChangeAwareClassLoader.findClass(ChangeAwareClassLoader.java:56)
	at weblogic.utils.classloaders.ChangeAwareClassLoader.loadClass(ChangeAwareClassLoader.java:42)
	at org.hibernate.cfg.SettingsFactory.buildSettings(SettingsFactory.java:81)
	at org.hibernate.cfg.Configuration.buildSettingsInternal(Configuration.java:2863)
	at org.hibernate.cfg.Configuration.buildSettings(Configuration.java:2859)
	at org.hibernate.cfg.Configuration.buildSessionFactory(Configuration.java:1870)
	at org.springframework.orm.hibernate3.LocalSessionFactoryBean.newSessionFactory(LocalSessionFactoryBean.java:863)
	at org.springframework.orm.hibernate3.LocalSessionFactoryBean.buildSessionFactory(LocalSessionFactoryBean.java:782)
	at org.springframework.orm.hibernate3.AbstractSessionFactoryBean.afterPropertiesSet(AbstractSessionFactoryBean.java:188)
	at org.springframework.beans.factory.support.AbstractAutowireCapableBeanFactory.invokeInitMethods(AbstractAutowireCapableBeanFactory.java:1545)
	at org.springframework.beans.factory.support.AbstractAutowireCapableBeanFactory.initializeBean(AbstractAutowireCapableBeanFactory.java:1483)
	at org.springframework.beans.factory.support.AbstractAutowireCapableBeanFactory.doCreateBean(AbstractAutowireCapableBeanFactory.java:524)
	at org.springframework.beans.factory.support.AbstractAutowireCapableBeanFactory.createBean(AbstractAutowireCapableBeanFactory.java:461)
	at org.springframework.beans.factory.support.AbstractBeanFactory$1.getObject(AbstractBeanFactory.java:295)
	at org.springframework.beans.factory.support.DefaultSingletonBeanRegistry.getSingleton(DefaultSingletonBeanRegistry.java:223)
	at org.springframework.beans.factory.support.AbstractBeanFactory.doGetBean(AbstractBeanFactory.java:292)
	at org.springframework.beans.factory.support.AbstractBeanFactory.getBean(AbstractBeanFactory.java:194)
	at org.springframework.beans.factory.support.DefaultListableBeanFactory.preInstantiateSingletons(DefaultListableBeanFactory.java:608)
	at org.springframework.context.support.AbstractApplicationContext.finishBeanFactoryInitialization(AbstractApplicationContext.java:932)
	at org.springframework.context.support.AbstractApplicationContext.refresh(AbstractApplicationContext.java:479)
	at org.springframework.web.context.ContextLoader.configureAndRefreshWebApplicationContext(ContextLoader.java:389)
	at org.springframework.web.context.ContextLoader.initWebApplicationContext(ContextLoader.java:294)
	at org.springframework.web.context.ContextLoaderListener.contextInitialized(ContextLoaderListener.java:112)
	at weblogic.servlet.internal.EventsManager$FireContextListenerAction.run(EventsManager.java:481)
	at weblogic.security.acl.internal.AuthenticatedSubject.doAs(AuthenticatedSubject.java:321)
[ERROR][2017-11-26 15:43:14,960] org.springframework.web.context.ContextLoader.initWebApplicationContext(ContextLoader.java:319)
	Context initialization failed
org.springframework.beans.factory.BeanCreationException: Error creating bean with name 'sessionFactory' defined in ServletContext resource [/WEB-INF/classes/applicationContext.xml]: Invocation of init method failed; nested exception is org.springframework.beans.BeanInstantiationException: Could not instantiate bean class [org.hibernate.cfg.Configuration]: Constructor threw exception; nested exception is java.lang.OutOfMemoryError: PermGen space
	at org.springframework.beans.factory.support.AbstractAutowireCapableBeanFactory.initializeBean(AbstractAutowireCapableBeanFactory.java:1486)
	at org.springframework.beans.factory.support.AbstractAutowireCapableBeanFactory.doCreateBean(AbstractAutowireCapableBeanFactory.java:524)
	at org.springframework.beans.factory.support.AbstractAutowireCapableBeanFactory.createBean(AbstractAutowireCapableBeanFactory.java:461)
	at org.springframework.beans.factory.support.AbstractBeanFactory$1.getObject(AbstractBeanFactory.java:295)
	at org.springframework.beans.factory.support.DefaultSingletonBeanRegistry.getSingleton(DefaultSingletonBeanRegistry.java:223)
	at org.springframework.beans.factory.support.AbstractBeanFactory.doGetBean(AbstractBeanFactory.java:292)
	at org.springframework.beans.factory.support.AbstractBeanFactory.getBean(AbstractBeanFactory.java:194)
	at org.springframework.beans.factory.support.DefaultListableBeanFactory.preInstantiateSingletons(DefaultListableBeanFactory.java:608)
	at org.springframework.context.support.AbstractApplicationContext.finishBeanFactoryInitialization(AbstractApplicationContext.java:932)
	at org.springframework.context.support.AbstractApplicationContext.refresh(AbstractApplicationContext.java:479)
	at org.springframework.web.context.ContextLoader.configureAndRefreshWebApplicationContext(ContextLoader.java:389)
	at org.springframework.web.context.ContextLoader.initWebApplicationContext(ContextLoader.java:294)
	at org.springframework.web.context.ContextLoaderListener.contextInitialized(ContextLoaderListener.java:112)
	at weblogic.servlet.internal.EventsManager$FireContextListenerAction.run(EventsManager.java:481)
	at weblogic.security.acl.internal.AuthenticatedSubject.doAs(AuthenticatedSubject.java:321)
	at weblogic.security.service.SecurityManager.runAs(SecurityManager.java:121)
	at weblogic.servlet.internal.EventsManager.notifyContextCreatedEvent(EventsManager.java:181)
	at weblogic.servlet.internal.WebAppServletContext.reloadServletClassLoader(WebAppServletContext.java:3078)
	at weblogic.servlet.internal.FilterWrapper.reloadFilter(FilterWrapper.java:63)
	at weblogic.servlet.internal.FilterWrapper.checkForReload(FilterWrapper.java:104)
	at weblogic.servlet.internal.FilterWrapper.getFilter(FilterWrapper.java:41)
	at weblogic.servlet.internal.FilterChainImpl.add(FilterChainImpl.java:35)
	at weblogic.servlet.internal.FilterManager.getFilterChain(FilterManager.java:244)
	at weblogic.servlet.internal.WebAppServletContext$ServletInvocationAction.doIt(WebAppServletContext.java:3681)
	at weblogic.servlet.internal.WebAppServletContext$ServletInvocationAction.run(WebAppServletContext.java:3650)
	at weblogic.security.acl.internal.AuthenticatedSubject.doAs(AuthenticatedSubject.java:321)
	at weblogic.security.service.SecurityManager.runAs(SecurityManager.java:121)
	at weblogic.servlet.internal.WebAppServletContext.securedExecute(WebAppServletContext.java:2268)
	at weblogic.servlet.internal.WebAppServletContext.execute(WebAppServletContext.java:2174)
	at weblogic.servlet.internal.ServletRequestImpl.run(ServletRequestImpl.java:1446)
	at weblogic.work.ExecuteThread.execute(ExecuteThread.java:201)
	at weblogic.work.ExecuteThread.run(ExecuteThread.java:173)
Caused by: org.springframework.beans.BeanInstantiationException: Could not instantiate bean class [org.hibernate.cfg.Configuration]: Constructor threw exception; nested exception is java.lang.OutOfMemoryError: PermGen space
	at org.springframework.beans.BeanUtils.instantiateClass(BeanUtils.java:163)
	at org.springframework.beans.BeanUtils.instantiateClass(BeanUtils.java:105)
	at org.springframework.orm.hibernate3.LocalSessionFactoryBean.newConfiguration(LocalSessionFactoryBean.java:821)
	at org.springframework.orm.hibernate3.LocalSessionFactoryBean.buildSessionFactory(LocalSessionFactoryBean.java:552)
	at org.springframework.orm.hibernate3.AbstractSessionFactoryBean.afterPropertiesSet(AbstractSessionFactoryBean.java:188)
	at org.springframework.beans.factory.support.AbstractAutowireCapableBeanFactory.invokeInitMethods(AbstractAutowireCapableBeanFactory.java:1545)
	at org.springframework.beans.factory.support.AbstractAutowireCapableBeanFactory.initializeBean(AbstractAutowireCapableBeanFactory.java:1483)
	... 31 more
Caused by: java.lang.OutOfMemoryError: PermGen space
	at java.lang.ClassLoader.defineClass1(Native Method)
	at java.lang.ClassLoader.defineClassCond(ClassLoader.java:632)
	at java.lang.ClassLoader.defineClass(ClassLoader.java:616)
	at java.security.SecureClassLoader.defineClass(SecureClassLoader.java:141)
	at weblogic.utils.classloaders.GenericClassLoader.defineClass(GenericClassLoader.java:328)
	at weblogic.utils.classloaders.GenericClassLoader.findLocalClass(GenericClassLoader.java:285)
	at weblogic.utils.classloaders.GenericClassLoader.findClass(GenericClassLoader.java:253)
	at weblogic.utils.classloaders.ChangeAwareClassLoader.findClass(ChangeAwareClassLoader.java:56)
	at weblogic.utils.classloaders.ChangeAwareClassLoader.loadClass(ChangeAwareClassLoader.java:42)
	at org.hibernate.cfg.annotations.reflection.JPAMetadataProvider.<init>(JPAMetadataProvider.java:59)
	at org.hibernate.cfg.Configuration.createReflectionManager(Configuration.java:2984)
	at org.hibernate.cfg.Configuration.reset(Configuration.java:307)
	at org.hibernate.cfg.Configuration.<init>(Configuration.java:298)
	at org.hibernate.cfg.Configuration.<init>(Configuration.java:302)
	at sun.reflect.NativeConstructorAccessorImpl.newInstance0(Native Method)
	at sun.reflect.NativeConstructorAccessorImpl.newInstance(NativeConstructorAccessorImpl.java:39)
	at sun.reflect.DelegatingConstructorAccessorImpl.newInstance(DelegatingConstructorAccessorImpl.java:27)
	at java.lang.reflect.Constructor.newInstance(Constructor.java:513)
	at org.springframework.beans.BeanUtils.instantiateClass(BeanUtils.java:148)
	at org.springframework.beans.BeanUtils.instantiateClass(BeanUtils.java:105)
	at org.springframework.orm.hibernate3.LocalSessionFactoryBean.newConfiguration(LocalSessionFactoryBean.java:821)
	at org.springframework.orm.hibernate3.LocalSessionFactoryBean.buildSessionFactory(LocalSessionFactoryBean.java:552)
	at org.springframework.orm.hibernate3.AbstractSessionFactoryBean.afterPropertiesSet(AbstractSessionFactoryBean.java:188)
	at org.springframework.beans.factory.support.AbstractAutowireCapableBeanFactory.invokeInitMethods(AbstractAutowireCapableBeanFactory.java:1545)
	at org.springframework.beans.factory.support.AbstractAutowireCapableBeanFactory.initializeBean(AbstractAutowireCapableBeanFactory.java:1483)
	at org.springframework.beans.factory.support.AbstractAutowireCapableBeanFactory.doCreateBean(AbstractAutowireCapableBeanFactory.java:524)
	at org.springframework.beans.factory.support.AbstractAutowireCapableBeanFactory.createBean(AbstractAutowireCapableBeanFactory.java:461)
	at org.springframework.beans.factory.support.AbstractBeanFactory$1.getObject(AbstractBeanFactory.java:295)
	at org.springframework.beans.factory.support.DefaultSingletonBeanRegistry.getSingleton(DefaultSingletonBeanRegistry.java:223)
	at org.springframework.beans.factory.support.AbstractBeanFactory.doGetBean(AbstractBeanFactory.java:292)
	at org.springframework.beans.factory.support.AbstractBeanFactory.getBean(AbstractBeanFactory.java:194)
	at org.springframework.beans.factory.support.DefaultListableBeanFactory.preInstantiateSingletons(DefaultListableBeanFactory.java:608)
[ERROR][2017-11-26 23:38:03,536] org.springframework.web.context.ContextLoader.initWebApplicationContext(ContextLoader.java:324)
	Context initialization failed
java.lang.OutOfMemoryError: PermGen space
	at java.lang.ClassLoader.defineClass1(Native Method)
	at java.lang.ClassLoader.defineClassCond(ClassLoader.java:632)
	at java.lang.ClassLoader.defineClass(ClassLoader.java:616)
	at java.security.SecureClassLoader.defineClass(SecureClassLoader.java:141)
	at weblogic.utils.classloaders.GenericClassLoader.defineClass(GenericClassLoader.java:328)
	at weblogic.utils.classloaders.GenericClassLoader.findLocalClass(GenericClassLoader.java:285)
	at weblogic.utils.classloaders.GenericClassLoader.findClass(GenericClassLoader.java:253)
	at weblogic.utils.classloaders.ChangeAwareClassLoader.findClass(ChangeAwareClassLoader.java:56)
	at weblogic.utils.classloaders.ChangeAwareClassLoader.loadClass(ChangeAwareClassLoader.java:42)
	at org.springframework.context.support.AbstractRefreshableApplicationContext.createBeanFactory(AbstractRefreshableApplicationContext.java:194)
	at org.springframework.context.support.AbstractRefreshableApplicationContext.refreshBeanFactory(AbstractRefreshableApplicationContext.java:127)
	at org.springframework.context.support.AbstractApplicationContext.obtainFreshBeanFactory(AbstractApplicationContext.java:537)
	at org.springframework.context.support.AbstractApplicationContext.refresh(AbstractApplicationContext.java:451)
	at org.springframework.web.context.ContextLoader.configureAndRefreshWebApplicationContext(ContextLoader.java:389)
	at org.springframework.web.context.ContextLoader.initWebApplicationContext(ContextLoader.java:294)
	at org.springframework.web.context.ContextLoaderListener.contextInitialized(ContextLoaderListener.java:112)
	at weblogic.servlet.internal.EventsManager$FireContextListenerAction.run(EventsManager.java:481)
	at weblogic.security.acl.internal.AuthenticatedSubject.doAs(AuthenticatedSubject.java:321)
	at weblogic.security.service.SecurityManager.runAs(SecurityManager.java:121)
	at weblogic.servlet.internal.EventsManager.notifyContextCreatedEvent(EventsManager.java:181)
	at weblogic.servlet.internal.WebAppServletContext.reloadServletClassLoader(WebAppServletContext.java:3078)
	at weblogic.servlet.internal.FilterWrapper.reloadFilter(FilterWrapper.java:63)
	at weblogic.servlet.internal.FilterWrapper.checkForReload(FilterWrapper.java:104)
	at weblogic.servlet.internal.FilterWrapper.getFilter(FilterWrapper.java:41)
	at weblogic.servlet.internal.FilterChainImpl.add(FilterChainImpl.java:35)
	at weblogic.servlet.internal.FilterManager.getFilterChain(FilterManager.java:244)
	at weblogic.servlet.internal.WebAppServletContext$ServletInvocationAction.doIt(WebAppServletContext.java:3681)
	at weblogic.servlet.internal.WebAppServletContext$ServletInvocationAction.run(WebAppServletContext.java:3650)
	at weblogic.security.acl.internal.AuthenticatedSubject.doAs(AuthenticatedSubject.java:321)
	at weblogic.security.service.SecurityManager.runAs(SecurityManager.java:121)
	at weblogic.servlet.internal.WebAppServletContext.securedExecute(WebAppServletContext.java:2268)
	at weblogic.servlet.internal.WebAppServletContext.execute(WebAppServletContext.java:2174)
[ERROR][2017-11-26 23:42:02,047] org.springframework.web.context.ContextLoader.initWebApplicationContext(ContextLoader.java:324)
	Context initialization failed
java.lang.OutOfMemoryError: PermGen space
	at java.lang.ClassLoader.defineClass1(Native Method)
	at java.lang.ClassLoader.defineClassCond(ClassLoader.java:632)
	at java.lang.ClassLoader.defineClass(ClassLoader.java:616)
	at java.security.SecureClassLoader.defineClass(SecureClassLoader.java:141)
	at weblogic.utils.classloaders.GenericClassLoader.defineClass(GenericClassLoader.java:328)
	at weblogic.utils.classloaders.GenericClassLoader.findLocalClass(GenericClassLoader.java:285)
	at weblogic.utils.classloaders.GenericClassLoader.findClass(GenericClassLoader.java:253)
	at weblogic.utils.classloaders.ChangeAwareClassLoader.findClass(ChangeAwareClassLoader.java:56)
	at weblogic.utils.classloaders.ChangeAwareClassLoader.loadClass(ChangeAwareClassLoader.java:42)
	at org.springframework.core.convert.support.DefaultConversionService.addScalarConverters(DefaultConversionService.java:78)
	at org.springframework.core.convert.support.DefaultConversionService.addDefaultConverters(DefaultConversionService.java:54)
	at org.springframework.core.convert.support.DefaultConversionService.<init>(DefaultConversionService.java:43)
	at org.springframework.core.env.AbstractPropertyResolver.<init>(AbstractPropertyResolver.java:44)
	at org.springframework.core.env.PropertySourcesPropertyResolver.<init>(PropertySourcesPropertyResolver.java:42)
	at org.springframework.core.env.AbstractEnvironment.<init>(AbstractEnvironment.java:98)
	at org.springframework.core.env.StandardEnvironment.<init>(StandardEnvironment.java:54)
	at org.springframework.web.context.support.StandardServletEnvironment.<init>(StandardServletEnvironment.java:44)
	at org.springframework.web.context.support.AbstractRefreshableWebApplicationContext.createEnvironment(AbstractRefreshableWebApplicationContext.java:156)
	at org.springframework.context.support.AbstractApplicationContext.getEnvironment(AbstractApplicationContext.java:288)
	at org.springframework.context.support.AbstractRefreshableConfigApplicationContext.resolvePath(AbstractRefreshableConfigApplicationContext.java:122)
	at org.springframework.context.support.AbstractRefreshableConfigApplicationContext.setConfigLocations(AbstractRefreshableConfigApplicationContext.java:80)
	at org.springframework.context.support.AbstractRefreshableConfigApplicationContext.setConfigLocation(AbstractRefreshableConfigApplicationContext.java:68)
	at org.springframework.web.context.ContextLoader.configureAndRefreshWebApplicationContext(ContextLoader.java:386)
	at org.springframework.web.context.ContextLoader.initWebApplicationContext(ContextLoader.java:294)
	at org.springframework.web.context.ContextLoaderListener.contextInitialized(ContextLoaderListener.java:112)
	at weblogic.servlet.internal.EventsManager$FireContextListenerAction.run(EventsManager.java:481)
	at weblogic.security.acl.internal.AuthenticatedSubject.doAs(AuthenticatedSubject.java:321)
	at weblogic.security.service.SecurityManager.runAs(SecurityManager.java:121)
	at weblogic.servlet.internal.EventsManager.notifyContextCreatedEvent(EventsManager.java:181)
	at weblogic.servlet.internal.WebAppServletContext.reloadServletClassLoader(WebAppServletContext.java:3078)
	at weblogic.servlet.internal.FilterWrapper.reloadFilter(FilterWrapper.java:63)
	at weblogic.servlet.internal.FilterWrapper.checkForReload(FilterWrapper.java:104)
[ERROR][2017-11-27 17:57:46,243] org.springframework.web.context.ContextLoader.initWebApplicationContext(ContextLoader.java:319)
	Context initialization failed
org.springframework.beans.factory.BeanCreationException: Error creating bean with name 'companyService' defined in ServletContext resource [/WEB-INF/classes/applicationContext.xml]: Initialization of bean failed; nested exception is java.lang.OutOfMemoryError: PermGen space
	at org.springframework.beans.factory.support.AbstractAutowireCapableBeanFactory.doCreateBean(AbstractAutowireCapableBeanFactory.java:532)
	at org.springframework.beans.factory.support.AbstractAutowireCapableBeanFactory.createBean(AbstractAutowireCapableBeanFactory.java:461)
	at org.springframework.beans.factory.support.AbstractBeanFactory$1.getObject(AbstractBeanFactory.java:295)
	at org.springframework.beans.factory.support.DefaultSingletonBeanRegistry.getSingleton(DefaultSingletonBeanRegistry.java:223)
	at org.springframework.beans.factory.support.AbstractBeanFactory.doGetBean(AbstractBeanFactory.java:292)
	at org.springframework.beans.factory.support.AbstractBeanFactory.getBean(AbstractBeanFactory.java:194)
	at org.springframework.beans.factory.support.DefaultListableBeanFactory.preInstantiateSingletons(DefaultListableBeanFactory.java:626)
	at org.springframework.context.support.AbstractApplicationContext.finishBeanFactoryInitialization(AbstractApplicationContext.java:932)
	at org.springframework.context.support.AbstractApplicationContext.refresh(AbstractApplicationContext.java:479)
	at org.springframework.web.context.ContextLoader.configureAndRefreshWebApplicationContext(ContextLoader.java:389)
	at org.springframework.web.context.ContextLoader.initWebApplicationContext(ContextLoader.java:294)
	at org.springframework.web.context.ContextLoaderListener.contextInitialized(ContextLoaderListener.java:112)
	at weblogic.servlet.internal.EventsManager$FireContextListenerAction.run(EventsManager.java:481)
	at weblogic.security.acl.internal.AuthenticatedSubject.doAs(AuthenticatedSubject.java:321)
	at weblogic.security.service.SecurityManager.runAs(SecurityManager.java:121)
	at weblogic.servlet.internal.EventsManager.notifyContextCreatedEvent(EventsManager.java:181)
	at weblogic.servlet.internal.WebAppServletContext.reloadServletClassLoader(WebAppServletContext.java:3078)
	at weblogic.servlet.internal.FilterWrapper.reloadFilter(FilterWrapper.java:63)
	at weblogic.servlet.internal.FilterWrapper.checkForReload(FilterWrapper.java:104)
	at weblogic.servlet.internal.FilterWrapper.getFilter(FilterWrapper.java:41)
	at weblogic.servlet.internal.FilterChainImpl.add(FilterChainImpl.java:35)
	at weblogic.servlet.internal.FilterManager.getFilterChain(FilterManager.java:244)
	at weblogic.servlet.internal.WebAppServletContext$ServletInvocationAction.doIt(WebAppServletContext.java:3681)
	at weblogic.servlet.internal.WebAppServletContext$ServletInvocationAction.run(WebAppServletContext.java:3650)
	at weblogic.security.acl.internal.AuthenticatedSubject.doAs(AuthenticatedSubject.java:321)
	at weblogic.security.service.SecurityManager.runAs(SecurityManager.java:121)
	at weblogic.servlet.internal.WebAppServletContext.securedExecute(WebAppServletContext.java:2268)
	at weblogic.servlet.internal.WebAppServletContext.execute(WebAppServletContext.java:2174)
	at weblogic.servlet.internal.ServletRequestImpl.run(ServletRequestImpl.java:1446)
	at weblogic.work.ExecuteThread.execute(ExecuteThread.java:201)
	at weblogic.work.ExecuteThread.run(ExecuteThread.java:173)
Caused by: java.lang.OutOfMemoryError: PermGen space
	at java.lang.ClassLoader.defineClass1(Native Method)
	at java.lang.ClassLoader.defineClassCond(ClassLoader.java:632)
	at java.lang.ClassLoader.defineClass(ClassLoader.java:616)
	at java.security.SecureClassLoader.defineClass(SecureClassLoader.java:141)
	at weblogic.utils.classloaders.GenericClassLoader.defineClass(GenericClassLoader.java:328)
	at weblogic.utils.classloaders.GenericClassLoader.findLocalClass(GenericClassLoader.java:285)
	at weblogic.utils.classloaders.GenericClassLoader.findClass(GenericClassLoader.java:253)
	at weblogic.utils.classloaders.ChangeAwareClassLoader.findClass(ChangeAwareClassLoader.java:56)
	at weblogic.utils.classloaders.ChangeAwareClassLoader.loadClass(ChangeAwareClassLoader.java:42)
	at org.springframework.aop.framework.CglibAopProxy.getProxy(CglibAopProxy.java:190)
	at org.springframework.aop.framework.ProxyFactory.getProxy(ProxyFactory.java:111)
	at org.springframework.aop.framework.autoproxy.AbstractAutoProxyCreator.createProxy(AbstractAutoProxyCreator.java:477)
	at org.springframework.aop.framework.autoproxy.AbstractAutoProxyCreator.wrapIfNecessary(AbstractAutoProxyCreator.java:362)
	at org.springframework.aop.framework.autoproxy.AbstractAutoProxyCreator.postProcessAfterInitialization(AbstractAutoProxyCreator.java:322)
	at org.springframework.beans.factory.support.AbstractAutowireCapableBeanFactory.applyBeanPostProcessorsAfterInitialization(AbstractAutowireCapableBeanFactory.java:412)
	at org.springframework.beans.factory.support.AbstractAutowireCapableBeanFactory.initializeBean(AbstractAutowireCapableBeanFactory.java:1492)
	at org.springframework.beans.factory.support.AbstractAutowireCapableBeanFactory.doCreateBean(AbstractAutowireCapableBeanFactory.java:524)
	at org.springframework.beans.factory.support.AbstractAutowireCapableBeanFactory.createBean(AbstractAutowireCapableBeanFactory.java:461)
	at org.springframework.beans.factory.support.AbstractBeanFactory$1.getObject(AbstractBeanFactory.java:295)
	at org.springframework.beans.factory.support.DefaultSingletonBeanRegistry.getSingleton(DefaultSingletonBeanRegistry.java:223)
	at org.springframework.beans.factory.support.AbstractBeanFactory.doGetBean(AbstractBeanFactory.java:292)
	at org.springframework.beans.factory.support.AbstractBeanFactory.getBean(AbstractBeanFactory.java:194)
	at org.springframework.beans.factory.support.DefaultListableBeanFactory.preInstantiateSingletons(DefaultListableBeanFactory.java:626)
	at org.springframework.context.support.AbstractApplicationContext.finishBeanFactoryInitialization(AbstractApplicationContext.java:932)
	at org.springframework.context.support.AbstractApplicationContext.refresh(AbstractApplicationContext.java:479)
	at org.springframework.web.context.ContextLoader.configureAndRefreshWebApplicationContext(ContextLoader.java:389)
	at org.springframework.web.context.ContextLoader.initWebApplicationContext(ContextLoader.java:294)
	at org.springframework.web.context.ContextLoaderListener.contextInitialized(ContextLoaderListener.java:112)
	at weblogic.servlet.internal.EventsManager$FireContextListenerAction.run(EventsManager.java:481)
	at weblogic.security.acl.internal.AuthenticatedSubject.doAs(AuthenticatedSubject.java:321)
	at weblogic.security.service.SecurityManager.runAs(SecurityManager.java:121)
	at weblogic.servlet.internal.EventsManager.notifyContextCreatedEvent(EventsManager.java:181)
[ERROR][2017-11-30 15:56:19,524] org.springframework.web.context.ContextLoader.initWebApplicationContext(ContextLoader.java:319)
	Context initialization failed
org.springframework.beans.factory.BeanCreationException: Error creating bean with name 'sessionFactory' defined in ServletContext resource [/WEB-INF/classes/applicationContext.xml]: Invocation of init method failed; nested exception is java.lang.OutOfMemoryError: PermGen space
	at org.springframework.beans.factory.support.AbstractAutowireCapableBeanFactory.initializeBean(AbstractAutowireCapableBeanFactory.java:1486)
	at org.springframework.beans.factory.support.AbstractAutowireCapableBeanFactory.doCreateBean(AbstractAutowireCapableBeanFactory.java:524)
	at org.springframework.beans.factory.support.AbstractAutowireCapableBeanFactory.createBean(AbstractAutowireCapableBeanFactory.java:461)
	at org.springframework.beans.factory.support.AbstractBeanFactory$1.getObject(AbstractBeanFactory.java:295)
	at org.springframework.beans.factory.support.DefaultSingletonBeanRegistry.getSingleton(DefaultSingletonBeanRegistry.java:223)
	at org.springframework.beans.factory.support.AbstractBeanFactory.doGetBean(AbstractBeanFactory.java:292)
	at org.springframework.beans.factory.support.AbstractBeanFactory.getBean(AbstractBeanFactory.java:194)
	at org.springframework.beans.factory.support.DefaultListableBeanFactory.preInstantiateSingletons(DefaultListableBeanFactory.java:608)
	at org.springframework.context.support.AbstractApplicationContext.finishBeanFactoryInitialization(AbstractApplicationContext.java:932)
	at org.springframework.context.support.AbstractApplicationContext.refresh(AbstractApplicationContext.java:479)
	at org.springframework.web.context.ContextLoader.configureAndRefreshWebApplicationContext(ContextLoader.java:389)
	at org.springframework.web.context.ContextLoader.initWebApplicationContext(ContextLoader.java:294)
	at org.springframework.web.context.ContextLoaderListener.contextInitialized(ContextLoaderListener.java:112)
	at weblogic.servlet.internal.EventsManager$FireContextListenerAction.run(EventsManager.java:481)
	at weblogic.security.acl.internal.AuthenticatedSubject.doAs(AuthenticatedSubject.java:321)
	at weblogic.security.service.SecurityManager.runAs(SecurityManager.java:121)
	at weblogic.servlet.internal.EventsManager.notifyContextCreatedEvent(EventsManager.java:181)
	at weblogic.servlet.internal.WebAppServletContext.reloadServletClassLoader(WebAppServletContext.java:3078)
	at weblogic.servlet.internal.FilterWrapper.reloadFilter(FilterWrapper.java:63)
	at weblogic.servlet.internal.FilterWrapper.checkForReload(FilterWrapper.java:104)
	at weblogic.servlet.internal.FilterWrapper.getFilter(FilterWrapper.java:41)
	at weblogic.servlet.internal.FilterChainImpl.add(FilterChainImpl.java:35)
	at weblogic.servlet.internal.FilterManager.getFilterChain(FilterManager.java:244)
	at weblogic.servlet.internal.WebAppServletContext$ServletInvocationAction.doIt(WebAppServletContext.java:3681)
	at weblogic.servlet.internal.WebAppServletContext$ServletInvocationAction.run(WebAppServletContext.java:3650)
	at weblogic.security.acl.internal.AuthenticatedSubject.doAs(AuthenticatedSubject.java:321)
	at weblogic.security.service.SecurityManager.runAs(SecurityManager.java:121)
	at weblogic.servlet.internal.WebAppServletContext.securedExecute(WebAppServletContext.java:2268)
	at weblogic.servlet.internal.WebAppServletContext.execute(WebAppServletContext.java:2174)
	at weblogic.servlet.internal.ServletRequestImpl.run(ServletRequestImpl.java:1446)
	at weblogic.work.ExecuteThread.execute(ExecuteThread.java:201)
	at weblogic.work.ExecuteThread.run(ExecuteThread.java:173)
Caused by: java.lang.OutOfMemoryError: PermGen space
	at java.lang.ClassLoader.defineClass1(Native Method)
	at java.lang.ClassLoader.defineClassCond(ClassLoader.java:632)
	at java.lang.ClassLoader.defineClass(ClassLoader.java:616)
	at java.security.SecureClassLoader.defineClass(SecureClassLoader.java:141)
	at weblogic.utils.classloaders.GenericClassLoader.defineClass(GenericClassLoader.java:328)
	at weblogic.utils.classloaders.GenericClassLoader.findLocalClass(GenericClassLoader.java:285)
	at weblogic.utils.classloaders.GenericClassLoader.findClass(GenericClassLoader.java:253)
	at weblogic.utils.classloaders.ChangeAwareClassLoader.findClass(ChangeAwareClassLoader.java:56)
	at weblogic.utils.classloaders.ChangeAwareClassLoader.loadClass(ChangeAwareClassLoader.java:42)
	at java.lang.ClassLoader.defineClass1(Native Method)
	at java.lang.ClassLoader.defineClassCond(ClassLoader.java:632)
	at java.lang.ClassLoader.defineClass(ClassLoader.java:616)
	at java.security.SecureClassLoader.defineClass(SecureClassLoader.java:141)
	at weblogic.utils.classloaders.GenericClassLoader.defineClass(GenericClassLoader.java:328)
	at weblogic.utils.classloaders.GenericClassLoader.findLocalClass(GenericClassLoader.java:285)
	at weblogic.utils.classloaders.GenericClassLoader.findClass(GenericClassLoader.java:253)
	at weblogic.utils.classloaders.ChangeAwareClassLoader.findClass(ChangeAwareClassLoader.java:56)
	at weblogic.utils.classloaders.ChangeAwareClassLoader.loadClass(ChangeAwareClassLoader.java:42)
	at org.hibernate.impl.SessionFactoryImpl.<init>(SessionFactoryImpl.java:191)
	at org.hibernate.cfg.Configuration.buildSessionFactory(Configuration.java:1872)
	at org.springframework.orm.hibernate3.LocalSessionFactoryBean.newSessionFactory(LocalSessionFactoryBean.java:863)
	at org.springframework.orm.hibernate3.LocalSessionFactoryBean.buildSessionFactory(LocalSessionFactoryBean.java:782)
	at org.springframework.orm.hibernate3.AbstractSessionFactoryBean.afterPropertiesSet(AbstractSessionFactoryBean.java:188)
	at org.springframework.beans.factory.support.AbstractAutowireCapableBeanFactory.invokeInitMethods(AbstractAutowireCapableBeanFactory.java:1545)
	at org.springframework.beans.factory.support.AbstractAutowireCapableBeanFactory.initializeBean(AbstractAutowireCapableBeanFactory.java:1483)
	at org.springframework.beans.factory.support.AbstractAutowireCapableBeanFactory.doCreateBean(AbstractAutowireCapableBeanFactory.java:524)
	at org.springframework.beans.factory.support.AbstractAutowireCapableBeanFactory.createBean(AbstractAutowireCapableBeanFactory.java:461)
	at org.springframework.beans.factory.support.AbstractBeanFactory$1.getObject(AbstractBeanFactory.java:295)
	at org.springframework.beans.factory.support.DefaultSingletonBeanRegistry.getSingleton(DefaultSingletonBeanRegistry.java:223)
	at org.springframework.beans.factory.support.AbstractBeanFactory.doGetBean(AbstractBeanFactory.java:292)
	at org.springframework.beans.factory.support.AbstractBeanFactory.getBean(AbstractBeanFactory.java:194)
	at org.springframework.beans.factory.support.DefaultListableBeanFactory.preInstantiateSingletons(DefaultListableBeanFactory.java:608)
[ERROR][2017-11-30 15:57:54,088] org.springframework.web.context.ContextLoader.initWebApplicationContext(ContextLoader.java:324)
	Context initialization failed
java.lang.OutOfMemoryError: PermGen space
	at java.lang.ClassLoader.defineClass1(Native Method)
	at java.lang.ClassLoader.defineClassCond(ClassLoader.java:632)
	at java.lang.ClassLoader.defineClass(ClassLoader.java:616)
	at java.security.SecureClassLoader.defineClass(SecureClassLoader.java:141)
	at weblogic.utils.classloaders.GenericClassLoader.defineClass(GenericClassLoader.java:328)
	at weblogic.utils.classloaders.GenericClassLoader.findLocalClass(GenericClassLoader.java:285)
	at weblogic.utils.classloaders.GenericClassLoader.findClass(GenericClassLoader.java:253)
	at weblogic.utils.classloaders.ChangeAwareClassLoader.findClass(ChangeAwareClassLoader.java:56)
	at weblogic.utils.classloaders.ChangeAwareClassLoader.loadClass(ChangeAwareClassLoader.java:42)
	at java.lang.ClassLoader.defineClass1(Native Method)
	at java.lang.ClassLoader.defineClassCond(ClassLoader.java:632)
	at java.lang.ClassLoader.defineClass(ClassLoader.java:616)
	at java.security.SecureClassLoader.defineClass(SecureClassLoader.java:141)
	at weblogic.utils.classloaders.GenericClassLoader.defineClass(GenericClassLoader.java:328)
	at weblogic.utils.classloaders.GenericClassLoader.findLocalClass(GenericClassLoader.java:285)
	at weblogic.utils.classloaders.GenericClassLoader.findClass(GenericClassLoader.java:253)
	at weblogic.utils.classloaders.ChangeAwareClassLoader.findClass(ChangeAwareClassLoader.java:56)
	at weblogic.utils.classloaders.ChangeAwareClassLoader.loadClass(ChangeAwareClassLoader.java:42)
	at java.lang.ClassLoader.defineClass1(Native Method)
	at java.lang.ClassLoader.defineClassCond(ClassLoader.java:632)
	at java.lang.ClassLoader.defineClass(ClassLoader.java:616)
	at java.security.SecureClassLoader.defineClass(SecureClassLoader.java:141)
	at weblogic.utils.classloaders.GenericClassLoader.defineClass(GenericClassLoader.java:328)
	at weblogic.utils.classloaders.GenericClassLoader.findLocalClass(GenericClassLoader.java:285)
	at weblogic.utils.classloaders.GenericClassLoader.findClass(GenericClassLoader.java:253)
	at weblogic.utils.classloaders.ChangeAwareClassLoader.findClass(ChangeAwareClassLoader.java:56)
	at weblogic.utils.classloaders.ChangeAwareClassLoader.loadClass(ChangeAwareClassLoader.java:42)
	at java.lang.ClassLoader.defineClass1(Native Method)
	at java.lang.ClassLoader.defineClassCond(ClassLoader.java:632)
	at java.lang.ClassLoader.defineClass(ClassLoader.java:616)
	at java.security.SecureClassLoader.defineClass(SecureClassLoader.java:141)
	at weblogic.utils.classloaders.GenericClassLoader.defineClass(GenericClassLoader.java:328)
[ERROR][2017-12-07 13:55:59,903] org.springframework.web.context.ContextLoader.initWebApplicationContext(ContextLoader.java:319)
	Context initialization failed
org.springframework.beans.factory.BeanCreationException: Error creating bean with name 'sessionFactory' defined in ServletContext resource [/WEB-INF/classes/applicationContext.xml]: Invocation of init method failed; nested exception is org.springframework.beans.BeanInstantiationException: Could not instantiate bean class [org.hibernate.cfg.Configuration]: Constructor threw exception; nested exception is java.lang.OutOfMemoryError: PermGen space
	at org.springframework.beans.factory.support.AbstractAutowireCapableBeanFactory.initializeBean(AbstractAutowireCapableBeanFactory.java:1486)
	at org.springframework.beans.factory.support.AbstractAutowireCapableBeanFactory.doCreateBean(AbstractAutowireCapableBeanFactory.java:524)
	at org.springframework.beans.factory.support.AbstractAutowireCapableBeanFactory.createBean(AbstractAutowireCapableBeanFactory.java:461)
	at org.springframework.beans.factory.support.AbstractBeanFactory$1.getObject(AbstractBeanFactory.java:295)
	at org.springframework.beans.factory.support.DefaultSingletonBeanRegistry.getSingleton(DefaultSingletonBeanRegistry.java:223)
	at org.springframework.beans.factory.support.AbstractBeanFactory.doGetBean(AbstractBeanFactory.java:292)
	at org.springframework.beans.factory.support.AbstractBeanFactory.getBean(AbstractBeanFactory.java:194)
	at org.springframework.beans.factory.support.DefaultListableBeanFactory.preInstantiateSingletons(DefaultListableBeanFactory.java:608)
	at org.springframework.context.support.AbstractApplicationContext.finishBeanFactoryInitialization(AbstractApplicationContext.java:932)
	at org.springframework.context.support.AbstractApplicationContext.refresh(AbstractApplicationContext.java:479)
	at org.springframework.web.context.ContextLoader.configureAndRefreshWebApplicationContext(ContextLoader.java:389)
	at org.springframework.web.context.ContextLoader.initWebApplicationContext(ContextLoader.java:294)
	at org.springframework.web.context.ContextLoaderListener.contextInitialized(ContextLoaderListener.java:112)
	at weblogic.servlet.internal.EventsManager$FireContextListenerAction.run(EventsManager.java:481)
	at weblogic.security.acl.internal.AuthenticatedSubject.doAs(AuthenticatedSubject.java:321)
	at weblogic.security.service.SecurityManager.runAs(SecurityManager.java:121)
	at weblogic.servlet.internal.EventsManager.notifyContextCreatedEvent(EventsManager.java:181)
	at weblogic.servlet.internal.WebAppServletContext.reloadServletClassLoader(WebAppServletContext.java:3078)
	at weblogic.servlet.internal.FilterWrapper.reloadFilter(FilterWrapper.java:63)
	at weblogic.servlet.internal.FilterWrapper.checkForReload(FilterWrapper.java:104)
	at weblogic.servlet.internal.FilterWrapper.getFilter(FilterWrapper.java:41)
	at weblogic.servlet.internal.FilterChainImpl.add(FilterChainImpl.java:35)
	at weblogic.servlet.internal.FilterManager.getFilterChain(FilterManager.java:244)
	at weblogic.servlet.internal.WebAppServletContext$ServletInvocationAction.doIt(WebAppServletContext.java:3681)
	at weblogic.servlet.internal.WebAppServletContext$ServletInvocationAction.run(WebAppServletContext.java:3650)
	at weblogic.security.acl.internal.AuthenticatedSubject.doAs(AuthenticatedSubject.java:321)
	at weblogic.security.service.SecurityManager.runAs(SecurityManager.java:121)
	at weblogic.servlet.internal.WebAppServletContext.securedExecute(WebAppServletContext.java:2268)
	at weblogic.servlet.internal.WebAppServletContext.execute(WebAppServletContext.java:2174)
	at weblogic.servlet.internal.ServletRequestImpl.run(ServletRequestImpl.java:1446)
	at weblogic.work.ExecuteThread.execute(ExecuteThread.java:201)
	at weblogic.work.ExecuteThread.run(ExecuteThread.java:173)
Caused by: org.springframework.beans.BeanInstantiationException: Could not instantiate bean class [org.hibernate.cfg.Configuration]: Constructor threw exception; nested exception is java.lang.OutOfMemoryError: PermGen space
	at org.springframework.beans.BeanUtils.instantiateClass(BeanUtils.java:163)
	at org.springframework.beans.BeanUtils.instantiateClass(BeanUtils.java:105)
	at org.springframework.orm.hibernate3.LocalSessionFactoryBean.newConfiguration(LocalSessionFactoryBean.java:821)
	at org.springframework.orm.hibernate3.LocalSessionFactoryBean.buildSessionFactory(LocalSessionFactoryBean.java:552)
	at org.springframework.orm.hibernate3.AbstractSessionFactoryBean.afterPropertiesSet(AbstractSessionFactoryBean.java:188)
	at org.springframework.beans.factory.support.AbstractAutowireCapableBeanFactory.invokeInitMethods(AbstractAutowireCapableBeanFactory.java:1545)
	at org.springframework.beans.factory.support.AbstractAutowireCapableBeanFactory.initializeBean(AbstractAutowireCapableBeanFactory.java:1483)
	... 31 more
Caused by: java.lang.OutOfMemoryError: PermGen space
	at java.lang.ClassLoader.defineClass1(Native Method)
	at java.lang.ClassLoader.defineClassCond(ClassLoader.java:632)
	at java.lang.ClassLoader.defineClass(ClassLoader.java:616)
	at java.security.SecureClassLoader.defineClass(SecureClassLoader.java:141)
	at weblogic.utils.classloaders.GenericClassLoader.defineClass(GenericClassLoader.java:328)
	at weblogic.utils.classloaders.GenericClassLoader.findLocalClass(GenericClassLoader.java:285)
	at weblogic.utils.classloaders.GenericClassLoader.findClass(GenericClassLoader.java:253)
	at weblogic.utils.classloaders.ChangeAwareClassLoader.findClass(ChangeAwareClassLoader.java:56)
	at weblogic.utils.classloaders.ChangeAwareClassLoader.loadClass(ChangeAwareClassLoader.java:42)
	at org.hibernate.type.CharArrayType.<init>(CharArrayType.java:39)
	at org.hibernate.type.CharArrayType.<clinit>(CharArrayType.java:36)
	at org.hibernate.type.BasicTypeRegistry.<init>(BasicTypeRegistry.java:86)
	at org.hibernate.type.TypeResolver.<init>(TypeResolver.java:59)
	at org.hibernate.cfg.Configuration.<init>(Configuration.java:250)
	at org.hibernate.cfg.Configuration.<init>(Configuration.java:302)
	at sun.reflect.NativeConstructorAccessorImpl.newInstance0(Native Method)
	at sun.reflect.NativeConstructorAccessorImpl.newInstance(NativeConstructorAccessorImpl.java:39)
	at sun.reflect.DelegatingConstructorAccessorImpl.newInstance(DelegatingConstructorAccessorImpl.java:27)
	at java.lang.reflect.Constructor.newInstance(Constructor.java:513)
	at org.springframework.beans.BeanUtils.instantiateClass(BeanUtils.java:148)
	at org.springframework.beans.BeanUtils.instantiateClass(BeanUtils.java:105)
	at org.springframework.orm.hibernate3.LocalSessionFactoryBean.newConfiguration(LocalSessionFactoryBean.java:821)
	at org.springframework.orm.hibernate3.LocalSessionFactoryBean.buildSessionFactory(LocalSessionFactoryBean.java:552)
	at org.springframework.orm.hibernate3.AbstractSessionFactoryBean.afterPropertiesSet(AbstractSessionFactoryBean.java:188)
	at org.springframework.beans.factory.support.AbstractAutowireCapableBeanFactory.invokeInitMethods(AbstractAutowireCapableBeanFactory.java:1545)
	at org.springframework.beans.factory.support.AbstractAutowireCapableBeanFactory.initializeBean(AbstractAutowireCapableBeanFactory.java:1483)
	at org.springframework.beans.factory.support.AbstractAutowireCapableBeanFactory.doCreateBean(AbstractAutowireCapableBeanFactory.java:524)
	at org.springframework.beans.factory.support.AbstractAutowireCapableBeanFactory.createBean(AbstractAutowireCapableBeanFactory.java:461)
	at org.springframework.beans.factory.support.AbstractBeanFactory$1.getObject(AbstractBeanFactory.java:295)
	at org.springframework.beans.factory.support.DefaultSingletonBeanRegistry.getSingleton(DefaultSingletonBeanRegistry.java:223)
	at org.springframework.beans.factory.support.AbstractBeanFactory.doGetBean(AbstractBeanFactory.java:292)
	at org.springframework.beans.factory.support.AbstractBeanFactory.getBean(AbstractBeanFactory.java:194)
[ERROR][2018-01-11 17:52:08,054] org.springframework.web.context.ContextLoader.initWebApplicationContext(ContextLoader.java:319)
	Context initialization failed
org.springframework.beans.factory.BeanCreationException: Error creating bean with name 'sessionFactory' defined in ServletContext resource [/WEB-INF/classes/applicationContext.xml]: Invocation of init method failed; nested exception is java.lang.OutOfMemoryError: PermGen space
	at org.springframework.beans.factory.support.AbstractAutowireCapableBeanFactory.initializeBean(AbstractAutowireCapableBeanFactory.java:1486)
	at org.springframework.beans.factory.support.AbstractAutowireCapableBeanFactory.doCreateBean(AbstractAutowireCapableBeanFactory.java:524)
	at org.springframework.beans.factory.support.AbstractAutowireCapableBeanFactory.createBean(AbstractAutowireCapableBeanFactory.java:461)
	at org.springframework.beans.factory.support.AbstractBeanFactory$1.getObject(AbstractBeanFactory.java:295)
	at org.springframework.beans.factory.support.DefaultSingletonBeanRegistry.getSingleton(DefaultSingletonBeanRegistry.java:223)
	at org.springframework.beans.factory.support.AbstractBeanFactory.doGetBean(AbstractBeanFactory.java:292)
	at org.springframework.beans.factory.support.AbstractBeanFactory.getBean(AbstractBeanFactory.java:194)
	at org.springframework.beans.factory.support.DefaultListableBeanFactory.preInstantiateSingletons(DefaultListableBeanFactory.java:608)
	at org.springframework.context.support.AbstractApplicationContext.finishBeanFactoryInitialization(AbstractApplicationContext.java:932)
	at org.springframework.context.support.AbstractApplicationContext.refresh(AbstractApplicationContext.java:479)
	at org.springframework.web.context.ContextLoader.configureAndRefreshWebApplicationContext(ContextLoader.java:389)
	at org.springframework.web.context.ContextLoader.initWebApplicationContext(ContextLoader.java:294)
	at org.springframework.web.context.ContextLoaderListener.contextInitialized(ContextLoaderListener.java:112)
	at weblogic.servlet.internal.EventsManager$FireContextListenerAction.run(EventsManager.java:481)
	at weblogic.security.acl.internal.AuthenticatedSubject.doAs(AuthenticatedSubject.java:321)
	at weblogic.security.service.SecurityManager.runAs(SecurityManager.java:121)
	at weblogic.servlet.internal.EventsManager.notifyContextCreatedEvent(EventsManager.java:181)
	at weblogic.servlet.internal.WebAppServletContext.reloadServletClassLoader(WebAppServletContext.java:3078)
	at weblogic.servlet.internal.FilterWrapper.reloadFilter(FilterWrapper.java:63)
	at weblogic.servlet.internal.FilterWrapper.checkForReload(FilterWrapper.java:104)
	at weblogic.servlet.internal.FilterWrapper.getFilter(FilterWrapper.java:41)
	at weblogic.servlet.internal.FilterChainImpl.add(FilterChainImpl.java:35)
	at weblogic.servlet.internal.FilterManager.getFilterChain(FilterManager.java:244)
	at weblogic.servlet.internal.WebAppServletContext$ServletInvocationAction.doIt(WebAppServletContext.java:3681)
	at weblogic.servlet.internal.WebAppServletContext$ServletInvocationAction.run(WebAppServletContext.java:3650)
	at weblogic.security.acl.internal.AuthenticatedSubject.doAs(AuthenticatedSubject.java:321)
	at weblogic.security.service.SecurityManager.runAs(SecurityManager.java:121)
	at weblogic.servlet.internal.WebAppServletContext.securedExecute(WebAppServletContext.java:2268)
	at weblogic.servlet.internal.WebAppServletContext.execute(WebAppServletContext.java:2174)
	at weblogic.servlet.internal.ServletRequestImpl.run(ServletRequestImpl.java:1446)
	at weblogic.work.ExecuteThread.execute(ExecuteThread.java:201)
	at weblogic.work.ExecuteThread.run(ExecuteThread.java:173)
Caused by: java.lang.OutOfMemoryError: PermGen space
	at java.lang.ClassLoader.defineClass1(Native Method)
	at java.lang.ClassLoader.defineClassCond(ClassLoader.java:632)
	at java.lang.ClassLoader.defineClass(ClassLoader.java:616)
	at java.security.SecureClassLoader.defineClass(SecureClassLoader.java:141)
	at weblogic.utils.classloaders.GenericClassLoader.defineClass(GenericClassLoader.java:328)
	at weblogic.utils.classloaders.GenericClassLoader.findLocalClass(GenericClassLoader.java:285)
	at weblogic.utils.classloaders.GenericClassLoader.findClass(GenericClassLoader.java:253)
	at weblogic.utils.classloaders.ChangeAwareClassLoader.findClass(ChangeAwareClassLoader.java:56)
	at weblogic.utils.classloaders.ChangeAwareClassLoader.loadClass(ChangeAwareClassLoader.java:42)
	at java.lang.ClassLoader.defineClass1(Native Method)
	at java.lang.ClassLoader.defineClassCond(ClassLoader.java:632)
	at java.lang.ClassLoader.defineClass(ClassLoader.java:616)
	at java.security.SecureClassLoader.defineClass(SecureClassLoader.java:141)
	at weblogic.utils.classloaders.GenericClassLoader.defineClass(GenericClassLoader.java:328)
	at weblogic.utils.classloaders.GenericClassLoader.findLocalClass(GenericClassLoader.java:285)
	at weblogic.utils.classloaders.GenericClassLoader.findClass(GenericClassLoader.java:253)
	at weblogic.utils.classloaders.ChangeAwareClassLoader.findClass(ChangeAwareClassLoader.java:56)
	at weblogic.utils.classloaders.ChangeAwareClassLoader.loadClass(ChangeAwareClassLoader.java:42)
	at org.dom4j.DocumentFactory.createDocument(DocumentFactory.java:102)
	at org.dom4j.DocumentFactory.createDocument(DocumentFactory.java:122)
	at org.dom4j.io.SAXContentHandler.createDocument(SAXContentHandler.java:830)
	at org.dom4j.io.SAXContentHandler.getDocument(SAXContentHandler.java:164)
	at org.dom4j.io.SAXContentHandler.startDTD(SAXContentHandler.java:354)
	at com.sun.org.apache.xerces.internal.parsers.AbstractSAXParser.doctypeDecl(AbstractSAXParser.java:334)
	at com.sun.org.apache.xerces.internal.impl.xs.XMLSchemaValidator.doctypeDecl(XMLSchemaValidator.java:688)
	at com.sun.org.apache.xerces.internal.impl.dtd.XMLDTDValidator.doctypeDecl(XMLDTDValidator.java:746)
	at com.sun.org.apache.xerces.internal.impl.XMLDocumentScannerImpl.scanDoctypeDecl(XMLDocumentScannerImpl.java:712)
	at com.sun.org.apache.xerces.internal.impl.XMLDocumentScannerImpl$PrologDriver.next(XMLDocumentScannerImpl.java:968)
	at com.sun.org.apache.xerces.internal.impl.XMLDocumentScannerImpl.next(XMLDocumentScannerImpl.java:648)
	at com.sun.org.apache.xerces.internal.impl.XMLNSDocumentScannerImpl.next(XMLNSDocumentScannerImpl.java:140)
	at com.sun.org.apache.xerces.internal.impl.XMLDocumentFragmentScannerImpl.scanDocument(XMLDocumentFragmentScannerImpl.java:511)
	at com.sun.org.apache.xerces.internal.parsers.XML11Configuration.parse(XML11Configuration.java:808)
[ERROR][2018-01-15 15:17:41,299] org.springframework.web.context.ContextLoader.initWebApplicationContext(ContextLoader.java:319)
	Context initialization failed
org.springframework.beans.factory.BeanCreationException: Error creating bean with name 'companyService' defined in ServletContext resource [/WEB-INF/classes/applicationContext.xml]: Initialization of bean failed; nested exception is java.lang.OutOfMemoryError: PermGen space
	at org.springframework.beans.factory.support.AbstractAutowireCapableBeanFactory.doCreateBean(AbstractAutowireCapableBeanFactory.java:532)
	at org.springframework.beans.factory.support.AbstractAutowireCapableBeanFactory.createBean(AbstractAutowireCapableBeanFactory.java:461)
	at org.springframework.beans.factory.support.AbstractBeanFactory$1.getObject(AbstractBeanFactory.java:295)
	at org.springframework.beans.factory.support.DefaultSingletonBeanRegistry.getSingleton(DefaultSingletonBeanRegistry.java:223)
	at org.springframework.beans.factory.support.AbstractBeanFactory.doGetBean(AbstractBeanFactory.java:292)
	at org.springframework.beans.factory.support.AbstractBeanFactory.getBean(AbstractBeanFactory.java:194)
	at org.springframework.beans.factory.support.DefaultListableBeanFactory.preInstantiateSingletons(DefaultListableBeanFactory.java:626)
	at org.springframework.context.support.AbstractApplicationContext.finishBeanFactoryInitialization(AbstractApplicationContext.java:932)
	at org.springframework.context.support.AbstractApplicationContext.refresh(AbstractApplicationContext.java:479)
	at org.springframework.web.context.ContextLoader.configureAndRefreshWebApplicationContext(ContextLoader.java:389)
	at org.springframework.web.context.ContextLoader.initWebApplicationContext(ContextLoader.java:294)
	at org.springframework.web.context.ContextLoaderListener.contextInitialized(ContextLoaderListener.java:112)
	at weblogic.servlet.internal.EventsManager$FireContextListenerAction.run(EventsManager.java:481)
	at weblogic.security.acl.internal.AuthenticatedSubject.doAs(AuthenticatedSubject.java:321)
	at weblogic.security.service.SecurityManager.runAs(SecurityManager.java:121)
	at weblogic.servlet.internal.EventsManager.notifyContextCreatedEvent(EventsManager.java:181)
	at weblogic.servlet.internal.WebAppServletContext.reloadServletClassLoader(WebAppServletContext.java:3078)
	at weblogic.servlet.internal.FilterWrapper.reloadFilter(FilterWrapper.java:63)
	at weblogic.servlet.internal.FilterWrapper.checkForReload(FilterWrapper.java:104)
	at weblogic.servlet.internal.FilterWrapper.getFilter(FilterWrapper.java:41)
	at weblogic.servlet.internal.FilterChainImpl.add(FilterChainImpl.java:35)
	at weblogic.servlet.internal.FilterManager.getFilterChain(FilterManager.java:244)
	at weblogic.servlet.internal.WebAppServletContext$ServletInvocationAction.doIt(WebAppServletContext.java:3681)
	at weblogic.servlet.internal.WebAppServletContext$ServletInvocationAction.run(WebAppServletContext.java:3650)
	at weblogic.security.acl.internal.AuthenticatedSubject.doAs(AuthenticatedSubject.java:321)
	at weblogic.security.service.SecurityManager.runAs(SecurityManager.java:121)
	at weblogic.servlet.internal.WebAppServletContext.securedExecute(WebAppServletContext.java:2268)
	at weblogic.servlet.internal.WebAppServletContext.execute(WebAppServletContext.java:2174)
	at weblogic.servlet.internal.ServletRequestImpl.run(ServletRequestImpl.java:1446)
	at weblogic.work.ExecuteThread.execute(ExecuteThread.java:201)
	at weblogic.work.ExecuteThread.run(ExecuteThread.java:173)
Caused by: java.lang.OutOfMemoryError: PermGen space
	at java.lang.ClassLoader.defineClass1(Native Method)
	at java.lang.ClassLoader.defineClassCond(ClassLoader.java:632)
	at java.lang.ClassLoader.defineClass(ClassLoader.java:616)
	at java.security.SecureClassLoader.defineClass(SecureClassLoader.java:141)
	at weblogic.utils.classloaders.GenericClassLoader.defineClass(GenericClassLoader.java:328)
	at weblogic.utils.classloaders.GenericClassLoader.findLocalClass(GenericClassLoader.java:285)
	at weblogic.utils.classloaders.GenericClassLoader.findClass(GenericClassLoader.java:253)
	at weblogic.utils.classloaders.ChangeAwareClassLoader.findClass(ChangeAwareClassLoader.java:56)
	at weblogic.utils.classloaders.ChangeAwareClassLoader.loadClass(ChangeAwareClassLoader.java:42)
	at org.springframework.aop.framework.AdvisedSupport.addAdvisor(AdvisedSupport.java:255)
	at org.springframework.aop.framework.AdvisedSupport.addAdvisor(AdvisedSupport.java:251)
	at org.springframework.aop.framework.autoproxy.AbstractAutoProxyCreator.createProxy(AbstractAutoProxyCreator.java:466)
	at org.springframework.aop.framework.autoproxy.AbstractAutoProxyCreator.wrapIfNecessary(AbstractAutoProxyCreator.java:362)
	at org.springframework.aop.framework.autoproxy.AbstractAutoProxyCreator.postProcessAfterInitialization(AbstractAutoProxyCreator.java:322)
	at org.springframework.beans.factory.support.AbstractAutowireCapableBeanFactory.applyBeanPostProcessorsAfterInitialization(AbstractAutowireCapableBeanFactory.java:412)
	at org.springframework.beans.factory.support.AbstractAutowireCapableBeanFactory.initializeBean(AbstractAutowireCapableBeanFactory.java:1492)
	at org.springframework.beans.factory.support.AbstractAutowireCapableBeanFactory.doCreateBean(AbstractAutowireCapableBeanFactory.java:524)
	at org.springframework.beans.factory.support.AbstractAutowireCapableBeanFactory.createBean(AbstractAutowireCapableBeanFactory.java:461)
	at org.springframework.beans.factory.support.AbstractBeanFactory$1.getObject(AbstractBeanFactory.java:295)
	at org.springframework.beans.factory.support.DefaultSingletonBeanRegistry.getSingleton(DefaultSingletonBeanRegistry.java:223)
	at org.springframework.beans.factory.support.AbstractBeanFactory.doGetBean(AbstractBeanFactory.java:292)
	at org.springframework.beans.factory.support.AbstractBeanFactory.getBean(AbstractBeanFactory.java:194)
	at org.springframework.beans.factory.support.DefaultListableBeanFactory.preInstantiateSingletons(DefaultListableBeanFactory.java:626)
	at org.springframework.context.support.AbstractApplicationContext.finishBeanFactoryInitialization(AbstractApplicationContext.java:932)
	at org.springframework.context.support.AbstractApplicationContext.refresh(AbstractApplicationContext.java:479)
	at org.springframework.web.context.ContextLoader.configureAndRefreshWebApplicationContext(ContextLoader.java:389)
	at org.springframework.web.context.ContextLoader.initWebApplicationContext(ContextLoader.java:294)
	at org.springframework.web.context.ContextLoaderListener.contextInitialized(ContextLoaderListener.java:112)
	at weblogic.servlet.internal.EventsManager$FireContextListenerAction.run(EventsManager.java:481)
	at weblogic.security.acl.internal.AuthenticatedSubject.doAs(AuthenticatedSubject.java:321)
	at weblogic.security.service.SecurityManager.runAs(SecurityManager.java:121)
	at weblogic.servlet.internal.EventsManager.notifyContextCreatedEvent(EventsManager.java:181)
