[ERROR][2017-09-07 14:26:35,830] org.springframework.web.context.ContextLoader.initWebApplicationContext(ContextLoader.java:319)
	Context initialization failed
org.springframework.beans.factory.BeanCreationException: Error creating bean with name 'documentService' defined in ServletContext resource [/WEB-INF/classes/applicationContext.xml]: Cannot resolve reference to bean 'documentAuditService' while setting bean property 'documentAuditService'; nested exception is org.springframework.beans.factory.BeanCreationException: Error creating bean with name 'documentAuditService' defined in ServletContext resource [/WEB-INF/classes/applicationContext.xml]: Error setting property values; nested exception is org.springframework.beans.NotWritablePropertyException: Invalid property 'prptcarshiptaxDao' of bean class [com.sinosoft.efiling.service.DocumentAuditService]: Bean property 'prptcarshiptaxDao' is not writable or has an invalid setter method. Does the parameter type of the setter match the return type of the getter?
	at org.springframework.beans.factory.support.BeanDefinitionValueResolver.resolveReference(BeanDefinitionValueResolver.java:329)
	at org.springframework.beans.factory.support.BeanDefinitionValueResolver.resolveValueIfNecessary(BeanDefinitionValueResolver.java:107)
	at org.springframework.beans.factory.support.AbstractAutowireCapableBeanFactory.applyPropertyValues(AbstractAutowireCapableBeanFactory.java:1391)
	at org.springframework.beans.factory.support.AbstractAutowireCapableBeanFactory.populateBean(AbstractAutowireCapableBeanFactory.java:1132)
	at org.springframework.beans.factory.support.AbstractAutowireCapableBeanFactory.doCreateBean(AbstractAutowireCapableBeanFactory.java:522)
	at org.springframework.beans.factory.support.AbstractAutowireCapableBeanFactory.createBean(AbstractAutowireCapableBeanFactory.java:461)
	at org.springframework.beans.factory.support.AbstractBeanFactory$1.getObject(AbstractBeanFactory.java:295)
	at org.springframework.beans.factory.support.DefaultSingletonBeanRegistry.getSingleton(DefaultSingletonBeanRegistry.java:223)
	at org.springframework.beans.factory.support.AbstractBeanFactory.doGetBean(AbstractBeanFactory.java:292)
	at org.springframework.beans.factory.support.AbstractBeanFactory.getBean(AbstractBeanFactory.java:194)
	at org.springframework.beans.factory.support.DefaultListableBeanFactory.preInstantiateSingletons(DefaultListableBeanFactory.java:626)
	at org.springframework.context.support.AbstractApplicationContext.finishBeanFactoryInitialization(AbstractApplicationContext.java:932)
	at org.springframework.context.support.AbstractApplicationContext.refresh(AbstractApplicationContext.java:479)
	at org.springframework.web.context.ContextLoader.configureAndRefreshWebApplicationContext(ContextLoader.java:389)
	at org.springframework.web.context.ContextLoader.initWebApplicationContext(ContextLoader.java:294)
	at org.springframework.web.context.ContextLoaderListener.contextInitialized(ContextLoaderListener.java:112)
	at weblogic.servlet.internal.EventsManager$FireContextListenerAction.run(EventsManager.java:481)
	at weblogic.security.acl.internal.AuthenticatedSubject.doAs(AuthenticatedSubject.java:321)
	at weblogic.security.service.SecurityManager.runAs(SecurityManager.java:121)
	at weblogic.servlet.internal.EventsManager.notifyContextCreatedEvent(EventsManager.java:181)
	at weblogic.servlet.internal.WebAppServletContext.preloadResources(WebAppServletContext.java:1863)
	at weblogic.servlet.internal.WebAppServletContext.start(WebAppServletContext.java:3126)
	at weblogic.servlet.internal.WebAppModule.startContexts(WebAppModule.java:1512)
	at weblogic.servlet.internal.WebAppModule.start(WebAppModule.java:486)
	at weblogic.application.internal.flow.ModuleStateDriver$3.next(ModuleStateDriver.java:425)
	at weblogic.application.utils.StateMachineDriver.nextState(StateMachineDriver.java:41)
	at weblogic.application.internal.flow.ModuleStateDriver.start(ModuleStateDriver.java:119)
	at weblogic.application.internal.flow.ScopedModuleDriver.start(ScopedModuleDriver.java:200)
	at weblogic.application.internal.flow.ModuleListenerInvoker.start(ModuleListenerInvoker.java:247)
	at weblogic.application.internal.flow.ModuleStateDriver$3.next(ModuleStateDriver.java:425)
	at weblogic.application.utils.StateMachineDriver.nextState(StateMachineDriver.java:41)
	at weblogic.application.internal.flow.ModuleStateDriver.start(ModuleStateDriver.java:119)
	at weblogic.application.internal.flow.StartModulesFlow.activate(StartModulesFlow.java:27)
	at weblogic.application.internal.BaseDeployment$2.next(BaseDeployment.java:1267)
	at weblogic.application.utils.StateMachineDriver.nextState(StateMachineDriver.java:41)
	at weblogic.application.internal.BaseDeployment.activate(BaseDeployment.java:409)
	at weblogic.application.internal.SingleModuleDeployment.activate(SingleModuleDeployment.java:43)
	at weblogic.application.internal.DeploymentStateChecker.activate(DeploymentStateChecker.java:161)
	at weblogic.deploy.internal.targetserver.AppContainerInvoker.activate(AppContainerInvoker.java:79)
	at weblogic.deploy.internal.targetserver.BasicDeployment.activate(BasicDeployment.java:184)
	at weblogic.deploy.internal.targetserver.BasicDeployment.activateFromServerLifecycle(BasicDeployment.java:361)
	at weblogic.management.deploy.internal.DeploymentAdapter$1.doActivate(DeploymentAdapter.java:51)
	at weblogic.management.deploy.internal.DeploymentAdapter.activate(DeploymentAdapter.java:200)
	at weblogic.management.deploy.internal.AppTransition$2.transitionApp(AppTransition.java:30)
	at weblogic.management.deploy.internal.ConfiguredDeployments.transitionApps(ConfiguredDeployments.java:240)
	at weblogic.management.deploy.internal.ConfiguredDeployments.activate(ConfiguredDeployments.java:169)
	at weblogic.management.deploy.internal.ConfiguredDeployments.deploy(ConfiguredDeployments.java:123)
	at weblogic.management.deploy.internal.DeploymentServerService.resume(DeploymentServerService.java:180)
	at weblogic.management.deploy.internal.DeploymentServerService.start(DeploymentServerService.java:96)
	at weblogic.t3.srvr.SubsystemRequest.run(SubsystemRequest.java:64)
	at weblogic.work.ExecuteThread.execute(ExecuteThread.java:201)
	at weblogic.work.ExecuteThread.run(ExecuteThread.java:173)
Caused by: org.springframework.beans.factory.BeanCreationException: Error creating bean with name 'documentAuditService' defined in ServletContext resource [/WEB-INF/classes/applicationContext.xml]: Error setting property values; nested exception is org.springframework.beans.NotWritablePropertyException: Invalid property 'prptcarshiptaxDao' of bean class [com.sinosoft.efiling.service.DocumentAuditService]: Bean property 'prptcarshiptaxDao' is not writable or has an invalid setter method. Does the parameter type of the setter match the return type of the getter?
	at org.springframework.beans.factory.support.AbstractAutowireCapableBeanFactory.applyPropertyValues(AbstractAutowireCapableBeanFactory.java:1427)
	at org.springframework.beans.factory.support.AbstractAutowireCapableBeanFactory.populateBean(AbstractAutowireCapableBeanFactory.java:1132)
	at org.springframework.beans.factory.support.AbstractAutowireCapableBeanFactory.doCreateBean(AbstractAutowireCapableBeanFactory.java:522)
	at org.springframework.beans.factory.support.AbstractAutowireCapableBeanFactory.createBean(AbstractAutowireCapableBeanFactory.java:461)
	at org.springframework.beans.factory.support.AbstractBeanFactory$1.getObject(AbstractBeanFactory.java:295)
	at org.springframework.beans.factory.support.DefaultSingletonBeanRegistry.getSingleton(DefaultSingletonBeanRegistry.java:223)
	at org.springframework.beans.factory.support.AbstractBeanFactory.doGetBean(AbstractBeanFactory.java:292)
	at org.springframework.beans.factory.support.AbstractBeanFactory.getBean(AbstractBeanFactory.java:194)
	at org.springframework.beans.factory.support.BeanDefinitionValueResolver.resolveReference(BeanDefinitionValueResolver.java:323)
	... 51 more
Caused by: org.springframework.beans.NotWritablePropertyException: Invalid property 'prptcarshiptaxDao' of bean class [com.sinosoft.efiling.service.DocumentAuditService]: Bean property 'prptcarshiptaxDao' is not writable or has an invalid setter method. Does the parameter type of the setter match the return type of the getter?
	at org.springframework.beans.BeanWrapperImpl.setPropertyValue(BeanWrapperImpl.java:1042)
	at org.springframework.beans.BeanWrapperImpl.setPropertyValue(BeanWrapperImpl.java:902)
	at org.springframework.beans.AbstractPropertyAccessor.setPropertyValues(AbstractPropertyAccessor.java:75)
	at org.springframework.beans.AbstractPropertyAccessor.setPropertyValues(AbstractPropertyAccessor.java:57)
	at org.springframework.beans.factory.support.AbstractAutowireCapableBeanFactory.applyPropertyValues(AbstractAutowireCapableBeanFactory.java:1424)
	... 59 more
[ERROR][2017-09-07 14:31:05,437] org.springframework.web.context.ContextLoader.initWebApplicationContext(ContextLoader.java:319)
	Context initialization failed
org.springframework.beans.factory.BeanCreationException: Error creating bean with name 'documentService' defined in ServletContext resource [/WEB-INF/classes/applicationContext.xml]: Cannot resolve reference to bean 'documentAuditService' while setting bean property 'documentAuditService'; nested exception is org.springframework.beans.factory.BeanCreationException: Error creating bean with name 'documentAuditService' defined in ServletContext resource [/WEB-INF/classes/applicationContext.xml]: Error setting property values; nested exception is org.springframework.beans.NotWritablePropertyException: Invalid property 'prptcarshiptaxDao' of bean class [com.sinosoft.efiling.service.DocumentAuditService]: Bean property 'prptcarshiptaxDao' is not writable or has an invalid setter method. Does the parameter type of the setter match the return type of the getter?
	at org.springframework.beans.factory.support.BeanDefinitionValueResolver.resolveReference(BeanDefinitionValueResolver.java:329)
	at org.springframework.beans.factory.support.BeanDefinitionValueResolver.resolveValueIfNecessary(BeanDefinitionValueResolver.java:107)
	at org.springframework.beans.factory.support.AbstractAutowireCapableBeanFactory.applyPropertyValues(AbstractAutowireCapableBeanFactory.java:1391)
	at org.springframework.beans.factory.support.AbstractAutowireCapableBeanFactory.populateBean(AbstractAutowireCapableBeanFactory.java:1132)
	at org.springframework.beans.factory.support.AbstractAutowireCapableBeanFactory.doCreateBean(AbstractAutowireCapableBeanFactory.java:522)
	at org.springframework.beans.factory.support.AbstractAutowireCapableBeanFactory.createBean(AbstractAutowireCapableBeanFactory.java:461)
	at org.springframework.beans.factory.support.AbstractBeanFactory$1.getObject(AbstractBeanFactory.java:295)
	at org.springframework.beans.factory.support.DefaultSingletonBeanRegistry.getSingleton(DefaultSingletonBeanRegistry.java:223)
	at org.springframework.beans.factory.support.AbstractBeanFactory.doGetBean(AbstractBeanFactory.java:292)
	at org.springframework.beans.factory.support.AbstractBeanFactory.getBean(AbstractBeanFactory.java:194)
	at org.springframework.beans.factory.support.DefaultListableBeanFactory.preInstantiateSingletons(DefaultListableBeanFactory.java:626)
	at org.springframework.context.support.AbstractApplicationContext.finishBeanFactoryInitialization(AbstractApplicationContext.java:932)
	at org.springframework.context.support.AbstractApplicationContext.refresh(AbstractApplicationContext.java:479)
	at org.springframework.web.context.ContextLoader.configureAndRefreshWebApplicationContext(ContextLoader.java:389)
	at org.springframework.web.context.ContextLoader.initWebApplicationContext(ContextLoader.java:294)
	at org.springframework.web.context.ContextLoaderListener.contextInitialized(ContextLoaderListener.java:112)
	at weblogic.servlet.internal.EventsManager$FireContextListenerAction.run(EventsManager.java:481)
	at weblogic.security.acl.internal.AuthenticatedSubject.doAs(AuthenticatedSubject.java:321)
	at weblogic.security.service.SecurityManager.runAs(SecurityManager.java:121)
	at weblogic.servlet.internal.EventsManager.notifyContextCreatedEvent(EventsManager.java:181)
	at weblogic.servlet.internal.WebAppServletContext.preloadResources(WebAppServletContext.java:1863)
	at weblogic.servlet.internal.WebAppServletContext.start(WebAppServletContext.java:3126)
	at weblogic.servlet.internal.WebAppModule.startContexts(WebAppModule.java:1512)
	at weblogic.servlet.internal.WebAppModule.start(WebAppModule.java:486)
	at weblogic.application.internal.flow.ModuleStateDriver$3.next(ModuleStateDriver.java:425)
	at weblogic.application.utils.StateMachineDriver.nextState(StateMachineDriver.java:41)
	at weblogic.application.internal.flow.ModuleStateDriver.start(ModuleStateDriver.java:119)
	at weblogic.application.internal.flow.ScopedModuleDriver.start(ScopedModuleDriver.java:200)
	at weblogic.application.internal.flow.ModuleListenerInvoker.start(ModuleListenerInvoker.java:247)
	at weblogic.application.internal.flow.ModuleStateDriver$3.next(ModuleStateDriver.java:425)
	at weblogic.application.utils.StateMachineDriver.nextState(StateMachineDriver.java:41)
	at weblogic.application.internal.flow.ModuleStateDriver.start(ModuleStateDriver.java:119)
	at weblogic.application.internal.flow.StartModulesFlow.activate(StartModulesFlow.java:27)
	at weblogic.application.internal.BaseDeployment$2.next(BaseDeployment.java:1267)
	at weblogic.application.utils.StateMachineDriver.nextState(StateMachineDriver.java:41)
	at weblogic.application.internal.BaseDeployment.activate(BaseDeployment.java:409)
	at weblogic.application.internal.SingleModuleDeployment.activate(SingleModuleDeployment.java:43)
	at weblogic.application.internal.DeploymentStateChecker.activate(DeploymentStateChecker.java:161)
	at weblogic.deploy.internal.targetserver.AppContainerInvoker.activate(AppContainerInvoker.java:79)
	at weblogic.deploy.internal.targetserver.operations.AbstractOperation.activate(AbstractOperation.java:569)
	at weblogic.deploy.internal.targetserver.operations.ActivateOperation.activateDeployment(ActivateOperation.java:150)
	at weblogic.deploy.internal.targetserver.operations.ActivateOperation.doCommit(ActivateOperation.java:116)
	at weblogic.deploy.internal.targetserver.operations.StartOperation.doCommit(StartOperation.java:143)
	at weblogic.deploy.internal.targetserver.operations.AbstractOperation.commit(AbstractOperation.java:323)
	at weblogic.deploy.internal.targetserver.DeploymentManager.handleDeploymentCommit(DeploymentManager.java:844)
	at weblogic.deploy.internal.targetserver.DeploymentManager.activateDeploymentList(DeploymentManager.java:1253)
	at weblogic.deploy.internal.targetserver.DeploymentManager.handleCommit(DeploymentManager.java:440)
	at weblogic.deploy.internal.targetserver.DeploymentServiceDispatcher.commit(DeploymentServiceDispatcher.java:163)
	at weblogic.deploy.service.internal.targetserver.DeploymentReceiverCallbackDeliverer.doCommitCallback(DeploymentReceiverCallbackDeliverer.java:195)
	at weblogic.deploy.service.internal.targetserver.DeploymentReceiverCallbackDeliverer.access$100(DeploymentReceiverCallbackDeliverer.java:13)
	at weblogic.deploy.service.internal.targetserver.DeploymentReceiverCallbackDeliverer$2.run(DeploymentReceiverCallbackDeliverer.java:68)
	at weblogic.work.SelfTuningWorkManagerImpl$WorkAdapterImpl.run(SelfTuningWorkManagerImpl.java:528)
	at weblogic.work.ExecuteThread.execute(ExecuteThread.java:201)
	at weblogic.work.ExecuteThread.run(ExecuteThread.java:173)
Caused by: org.springframework.beans.factory.BeanCreationException: Error creating bean with name 'documentAuditService' defined in ServletContext resource [/WEB-INF/classes/applicationContext.xml]: Error setting property values; nested exception is org.springframework.beans.NotWritablePropertyException: Invalid property 'prptcarshiptaxDao' of bean class [com.sinosoft.efiling.service.DocumentAuditService]: Bean property 'prptcarshiptaxDao' is not writable or has an invalid setter method. Does the parameter type of the setter match the return type of the getter?
	at org.springframework.beans.factory.support.AbstractAutowireCapableBeanFactory.applyPropertyValues(AbstractAutowireCapableBeanFactory.java:1427)
	at org.springframework.beans.factory.support.AbstractAutowireCapableBeanFactory.populateBean(AbstractAutowireCapableBeanFactory.java:1132)
	at org.springframework.beans.factory.support.AbstractAutowireCapableBeanFactory.doCreateBean(AbstractAutowireCapableBeanFactory.java:522)
	at org.springframework.beans.factory.support.AbstractAutowireCapableBeanFactory.createBean(AbstractAutowireCapableBeanFactory.java:461)
	at org.springframework.beans.factory.support.AbstractBeanFactory$1.getObject(AbstractBeanFactory.java:295)
	at org.springframework.beans.factory.support.DefaultSingletonBeanRegistry.getSingleton(DefaultSingletonBeanRegistry.java:223)
	at org.springframework.beans.factory.support.AbstractBeanFactory.doGetBean(AbstractBeanFactory.java:292)
	at org.springframework.beans.factory.support.AbstractBeanFactory.getBean(AbstractBeanFactory.java:194)
	at org.springframework.beans.factory.support.BeanDefinitionValueResolver.resolveReference(BeanDefinitionValueResolver.java:323)
	... 53 more
Caused by: org.springframework.beans.NotWritablePropertyException: Invalid property 'prptcarshiptaxDao' of bean class [com.sinosoft.efiling.service.DocumentAuditService]: Bean property 'prptcarshiptaxDao' is not writable or has an invalid setter method. Does the parameter type of the setter match the return type of the getter?
	at org.springframework.beans.BeanWrapperImpl.setPropertyValue(BeanWrapperImpl.java:1042)
	at org.springframework.beans.BeanWrapperImpl.setPropertyValue(BeanWrapperImpl.java:902)
	at org.springframework.beans.AbstractPropertyAccessor.setPropertyValues(AbstractPropertyAccessor.java:75)
	at org.springframework.beans.AbstractPropertyAccessor.setPropertyValues(AbstractPropertyAccessor.java:57)
	at org.springframework.beans.factory.support.AbstractAutowireCapableBeanFactory.applyPropertyValues(AbstractAutowireCapableBeanFactory.java:1424)
	... 61 more
[ERROR][2017-11-14 17:16:17,031] org.springframework.web.context.ContextLoader.initWebApplicationContext(ContextLoader.java:324)
	Context initialization failed
java.lang.OutOfMemoryError: PermGen space
	at java.lang.ClassLoader.defineClass1(Native Method)
	at java.lang.ClassLoader.defineClassCond(ClassLoader.java:632)
	at java.lang.ClassLoader.defineClass(ClassLoader.java:616)
	at java.security.SecureClassLoader.defineClass(SecureClassLoader.java:141)
	at weblogic.utils.classloaders.GenericClassLoader.defineClass(GenericClassLoader.java:328)
	at weblogic.utils.classloaders.GenericClassLoader.findLocalClass(GenericClassLoader.java:285)
	at weblogic.utils.classloaders.GenericClassLoader.findClass(GenericClassLoader.java:253)
	at weblogic.utils.classloaders.ChangeAwareClassLoader.findClass(ChangeAwareClassLoader.java:56)
	at weblogic.utils.classloaders.ChangeAwareClassLoader.loadClass(ChangeAwareClassLoader.java:42)
	at org.springframework.util.ClassUtils.forName(ClassUtils.java:260)
	at org.springframework.beans.factory.support.AbstractBeanDefinition.resolveBeanClass(AbstractBeanDefinition.java:416)
	at org.springframework.beans.factory.support.AbstractBeanFactory.doResolveBeanClass(AbstractBeanFactory.java:1287)
	at org.springframework.beans.factory.support.AbstractBeanFactory.resolveBeanClass(AbstractBeanFactory.java:1258)
	at org.springframework.beans.factory.support.AbstractAutowireCapableBeanFactory.predictBeanType(AbstractAutowireCapableBeanFactory.java:581)
	at org.springframework.beans.factory.support.AbstractBeanFactory.isFactoryBean(AbstractBeanFactory.java:1335)
	at org.springframework.beans.factory.support.DefaultListableBeanFactory.doGetBeanNamesForType(DefaultListableBeanFactory.java:356)
	at org.springframework.beans.factory.support.DefaultListableBeanFactory.getBeanNamesForType(DefaultListableBeanFactory.java:327)
	at org.springframework.beans.factory.support.DefaultListableBeanFactory.getBeansOfType(DefaultListableBeanFactory.java:435)
	at org.springframework.context.support.AbstractApplicationContext.invokeBeanFactoryPostProcessors(AbstractApplicationContext.java:624)
	at org.springframework.context.support.AbstractApplicationContext.refresh(AbstractApplicationContext.java:461)
	at org.springframework.web.context.ContextLoader.configureAndRefreshWebApplicationContext(ContextLoader.java:389)
	at org.springframework.web.context.ContextLoader.initWebApplicationContext(ContextLoader.java:294)
	at org.springframework.web.context.ContextLoaderListener.contextInitialized(ContextLoaderListener.java:112)
	at weblogic.servlet.internal.EventsManager$FireContextListenerAction.run(EventsManager.java:481)
	at weblogic.security.acl.internal.AuthenticatedSubject.doAs(AuthenticatedSubject.java:321)
	at weblogic.security.service.SecurityManager.runAs(SecurityManager.java:121)
	at weblogic.servlet.internal.EventsManager.notifyContextCreatedEvent(EventsManager.java:181)
	at weblogic.servlet.internal.WebAppServletContext.reloadServletClassLoader(WebAppServletContext.java:3078)
	at weblogic.servlet.internal.FilterWrapper.reloadFilter(FilterWrapper.java:63)
	at weblogic.servlet.internal.FilterWrapper.checkForReload(FilterWrapper.java:104)
	at weblogic.servlet.internal.FilterWrapper.getFilter(FilterWrapper.java:41)
	at weblogic.servlet.internal.FilterChainImpl.add(FilterChainImpl.java:35)
[ERROR][2017-11-15 16:06:22,350] org.springframework.web.context.ContextLoader.initWebApplicationContext(ContextLoader.java:319)
	Context initialization failed
org.springframework.beans.factory.BeanCreationException: Error creating bean with name 'hibernateTemplate' defined in ServletContext resource [/WEB-INF/classes/applicationContext.xml]: Initialization of bean failed; nested exception is java.lang.OutOfMemoryError: PermGen space
	at org.springframework.beans.factory.support.AbstractAutowireCapableBeanFactory.doCreateBean(AbstractAutowireCapableBeanFactory.java:532)
	at org.springframework.beans.factory.support.AbstractAutowireCapableBeanFactory.createBean(AbstractAutowireCapableBeanFactory.java:461)
	at org.springframework.beans.factory.support.AbstractBeanFactory$1.getObject(AbstractBeanFactory.java:295)
	at org.springframework.beans.factory.support.DefaultSingletonBeanRegistry.getSingleton(DefaultSingletonBeanRegistry.java:223)
	at org.springframework.beans.factory.support.AbstractBeanFactory.doGetBean(AbstractBeanFactory.java:292)
	at org.springframework.beans.factory.support.AbstractBeanFactory.getBean(AbstractBeanFactory.java:194)
	at org.springframework.beans.factory.support.DefaultListableBeanFactory.preInstantiateSingletons(DefaultListableBeanFactory.java:626)
	at org.springframework.context.support.AbstractApplicationContext.finishBeanFactoryInitialization(AbstractApplicationContext.java:932)
	at org.springframework.context.support.AbstractApplicationContext.refresh(AbstractApplicationContext.java:479)
	at org.springframework.web.context.ContextLoader.configureAndRefreshWebApplicationContext(ContextLoader.java:389)
	at org.springframework.web.context.ContextLoader.initWebApplicationContext(ContextLoader.java:294)
	at org.springframework.web.context.ContextLoaderListener.contextInitialized(ContextLoaderListener.java:112)
	at weblogic.servlet.internal.EventsManager$FireContextListenerAction.run(EventsManager.java:481)
	at weblogic.security.acl.internal.AuthenticatedSubject.doAs(AuthenticatedSubject.java:321)
	at weblogic.security.service.SecurityManager.runAs(SecurityManager.java:121)
	at weblogic.servlet.internal.EventsManager.notifyContextCreatedEvent(EventsManager.java:181)
	at weblogic.servlet.internal.WebAppServletContext.reloadServletClassLoader(WebAppServletContext.java:3078)
	at weblogic.servlet.internal.FilterWrapper.reloadFilter(FilterWrapper.java:63)
	at weblogic.servlet.internal.FilterWrapper.checkForReload(FilterWrapper.java:104)
	at weblogic.servlet.internal.FilterWrapper.getFilter(FilterWrapper.java:41)
	at weblogic.servlet.internal.FilterChainImpl.add(FilterChainImpl.java:35)
	at weblogic.servlet.internal.FilterManager.getFilterChain(FilterManager.java:244)
	at weblogic.servlet.internal.WebAppServletContext$ServletInvocationAction.doIt(WebAppServletContext.java:3681)
	at weblogic.servlet.internal.WebAppServletContext$ServletInvocationAction.run(WebAppServletContext.java:3650)
	at weblogic.security.acl.internal.AuthenticatedSubject.doAs(AuthenticatedSubject.java:321)
	at weblogic.security.service.SecurityManager.runAs(SecurityManager.java:121)
	at weblogic.servlet.internal.WebAppServletContext.securedExecute(WebAppServletContext.java:2268)
	at weblogic.servlet.internal.WebAppServletContext.execute(WebAppServletContext.java:2174)
	at weblogic.servlet.internal.ServletRequestImpl.run(ServletRequestImpl.java:1446)
	at weblogic.work.ExecuteThread.execute(ExecuteThread.java:201)
	at weblogic.work.ExecuteThread.run(ExecuteThread.java:173)
Caused by: java.lang.OutOfMemoryError: PermGen space
	at java.lang.ClassLoader.defineClass1(Native Method)
	at java.lang.ClassLoader.defineClassCond(ClassLoader.java:632)
	at java.lang.ClassLoader.defineClass(ClassLoader.java:616)
	at java.security.SecureClassLoader.defineClass(SecureClassLoader.java:141)
	at weblogic.utils.classloaders.GenericClassLoader.defineClass(GenericClassLoader.java:328)
	at weblogic.utils.classloaders.GenericClassLoader.findLocalClass(GenericClassLoader.java:285)
	at weblogic.utils.classloaders.GenericClassLoader.findClass(GenericClassLoader.java:253)
	at weblogic.utils.classloaders.ChangeAwareClassLoader.findClass(ChangeAwareClassLoader.java:56)
	at weblogic.utils.classloaders.ChangeAwareClassLoader.loadClass(ChangeAwareClassLoader.java:42)
	at java.lang.Class.getDeclaredMethods0(Native Method)
	at java.lang.Class.privateGetDeclaredMethods(Class.java:2427)
	at java.lang.Class.privateGetPublicMethods(Class.java:2547)
	at java.lang.Class.getMethods(Class.java:1410)
	at org.springframework.beans.ExtendedBeanInfoFactory.supports(ExtendedBeanInfoFactory.java:53)
	at org.springframework.beans.ExtendedBeanInfoFactory.getBeanInfo(ExtendedBeanInfoFactory.java:44)
	at org.springframework.beans.CachedIntrospectionResults.<init>(CachedIntrospectionResults.java:236)
	at org.springframework.beans.CachedIntrospectionResults.forClass(CachedIntrospectionResults.java:152)
	at org.springframework.beans.BeanWrapperImpl.getCachedIntrospectionResults(BeanWrapperImpl.java:321)
	at org.springframework.beans.BeanWrapperImpl.getPropertyDescriptors(BeanWrapperImpl.java:328)
	at org.springframework.beans.factory.support.AbstractAutowireCapableBeanFactory.filterPropertyDescriptorsForDependencyCheck(AbstractAutowireCapableBeanFactory.java:1277)
	at org.springframework.beans.factory.support.AbstractAutowireCapableBeanFactory.filterPropertyDescriptorsForDependencyCheck(AbstractAutowireCapableBeanFactory.java:1257)
	at org.springframework.beans.factory.support.AbstractAutowireCapableBeanFactory.populateBean(AbstractAutowireCapableBeanFactory.java:1115)
	at org.springframework.beans.factory.support.AbstractAutowireCapableBeanFactory.doCreateBean(AbstractAutowireCapableBeanFactory.java:522)
	at org.springframework.beans.factory.support.AbstractAutowireCapableBeanFactory.createBean(AbstractAutowireCapableBeanFactory.java:461)
	at org.springframework.beans.factory.support.AbstractBeanFactory$1.getObject(AbstractBeanFactory.java:295)
	at org.springframework.beans.factory.support.DefaultSingletonBeanRegistry.getSingleton(DefaultSingletonBeanRegistry.java:223)
	at org.springframework.beans.factory.support.AbstractBeanFactory.doGetBean(AbstractBeanFactory.java:292)
	at org.springframework.beans.factory.support.AbstractBeanFactory.getBean(AbstractBeanFactory.java:194)
	at org.springframework.beans.factory.support.DefaultListableBeanFactory.preInstantiateSingletons(DefaultListableBeanFactory.java:626)
	at org.springframework.context.support.AbstractApplicationContext.finishBeanFactoryInitialization(AbstractApplicationContext.java:932)
	at org.springframework.context.support.AbstractApplicationContext.refresh(AbstractApplicationContext.java:479)
	at org.springframework.web.context.ContextLoader.configureAndRefreshWebApplicationContext(ContextLoader.java:389)
[ERROR][2017-11-15 17:41:35,436] org.springframework.web.context.ContextLoader.initWebApplicationContext(ContextLoader.java:319)
	Context initialization failed
org.springframework.beans.factory.BeanCreationException: Error creating bean with name 'fileManualhandleService' defined in ServletContext resource [/WEB-INF/classes/applicationContext.xml]: Instantiation of bean failed; nested exception is org.springframework.beans.BeanInstantiationException: Could not instantiate bean class [com.sinosoft.efiling.service.FileManualhandleService]: Constructor threw exception; nested exception is java.lang.Error: Unresolved compilation problems: 
	Syntax error on token ">", invalid Wildcard
	Syntax error, insert ">" to complete ReferenceType1
	Type mismatch: cannot convert from List<DocumentFile> to List<File>
	Type mismatch: cannot convert from List<File> to List<DocumentFile>

	at org.springframework.beans.factory.support.AbstractAutowireCapableBeanFactory.instantiateBean(AbstractAutowireCapableBeanFactory.java:1011)
	at org.springframework.beans.factory.support.AbstractAutowireCapableBeanFactory.createBeanInstance(AbstractAutowireCapableBeanFactory.java:957)
	at org.springframework.beans.factory.support.AbstractAutowireCapableBeanFactory.doCreateBean(AbstractAutowireCapableBeanFactory.java:490)
	at org.springframework.beans.factory.support.AbstractAutowireCapableBeanFactory.createBean(AbstractAutowireCapableBeanFactory.java:461)
	at org.springframework.beans.factory.support.AbstractBeanFactory$1.getObject(AbstractBeanFactory.java:295)
	at org.springframework.beans.factory.support.DefaultSingletonBeanRegistry.getSingleton(DefaultSingletonBeanRegistry.java:223)
	at org.springframework.beans.factory.support.AbstractBeanFactory.doGetBean(AbstractBeanFactory.java:292)
	at org.springframework.beans.factory.support.AbstractBeanFactory.getBean(AbstractBeanFactory.java:194)
	at org.springframework.beans.factory.support.DefaultListableBeanFactory.preInstantiateSingletons(DefaultListableBeanFactory.java:626)
	at org.springframework.context.support.AbstractApplicationContext.finishBeanFactoryInitialization(AbstractApplicationContext.java:932)
	at org.springframework.context.support.AbstractApplicationContext.refresh(AbstractApplicationContext.java:479)
	at org.springframework.web.context.ContextLoader.configureAndRefreshWebApplicationContext(ContextLoader.java:389)
	at org.springframework.web.context.ContextLoader.initWebApplicationContext(ContextLoader.java:294)
	at org.springframework.web.context.ContextLoaderListener.contextInitialized(ContextLoaderListener.java:112)
	at weblogic.servlet.internal.EventsManager$FireContextListenerAction.run(EventsManager.java:481)
	at weblogic.security.acl.internal.AuthenticatedSubject.doAs(AuthenticatedSubject.java:321)
	at weblogic.security.service.SecurityManager.runAs(SecurityManager.java:121)
	at weblogic.servlet.internal.EventsManager.notifyContextCreatedEvent(EventsManager.java:181)
	at weblogic.servlet.internal.WebAppServletContext.reloadServletClassLoader(WebAppServletContext.java:3078)
	at weblogic.servlet.internal.FilterWrapper.reloadFilter(FilterWrapper.java:63)
	at weblogic.servlet.internal.FilterWrapper.checkForReload(FilterWrapper.java:104)
	at weblogic.servlet.internal.FilterWrapper.getFilter(FilterWrapper.java:41)
	at weblogic.servlet.internal.FilterChainImpl.add(FilterChainImpl.java:35)
	at weblogic.servlet.internal.FilterManager.getFilterChain(FilterManager.java:244)
	at weblogic.servlet.internal.WebAppServletContext$ServletInvocationAction.doIt(WebAppServletContext.java:3681)
	at weblogic.servlet.internal.WebAppServletContext$ServletInvocationAction.run(WebAppServletContext.java:3650)
	at weblogic.security.acl.internal.AuthenticatedSubject.doAs(AuthenticatedSubject.java:321)
	at weblogic.security.service.SecurityManager.runAs(SecurityManager.java:121)
	at weblogic.servlet.internal.WebAppServletContext.securedExecute(WebAppServletContext.java:2268)
	at weblogic.servlet.internal.WebAppServletContext.execute(WebAppServletContext.java:2174)
	at weblogic.servlet.internal.ServletRequestImpl.run(ServletRequestImpl.java:1446)
	at weblogic.work.ExecuteThread.execute(ExecuteThread.java:201)
	at weblogic.work.ExecuteThread.run(ExecuteThread.java:173)
Caused by: org.springframework.beans.BeanInstantiationException: Could not instantiate bean class [com.sinosoft.efiling.service.FileManualhandleService]: Constructor threw exception; nested exception is java.lang.Error: Unresolved compilation problems: 
	Syntax error on token ">", invalid Wildcard
	Syntax error, insert ">" to complete ReferenceType1
	Type mismatch: cannot convert from List<DocumentFile> to List<File>
	Type mismatch: cannot convert from List<File> to List<DocumentFile>

	at org.springframework.beans.BeanUtils.instantiateClass(BeanUtils.java:163)
	at org.springframework.beans.factory.support.SimpleInstantiationStrategy.instantiate(SimpleInstantiationStrategy.java:87)
	at org.springframework.beans.factory.support.AbstractAutowireCapableBeanFactory.instantiateBean(AbstractAutowireCapableBeanFactory.java:1004)
	... 32 more
Caused by: java.lang.Error: Unresolved compilation problems: 
	Syntax error on token ">", invalid Wildcard
	Syntax error, insert ">" to complete ReferenceType1
	Type mismatch: cannot convert from List<DocumentFile> to List<File>
	Type mismatch: cannot convert from List<File> to List<DocumentFile>

	at com.sinosoft.efiling.service.FileManualhandleService.<init>(FileManualhandleService.java:143)
	at sun.reflect.NativeConstructorAccessorImpl.newInstance0(Native Method)
	at sun.reflect.NativeConstructorAccessorImpl.newInstance(NativeConstructorAccessorImpl.java:39)
	at sun.reflect.DelegatingConstructorAccessorImpl.newInstance(DelegatingConstructorAccessorImpl.java:27)
	at java.lang.reflect.Constructor.newInstance(Constructor.java:513)
	at org.springframework.beans.BeanUtils.instantiateClass(BeanUtils.java:148)
	... 34 more
[ERROR][2017-11-16 09:49:58,701] org.springframework.web.context.ContextLoader.initWebApplicationContext(ContextLoader.java:319)
	Context initialization failed
org.springframework.beans.factory.BeanCreationException: Error creating bean with name 'fileManualhandleService' defined in ServletContext resource [/WEB-INF/classes/applicationContext.xml]: Instantiation of bean failed; nested exception is org.springframework.beans.BeanInstantiationException: Could not instantiate bean class [com.sinosoft.efiling.service.FileManualhandleService]: Constructor threw exception; nested exception is java.lang.Error: Unresolved compilation problems: 
	files cannot be resolved to a variable
	batchId cannot be resolved to a variable
	batchId cannot be resolved to a variable
	isVisa cannot be resolved to a variable
	Syntax error, insert "Finally" to complete TryStatement
	notFound cannot be resolved to a variable
	notFoundMessage cannot be resolved
	notFoundMessage cannot be resolved to a variable
	visaNos cannot be resolved to a variable
	visaNos cannot be resolved
	visaNos cannot be resolved
	visaNos cannot be resolved to a variable
	Syntax error on token "catch", Identifier expected
	json cannot be resolved
	json cannot be resolved
	scanFileMsg cannot be resolved to a variable
	Syntax error on token "return", invalid Type
	Syntax error on token "}", delete this token
	Type mismatch: cannot convert from List<DocumentFile> to List<File>
	Type mismatch: cannot convert from List<File> to List<DocumentFile>

	at org.springframework.beans.factory.support.AbstractAutowireCapableBeanFactory.instantiateBean(AbstractAutowireCapableBeanFactory.java:1011)
	at org.springframework.beans.factory.support.AbstractAutowireCapableBeanFactory.createBeanInstance(AbstractAutowireCapableBeanFactory.java:957)
	at org.springframework.beans.factory.support.AbstractAutowireCapableBeanFactory.doCreateBean(AbstractAutowireCapableBeanFactory.java:490)
	at org.springframework.beans.factory.support.AbstractAutowireCapableBeanFactory.createBean(AbstractAutowireCapableBeanFactory.java:461)
	at org.springframework.beans.factory.support.AbstractBeanFactory$1.getObject(AbstractBeanFactory.java:295)
	at org.springframework.beans.factory.support.DefaultSingletonBeanRegistry.getSingleton(DefaultSingletonBeanRegistry.java:223)
	at org.springframework.beans.factory.support.AbstractBeanFactory.doGetBean(AbstractBeanFactory.java:292)
	at org.springframework.beans.factory.support.AbstractBeanFactory.getBean(AbstractBeanFactory.java:194)
	at org.springframework.beans.factory.support.DefaultListableBeanFactory.preInstantiateSingletons(DefaultListableBeanFactory.java:626)
	at org.springframework.context.support.AbstractApplicationContext.finishBeanFactoryInitialization(AbstractApplicationContext.java:932)
	at org.springframework.context.support.AbstractApplicationContext.refresh(AbstractApplicationContext.java:479)
	at org.springframework.web.context.ContextLoader.configureAndRefreshWebApplicationContext(ContextLoader.java:389)
	at org.springframework.web.context.ContextLoader.initWebApplicationContext(ContextLoader.java:294)
	at org.springframework.web.context.ContextLoaderListener.contextInitialized(ContextLoaderListener.java:112)
	at weblogic.servlet.internal.EventsManager$FireContextListenerAction.run(EventsManager.java:481)
	at weblogic.security.acl.internal.AuthenticatedSubject.doAs(AuthenticatedSubject.java:321)
	at weblogic.security.service.SecurityManager.runAs(SecurityManager.java:121)
	at weblogic.servlet.internal.EventsManager.notifyContextCreatedEvent(EventsManager.java:181)
	at weblogic.servlet.internal.WebAppServletContext.reloadServletClassLoader(WebAppServletContext.java:3078)
	at weblogic.servlet.internal.FilterWrapper.reloadFilter(FilterWrapper.java:63)
	at weblogic.servlet.internal.FilterWrapper.checkForReload(FilterWrapper.java:104)
	at weblogic.servlet.internal.FilterWrapper.getFilter(FilterWrapper.java:41)
	at weblogic.servlet.internal.FilterChainImpl.add(FilterChainImpl.java:35)
	at weblogic.servlet.internal.FilterManager.getFilterChain(FilterManager.java:244)
	at weblogic.servlet.internal.WebAppServletContext$ServletInvocationAction.doIt(WebAppServletContext.java:3681)
	at weblogic.servlet.internal.WebAppServletContext$ServletInvocationAction.run(WebAppServletContext.java:3650)
	at weblogic.security.acl.internal.AuthenticatedSubject.doAs(AuthenticatedSubject.java:321)
	at weblogic.security.service.SecurityManager.runAs(SecurityManager.java:121)
	at weblogic.servlet.internal.WebAppServletContext.securedExecute(WebAppServletContext.java:2268)
	at weblogic.servlet.internal.WebAppServletContext.execute(WebAppServletContext.java:2174)
	at weblogic.servlet.internal.ServletRequestImpl.run(ServletRequestImpl.java:1446)
	at weblogic.work.ExecuteThread.execute(ExecuteThread.java:201)
	at weblogic.work.ExecuteThread.run(ExecuteThread.java:173)
Caused by: org.springframework.beans.BeanInstantiationException: Could not instantiate bean class [com.sinosoft.efiling.service.FileManualhandleService]: Constructor threw exception; nested exception is java.lang.Error: Unresolved compilation problems: 
	files cannot be resolved to a variable
	batchId cannot be resolved to a variable
	batchId cannot be resolved to a variable
	isVisa cannot be resolved to a variable
	Syntax error, insert "Finally" to complete TryStatement
	notFound cannot be resolved to a variable
	notFoundMessage cannot be resolved
	notFoundMessage cannot be resolved to a variable
	visaNos cannot be resolved to a variable
	visaNos cannot be resolved
	visaNos cannot be resolved
	visaNos cannot be resolved to a variable
	Syntax error on token "catch", Identifier expected
	json cannot be resolved
	json cannot be resolved
	scanFileMsg cannot be resolved to a variable
	Syntax error on token "return", invalid Type
	Syntax error on token "}", delete this token
	Type mismatch: cannot convert from List<DocumentFile> to List<File>
	Type mismatch: cannot convert from List<File> to List<DocumentFile>

	at org.springframework.beans.BeanUtils.instantiateClass(BeanUtils.java:163)
	at org.springframework.beans.factory.support.SimpleInstantiationStrategy.instantiate(SimpleInstantiationStrategy.java:87)
	at org.springframework.beans.factory.support.AbstractAutowireCapableBeanFactory.instantiateBean(AbstractAutowireCapableBeanFactory.java:1004)
	... 32 more
Caused by: java.lang.Error: Unresolved compilation problems: 
	files cannot be resolved to a variable
	batchId cannot be resolved to a variable
	batchId cannot be resolved to a variable
	isVisa cannot be resolved to a variable
	Syntax error, insert "Finally" to complete TryStatement
	notFound cannot be resolved to a variable
	notFoundMessage cannot be resolved
	notFoundMessage cannot be resolved to a variable
	visaNos cannot be resolved to a variable
	visaNos cannot be resolved
	visaNos cannot be resolved
	visaNos cannot be resolved to a variable
	Syntax error on token "catch", Identifier expected
	json cannot be resolved
	json cannot be resolved
	scanFileMsg cannot be resolved to a variable
	Syntax error on token "return", invalid Type
	Syntax error on token "}", delete this token
	Type mismatch: cannot convert from List<DocumentFile> to List<File>
	Type mismatch: cannot convert from List<File> to List<DocumentFile>

	at com.sinosoft.efiling.service.FileManualhandleService.<init>(FileManualhandleService.java:189)
	at sun.reflect.NativeConstructorAccessorImpl.newInstance0(Native Method)
	at sun.reflect.NativeConstructorAccessorImpl.newInstance(NativeConstructorAccessorImpl.java:39)
	at sun.reflect.DelegatingConstructorAccessorImpl.newInstance(DelegatingConstructorAccessorImpl.java:27)
	at java.lang.reflect.Constructor.newInstance(Constructor.java:513)
	at org.springframework.beans.BeanUtils.instantiateClass(BeanUtils.java:148)
	... 34 more
[ERROR][2017-11-16 09:54:05,215] org.springframework.web.context.ContextLoader.initWebApplicationContext(ContextLoader.java:319)
	Context initialization failed
org.springframework.beans.factory.BeanCreationException: Error creating bean with name 'fileManualhandleService' defined in ServletContext resource [/WEB-INF/classes/applicationContext.xml]: Instantiation of bean failed; nested exception is org.springframework.beans.BeanInstantiationException: Could not instantiate bean class [com.sinosoft.efiling.service.FileManualhandleService]: Constructor threw exception; nested exception is java.lang.Error: Unresolved compilation problems: 
	files cannot be resolved to a variable
	batchId cannot be resolved to a variable
	batchId cannot be resolved to a variable
	isVisa cannot be resolved to a variable
	Syntax error, insert "Finally" to complete TryStatement
	notFound cannot be resolved to a variable
	notFoundMessage cannot be resolved
	notFoundMessage cannot be resolved to a variable
	visaNos cannot be resolved to a variable
	visaNos cannot be resolved
	visaNos cannot be resolved
	visaNos cannot be resolved to a variable
	Syntax error on token "catch", Identifier expected
	json cannot be resolved
	json cannot be resolved
	scanFileMsg cannot be resolved to a variable
	Syntax error on token "return", invalid Type
	Syntax error on token "}", delete this token
	Type mismatch: cannot convert from List<DocumentFile> to List<File>
	Type mismatch: cannot convert from List<File> to List<DocumentFile>

	at org.springframework.beans.factory.support.AbstractAutowireCapableBeanFactory.instantiateBean(AbstractAutowireCapableBeanFactory.java:1011)
	at org.springframework.beans.factory.support.AbstractAutowireCapableBeanFactory.createBeanInstance(AbstractAutowireCapableBeanFactory.java:957)
	at org.springframework.beans.factory.support.AbstractAutowireCapableBeanFactory.doCreateBean(AbstractAutowireCapableBeanFactory.java:490)
	at org.springframework.beans.factory.support.AbstractAutowireCapableBeanFactory.createBean(AbstractAutowireCapableBeanFactory.java:461)
	at org.springframework.beans.factory.support.AbstractBeanFactory$1.getObject(AbstractBeanFactory.java:295)
	at org.springframework.beans.factory.support.DefaultSingletonBeanRegistry.getSingleton(DefaultSingletonBeanRegistry.java:223)
	at org.springframework.beans.factory.support.AbstractBeanFactory.doGetBean(AbstractBeanFactory.java:292)
	at org.springframework.beans.factory.support.AbstractBeanFactory.getBean(AbstractBeanFactory.java:194)
	at org.springframework.beans.factory.support.DefaultListableBeanFactory.preInstantiateSingletons(DefaultListableBeanFactory.java:626)
	at org.springframework.context.support.AbstractApplicationContext.finishBeanFactoryInitialization(AbstractApplicationContext.java:932)
	at org.springframework.context.support.AbstractApplicationContext.refresh(AbstractApplicationContext.java:479)
	at org.springframework.web.context.ContextLoader.configureAndRefreshWebApplicationContext(ContextLoader.java:389)
	at org.springframework.web.context.ContextLoader.initWebApplicationContext(ContextLoader.java:294)
	at org.springframework.web.context.ContextLoaderListener.contextInitialized(ContextLoaderListener.java:112)
	at weblogic.servlet.internal.EventsManager$FireContextListenerAction.run(EventsManager.java:481)
	at weblogic.security.acl.internal.AuthenticatedSubject.doAs(AuthenticatedSubject.java:321)
	at weblogic.security.service.SecurityManager.runAs(SecurityManager.java:121)
	at weblogic.servlet.internal.EventsManager.notifyContextCreatedEvent(EventsManager.java:181)
	at weblogic.servlet.internal.WebAppServletContext.reloadServletClassLoader(WebAppServletContext.java:3078)
	at weblogic.servlet.internal.FilterWrapper.reloadFilter(FilterWrapper.java:63)
	at weblogic.servlet.internal.FilterWrapper.checkForReload(FilterWrapper.java:104)
	at weblogic.servlet.internal.FilterWrapper.getFilter(FilterWrapper.java:41)
	at weblogic.servlet.internal.FilterChainImpl.add(FilterChainImpl.java:35)
	at weblogic.servlet.internal.FilterManager.getFilterChain(FilterManager.java:244)
	at weblogic.servlet.internal.WebAppServletContext$ServletInvocationAction.doIt(WebAppServletContext.java:3681)
	at weblogic.servlet.internal.WebAppServletContext$ServletInvocationAction.run(WebAppServletContext.java:3650)
	at weblogic.security.acl.internal.AuthenticatedSubject.doAs(AuthenticatedSubject.java:321)
	at weblogic.security.service.SecurityManager.runAs(SecurityManager.java:121)
	at weblogic.servlet.internal.WebAppServletContext.securedExecute(WebAppServletContext.java:2268)
	at weblogic.servlet.internal.WebAppServletContext.execute(WebAppServletContext.java:2174)
	at weblogic.servlet.internal.ServletRequestImpl.run(ServletRequestImpl.java:1446)
	at weblogic.work.ExecuteThread.execute(ExecuteThread.java:201)
	at weblogic.work.ExecuteThread.run(ExecuteThread.java:173)
Caused by: org.springframework.beans.BeanInstantiationException: Could not instantiate bean class [com.sinosoft.efiling.service.FileManualhandleService]: Constructor threw exception; nested exception is java.lang.Error: Unresolved compilation problems: 
	files cannot be resolved to a variable
	batchId cannot be resolved to a variable
	batchId cannot be resolved to a variable
	isVisa cannot be resolved to a variable
	Syntax error, insert "Finally" to complete TryStatement
	notFound cannot be resolved to a variable
	notFoundMessage cannot be resolved
	notFoundMessage cannot be resolved to a variable
	visaNos cannot be resolved to a variable
	visaNos cannot be resolved
	visaNos cannot be resolved
	visaNos cannot be resolved to a variable
	Syntax error on token "catch", Identifier expected
	json cannot be resolved
	json cannot be resolved
	scanFileMsg cannot be resolved to a variable
	Syntax error on token "return", invalid Type
	Syntax error on token "}", delete this token
	Type mismatch: cannot convert from List<DocumentFile> to List<File>
	Type mismatch: cannot convert from List<File> to List<DocumentFile>

	at org.springframework.beans.BeanUtils.instantiateClass(BeanUtils.java:163)
	at org.springframework.beans.factory.support.SimpleInstantiationStrategy.instantiate(SimpleInstantiationStrategy.java:87)
	at org.springframework.beans.factory.support.AbstractAutowireCapableBeanFactory.instantiateBean(AbstractAutowireCapableBeanFactory.java:1004)
	... 32 more
Caused by: java.lang.Error: Unresolved compilation problems: 
	files cannot be resolved to a variable
	batchId cannot be resolved to a variable
	batchId cannot be resolved to a variable
	isVisa cannot be resolved to a variable
	Syntax error, insert "Finally" to complete TryStatement
	notFound cannot be resolved to a variable
	notFoundMessage cannot be resolved
	notFoundMessage cannot be resolved to a variable
	visaNos cannot be resolved to a variable
	visaNos cannot be resolved
	visaNos cannot be resolved
	visaNos cannot be resolved to a variable
	Syntax error on token "catch", Identifier expected
	json cannot be resolved
	json cannot be resolved
	scanFileMsg cannot be resolved to a variable
	Syntax error on token "return", invalid Type
	Syntax error on token "}", delete this token
	Type mismatch: cannot convert from List<DocumentFile> to List<File>
	Type mismatch: cannot convert from List<File> to List<DocumentFile>

	at com.sinosoft.efiling.service.FileManualhandleService.<init>(FileManualhandleService.java:188)
	at sun.reflect.NativeConstructorAccessorImpl.newInstance0(Native Method)
	at sun.reflect.NativeConstructorAccessorImpl.newInstance(NativeConstructorAccessorImpl.java:39)
	at sun.reflect.DelegatingConstructorAccessorImpl.newInstance(DelegatingConstructorAccessorImpl.java:27)
	at java.lang.reflect.Constructor.newInstance(Constructor.java:513)
	at org.springframework.beans.BeanUtils.instantiateClass(BeanUtils.java:148)
	... 34 more
[ERROR][2017-11-16 09:56:07,642] org.springframework.web.context.ContextLoader.initWebApplicationContext(ContextLoader.java:319)
	Context initialization failed
org.springframework.beans.factory.BeanCreationException: Error creating bean with name 'fileManualhandleService' defined in ServletContext resource [/WEB-INF/classes/applicationContext.xml]: Instantiation of bean failed; nested exception is org.springframework.beans.BeanInstantiationException: Could not instantiate bean class [com.sinosoft.efiling.service.FileManualhandleService]: Constructor threw exception; nested exception is java.lang.Error: Unresolved compilation problems: 
	files cannot be resolved to a variable
	batchId cannot be resolved to a variable
	batchId cannot be resolved to a variable
	isVisa cannot be resolved to a variable
	Syntax error, insert "Finally" to complete TryStatement
	notFound cannot be resolved to a variable
	notFoundMessage cannot be resolved
	notFoundMessage cannot be resolved to a variable
	visaNos cannot be resolved to a variable
	visaNos cannot be resolved
	visaNos cannot be resolved
	visaNos cannot be resolved to a variable
	Syntax error on token "catch", Identifier expected
	json cannot be resolved
	json cannot be resolved
	scanFileMsg cannot be resolved to a variable
	Syntax error on token "return", invalid Type
	Syntax error on token "}", delete this token
	Type mismatch: cannot convert from List<DocumentFile> to List<File>
	Type mismatch: cannot convert from List<File> to List<DocumentFile>

	at org.springframework.beans.factory.support.AbstractAutowireCapableBeanFactory.instantiateBean(AbstractAutowireCapableBeanFactory.java:1011)
	at org.springframework.beans.factory.support.AbstractAutowireCapableBeanFactory.createBeanInstance(AbstractAutowireCapableBeanFactory.java:957)
	at org.springframework.beans.factory.support.AbstractAutowireCapableBeanFactory.doCreateBean(AbstractAutowireCapableBeanFactory.java:490)
	at org.springframework.beans.factory.support.AbstractAutowireCapableBeanFactory.createBean(AbstractAutowireCapableBeanFactory.java:461)
	at org.springframework.beans.factory.support.AbstractBeanFactory$1.getObject(AbstractBeanFactory.java:295)
	at org.springframework.beans.factory.support.DefaultSingletonBeanRegistry.getSingleton(DefaultSingletonBeanRegistry.java:223)
	at org.springframework.beans.factory.support.AbstractBeanFactory.doGetBean(AbstractBeanFactory.java:292)
	at org.springframework.beans.factory.support.AbstractBeanFactory.getBean(AbstractBeanFactory.java:194)
	at org.springframework.beans.factory.support.DefaultListableBeanFactory.preInstantiateSingletons(DefaultListableBeanFactory.java:626)
	at org.springframework.context.support.AbstractApplicationContext.finishBeanFactoryInitialization(AbstractApplicationContext.java:932)
	at org.springframework.context.support.AbstractApplicationContext.refresh(AbstractApplicationContext.java:479)
	at org.springframework.web.context.ContextLoader.configureAndRefreshWebApplicationContext(ContextLoader.java:389)
	at org.springframework.web.context.ContextLoader.initWebApplicationContext(ContextLoader.java:294)
	at org.springframework.web.context.ContextLoaderListener.contextInitialized(ContextLoaderListener.java:112)
	at weblogic.servlet.internal.EventsManager$FireContextListenerAction.run(EventsManager.java:481)
	at weblogic.security.acl.internal.AuthenticatedSubject.doAs(AuthenticatedSubject.java:321)
	at weblogic.security.service.SecurityManager.runAs(SecurityManager.java:121)
	at weblogic.servlet.internal.EventsManager.notifyContextCreatedEvent(EventsManager.java:181)
	at weblogic.servlet.internal.WebAppServletContext.preloadResources(WebAppServletContext.java:1863)
	at weblogic.servlet.internal.WebAppServletContext.start(WebAppServletContext.java:3126)
	at weblogic.servlet.internal.WebAppModule.startContexts(WebAppModule.java:1512)
	at weblogic.servlet.internal.WebAppModule.start(WebAppModule.java:486)
	at weblogic.application.internal.flow.ModuleStateDriver$3.next(ModuleStateDriver.java:425)
	at weblogic.application.utils.StateMachineDriver.nextState(StateMachineDriver.java:41)
	at weblogic.application.internal.flow.ModuleStateDriver.start(ModuleStateDriver.java:119)
	at weblogic.application.internal.flow.ScopedModuleDriver.start(ScopedModuleDriver.java:200)
	at weblogic.application.internal.flow.ModuleListenerInvoker.start(ModuleListenerInvoker.java:247)
	at weblogic.application.internal.flow.ModuleStateDriver$3.next(ModuleStateDriver.java:425)
	at weblogic.application.utils.StateMachineDriver.nextState(StateMachineDriver.java:41)
	at weblogic.application.internal.flow.ModuleStateDriver.start(ModuleStateDriver.java:119)
	at weblogic.application.internal.flow.StartModulesFlow.activate(StartModulesFlow.java:27)
	at weblogic.application.internal.BaseDeployment$2.next(BaseDeployment.java:1267)
	at weblogic.application.utils.StateMachineDriver.nextState(StateMachineDriver.java:41)
	at weblogic.application.internal.BaseDeployment.activate(BaseDeployment.java:409)
	at weblogic.application.internal.SingleModuleDeployment.activate(SingleModuleDeployment.java:43)
	at weblogic.application.internal.DeploymentStateChecker.activate(DeploymentStateChecker.java:161)
	at weblogic.deploy.internal.targetserver.AppContainerInvoker.activate(AppContainerInvoker.java:79)
	at weblogic.deploy.internal.targetserver.BasicDeployment.activate(BasicDeployment.java:184)
	at weblogic.deploy.internal.targetserver.BasicDeployment.activateFromServerLifecycle(BasicDeployment.java:361)
	at weblogic.management.deploy.internal.DeploymentAdapter$1.doActivate(DeploymentAdapter.java:51)
	at weblogic.management.deploy.internal.DeploymentAdapter.activate(DeploymentAdapter.java:200)
	at weblogic.management.deploy.internal.AppTransition$2.transitionApp(AppTransition.java:30)
	at weblogic.management.deploy.internal.ConfiguredDeployments.transitionApps(ConfiguredDeployments.java:240)
	at weblogic.management.deploy.internal.ConfiguredDeployments.activate(ConfiguredDeployments.java:169)
	at weblogic.management.deploy.internal.ConfiguredDeployments.deploy(ConfiguredDeployments.java:123)
	at weblogic.management.deploy.internal.DeploymentServerService.resume(DeploymentServerService.java:180)
	at weblogic.management.deploy.internal.DeploymentServerService.start(DeploymentServerService.java:96)
	at weblogic.t3.srvr.SubsystemRequest.run(SubsystemRequest.java:64)
	at weblogic.work.ExecuteThread.execute(ExecuteThread.java:201)
	at weblogic.work.ExecuteThread.run(ExecuteThread.java:173)
Caused by: org.springframework.beans.BeanInstantiationException: Could not instantiate bean class [com.sinosoft.efiling.service.FileManualhandleService]: Constructor threw exception; nested exception is java.lang.Error: Unresolved compilation problems: 
	files cannot be resolved to a variable
	batchId cannot be resolved to a variable
	batchId cannot be resolved to a variable
	isVisa cannot be resolved to a variable
	Syntax error, insert "Finally" to complete TryStatement
	notFound cannot be resolved to a variable
	notFoundMessage cannot be resolved
	notFoundMessage cannot be resolved to a variable
	visaNos cannot be resolved to a variable
	visaNos cannot be resolved
	visaNos cannot be resolved
	visaNos cannot be resolved to a variable
	Syntax error on token "catch", Identifier expected
	json cannot be resolved
	json cannot be resolved
	scanFileMsg cannot be resolved to a variable
	Syntax error on token "return", invalid Type
	Syntax error on token "}", delete this token
	Type mismatch: cannot convert from List<DocumentFile> to List<File>
	Type mismatch: cannot convert from List<File> to List<DocumentFile>

	at org.springframework.beans.BeanUtils.instantiateClass(BeanUtils.java:163)
	at org.springframework.beans.factory.support.SimpleInstantiationStrategy.instantiate(SimpleInstantiationStrategy.java:87)
	at org.springframework.beans.factory.support.AbstractAutowireCapableBeanFactory.instantiateBean(AbstractAutowireCapableBeanFactory.java:1004)
	... 49 more
Caused by: java.lang.Error: Unresolved compilation problems: 
	files cannot be resolved to a variable
	batchId cannot be resolved to a variable
	batchId cannot be resolved to a variable
	isVisa cannot be resolved to a variable
	Syntax error, insert "Finally" to complete TryStatement
	notFound cannot be resolved to a variable
	notFoundMessage cannot be resolved
	notFoundMessage cannot be resolved to a variable
	visaNos cannot be resolved to a variable
	visaNos cannot be resolved
	visaNos cannot be resolved
	visaNos cannot be resolved to a variable
	Syntax error on token "catch", Identifier expected
	json cannot be resolved
	json cannot be resolved
	scanFileMsg cannot be resolved to a variable
	Syntax error on token "return", invalid Type
	Syntax error on token "}", delete this token
	Type mismatch: cannot convert from List<DocumentFile> to List<File>
	Type mismatch: cannot convert from List<File> to List<DocumentFile>

	at com.sinosoft.efiling.service.FileManualhandleService.<init>(FileManualhandleService.java:188)
	at sun.reflect.NativeConstructorAccessorImpl.newInstance0(Native Method)
	at sun.reflect.NativeConstructorAccessorImpl.newInstance(NativeConstructorAccessorImpl.java:39)
	at sun.reflect.DelegatingConstructorAccessorImpl.newInstance(DelegatingConstructorAccessorImpl.java:27)
	at java.lang.reflect.Constructor.newInstance(Constructor.java:513)
	at org.springframework.beans.BeanUtils.instantiateClass(BeanUtils.java:148)
	... 51 more
[ERROR][2017-11-16 17:34:24,181] org.springframework.web.context.ContextLoader.initWebApplicationContext(ContextLoader.java:319)
	Context initialization failed
org.springframework.beans.factory.BeanCreationException: Error creating bean with name 'sessionFactory' defined in ServletContext resource [/WEB-INF/classes/applicationContext.xml]: Invocation of init method failed; nested exception is java.lang.OutOfMemoryError: PermGen space
	at org.springframework.beans.factory.support.AbstractAutowireCapableBeanFactory.initializeBean(AbstractAutowireCapableBeanFactory.java:1486)
	at org.springframework.beans.factory.support.AbstractAutowireCapableBeanFactory.doCreateBean(AbstractAutowireCapableBeanFactory.java:524)
	at org.springframework.beans.factory.support.AbstractAutowireCapableBeanFactory.createBean(AbstractAutowireCapableBeanFactory.java:461)
	at org.springframework.beans.factory.support.AbstractBeanFactory$1.getObject(AbstractBeanFactory.java:295)
	at org.springframework.beans.factory.support.DefaultSingletonBeanRegistry.getSingleton(DefaultSingletonBeanRegistry.java:223)
	at org.springframework.beans.factory.support.AbstractBeanFactory.doGetBean(AbstractBeanFactory.java:292)
	at org.springframework.beans.factory.support.AbstractBeanFactory.getBean(AbstractBeanFactory.java:194)
	at org.springframework.beans.factory.support.DefaultListableBeanFactory.preInstantiateSingletons(DefaultListableBeanFactory.java:608)
	at org.springframework.context.support.AbstractApplicationContext.finishBeanFactoryInitialization(AbstractApplicationContext.java:932)
	at org.springframework.context.support.AbstractApplicationContext.refresh(AbstractApplicationContext.java:479)
	at org.springframework.web.context.ContextLoader.configureAndRefreshWebApplicationContext(ContextLoader.java:389)
	at org.springframework.web.context.ContextLoader.initWebApplicationContext(ContextLoader.java:294)
	at org.springframework.web.context.ContextLoaderListener.contextInitialized(ContextLoaderListener.java:112)
	at weblogic.servlet.internal.EventsManager$FireContextListenerAction.run(EventsManager.java:481)
	at weblogic.security.acl.internal.AuthenticatedSubject.doAs(AuthenticatedSubject.java:321)
	at weblogic.security.service.SecurityManager.runAs(SecurityManager.java:121)
	at weblogic.servlet.internal.EventsManager.notifyContextCreatedEvent(EventsManager.java:181)
	at weblogic.servlet.internal.WebAppServletContext.reloadServletClassLoader(WebAppServletContext.java:3078)
	at weblogic.servlet.internal.FilterWrapper.reloadFilter(FilterWrapper.java:63)
	at weblogic.servlet.internal.FilterWrapper.checkForReload(FilterWrapper.java:104)
	at weblogic.servlet.internal.FilterWrapper.getFilter(FilterWrapper.java:41)
	at weblogic.servlet.internal.FilterChainImpl.add(FilterChainImpl.java:35)
	at weblogic.servlet.internal.FilterManager.getFilterChain(FilterManager.java:244)
	at weblogic.servlet.internal.WebAppServletContext$ServletInvocationAction.doIt(WebAppServletContext.java:3681)
	at weblogic.servlet.internal.WebAppServletContext$ServletInvocationAction.run(WebAppServletContext.java:3650)
	at weblogic.security.acl.internal.AuthenticatedSubject.doAs(AuthenticatedSubject.java:321)
	at weblogic.security.service.SecurityManager.runAs(SecurityManager.java:121)
	at weblogic.servlet.internal.WebAppServletContext.securedExecute(WebAppServletContext.java:2268)
	at weblogic.servlet.internal.WebAppServletContext.execute(WebAppServletContext.java:2174)
	at weblogic.servlet.internal.ServletRequestImpl.run(ServletRequestImpl.java:1446)
	at weblogic.work.ExecuteThread.execute(ExecuteThread.java:201)
	at weblogic.work.ExecuteThread.run(ExecuteThread.java:173)
Caused by: java.lang.OutOfMemoryError: PermGen space
	at java.lang.ClassLoader.defineClass1(Native Method)
	at java.lang.ClassLoader.defineClassCond(ClassLoader.java:632)
	at java.lang.ClassLoader.defineClass(ClassLoader.java:616)
	at java.security.SecureClassLoader.defineClass(SecureClassLoader.java:141)
	at weblogic.utils.classloaders.GenericClassLoader.defineClass(GenericClassLoader.java:328)
	at weblogic.utils.classloaders.GenericClassLoader.findLocalClass(GenericClassLoader.java:285)
	at weblogic.utils.classloaders.GenericClassLoader.findClass(GenericClassLoader.java:253)
	at weblogic.utils.classloaders.ChangeAwareClassLoader.findClass(ChangeAwareClassLoader.java:56)
	at weblogic.utils.classloaders.ChangeAwareClassLoader.loadClass(ChangeAwareClassLoader.java:42)
	at java.lang.Class.forName0(Native Method)
	at java.lang.Class.forName(Class.java:169)
	at org.hibernate.util.ReflectHelper.classForName(ReflectHelper.java:192)
	at org.hibernate.mapping.PersistentClass.getMappedClass(PersistentClass.java:122)
	at org.hibernate.tuple.PropertyFactory.getGetter(PropertyFactory.java:191)
	at org.hibernate.tuple.PropertyFactory.buildIdentifierProperty(PropertyFactory.java:67)
	at org.hibernate.tuple.entity.EntityMetamodel.<init>(EntityMetamodel.java:135)
	at org.hibernate.persister.entity.AbstractEntityPersister.<init>(AbstractEntityPersister.java:485)
	at org.hibernate.persister.entity.SingleTableEntityPersister.<init>(SingleTableEntityPersister.java:133)
	at org.hibernate.persister.PersisterFactory.createClassPersister(PersisterFactory.java:84)
	at org.hibernate.impl.SessionFactoryImpl.<init>(SessionFactoryImpl.java:286)
	at org.hibernate.cfg.Configuration.buildSessionFactory(Configuration.java:1872)
	at org.springframework.orm.hibernate3.LocalSessionFactoryBean.newSessionFactory(LocalSessionFactoryBean.java:863)
	at org.springframework.orm.hibernate3.LocalSessionFactoryBean.buildSessionFactory(LocalSessionFactoryBean.java:782)
	at org.springframework.orm.hibernate3.AbstractSessionFactoryBean.afterPropertiesSet(AbstractSessionFactoryBean.java:188)
	at org.springframework.beans.factory.support.AbstractAutowireCapableBeanFactory.invokeInitMethods(AbstractAutowireCapableBeanFactory.java:1545)
	at org.springframework.beans.factory.support.AbstractAutowireCapableBeanFactory.initializeBean(AbstractAutowireCapableBeanFactory.java:1483)
	at org.springframework.beans.factory.support.AbstractAutowireCapableBeanFactory.doCreateBean(AbstractAutowireCapableBeanFactory.java:524)
	at org.springframework.beans.factory.support.AbstractAutowireCapableBeanFactory.createBean(AbstractAutowireCapableBeanFactory.java:461)
	at org.springframework.beans.factory.support.AbstractBeanFactory$1.getObject(AbstractBeanFactory.java:295)
	at org.springframework.beans.factory.support.DefaultSingletonBeanRegistry.getSingleton(DefaultSingletonBeanRegistry.java:223)
	at org.springframework.beans.factory.support.AbstractBeanFactory.doGetBean(AbstractBeanFactory.java:292)
	at org.springframework.beans.factory.support.AbstractBeanFactory.getBean(AbstractBeanFactory.java:194)
[ERROR][2017-11-17 20:46:32,109] org.springframework.transaction.interceptor.TransactionAspectSupport.completeTransactionAfterThrowing(TransactionAspectSupport.java:408)
	Application exception overridden by rollback exception
java.lang.Error: Unresolved compilation problems: 
	visa cannot be resolved to a variable
	The method setVisaNo(String) in the type Document is not applicable for the arguments (Object)
	visa cannot be resolved to a variable
	Syntax error on tokens, delete these tokens

	at com.sinosoft.efiling.service.FileManualhandleService.collect(FileManualhandleService.java:160)
	at com.sinosoft.efiling.service.FileManualhandleService$$FastClassByCGLIB$$a3894b02.invoke(<generated>)
	at org.springframework.cglib.proxy.MethodProxy.invoke(MethodProxy.java:204)
	at org.springframework.aop.framework.CglibAopProxy$CglibMethodInvocation.invokeJoinpoint(CglibAopProxy.java:698)
	at org.springframework.aop.framework.ReflectiveMethodInvocation.proceed(ReflectiveMethodInvocation.java:150)
	at org.springframework.transaction.interceptor.TransactionInterceptor.invoke(TransactionInterceptor.java:110)
	at org.springframework.aop.framework.ReflectiveMethodInvocation.proceed(ReflectiveMethodInvocation.java:172)
	at org.springframework.aop.framework.CglibAopProxy$DynamicAdvisedInterceptor.intercept(CglibAopProxy.java:631)
	at com.sinosoft.efiling.service.FileManualhandleService$$EnhancerByCGLIB$$26d594a.collect(<generated>)
	at com.sinosoft.efiling.struts2.action.FileManualhandleAction.collect(FileManualhandleAction.java:239)
	at sun.reflect.NativeMethodAccessorImpl.invoke0(Native Method)
	at sun.reflect.NativeMethodAccessorImpl.invoke(NativeMethodAccessorImpl.java:39)
	at sun.reflect.DelegatingMethodAccessorImpl.invoke(DelegatingMethodAccessorImpl.java:25)
	at java.lang.reflect.Method.invoke(Method.java:597)
	at com.opensymphony.xwork2.DefaultActionInvocation.invokeAction(DefaultActionInvocation.java:446)
	at com.opensymphony.xwork2.DefaultActionInvocation.invokeActionOnly(DefaultActionInvocation.java:285)
	at com.opensymphony.xwork2.DefaultActionInvocation.invoke(DefaultActionInvocation.java:248)
	at org.apache.struts2.interceptor.debugging.DebuggingInterceptor.intercept(DebuggingInterceptor.java:256)
	at com.opensymphony.xwork2.DefaultActionInvocation.invoke(DefaultActionInvocation.java:242)
	at com.opensymphony.xwork2.interceptor.DefaultWorkflowInterceptor.doIntercept(DefaultWorkflowInterceptor.java:176)
	at com.opensymphony.xwork2.interceptor.MethodFilterInterceptor.intercept(MethodFilterInterceptor.java:98)
	at com.opensymphony.xwork2.DefaultActionInvocation.invoke(DefaultActionInvocation.java:242)
	at com.opensymphony.xwork2.validator.ValidationInterceptor.doIntercept(ValidationInterceptor.java:265)
	at org.apache.struts2.interceptor.validation.AnnotationValidationInterceptor.doIntercept(AnnotationValidationInterceptor.java:68)
	at com.opensymphony.xwork2.interceptor.MethodFilterInterceptor.intercept(MethodFilterInterceptor.java:98)
	at com.opensymphony.xwork2.DefaultActionInvocation.invoke(DefaultActionInvocation.java:242)
	at com.opensymphony.xwork2.interceptor.ConversionErrorInterceptor.intercept(ConversionErrorInterceptor.java:138)
	at com.opensymphony.xwork2.DefaultActionInvocation.invoke(DefaultActionInvocation.java:242)
	at com.opensymphony.xwork2.interceptor.ParametersInterceptor.doIntercept(ParametersInterceptor.java:238)
	at com.opensymphony.xwork2.interceptor.MethodFilterInterceptor.intercept(MethodFilterInterceptor.java:98)
	at com.opensymphony.xwork2.DefaultActionInvocation.invoke(DefaultActionInvocation.java:242)
	at com.opensymphony.xwork2.interceptor.ParametersInterceptor.doIntercept(ParametersInterceptor.java:238)
	at com.opensymphony.xwork2.interceptor.MethodFilterInterceptor.intercept(MethodFilterInterceptor.java:98)
	at com.opensymphony.xwork2.DefaultActionInvocation.invoke(DefaultActionInvocation.java:242)
	at com.opensymphony.xwork2.interceptor.StaticParametersInterceptor.intercept(StaticParametersInterceptor.java:191)
	at com.opensymphony.xwork2.DefaultActionInvocation.invoke(DefaultActionInvocation.java:242)
	at org.apache.struts2.interceptor.MultiselectInterceptor.intercept(MultiselectInterceptor.java:73)
	at com.opensymphony.xwork2.DefaultActionInvocation.invoke(DefaultActionInvocation.java:242)
	at org.apache.struts2.interceptor.CheckboxInterceptor.intercept(CheckboxInterceptor.java:91)
	at com.opensymphony.xwork2.DefaultActionInvocation.invoke(DefaultActionInvocation.java:242)
	at org.apache.struts2.interceptor.FileUploadInterceptor.intercept(FileUploadInterceptor.java:252)
	at com.opensymphony.xwork2.DefaultActionInvocation.invoke(DefaultActionInvocation.java:242)
	at com.opensymphony.xwork2.interceptor.ModelDrivenInterceptor.intercept(ModelDrivenInterceptor.java:100)
	at com.opensymphony.xwork2.DefaultActionInvocation.invoke(DefaultActionInvocation.java:242)
	at com.opensymphony.xwork2.interceptor.ScopedModelDrivenInterceptor.intercept(ScopedModelDrivenInterceptor.java:141)
	at com.opensymphony.xwork2.DefaultActionInvocation.invoke(DefaultActionInvocation.java:242)
	at com.opensymphony.xwork2.interceptor.ChainingInterceptor.intercept(ChainingInterceptor.java:145)
	at com.opensymphony.xwork2.DefaultActionInvocation.invoke(DefaultActionInvocation.java:242)
	at com.opensymphony.xwork2.interceptor.PrepareInterceptor.doIntercept(PrepareInterceptor.java:171)
	at com.opensymphony.xwork2.interceptor.MethodFilterInterceptor.intercept(MethodFilterInterceptor.java:98)
	at com.opensymphony.xwork2.DefaultActionInvocation.invoke(DefaultActionInvocation.java:242)
	at com.opensymphony.xwork2.interceptor.I18nInterceptor.intercept(I18nInterceptor.java:176)
	at com.opensymphony.xwork2.DefaultActionInvocation.invoke(DefaultActionInvocation.java:242)
	at org.apache.struts2.interceptor.ServletConfigInterceptor.intercept(ServletConfigInterceptor.java:164)
	at com.opensymphony.xwork2.DefaultActionInvocation.invoke(DefaultActionInvocation.java:242)
	at com.opensymphony.xwork2.interceptor.AliasInterceptor.intercept(AliasInterceptor.java:193)
	at com.opensymphony.xwork2.DefaultActionInvocation.invoke(DefaultActionInvocation.java:242)
	at com.opensymphony.xwork2.interceptor.ExceptionMappingInterceptor.intercept(ExceptionMappingInterceptor.java:187)
	at com.opensymphony.xwork2.DefaultActionInvocation.invoke(DefaultActionInvocation.java:242)
	at com.sinosoft.util.struts2.intercepter.CreateEntityIntercepter.doIntercept(CreateEntityIntercepter.java:28)
	at com.opensymphony.xwork2.interceptor.MethodFilterInterceptor.intercept(MethodFilterInterceptor.java:98)
	at com.opensymphony.xwork2.DefaultActionInvocation.invoke(DefaultActionInvocation.java:242)
	at org.apache.struts2.impl.StrutsActionProxy.execute(StrutsActionProxy.java:54)
	at org.apache.struts2.dispatcher.Dispatcher.serviceAction(Dispatcher.java:544)
	at org.apache.struts2.dispatcher.ng.ExecuteOperations.executeAction(ExecuteOperations.java:77)
	at org.apache.struts2.dispatcher.ng.filter.StrutsPrepareAndExecuteFilter.doFilter(StrutsPrepareAndExecuteFilter.java:91)
	at weblogic.servlet.internal.FilterChainImpl.doFilter(FilterChainImpl.java:56)
	at org.springframework.orm.hibernate3.support.OpenSessionInViewFilter.doFilterInternal(OpenSessionInViewFilter.java:233)
	at org.springframework.web.filter.OncePerRequestFilter.doFilter(OncePerRequestFilter.java:107)
	at weblogic.servlet.internal.FilterChainImpl.doFilter(FilterChainImpl.java:56)
	at com.sinosoft.efiling.util.UserSessionFilter.doFilter(UserSessionFilter.java:143)
	at com.sinosoft.efiling.util.UserSessionFilter.doFilter(UserSessionFilter.java:109)
	at weblogic.servlet.internal.FilterChainImpl.doFilter(FilterChainImpl.java:56)
	at org.jasig.cas.client.util.AssertionThreadLocalFilter.doFilter(AssertionThreadLocalFilter.java:40)
	at weblogic.servlet.internal.FilterChainImpl.doFilter(FilterChainImpl.java:56)
	at org.jasig.cas.client.util.HttpServletRequestWrapperFilter.doFilter(HttpServletRequestWrapperFilter.java:62)
	at weblogic.servlet.internal.FilterChainImpl.doFilter(FilterChainImpl.java:56)
	at org.jasig.cas.client.validation.AbstractTicketValidationFilter.doFilter(AbstractTicketValidationFilter.java:167)
	at weblogic.servlet.internal.FilterChainImpl.doFilter(FilterChainImpl.java:56)
	at com.sinosoft.util.cas.AuthenticationFilter.doFilter(AuthenticationFilter.java:152)
	at weblogic.servlet.internal.FilterChainImpl.doFilter(FilterChainImpl.java:56)
	at org.jasig.cas.client.session.SingleSignOutFilter.doFilter(SingleSignOutFilter.java:110)
	at weblogic.servlet.internal.FilterChainImpl.doFilter(FilterChainImpl.java:56)
	at weblogic.servlet.internal.WebAppServletContext$ServletInvocationAction.doIt(WebAppServletContext.java:3684)
	at weblogic.servlet.internal.WebAppServletContext$ServletInvocationAction.run(WebAppServletContext.java:3650)
	at weblogic.security.acl.internal.AuthenticatedSubject.doAs(AuthenticatedSubject.java:321)
	at weblogic.security.service.SecurityManager.runAs(SecurityManager.java:121)
	at weblogic.servlet.internal.WebAppServletContext.securedExecute(WebAppServletContext.java:2268)
	at weblogic.servlet.internal.WebAppServletContext.execute(WebAppServletContext.java:2174)
	at weblogic.servlet.internal.ServletRequestImpl.run(ServletRequestImpl.java:1446)
	at weblogic.work.ExecuteThread.execute(ExecuteThread.java:201)
	at weblogic.work.ExecuteThread.run(ExecuteThread.java:173)
[ERROR][2017-11-17 20:53:20,975] org.springframework.web.context.ContextLoader.initWebApplicationContext(ContextLoader.java:319)
	Context initialization failed
org.springframework.beans.factory.BeanCreationException: Error creating bean with name 'sessionFactory' defined in ServletContext resource [/WEB-INF/classes/applicationContext.xml]: Invocation of init method failed; nested exception is java.lang.NullPointerException
	at org.springframework.beans.factory.support.AbstractAutowireCapableBeanFactory.initializeBean(AbstractAutowireCapableBeanFactory.java:1486)
	at org.springframework.beans.factory.support.AbstractAutowireCapableBeanFactory.doCreateBean(AbstractAutowireCapableBeanFactory.java:524)
	at org.springframework.beans.factory.support.AbstractAutowireCapableBeanFactory.createBean(AbstractAutowireCapableBeanFactory.java:461)
	at org.springframework.beans.factory.support.AbstractBeanFactory$1.getObject(AbstractBeanFactory.java:295)
	at org.springframework.beans.factory.support.DefaultSingletonBeanRegistry.getSingleton(DefaultSingletonBeanRegistry.java:223)
	at org.springframework.beans.factory.support.AbstractBeanFactory.doGetBean(AbstractBeanFactory.java:292)
	at org.springframework.beans.factory.support.AbstractBeanFactory.getBean(AbstractBeanFactory.java:194)
	at org.springframework.beans.factory.support.DefaultListableBeanFactory.preInstantiateSingletons(DefaultListableBeanFactory.java:608)
	at org.springframework.context.support.AbstractApplicationContext.finishBeanFactoryInitialization(AbstractApplicationContext.java:932)
	at org.springframework.context.support.AbstractApplicationContext.refresh(AbstractApplicationContext.java:479)
	at org.springframework.web.context.ContextLoader.configureAndRefreshWebApplicationContext(ContextLoader.java:389)
	at org.springframework.web.context.ContextLoader.initWebApplicationContext(ContextLoader.java:294)
	at org.springframework.web.context.ContextLoaderListener.contextInitialized(ContextLoaderListener.java:112)
	at weblogic.servlet.internal.EventsManager$FireContextListenerAction.run(EventsManager.java:481)
	at weblogic.security.acl.internal.AuthenticatedSubject.doAs(AuthenticatedSubject.java:321)
	at weblogic.security.service.SecurityManager.runAs(SecurityManager.java:121)
	at weblogic.servlet.internal.EventsManager.notifyContextCreatedEvent(EventsManager.java:181)
	at weblogic.servlet.internal.WebAppServletContext.reloadServletClassLoader(WebAppServletContext.java:3078)
	at weblogic.servlet.internal.FilterWrapper.reloadFilter(FilterWrapper.java:63)
	at weblogic.servlet.internal.FilterWrapper.checkForReload(FilterWrapper.java:104)
	at weblogic.servlet.internal.FilterWrapper.getFilter(FilterWrapper.java:41)
	at weblogic.servlet.internal.FilterChainImpl.add(FilterChainImpl.java:35)
	at weblogic.servlet.internal.FilterManager.getFilterChain(FilterManager.java:244)
	at weblogic.servlet.internal.WebAppServletContext$ServletInvocationAction.doIt(WebAppServletContext.java:3681)
	at weblogic.servlet.internal.WebAppServletContext$ServletInvocationAction.run(WebAppServletContext.java:3650)
	at weblogic.security.acl.internal.AuthenticatedSubject.doAs(AuthenticatedSubject.java:321)
	at weblogic.security.service.SecurityManager.runAs(SecurityManager.java:121)
	at weblogic.servlet.internal.WebAppServletContext.securedExecute(WebAppServletContext.java:2268)
	at weblogic.servlet.internal.WebAppServletContext.execute(WebAppServletContext.java:2174)
	at weblogic.servlet.internal.ServletRequestImpl.run(ServletRequestImpl.java:1446)
	at weblogic.work.ExecuteThread.execute(ExecuteThread.java:201)
	at weblogic.work.ExecuteThread.run(ExecuteThread.java:173)
Caused by: java.lang.NullPointerException
	at org.hibernate.cfg.SettingsFactory.buildSettings(SettingsFactory.java:169)
	at org.hibernate.cfg.Configuration.buildSettingsInternal(Configuration.java:2863)
	at org.hibernate.cfg.Configuration.buildSettings(Configuration.java:2859)
	at org.hibernate.cfg.Configuration.buildSessionFactory(Configuration.java:1870)
	at org.springframework.orm.hibernate3.LocalSessionFactoryBean.newSessionFactory(LocalSessionFactoryBean.java:863)
	at org.springframework.orm.hibernate3.LocalSessionFactoryBean.buildSessionFactory(LocalSessionFactoryBean.java:782)
	at org.springframework.orm.hibernate3.AbstractSessionFactoryBean.afterPropertiesSet(AbstractSessionFactoryBean.java:188)
	at org.springframework.beans.factory.support.AbstractAutowireCapableBeanFactory.invokeInitMethods(AbstractAutowireCapableBeanFactory.java:1545)
	at org.springframework.beans.factory.support.AbstractAutowireCapableBeanFactory.initializeBean(AbstractAutowireCapableBeanFactory.java:1483)
	... 31 more
