[DEBUG][2017-09-11 13:49:46,211] com.opensymphony.xwork2.util.logging.commons.CommonsLogger.debug(CommonsLogger.java:68)
	系统启动!
[DEBUG][2017-09-11 13:49:46,305] com.opensymphony.xwork2.util.logging.commons.CommonsLogger.debug(CommonsLogger.java:68)
	系统主目录:[E:\workspace\eFiling\eFiling\]
[DEBUG][2017-09-11 13:49:46,992] com.opensymphony.xwork2.util.logging.commons.CommonsLogger.debug(CommonsLogger.java:68)
	初始化FileNet配置...
[DEBUG][2017-09-11 13:49:47,194] com.opensymphony.xwork2.util.logging.commons.CommonsLogger.debug(CommonsLogger.java:68)
	{}
[DEBUG][2017-09-11 13:49:47,304] com.opensymphony.xwork2.util.logging.commons.CommonsLogger.debug(CommonsLogger.java:68)
	初始化邮件配置...
[DEBUG][2017-09-11 13:49:47,414] com.sinosoft.efiling.mail.MailHelper.setProperties(MailHelper.java:125)
	切换邮件配置:{include=sql.properties, timer.properties, mail.properties, timer.reminder.template=timer.reminder, sql.queryClient.endor.coverNote=SELECT T.INSUREDTYPE, T.INSUREDCODE, T.IDENTIFYTYPE, T.IDENTIFYNUMBER, T.INSUREDFLAG, NVL(C.IDINVALIDDATE, U.ORGINVALIDDATE) FROM PRPCPCUSTOMER T LEFT JOIN PRPDCUSTOMERIDV C ON C.CUSTOMERCODE = T.INSUREDCODE AND T.INSUREDTYPE = '1' LEFT JOIN PRPDCUSTOMERUNIT U ON U.CUSTOMERCODE = T.INSUREDCODE AND T.INSUREDTYPE = '2' WHERE T.POLICYNO = ? AND T.INSUREDFLAG = ?, mail.debug.to=15922901803@163.com,Laura.Luo@libertymutual.com.cn,annie.zhang@libertymutual.com.cn, timer.document.complement.date=2014-04-27, mail.smtp.auth=false, mail.disabled=false, sql.queryVehicle.policy=SELECT T.USENATURECODE, C.VEHICLECATEGORYCODE, T.ENROLLDATE, T.VINNO, T.ENGINENO FROM PRPCITEMCAR T LEFT JOIN PRPCITEMCAREXT C ON C.POLICYNO = T.POLICYNO AND C.ITEMNO = T.ITEMNO WHERE T.POLICYNO = ?, mail.password=, timer.document.share.sql=select no from t_f_document t where id in (select document_id from t_f_document_file a where a.status = ? and a.paper_type is not null and a.paper_code is not null and a.due_time is not null and exists (select * from t_f_document_file b where b.status = ? and (b.file_type_id = a.file_type_id or b.file_type_code = a.file_type_code or (a.file_type_id in ('200', '201') and b.file_type_id in ('200', '201'))) and b.paper_type = a.paper_type and b.paper_code = a.paper_code and b.due_time is not null)) and t.status = ? , timer.reminder.days=-10, timer.reminder.title=投保资料差缺到期提醒, sql.queryCarOwner.proposal=SELECT DECODE(C.CARINSUREDRELATION, '3', '1', '2') AS INSUREDTYPE, NULL AS CAROWNERCODE, T.IDENTIFYTYPE, T.CERTIFICATENO, '3' AS CAROWNERFLAG, NULL AS INVALIDDATE FROM PRPTCAROWNER T INNER JOIN PRPTITEMCAR C ON C.PROPOSALNO = T.PROPOSALNO WHERE T.PROPOSALNO = ?, scan.read.class.code.motor=05, sql.queryCarOwner.policy=SELECT DECODE(C.CARINSUREDRELATION, '3', '1', '2') AS INSUREDTYPE, NULL AS CAROWNERCODE, T.IDENTIFYTYPE, T.CERTIFICATENO, '3' AS CAROWNERFLAG, NULL AS INVALIDDATE FROM PRPCCAROWNER T INNER JOIN PRPCITEMCAR C ON C.POLICYNO = T.POLICYNO WHERE T.POLICYNO = ?, mail.encoding=UTF-8, sql.check.commit=SELECT DISTINCT NO FROM ( SELECT T.ID, T.NO, T.FILE_STATUS, (CEIL(SYSDATE - T.SALES_TIME) - NVL(NVL(NVL(NVL(L.DAYS, L1.DAYS), L2.DAYS), L3.DAYS), ?)) AS DAYS, NVL(NVL(NVL(NVL(L.CTRL_TYPE, L1.CTRL_TYPE), L2.CTRL_TYPE), L3.CTRL_TYPE), ?) AS CTRL_TYPE FROM T_F_DOCUMENT T INNER JOIN T_F_DOCUMENT_FILE TT ON T.ID = TT.DOCUMENT_ID INNER JOIN T_F_FILE_TYPE TF ON TT.FILE_TYPE_ID = TF.ID LEFT JOIN T_F_FILE_DEADLINE L ON L.STATUS = '1' AND L.PRODUCT_ID = T.PRODUCT_ID AND L.FILE_DEPT_ID = T.BUSINESS_DEPT_ID LEFT JOIN T_F_FILE_DEADLINE L1 ON L1.STATUS = '1' AND L1.PRODUCT_ID IS NULL AND L1.FILE_DEPT_ID = T.BUSINESS_DEPT_ID LEFT JOIN T_F_FILE_DEADLINE L2 ON L2.STATUS = '1' AND L2.PRODUCT_ID = T.PRODUCT_ID AND L2.FILE_DEPT_ID IS NULL AND L2.COMPANY_ID = T.BUSINESS_COMPANY_ID LEFT JOIN T_F_FILE_DEADLINE L3 ON L3.STATUS = '1' AND L3.PRODUCT_ID IS NULL AND L3.FILE_DEPT_ID IS NULL AND L3.COMPANY_ID = T.BUSINESS_COMPANY_ID WHERE T.FILE_STATUS IN (?, ?) AND T.STATUS = ? AND TF.SIGNED <> ? AND T.BUSINESS_NO = ?) A WHERE DAYS > 0 AND ((CTRL_TYPE = ?) OR (FILE_STATUS = ? AND CTRL_TYPE = ?)), timer.file.lending.sql=SELECT T.BORROWER_EMAIL AS USER_CODE, T.BORROWER_NAME, T.BORROWER_EMAIL, DOC.NO, F.NO AS FILE_NO, (P.ID || '.' || P.NAME) AS TYPE_NAME, TO_CHAR(T.INSERT_TIME, 'YYYY-MM-DD'), TO_CHAR(T.EXPECTED_RETURN_DATE, 'YYYY-MM-DD') FROM T_F_FILE_LENDING T INNER JOIN T_F_FILE_LENDING_DETAIL D ON D.LENDING_ID = T.ID INNER JOIN PRPDUSER U ON U.USERCODE = T.USER_ID INNER JOIN T_F_DOCUMENT_FILE DOF ON DOF.ID = D.DOCUMENT_FILE_ID INNER JOIN T_F_DOCUMENT DOC ON DOC.ID = DOF.DOCUMENT_ID INNER JOIN T_F_FILE F ON F.ID = DOF.FILE_ID INNER JOIN T_F_FILE_TYPE P ON P.ID = F.TYPE_ID WHERE D.STATUS IN (?) AND TRUNC(SYSDATE - T.EXPECTED_RETURN_DATE) = ?, sql.queryVehicle.proposal=SELECT T.USENATURECODE, C.VEHICLECATEGORYCODE, T.ENROLLDATE, T.VINNO, T.ENGINENO FROM PRPTITEMCAR T LEFT JOIN PRPTITEMCAREXT C ON C.PROPOSALNO = T.PROPOSALNO AND C.ITEMNO = T.ITEMNO WHERE T.PROPOSALNO = ?, sql.file.core.audit=SELECT T.ID , T.NO , T.FILE_APPROVE_STATUS, T.APPLICANT  AS APPLICANT,   PU3.USERNAME AS SALESNAME,   PC.COMCNAME  AS COMCNAME,    T.AGENT_NAME AS AGENT_NAME,  PU1.USERNAME AS BUSINESSNAME,PU2.USERNAME AS USERNAME, (SELECT COUNT(*) FROM T_F_DOCUMENT_FILE TF	INNER JOIN T_F_FILE F ON TF.FILE_ID = F.ID    WHERE T.ID = TF.DOCUMENT_ID	AND F.FILE_APPROVE_STATUS IS NOT NULL AND (TF.STATUS = ? AND F.FILE_APPROVE_STATUS = ?)) AS UNAUDITED_COUNT FROM T_F_DOCUMENT T  LEFT JOIN PRPDCOMPANY PC ON T.BUSINESS_DEPT_ID = PC.COMCODE  LEFT JOIN PRPDUSER PU1 ON T.BUSINESS_USER_ID = PU1.USERCODE  LEFT JOIN PRPDUSER PU2 ON T.USER_ID = PU2.USERCODE           LEFT JOIN PRPDUSER PU3 ON T.SALES_ID = PU3.USERCODE			WHERE EXISTS (										SELECT 1 FROM T_F_DOCUMENT_FILE TF							INNER JOIN T_F_FILE TT ON TF.FILE_ID = TT.ID    WHERE T.ID = TF.DOCUMENT_ID	AND TT.FILE_APPROVE_STATUS IS NOT NULL AND ((TF.STATUS = ? AND TT.FILE_APPROVE_STATUS = ?) OR TT.FILE_APPROVE_STATUS IN (?, ?)) ), cq.import.dir=, timer.file.lending.days=0, ??????#=é???????????sql?????????, mail.transport.protocol=smtp, mail.debug=true, sql.report.lack=SELECT ID, NO, PRODUCT_NAME, NVL(LICENSE_NO, ENGINE_NO), DEPT_NAME, USER_NAME, BUSINESS_NO, APPLICANT, SALES_TIME, EFFECTIVE_TIME, LACKS, DAYS FROM ( SELECT T.*, (CASE WHEN XDAYS > 0 AND ((CTRL_TYPE = '11') OR (FILE_STATUS = '00' AND CTRL_TYPE = '00')) THEN XDAYS ELSE 0 END) AS DAYS FROM ( SELECT T.*, P.NAME AS PRODUCT_NAME, (D.COMCNAME) AS DEPT_NAME, (U.USERNAME) AS USER_NAME, (CEIL(SYSDATE - T.SALES_TIME) - NVL(NVL(NVL(NVL(L.DAYS, L1.DAYS), L2.DAYS), L3.DAYS), ?)) AS XDAYS, NVL(NVL(NVL(NVL(L.CTRL_TYPE, L1.CTRL_TYPE), L2.CTRL_TYPE), L3.CTRL_TYPE), '11') AS CTRL_TYPE FROM T_F_DOCUMENT T LEFT JOIN PRPDCOMPANY D ON D.COMCODE = T.BUSINESS_DEPT_ID LEFT JOIN PRPDUSER U ON U.USERCODE = T.BUSINESS_USER_ID LEFT JOIN T_F_PRODUCT P ON P.ID = T.PRODUCT_ID LEFT JOIN T_F_FILE_DEADLINE L ON L.STATUS = '1' AND L.PRODUCT_ID = T.PRODUCT_ID AND L.FILE_DEPT_ID = T.BUSINESS_DEPT_ID LEFT JOIN T_F_FILE_DEADLINE L1 ON L1.STATUS = '1' AND L1.PRODUCT_ID IS NULL AND L1.FILE_DEPT_ID = T.BUSINESS_DEPT_ID LEFT JOIN T_F_FILE_DEADLINE L2 ON L2.STATUS = '1' AND L2.PRODUCT_ID = T.PRODUCT_ID AND L2.FILE_DEPT_ID IS NULL AND L2.COMPANY_ID = T.BUSINESS_COMPANY_ID LEFT JOIN T_F_FILE_DEADLINE L3 ON L3.STATUS = '1' AND L3.PRODUCT_ID IS NULL AND L3.FILE_DEPT_ID IS NULL AND L3.COMPANY_ID = T.BUSINESS_COMPANY_ID WHERE T.FILE_STATUS IN (?, ?) AND T.STATUS = ? ) T ) T, sql.queryClient.endor=SELECT T.INSUREDTYPE, T.INSUREDCODE, T.IDENTIFYTYPE, T.IDENTIFYNUMBER, T.INSUREDFLAG, NVL(C.IDINVALIDDATE, U.ORGINVALIDDATE) FROM PRPCPINSURED T LEFT JOIN PRPDCUSTOMERIDV C ON C.CUSTOMERCODE = T.INSUREDCODE AND T.INSUREDTYPE = '1' LEFT JOIN PRPDCUSTOMERUNIT U ON U.CUSTOMERCODE = T.INSUREDCODE AND T.INSUREDTYPE = '2' WHERE T.POLICYNO = ? AND T.INSUREDFLAG = ?, timer.file.lending.template=timer.fileLending, mail.from=eFiling UAT<eFilingSystem@libertymutual.com.cn>, timer.file.lending.title=借阅档案到期提醒, timer.reminder.sql=SELECT BUSINESS_USER_ID, USER_NAME, USER_MAIL, NO, BUSINESS_NO, PRODUCT_NAME, NVL(LICENSE_NO, ENGINE_NO), APPLICANT, TO_CHAR(SALES_TIME, 'YYYY-MM-DD'), TO_CHAR(EFFECTIVE_TIME, 'YYYY-MM-DD'), LACKS, DAYS FROM ( SELECT T.*, P.NAME AS PRODUCT_NAME, (U.USERENAME || ' - ' || U.USERNAME) AS USER_NAME, U.EMAIL AS USER_MAIL, (CEIL(SYSDATE - T.SALES_TIME) - NVL(NVL(NVL(NVL(L.DAYS, L1.DAYS), L2.DAYS), L3.DAYS), ?)) AS DAYS, NVL(NVL(NVL(NVL(L.CTRL_TYPE, L1.CTRL_TYPE), L2.CTRL_TYPE), L3.CTRL_TYPE), '11') AS CTRL_TYPE FROM T_F_DOCUMENT T LEFT JOIN PRPDCOMPANY D ON D.COMCODE = T.BUSINESS_DEPT_ID LEFT JOIN PRPDUSER U ON U.USERCODE = T.BUSINESS_USER_ID LEFT JOIN T_F_PRODUCT P ON P.ID = T.PRODUCT_ID LEFT JOIN T_F_FILE_DEADLINE L ON L.STATUS = '1' AND L.PRODUCT_ID = T.PRODUCT_ID AND L.FILE_DEPT_ID = T.BUSINESS_DEPT_ID LEFT JOIN T_F_FILE_DEADLINE L1 ON L1.STATUS = '1' AND L1.PRODUCT_ID IS NULL AND L1.FILE_DEPT_ID = T.BUSINESS_DEPT_ID LEFT JOIN T_F_FILE_DEADLINE L2 ON L2.STATUS = '1' AND L2.PRODUCT_ID = T.PRODUCT_ID AND L2.FILE_DEPT_ID IS NULL AND L2.COMPANY_ID = T.BUSINESS_COMPANY_ID LEFT JOIN T_F_FILE_DEADLINE L3 ON L3.STATUS = '1' AND L3.PRODUCT_ID IS NULL AND L3.FILE_DEPT_ID IS NULL AND L3.COMPANY_ID = T.BUSINESS_COMPANY_ID WHERE T.FILE_STATUS IN ('00', '01') AND T.STATUS = '1' ) T WHERE ((CTRL_TYPE = '11') OR (FILE_STATUS = '00' AND CTRL_TYPE = '00')) AND DAYS >= ? ORDER BY BUSINESS_USER_ID, DAYS, PROPOSAL_NO, POLICY_NO, NO, ???#=é?????????????????,?¤???????é????¨é????・??????é??, sql.queryClient.proposal.coverNote=SELECT T.INSUREDTYPE, T.INSUREDCODE, T.IDENTIFYTYPE, T.IDENTIFYNUMBER, T.INSUREDFLAG, NVL(C.IDINVALIDDATE, U.ORGINVALIDDATE) FROM PRPCCUSTOMER T LEFT JOIN PRPDCUSTOMERIDV C ON C.CUSTOMERCODE = T.INSUREDCODE AND T.INSUREDTYPE = '1' LEFT JOIN PRPDCUSTOMERUNIT U ON U.CUSTOMERCODE = T.INSUREDCODE AND T.INSUREDTYPE = '2' WHERE T.POLICYNO = ? AND T.INSUREDFLAG = ?, mail.smtp.host=10.132.1.168, sql.queryClient.proposal=SELECT T.INSUREDTYPE, T.INSUREDCODE, T.IDENTIFYTYPE, T.IDENTIFYNUMBER, T.INSUREDFLAG, NVL(C.IDINVALIDDATE, U.ORGINVALIDDATE) FROM PRPTINSURED T LEFT JOIN PRPDCUSTOMERIDV C ON C.CUSTOMERCODE = T.INSUREDCODE AND T.INSUREDTYPE = '1' LEFT JOIN PRPDCUSTOMERUNIT U ON U.CUSTOMERCODE = T.INSUREDCODE AND T.INSUREDTYPE = '2' WHERE T.PROPOSALNO = ? AND T.INSUREDFLAG = ?, sql.fileLending.query=SELECT T.ID, T.NO, T.TYPE, FD.BORROWER_NAME, FD.INSERT_TIME, FD.EXPECTED_RETURN_DATE, T.FILE_STATUS, TRUNC(SYSDATE - FD.EXPECTED_RETURN_DATE) AS RETURN_DATE1, TRUNC(SYSDATE - FD.EXPECTED_RETURN_DATE) AS RETURN_DATE2, U.USERNAME, T.LENT, FD.ID AS LENDING_ID FROM T_F_DOCUMENT T LEFT JOIN ( SELECT DISTINCT F.DOCUMENT_ID, L.* FROM T_F_FILE_LENDING L INNER JOIN T_F_FILE_LENDING_DETAIL D ON D.LENDING_ID = L.ID INNER JOIN T_F_DOCUMENT_FILE F ON F.FILE_ID = D.FILE_ID WHERE L.STATUS IN ('1', '2') ) FD ON FD.DOCUMENT_ID = T.ID LEFT JOIN PRPDUSER U ON U.USERCODE = FD.USER_ID, sql.queryCarOwner.endor=SELECT DECODE(C.CARINSUREDRELATION, '3', '1', '2') AS INSUREDTYPE, NULL AS CAROWNERCODE, T.IDENTIFYTYPE, T.CERTIFICATENO, '3' AS CAROWNERFLAG, NULL AS INVALIDDATE FROM PRPCPCAROWNER T INNER JOIN PRPCPITEMCAR C ON C.POLICYNO = T.POLICYNO WHERE T.POLICYNO = ?, mail.user=eFilingSystemTest, sql.queryVehicle.endor=SELECT T.USENATURECODE, C.VEHICLECATEGORYCODE, T.ENROLLDATE, T.VINNO, T.ENGINENO FROM PRPCPITEMCAR T LEFT JOIN PRPPITEMCAREXT C ON C.ENDORSENO = T.ENDORSENO AND C.ITEMNO = T.ITEMNO WHERE T.POLICYNO = ?, timer.document.complement.sql=SELECT POLICYNO, ? AS TYPE FROM PRPCMAIN C WHERE EXISTS (SELECT ID FROM T_F_DOCUMENT D WHERE D.TYPE = ? AND D.PROPOSAL_NO = C.PROPOSALNO) UNION ALL SELECT POLICYNO, ? AS TYPE FROM PRPCMAIN C WHERE C.OPERATEDATE >= ? AND NOT EXISTS (SELECT PROPOSAL_NO FROM T_F_DOCUMENT D WHERE D.PROPOSAL_NO = C.PROPOSALNO AND D.TYPE IN (?, ?)) UNION ALL SELECT POLICYNO, ? FROM PRPCMAINCOVERNOTE C WHERE ( (OPERATEDATE >= ? AND UNDERWRITEFLAG IN ('1', '3') AND NOT EXISTS (SELECT POLICY_NO FROM T_F_DOCUMENT D WHERE D.TYPE = ? AND D.STATUS = ? AND D.POLICY_NO = C.POLICYNO) ) OR (OPERATEDATE >= ? AND UNDERWRITEFLAG NOT IN ('1', '3') AND NOT EXISTS (SELECT POLICY_NO FROM T_F_DOCUMENT D WHERE D.TYPE = ? AND D.POLICY_NO = C.POLICYNO) ) ) UNION ALL SELECT ENDORSENO, ? FROM PRPPHEAD C WHERE ( (INPUTDATE >= ? AND UNDERWRITEFLAG IN ('1', '3') AND NOT EXISTS (SELECT NO FROM T_F_DOCUMENT D WHERE D.TYPE = ? AND D.STATUS = ? AND D.NO = C.ENDORSENO)) OR (INPUTDATE >= ? AND UNDERWRITEFLAG NOT IN ('1', '3') AND NOT EXISTS (SELECT NO FROM T_F_DOCUMENT D WHERE D.TYPE = ? AND D.NO = C.ENDORSENO) ) ) UNION ALL SELECT ENDORSENO, ? FROM PRPPHEADCOVERNOTE C WHERE ( (INPUTDATE >= ? AND UNDERWRITEFLAG IN ('1', '3') AND NOT EXISTS (SELECT ENDOR_NO FROM T_F_DOCUMENT D WHERE D.TYPE = ? AND D.STATUS = ? AND D.NO = C.ENDORSENO)) OR (INPUTDATE >= ? AND UNDERWRITEFLAG NOT IN ('1', '3') AND NOT EXISTS (SELECT ENDOR_NO FROM T_F_DOCUMENT D WHERE D.TYPE = ? AND D.NO = C.ENDORSENO) ) ) UNION ALL SELECT PROPOSALNO, ? FROM PRPTMAIN C WHERE OPERATEDATE >= ? AND UNDERWRITEFLAG NOT IN ('1', '3') AND NOT EXISTS (SELECT PROPOSAL_NO FROM T_F_DOCUMENT D WHERE D.TYPE IN (?, ?) AND D.PROPOSAL_NO = C.PROPOSALNO) , sql.queryClient.policy=SELECT T.INSUREDTYPE, T.INSUREDCODE, T.IDENTIFYTYPE, T.IDENTIFYNUMBER, T.INSUREDFLAG, NVL(C.IDINVALIDDATE, U.ORGINVALIDDATE) FROM PRPCINSURED T LEFT JOIN PRPDCUSTOMERIDV C ON C.CUSTOMERCODE = T.INSUREDCODE AND T.INSUREDTYPE = '1' LEFT JOIN PRPDCUSTOMERUNIT U ON U.CUSTOMERCODE = T.INSUREDCODE AND T.INSUREDTYPE = '2' WHERE T.POLICYNO = ? AND T.INSUREDFLAG = ?}
[DEBUG][2017-09-11 13:49:47,461] com.sinosoft.efiling.mail.MailHelper.setProperties(MailHelper.java:151)
	from=eFiling UAT <eFilingSystem@libertymutual.com.cn>
[DEBUG][2017-09-11 13:49:47,476] com.sinosoft.efiling.mail.MailHelper.setProperties(MailHelper.java:161)
	from=eFiling UAT <eFilingSystem@libertymutual.com.cn>
[DEBUG][2017-09-11 13:49:47,476] com.opensymphony.xwork2.util.logging.commons.CommonsLogger.debug(CommonsLogger.java:68)
	{mail.password=, mail.user=ARAP System, mail.smtp.host=10.132.1.168}
[DEBUG][2017-09-11 13:49:47,476] com.sinosoft.efiling.mail.MailHelper.setProperties(MailHelper.java:125)
	切换邮件配置:{mail.password=, mail.user=ARAP System, mail.smtp.host=10.132.1.168}
[DEBUG][2017-09-11 13:49:47,476] com.sinosoft.efiling.mail.MailHelper.setProperties(MailHelper.java:151)
	from=eFiling UAT <eFilingSystem@libertymutual.com.cn>
[DEBUG][2017-09-11 13:49:47,476] com.sinosoft.efiling.mail.MailHelper.setProperties(MailHelper.java:161)
	from=eFiling UAT <eFilingSystem@libertymutual.com.cn>
[DEBUG][2017-09-11 13:49:47,476] com.opensymphony.xwork2.util.logging.commons.CommonsLogger.debug(CommonsLogger.java:68)
	初始化定时器配置...
[INFO][2017-09-11 13:49:47,507] com.opensymphony.xwork2.util.logging.commons.CommonsLogger.info(CommonsLogger.java:42)
	配置timer.tasks=null
[INFO][2017-09-11 13:53:07,622] com.opensymphony.xwork2.util.logging.commons.CommonsLogger.info(CommonsLogger.java:42)
	DocumentAuditServiceAction.save(),生成保单数据接口调用:9105025000170000969000
[INFO][2017-09-11 13:53:10,868] com.sinosoft.efiling.service.DocumentAuditService.save(DocumentAuditService.java:236)
	9105025000170000969000 开始保存数据
[INFO][2017-09-11 13:53:12,648] com.sinosoft.efiling.service.DocumentAuditService.saveDocumntFiles(DocumentAuditService.java:1715)
	9105025000170000969000从承保数据库查询到的承保资料：
	0009 - 投保单或投保及报价确认单或续保通知书[com.sinosoft.efiling.hibernate.entity.DocumentFile@1351466]false,true
	1200 - 被保险人身份证或组织机构代码证或营业执照(三证合一)[com.sinosoft.efiling.hibernate.entity.DocumentFile@d6e8b1]false,true
	2201 - 投保险人身份证或组织机构代码证或营业执照（三证合一）[com.sinosoft.efiling.hibernate.entity.DocumentFile@de8fc8]false,true
	3250 - 营业执照[com.sinosoft.efiling.hibernate.entity.DocumentFile@1663a47]false,true
	4251 - 税务登记证/营业执照(三证合一)复印件[]false,false
	5258 - 货物进出口证明书/购车发票[com.sinosoft.efiling.hibernate.entity.DocumentFile@1ab7727]false,true
	6278 - 免责事项说明书[com.sinosoft.efiling.hibernate.entity.DocumentFile@13cd4f0]false,true
	7280 - 纳税人身份证[com.sinosoft.efiling.hibernate.entity.DocumentFile@eea2b4]false,true
	8281 - 投保人实际控制人或法定代理人或负责人身份证件[]false,false
	9282 - 被保险人实际控制人或法定代理人或负责人身份证件[]false,false
[INFO][2017-09-11 13:53:12,648] com.sinosoft.efiling.service.DocumentAuditService.saveDocumntFiles(DocumentAuditService.java:1726)
	1003
[INFO][2017-09-11 13:53:12,960] com.sinosoft.efiling.service.DocumentAuditService.saveDocumntFiles(DocumentAuditService.java:1729)
	
[INFO][2017-09-11 13:53:12,960] com.sinosoft.efiling.service.DocumentAuditService.saveDocumntFiles(DocumentAuditService.java:1726)
	200
[INFO][2017-09-11 13:53:13,116] com.sinosoft.efiling.service.DocumentAuditService.saveDocumntFiles(DocumentAuditService.java:1729)
	
[INFO][2017-09-11 13:53:13,116] com.sinosoft.efiling.service.DocumentAuditService.saveDocumntFiles(DocumentAuditService.java:1726)
	009
[INFO][2017-09-11 13:53:13,211] com.sinosoft.efiling.service.DocumentAuditService.saveDocumntFiles(DocumentAuditService.java:1729)
	
[INFO][2017-09-11 13:53:13,211] com.sinosoft.efiling.service.DocumentAuditService.saveDocumntFiles(DocumentAuditService.java:1726)
	258
[INFO][2017-09-11 13:53:13,304] com.sinosoft.efiling.service.DocumentAuditService.saveDocumntFiles(DocumentAuditService.java:1729)
	
[INFO][2017-09-11 13:53:13,304] com.sinosoft.efiling.service.DocumentAuditService.saveDocumntFiles(DocumentAuditService.java:1726)
	250
[INFO][2017-09-11 13:53:13,398] com.sinosoft.efiling.service.DocumentAuditService.saveDocumntFiles(DocumentAuditService.java:1729)
	
[INFO][2017-09-11 13:53:13,398] com.sinosoft.efiling.service.DocumentAuditService.saveDocumntFiles(DocumentAuditService.java:1726)
	201
[INFO][2017-09-11 13:53:13,491] com.sinosoft.efiling.service.DocumentAuditService.saveDocumntFiles(DocumentAuditService.java:1729)
	
[INFO][2017-09-11 13:53:13,491] com.sinosoft.efiling.service.DocumentAuditService.saveDocumntFiles(DocumentAuditService.java:1726)
	1004
[INFO][2017-09-11 13:53:13,585] com.sinosoft.efiling.service.DocumentAuditService.saveDocumntFiles(DocumentAuditService.java:1729)
	
[INFO][2017-09-11 13:53:13,725] com.sinosoft.efiling.service.DocumentAuditService.saveDocumntFiles(DocumentAuditService.java:1791)
	删除0条数据!
[INFO][2017-09-11 13:53:14,349] com.sinosoft.efiling.service.DocumentAuditService.save(DocumentAuditService.java:281)
	9105025000170000969000 数据保存完成,需要的承保资料清单:

	1.1003 - 免责事项说明书
	2.200 - 被保险人身份证或组织机构代码证或营业执照（三证合一）
	3.009 - 投保单或投保及报价确认单或续保通知书
	4.258 - 货物进出口证明书/购车发票
	5.250 - 营业执照复印件
	6.201 - 投保险人身份证或组织机构代码证或营业执照（三证合一）
	7.1004 - 纳税人身份证
[INFO][2017-09-11 13:53:39,904] com.opensymphony.xwork2.util.logging.commons.CommonsLogger.info(CommonsLogger.java:42)
	DocumentAuditServiceAction.save(),生成保单数据接口调用成功:9105025000170000969000
[INFO][2017-09-11 13:54:51,625] com.opensymphony.xwork2.util.logging.commons.CommonsLogger.info(CommonsLogger.java:42)
	DocumentAuditServiceAction.save(),生成保单数据接口调用:9105025000170000969000
[INFO][2017-09-11 13:55:13,576] com.sinosoft.efiling.service.DocumentAuditService.save(DocumentAuditService.java:236)
	9105025000170000969000 开始保存数据
[INFO][2017-09-11 14:12:48,361] com.sinosoft.efiling.service.DocumentAuditService.saveDocumntFiles(DocumentAuditService.java:1715)
	9105025000170000969000从承保数据库查询到的承保资料：
	0009 - 投保单或投保及报价确认单或续保通知书[com.sinosoft.efiling.hibernate.entity.DocumentFile@9da9c]false,true
	1200 - 被保险人身份证或组织机构代码证或营业执照(三证合一)[com.sinosoft.efiling.hibernate.entity.DocumentFile@1b0cfbd]false,true
	2201 - 投保险人身份证或组织机构代码证或营业执照（三证合一）[com.sinosoft.efiling.hibernate.entity.DocumentFile@1050220]false,true
	3250 - 营业执照[com.sinosoft.efiling.hibernate.entity.DocumentFile@274b6b]false,true
	4251 - 税务登记证/营业执照(三证合一)复印件[]false,false
	5258 - 货物进出口证明书/购车发票[com.sinosoft.efiling.hibernate.entity.DocumentFile@14f0168]false,true
	6278 - 免责事项说明书[com.sinosoft.efiling.hibernate.entity.DocumentFile@815558]false,true
	7280 - 纳税人身份证[com.sinosoft.efiling.hibernate.entity.DocumentFile@6727dd]false,true
	8281 - 投保人实际控制人或法定代理人或负责人身份证件[]false,false
	9282 - 被保险人实际控制人或法定代理人或负责人身份证件[]false,false
[INFO][2017-09-11 14:12:48,362] com.sinosoft.efiling.service.DocumentAuditService.saveDocumntFiles(DocumentAuditService.java:1726)
	1004
[INFO][2017-09-11 14:12:48,416] com.sinosoft.efiling.service.DocumentAuditService.saveDocumntFiles(DocumentAuditService.java:1729)
	
[INFO][2017-09-11 14:12:48,418] com.sinosoft.efiling.service.DocumentAuditService.saveDocumntFiles(DocumentAuditService.java:1726)
	201
[INFO][2017-09-11 14:12:48,498] com.sinosoft.efiling.service.DocumentAuditService.saveDocumntFiles(DocumentAuditService.java:1729)
	
[INFO][2017-09-11 14:12:48,499] com.sinosoft.efiling.service.DocumentAuditService.saveDocumntFiles(DocumentAuditService.java:1726)
	009
[INFO][2017-09-11 14:12:48,549] com.sinosoft.efiling.service.DocumentAuditService.saveDocumntFiles(DocumentAuditService.java:1729)
	
[INFO][2017-09-11 14:12:48,550] com.sinosoft.efiling.service.DocumentAuditService.saveDocumntFiles(DocumentAuditService.java:1726)
	200
[INFO][2017-09-11 14:12:48,603] com.sinosoft.efiling.service.DocumentAuditService.saveDocumntFiles(DocumentAuditService.java:1729)
	
[INFO][2017-09-11 14:12:48,605] com.sinosoft.efiling.service.DocumentAuditService.saveDocumntFiles(DocumentAuditService.java:1726)
	1003
[INFO][2017-09-11 14:12:48,654] com.sinosoft.efiling.service.DocumentAuditService.saveDocumntFiles(DocumentAuditService.java:1729)
	
[INFO][2017-09-11 14:12:48,656] com.sinosoft.efiling.service.DocumentAuditService.saveDocumntFiles(DocumentAuditService.java:1726)
	250
[INFO][2017-09-11 14:12:48,705] com.sinosoft.efiling.service.DocumentAuditService.saveDocumntFiles(DocumentAuditService.java:1729)
	
[INFO][2017-09-11 14:12:48,706] com.sinosoft.efiling.service.DocumentAuditService.saveDocumntFiles(DocumentAuditService.java:1726)
	258
[INFO][2017-09-11 14:12:48,756] com.sinosoft.efiling.service.DocumentAuditService.saveDocumntFiles(DocumentAuditService.java:1729)
	
[INFO][2017-09-11 14:12:48,781] com.sinosoft.efiling.service.DocumentAuditService.saveDocumntFiles(DocumentAuditService.java:1791)
	删除0条数据!
[INFO][2017-09-11 14:12:48,939] com.sinosoft.efiling.service.DocumentAuditService.save(DocumentAuditService.java:281)
	9105025000170000969000 数据保存完成,需要的承保资料清单:

	1.1004 - 纳税人身份证
	2.201 - 投保险人身份证或组织机构代码证或营业执照（三证合一）
	3.009 - 投保单或投保及报价确认单或续保通知书
	4.200 - 被保险人身份证或组织机构代码证或营业执照（三证合一）
	5.1003 - 免责事项说明书
	6.250 - 营业执照复印件
	7.258 - 货物进出口证明书/购车发票
[INFO][2017-09-11 14:12:48,954] com.opensymphony.xwork2.util.logging.commons.CommonsLogger.info(CommonsLogger.java:42)
	DocumentAuditServiceAction.save(),生成保单数据接口调用成功:9105025000170000969000
[DEBUG][2017-09-11 14:24:18,976] com.opensymphony.xwork2.util.logging.commons.CommonsLogger.debug(CommonsLogger.java:68)
	系统启动!
[DEBUG][2017-09-11 14:24:18,985] com.opensymphony.xwork2.util.logging.commons.CommonsLogger.debug(CommonsLogger.java:68)
	系统主目录:[E:\workspace\eFiling\eFiling\]
[DEBUG][2017-09-11 14:24:19,220] com.opensymphony.xwork2.util.logging.commons.CommonsLogger.debug(CommonsLogger.java:68)
	初始化FileNet配置...
[DEBUG][2017-09-11 14:24:19,243] com.opensymphony.xwork2.util.logging.commons.CommonsLogger.debug(CommonsLogger.java:68)
	{}
[DEBUG][2017-09-11 14:24:19,246] com.opensymphony.xwork2.util.logging.commons.CommonsLogger.debug(CommonsLogger.java:68)
	初始化邮件配置...
[DEBUG][2017-09-11 14:24:19,266] com.sinosoft.efiling.mail.MailHelper.setProperties(MailHelper.java:125)
	切换邮件配置:{include=sql.properties, timer.properties, mail.properties, timer.reminder.template=timer.reminder, sql.queryClient.endor.coverNote=SELECT T.INSUREDTYPE, T.INSUREDCODE, T.IDENTIFYTYPE, T.IDENTIFYNUMBER, T.INSUREDFLAG, NVL(C.IDINVALIDDATE, U.ORGINVALIDDATE) FROM PRPCPCUSTOMER T LEFT JOIN PRPDCUSTOMERIDV C ON C.CUSTOMERCODE = T.INSUREDCODE AND T.INSUREDTYPE = '1' LEFT JOIN PRPDCUSTOMERUNIT U ON U.CUSTOMERCODE = T.INSUREDCODE AND T.INSUREDTYPE = '2' WHERE T.POLICYNO = ? AND T.INSUREDFLAG = ?, mail.debug.to=15922901803@163.com,Laura.Luo@libertymutual.com.cn,annie.zhang@libertymutual.com.cn, timer.document.complement.date=2014-04-27, mail.smtp.auth=false, mail.disabled=false, sql.queryVehicle.policy=SELECT T.USENATURECODE, C.VEHICLECATEGORYCODE, T.ENROLLDATE, T.VINNO, T.ENGINENO FROM PRPCITEMCAR T LEFT JOIN PRPCITEMCAREXT C ON C.POLICYNO = T.POLICYNO AND C.ITEMNO = T.ITEMNO WHERE T.POLICYNO = ?, mail.password=, timer.document.share.sql=select no from t_f_document t where id in (select document_id from t_f_document_file a where a.status = ? and a.paper_type is not null and a.paper_code is not null and a.due_time is not null and exists (select * from t_f_document_file b where b.status = ? and (b.file_type_id = a.file_type_id or b.file_type_code = a.file_type_code or (a.file_type_id in ('200', '201') and b.file_type_id in ('200', '201'))) and b.paper_type = a.paper_type and b.paper_code = a.paper_code and b.due_time is not null)) and t.status = ? , timer.reminder.days=-10, timer.reminder.title=投保资料差缺到期提醒, sql.queryCarOwner.proposal=SELECT DECODE(C.CARINSUREDRELATION, '3', '1', '2') AS INSUREDTYPE, NULL AS CAROWNERCODE, T.IDENTIFYTYPE, T.CERTIFICATENO, '3' AS CAROWNERFLAG, NULL AS INVALIDDATE FROM PRPTCAROWNER T INNER JOIN PRPTITEMCAR C ON C.PROPOSALNO = T.PROPOSALNO WHERE T.PROPOSALNO = ?, scan.read.class.code.motor=05, sql.queryCarOwner.policy=SELECT DECODE(C.CARINSUREDRELATION, '3', '1', '2') AS INSUREDTYPE, NULL AS CAROWNERCODE, T.IDENTIFYTYPE, T.CERTIFICATENO, '3' AS CAROWNERFLAG, NULL AS INVALIDDATE FROM PRPCCAROWNER T INNER JOIN PRPCITEMCAR C ON C.POLICYNO = T.POLICYNO WHERE T.POLICYNO = ?, mail.encoding=UTF-8, sql.check.commit=SELECT DISTINCT NO FROM ( SELECT T.ID, T.NO, T.FILE_STATUS, (CEIL(SYSDATE - T.SALES_TIME) - NVL(NVL(NVL(NVL(L.DAYS, L1.DAYS), L2.DAYS), L3.DAYS), ?)) AS DAYS, NVL(NVL(NVL(NVL(L.CTRL_TYPE, L1.CTRL_TYPE), L2.CTRL_TYPE), L3.CTRL_TYPE), ?) AS CTRL_TYPE FROM T_F_DOCUMENT T INNER JOIN T_F_DOCUMENT_FILE TT ON T.ID = TT.DOCUMENT_ID INNER JOIN T_F_FILE_TYPE TF ON TT.FILE_TYPE_ID = TF.ID LEFT JOIN T_F_FILE_DEADLINE L ON L.STATUS = '1' AND L.PRODUCT_ID = T.PRODUCT_ID AND L.FILE_DEPT_ID = T.BUSINESS_DEPT_ID LEFT JOIN T_F_FILE_DEADLINE L1 ON L1.STATUS = '1' AND L1.PRODUCT_ID IS NULL AND L1.FILE_DEPT_ID = T.BUSINESS_DEPT_ID LEFT JOIN T_F_FILE_DEADLINE L2 ON L2.STATUS = '1' AND L2.PRODUCT_ID = T.PRODUCT_ID AND L2.FILE_DEPT_ID IS NULL AND L2.COMPANY_ID = T.BUSINESS_COMPANY_ID LEFT JOIN T_F_FILE_DEADLINE L3 ON L3.STATUS = '1' AND L3.PRODUCT_ID IS NULL AND L3.FILE_DEPT_ID IS NULL AND L3.COMPANY_ID = T.BUSINESS_COMPANY_ID WHERE T.FILE_STATUS IN (?, ?) AND T.STATUS = ? AND TF.SIGNED <> ? AND T.BUSINESS_NO = ?) A WHERE DAYS > 0 AND ((CTRL_TYPE = ?) OR (FILE_STATUS = ? AND CTRL_TYPE = ?)), timer.file.lending.sql=SELECT T.BORROWER_EMAIL AS USER_CODE, T.BORROWER_NAME, T.BORROWER_EMAIL, DOC.NO, F.NO AS FILE_NO, (P.ID || '.' || P.NAME) AS TYPE_NAME, TO_CHAR(T.INSERT_TIME, 'YYYY-MM-DD'), TO_CHAR(T.EXPECTED_RETURN_DATE, 'YYYY-MM-DD') FROM T_F_FILE_LENDING T INNER JOIN T_F_FILE_LENDING_DETAIL D ON D.LENDING_ID = T.ID INNER JOIN PRPDUSER U ON U.USERCODE = T.USER_ID INNER JOIN T_F_DOCUMENT_FILE DOF ON DOF.ID = D.DOCUMENT_FILE_ID INNER JOIN T_F_DOCUMENT DOC ON DOC.ID = DOF.DOCUMENT_ID INNER JOIN T_F_FILE F ON F.ID = DOF.FILE_ID INNER JOIN T_F_FILE_TYPE P ON P.ID = F.TYPE_ID WHERE D.STATUS IN (?) AND TRUNC(SYSDATE - T.EXPECTED_RETURN_DATE) = ?, sql.queryVehicle.proposal=SELECT T.USENATURECODE, C.VEHICLECATEGORYCODE, T.ENROLLDATE, T.VINNO, T.ENGINENO FROM PRPTITEMCAR T LEFT JOIN PRPTITEMCAREXT C ON C.PROPOSALNO = T.PROPOSALNO AND C.ITEMNO = T.ITEMNO WHERE T.PROPOSALNO = ?, sql.file.core.audit=SELECT T.ID , T.NO , T.FILE_APPROVE_STATUS, T.APPLICANT  AS APPLICANT,   PU3.USERNAME AS SALESNAME,   PC.COMCNAME  AS COMCNAME,    T.AGENT_NAME AS AGENT_NAME,  PU1.USERNAME AS BUSINESSNAME,PU2.USERNAME AS USERNAME, (SELECT COUNT(*) FROM T_F_DOCUMENT_FILE TF	INNER JOIN T_F_FILE F ON TF.FILE_ID = F.ID    WHERE T.ID = TF.DOCUMENT_ID	AND F.FILE_APPROVE_STATUS IS NOT NULL AND (TF.STATUS = ? AND F.FILE_APPROVE_STATUS = ?)) AS UNAUDITED_COUNT FROM T_F_DOCUMENT T  LEFT JOIN PRPDCOMPANY PC ON T.BUSINESS_DEPT_ID = PC.COMCODE  LEFT JOIN PRPDUSER PU1 ON T.BUSINESS_USER_ID = PU1.USERCODE  LEFT JOIN PRPDUSER PU2 ON T.USER_ID = PU2.USERCODE           LEFT JOIN PRPDUSER PU3 ON T.SALES_ID = PU3.USERCODE			WHERE EXISTS (										SELECT 1 FROM T_F_DOCUMENT_FILE TF							INNER JOIN T_F_FILE TT ON TF.FILE_ID = TT.ID    WHERE T.ID = TF.DOCUMENT_ID	AND TT.FILE_APPROVE_STATUS IS NOT NULL AND ((TF.STATUS = ? AND TT.FILE_APPROVE_STATUS = ?) OR TT.FILE_APPROVE_STATUS IN (?, ?)) ), cq.import.dir=, timer.file.lending.days=0, ??????#=é???????????sql?????????, mail.transport.protocol=smtp, mail.debug=true, sql.report.lack=SELECT ID, NO, PRODUCT_NAME, NVL(LICENSE_NO, ENGINE_NO), DEPT_NAME, USER_NAME, BUSINESS_NO, APPLICANT, SALES_TIME, EFFECTIVE_TIME, LACKS, DAYS FROM ( SELECT T.*, (CASE WHEN XDAYS > 0 AND ((CTRL_TYPE = '11') OR (FILE_STATUS = '00' AND CTRL_TYPE = '00')) THEN XDAYS ELSE 0 END) AS DAYS FROM ( SELECT T.*, P.NAME AS PRODUCT_NAME, (D.COMCNAME) AS DEPT_NAME, (U.USERNAME) AS USER_NAME, (CEIL(SYSDATE - T.SALES_TIME) - NVL(NVL(NVL(NVL(L.DAYS, L1.DAYS), L2.DAYS), L3.DAYS), ?)) AS XDAYS, NVL(NVL(NVL(NVL(L.CTRL_TYPE, L1.CTRL_TYPE), L2.CTRL_TYPE), L3.CTRL_TYPE), '11') AS CTRL_TYPE FROM T_F_DOCUMENT T LEFT JOIN PRPDCOMPANY D ON D.COMCODE = T.BUSINESS_DEPT_ID LEFT JOIN PRPDUSER U ON U.USERCODE = T.BUSINESS_USER_ID LEFT JOIN T_F_PRODUCT P ON P.ID = T.PRODUCT_ID LEFT JOIN T_F_FILE_DEADLINE L ON L.STATUS = '1' AND L.PRODUCT_ID = T.PRODUCT_ID AND L.FILE_DEPT_ID = T.BUSINESS_DEPT_ID LEFT JOIN T_F_FILE_DEADLINE L1 ON L1.STATUS = '1' AND L1.PRODUCT_ID IS NULL AND L1.FILE_DEPT_ID = T.BUSINESS_DEPT_ID LEFT JOIN T_F_FILE_DEADLINE L2 ON L2.STATUS = '1' AND L2.PRODUCT_ID = T.PRODUCT_ID AND L2.FILE_DEPT_ID IS NULL AND L2.COMPANY_ID = T.BUSINESS_COMPANY_ID LEFT JOIN T_F_FILE_DEADLINE L3 ON L3.STATUS = '1' AND L3.PRODUCT_ID IS NULL AND L3.FILE_DEPT_ID IS NULL AND L3.COMPANY_ID = T.BUSINESS_COMPANY_ID WHERE T.FILE_STATUS IN (?, ?) AND T.STATUS = ? ) T ) T, sql.queryClient.endor=SELECT T.INSUREDTYPE, T.INSUREDCODE, T.IDENTIFYTYPE, T.IDENTIFYNUMBER, T.INSUREDFLAG, NVL(C.IDINVALIDDATE, U.ORGINVALIDDATE) FROM PRPCPINSURED T LEFT JOIN PRPDCUSTOMERIDV C ON C.CUSTOMERCODE = T.INSUREDCODE AND T.INSUREDTYPE = '1' LEFT JOIN PRPDCUSTOMERUNIT U ON U.CUSTOMERCODE = T.INSUREDCODE AND T.INSUREDTYPE = '2' WHERE T.POLICYNO = ? AND T.INSUREDFLAG = ?, timer.file.lending.template=timer.fileLending, mail.from=eFiling UAT<eFilingSystem@libertymutual.com.cn>, timer.file.lending.title=借阅档案到期提醒, timer.reminder.sql=SELECT BUSINESS_USER_ID, USER_NAME, USER_MAIL, NO, BUSINESS_NO, PRODUCT_NAME, NVL(LICENSE_NO, ENGINE_NO), APPLICANT, TO_CHAR(SALES_TIME, 'YYYY-MM-DD'), TO_CHAR(EFFECTIVE_TIME, 'YYYY-MM-DD'), LACKS, DAYS FROM ( SELECT T.*, P.NAME AS PRODUCT_NAME, (U.USERENAME || ' - ' || U.USERNAME) AS USER_NAME, U.EMAIL AS USER_MAIL, (CEIL(SYSDATE - T.SALES_TIME) - NVL(NVL(NVL(NVL(L.DAYS, L1.DAYS), L2.DAYS), L3.DAYS), ?)) AS DAYS, NVL(NVL(NVL(NVL(L.CTRL_TYPE, L1.CTRL_TYPE), L2.CTRL_TYPE), L3.CTRL_TYPE), '11') AS CTRL_TYPE FROM T_F_DOCUMENT T LEFT JOIN PRPDCOMPANY D ON D.COMCODE = T.BUSINESS_DEPT_ID LEFT JOIN PRPDUSER U ON U.USERCODE = T.BUSINESS_USER_ID LEFT JOIN T_F_PRODUCT P ON P.ID = T.PRODUCT_ID LEFT JOIN T_F_FILE_DEADLINE L ON L.STATUS = '1' AND L.PRODUCT_ID = T.PRODUCT_ID AND L.FILE_DEPT_ID = T.BUSINESS_DEPT_ID LEFT JOIN T_F_FILE_DEADLINE L1 ON L1.STATUS = '1' AND L1.PRODUCT_ID IS NULL AND L1.FILE_DEPT_ID = T.BUSINESS_DEPT_ID LEFT JOIN T_F_FILE_DEADLINE L2 ON L2.STATUS = '1' AND L2.PRODUCT_ID = T.PRODUCT_ID AND L2.FILE_DEPT_ID IS NULL AND L2.COMPANY_ID = T.BUSINESS_COMPANY_ID LEFT JOIN T_F_FILE_DEADLINE L3 ON L3.STATUS = '1' AND L3.PRODUCT_ID IS NULL AND L3.FILE_DEPT_ID IS NULL AND L3.COMPANY_ID = T.BUSINESS_COMPANY_ID WHERE T.FILE_STATUS IN ('00', '01') AND T.STATUS = '1' ) T WHERE ((CTRL_TYPE = '11') OR (FILE_STATUS = '00' AND CTRL_TYPE = '00')) AND DAYS >= ? ORDER BY BUSINESS_USER_ID, DAYS, PROPOSAL_NO, POLICY_NO, NO, ???#=é?????????????????,?¤???????é????¨é????・??????é??, sql.queryClient.proposal.coverNote=SELECT T.INSUREDTYPE, T.INSUREDCODE, T.IDENTIFYTYPE, T.IDENTIFYNUMBER, T.INSUREDFLAG, NVL(C.IDINVALIDDATE, U.ORGINVALIDDATE) FROM PRPCCUSTOMER T LEFT JOIN PRPDCUSTOMERIDV C ON C.CUSTOMERCODE = T.INSUREDCODE AND T.INSUREDTYPE = '1' LEFT JOIN PRPDCUSTOMERUNIT U ON U.CUSTOMERCODE = T.INSUREDCODE AND T.INSUREDTYPE = '2' WHERE T.POLICYNO = ? AND T.INSUREDFLAG = ?, mail.smtp.host=10.132.1.168, sql.queryClient.proposal=SELECT T.INSUREDTYPE, T.INSUREDCODE, T.IDENTIFYTYPE, T.IDENTIFYNUMBER, T.INSUREDFLAG, NVL(C.IDINVALIDDATE, U.ORGINVALIDDATE) FROM PRPTINSURED T LEFT JOIN PRPDCUSTOMERIDV C ON C.CUSTOMERCODE = T.INSUREDCODE AND T.INSUREDTYPE = '1' LEFT JOIN PRPDCUSTOMERUNIT U ON U.CUSTOMERCODE = T.INSUREDCODE AND T.INSUREDTYPE = '2' WHERE T.PROPOSALNO = ? AND T.INSUREDFLAG = ?, sql.fileLending.query=SELECT T.ID, T.NO, T.TYPE, FD.BORROWER_NAME, FD.INSERT_TIME, FD.EXPECTED_RETURN_DATE, T.FILE_STATUS, TRUNC(SYSDATE - FD.EXPECTED_RETURN_DATE) AS RETURN_DATE1, TRUNC(SYSDATE - FD.EXPECTED_RETURN_DATE) AS RETURN_DATE2, U.USERNAME, T.LENT, FD.ID AS LENDING_ID FROM T_F_DOCUMENT T LEFT JOIN ( SELECT DISTINCT F.DOCUMENT_ID, L.* FROM T_F_FILE_LENDING L INNER JOIN T_F_FILE_LENDING_DETAIL D ON D.LENDING_ID = L.ID INNER JOIN T_F_DOCUMENT_FILE F ON F.FILE_ID = D.FILE_ID WHERE L.STATUS IN ('1', '2') ) FD ON FD.DOCUMENT_ID = T.ID LEFT JOIN PRPDUSER U ON U.USERCODE = FD.USER_ID, sql.queryCarOwner.endor=SELECT DECODE(C.CARINSUREDRELATION, '3', '1', '2') AS INSUREDTYPE, NULL AS CAROWNERCODE, T.IDENTIFYTYPE, T.CERTIFICATENO, '3' AS CAROWNERFLAG, NULL AS INVALIDDATE FROM PRPCPCAROWNER T INNER JOIN PRPCPITEMCAR C ON C.POLICYNO = T.POLICYNO WHERE T.POLICYNO = ?, mail.user=eFilingSystemTest, sql.queryVehicle.endor=SELECT T.USENATURECODE, C.VEHICLECATEGORYCODE, T.ENROLLDATE, T.VINNO, T.ENGINENO FROM PRPCPITEMCAR T LEFT JOIN PRPPITEMCAREXT C ON C.ENDORSENO = T.ENDORSENO AND C.ITEMNO = T.ITEMNO WHERE T.POLICYNO = ?, timer.document.complement.sql=SELECT POLICYNO, ? AS TYPE FROM PRPCMAIN C WHERE EXISTS (SELECT ID FROM T_F_DOCUMENT D WHERE D.TYPE = ? AND D.PROPOSAL_NO = C.PROPOSALNO) UNION ALL SELECT POLICYNO, ? AS TYPE FROM PRPCMAIN C WHERE C.OPERATEDATE >= ? AND NOT EXISTS (SELECT PROPOSAL_NO FROM T_F_DOCUMENT D WHERE D.PROPOSAL_NO = C.PROPOSALNO AND D.TYPE IN (?, ?)) UNION ALL SELECT POLICYNO, ? FROM PRPCMAINCOVERNOTE C WHERE ( (OPERATEDATE >= ? AND UNDERWRITEFLAG IN ('1', '3') AND NOT EXISTS (SELECT POLICY_NO FROM T_F_DOCUMENT D WHERE D.TYPE = ? AND D.STATUS = ? AND D.POLICY_NO = C.POLICYNO) ) OR (OPERATEDATE >= ? AND UNDERWRITEFLAG NOT IN ('1', '3') AND NOT EXISTS (SELECT POLICY_NO FROM T_F_DOCUMENT D WHERE D.TYPE = ? AND D.POLICY_NO = C.POLICYNO) ) ) UNION ALL SELECT ENDORSENO, ? FROM PRPPHEAD C WHERE ( (INPUTDATE >= ? AND UNDERWRITEFLAG IN ('1', '3') AND NOT EXISTS (SELECT NO FROM T_F_DOCUMENT D WHERE D.TYPE = ? AND D.STATUS = ? AND D.NO = C.ENDORSENO)) OR (INPUTDATE >= ? AND UNDERWRITEFLAG NOT IN ('1', '3') AND NOT EXISTS (SELECT NO FROM T_F_DOCUMENT D WHERE D.TYPE = ? AND D.NO = C.ENDORSENO) ) ) UNION ALL SELECT ENDORSENO, ? FROM PRPPHEADCOVERNOTE C WHERE ( (INPUTDATE >= ? AND UNDERWRITEFLAG IN ('1', '3') AND NOT EXISTS (SELECT ENDOR_NO FROM T_F_DOCUMENT D WHERE D.TYPE = ? AND D.STATUS = ? AND D.NO = C.ENDORSENO)) OR (INPUTDATE >= ? AND UNDERWRITEFLAG NOT IN ('1', '3') AND NOT EXISTS (SELECT ENDOR_NO FROM T_F_DOCUMENT D WHERE D.TYPE = ? AND D.NO = C.ENDORSENO) ) ) UNION ALL SELECT PROPOSALNO, ? FROM PRPTMAIN C WHERE OPERATEDATE >= ? AND UNDERWRITEFLAG NOT IN ('1', '3') AND NOT EXISTS (SELECT PROPOSAL_NO FROM T_F_DOCUMENT D WHERE D.TYPE IN (?, ?) AND D.PROPOSAL_NO = C.PROPOSALNO) , sql.queryClient.policy=SELECT T.INSUREDTYPE, T.INSUREDCODE, T.IDENTIFYTYPE, T.IDENTIFYNUMBER, T.INSUREDFLAG, NVL(C.IDINVALIDDATE, U.ORGINVALIDDATE) FROM PRPCINSURED T LEFT JOIN PRPDCUSTOMERIDV C ON C.CUSTOMERCODE = T.INSUREDCODE AND T.INSUREDTYPE = '1' LEFT JOIN PRPDCUSTOMERUNIT U ON U.CUSTOMERCODE = T.INSUREDCODE AND T.INSUREDTYPE = '2' WHERE T.POLICYNO = ? AND T.INSUREDFLAG = ?}
[DEBUG][2017-09-11 14:24:19,267] com.sinosoft.efiling.mail.MailHelper.setProperties(MailHelper.java:151)
	from=eFiling UAT <eFilingSystem@libertymutual.com.cn>
[DEBUG][2017-09-11 14:24:19,268] com.sinosoft.efiling.mail.MailHelper.setProperties(MailHelper.java:161)
	from=eFiling UAT <eFilingSystem@libertymutual.com.cn>
[DEBUG][2017-09-11 14:24:19,272] com.opensymphony.xwork2.util.logging.commons.CommonsLogger.debug(CommonsLogger.java:68)
	{mail.password=, mail.user=ARAP System, mail.smtp.host=10.132.1.168}
[DEBUG][2017-09-11 14:24:19,273] com.sinosoft.efiling.mail.MailHelper.setProperties(MailHelper.java:125)
	切换邮件配置:{mail.password=, mail.user=ARAP System, mail.smtp.host=10.132.1.168}
[DEBUG][2017-09-11 14:24:19,273] com.sinosoft.efiling.mail.MailHelper.setProperties(MailHelper.java:151)
	from=eFiling UAT <eFilingSystem@libertymutual.com.cn>
[DEBUG][2017-09-11 14:24:19,273] com.sinosoft.efiling.mail.MailHelper.setProperties(MailHelper.java:161)
	from=eFiling UAT <eFilingSystem@libertymutual.com.cn>
[DEBUG][2017-09-11 14:24:19,273] com.opensymphony.xwork2.util.logging.commons.CommonsLogger.debug(CommonsLogger.java:68)
	初始化定时器配置...
[INFO][2017-09-11 14:24:19,275] com.opensymphony.xwork2.util.logging.commons.CommonsLogger.info(CommonsLogger.java:42)
	配置timer.tasks=null
[INFO][2017-09-11 14:24:20,838] com.opensymphony.xwork2.util.logging.commons.CommonsLogger.info(CommonsLogger.java:42)
	DocumentAuditServiceAction.save(),生成保单数据接口调用:9105025000170000969000
[INFO][2017-09-11 14:24:20,869] com.sinosoft.efiling.service.DocumentAuditService.save(DocumentAuditService.java:236)
	9105025000170000969000 开始保存数据
[INFO][2017-09-11 14:28:56,643] com.sinosoft.efiling.service.DocumentAuditService.saveDocumntFiles(DocumentAuditService.java:1715)
	9105025000170000969000从承保数据库查询到的承保资料：
	0009 - 投保单或投保及报价确认单或续保通知书[com.sinosoft.efiling.hibernate.entity.DocumentFile@c9e766]false,true
	1200 - 被保险人身份证或组织机构代码证或营业执照(三证合一)[com.sinosoft.efiling.hibernate.entity.DocumentFile@964cbb]false,true
	2201 - 投保险人身份证或组织机构代码证或营业执照（三证合一）[com.sinosoft.efiling.hibernate.entity.DocumentFile@156c2a5]false,true
	3250 - 营业执照[com.sinosoft.efiling.hibernate.entity.DocumentFile@1292ba9]false,true
	4251 - 税务登记证/营业执照(三证合一)复印件[]false,false
	5258 - 货物进出口证明书/购车发票[com.sinosoft.efiling.hibernate.entity.DocumentFile@1ad44e6]false,true
	6278 - 免责事项说明书[com.sinosoft.efiling.hibernate.entity.DocumentFile@56bdf5]false,true
	7280 - 纳税人身份证[com.sinosoft.efiling.hibernate.entity.DocumentFile@80c0e]false,true
	8281 - 投保人实际控制人或法定代理人或负责人身份证件[com.sinosoft.efiling.hibernate.entity.DocumentFile@8d1601]false,true
	9282 - 被保险人实际控制人或法定代理人或负责人身份证件[com.sinosoft.efiling.hibernate.entity.DocumentFile@1c91d6b]false,true
[INFO][2017-09-11 14:28:56,644] com.sinosoft.efiling.service.DocumentAuditService.saveDocumntFiles(DocumentAuditService.java:1726)
	200
[INFO][2017-09-11 14:28:56,757] com.sinosoft.efiling.service.DocumentAuditService.saveDocumntFiles(DocumentAuditService.java:1729)
	
[INFO][2017-09-11 14:28:56,758] com.sinosoft.efiling.service.DocumentAuditService.saveDocumntFiles(DocumentAuditService.java:1726)
	1003
[INFO][2017-09-11 14:28:57,012] com.sinosoft.efiling.service.DocumentAuditService.saveDocumntFiles(DocumentAuditService.java:1729)
	
[INFO][2017-09-11 14:28:57,013] com.sinosoft.efiling.service.DocumentAuditService.saveDocumntFiles(DocumentAuditService.java:1726)
	258
[INFO][2017-09-11 14:28:57,065] com.sinosoft.efiling.service.DocumentAuditService.saveDocumntFiles(DocumentAuditService.java:1729)
	
[INFO][2017-09-11 14:28:57,068] com.sinosoft.efiling.service.DocumentAuditService.saveDocumntFiles(DocumentAuditService.java:1726)
	281
[INFO][2017-09-11 14:28:57,125] com.sinosoft.efiling.service.DocumentAuditService.saveDocumntFiles(DocumentAuditService.java:1729)
	
[INFO][2017-09-11 14:28:57,126] com.sinosoft.efiling.service.DocumentAuditService.saveDocumntFiles(DocumentAuditService.java:1726)
	250
[INFO][2017-09-11 14:28:57,177] com.sinosoft.efiling.service.DocumentAuditService.saveDocumntFiles(DocumentAuditService.java:1729)
	
[INFO][2017-09-11 14:28:57,178] com.sinosoft.efiling.service.DocumentAuditService.saveDocumntFiles(DocumentAuditService.java:1726)
	282
[INFO][2017-09-11 14:28:57,230] com.sinosoft.efiling.service.DocumentAuditService.saveDocumntFiles(DocumentAuditService.java:1729)
	
[INFO][2017-09-11 14:28:57,231] com.sinosoft.efiling.service.DocumentAuditService.saveDocumntFiles(DocumentAuditService.java:1726)
	009
[INFO][2017-09-11 14:28:57,282] com.sinosoft.efiling.service.DocumentAuditService.saveDocumntFiles(DocumentAuditService.java:1729)
	
[INFO][2017-09-11 14:28:57,283] com.sinosoft.efiling.service.DocumentAuditService.saveDocumntFiles(DocumentAuditService.java:1726)
	201
[INFO][2017-09-11 14:28:57,336] com.sinosoft.efiling.service.DocumentAuditService.saveDocumntFiles(DocumentAuditService.java:1729)
	
[INFO][2017-09-11 14:28:57,337] com.sinosoft.efiling.service.DocumentAuditService.saveDocumntFiles(DocumentAuditService.java:1726)
	1004
[INFO][2017-09-11 14:28:57,387] com.sinosoft.efiling.service.DocumentAuditService.saveDocumntFiles(DocumentAuditService.java:1729)
	
[INFO][2017-09-11 14:28:57,435] com.sinosoft.efiling.service.DocumentAuditService.saveDocumntFiles(DocumentAuditService.java:1791)
	删除0条数据!
[INFO][2017-09-11 14:28:57,808] com.sinosoft.efiling.service.DocumentAuditService.save(DocumentAuditService.java:281)
	9105025000170000969000 数据保存完成,需要的承保资料清单:

	1.200 - 被保险人身份证或组织机构代码证或营业执照（三证合一）
	2.1003 - 免责事项说明书
	3.258 - 货物进出口证明书/购车发票
	4.281 - 投保人实际控制人或法定代理人或负责人身份证件
	5.250 - 营业执照复印件
	6.282 - 被保险人实际控制人或法定代理人或负责人身份证件
	7.009 - 投保单或投保及报价确认单或续保通知书
	8.201 - 投保险人身份证或组织机构代码证或营业执照（三证合一）
	9.1004 - 纳税人身份证
[INFO][2017-09-11 14:28:57,844] com.opensymphony.xwork2.util.logging.commons.CommonsLogger.info(CommonsLogger.java:42)
	DocumentAuditServiceAction.save(),生成保单数据接口调用成功:9105025000170000969000
[DEBUG][2017-09-11 15:32:02,048] com.opensymphony.xwork2.util.logging.commons.CommonsLogger.debug(CommonsLogger.java:68)
	系统启动!
[DEBUG][2017-09-11 15:32:02,056] com.opensymphony.xwork2.util.logging.commons.CommonsLogger.debug(CommonsLogger.java:68)
	系统主目录:[E:\workspace\eFiling\eFiling\]
[DEBUG][2017-09-11 15:32:02,254] com.opensymphony.xwork2.util.logging.commons.CommonsLogger.debug(CommonsLogger.java:68)
	初始化FileNet配置...
[DEBUG][2017-09-11 15:32:02,306] com.opensymphony.xwork2.util.logging.commons.CommonsLogger.debug(CommonsLogger.java:68)
	{}
[DEBUG][2017-09-11 15:32:02,308] com.opensymphony.xwork2.util.logging.commons.CommonsLogger.debug(CommonsLogger.java:68)
	初始化邮件配置...
[DEBUG][2017-09-11 15:32:02,328] com.sinosoft.efiling.mail.MailHelper.setProperties(MailHelper.java:125)
	切换邮件配置:{include=sql.properties, timer.properties, mail.properties, timer.reminder.template=timer.reminder, sql.queryClient.endor.coverNote=SELECT T.INSUREDTYPE, T.INSUREDCODE, T.IDENTIFYTYPE, T.IDENTIFYNUMBER, T.INSUREDFLAG, NVL(C.IDINVALIDDATE, U.ORGINVALIDDATE) FROM PRPCPCUSTOMER T LEFT JOIN PRPDCUSTOMERIDV C ON C.CUSTOMERCODE = T.INSUREDCODE AND T.INSUREDTYPE = '1' LEFT JOIN PRPDCUSTOMERUNIT U ON U.CUSTOMERCODE = T.INSUREDCODE AND T.INSUREDTYPE = '2' WHERE T.POLICYNO = ? AND T.INSUREDFLAG = ?, mail.debug.to=15922901803@163.com,Laura.Luo@libertymutual.com.cn,annie.zhang@libertymutual.com.cn, timer.document.complement.date=2014-04-27, mail.smtp.auth=false, mail.disabled=false, sql.queryVehicle.policy=SELECT T.USENATURECODE, C.VEHICLECATEGORYCODE, T.ENROLLDATE, T.VINNO, T.ENGINENO FROM PRPCITEMCAR T LEFT JOIN PRPCITEMCAREXT C ON C.POLICYNO = T.POLICYNO AND C.ITEMNO = T.ITEMNO WHERE T.POLICYNO = ?, mail.password=, timer.document.share.sql=select no from t_f_document t where id in (select document_id from t_f_document_file a where a.status = ? and a.paper_type is not null and a.paper_code is not null and a.due_time is not null and exists (select * from t_f_document_file b where b.status = ? and (b.file_type_id = a.file_type_id or b.file_type_code = a.file_type_code or (a.file_type_id in ('200', '201') and b.file_type_id in ('200', '201'))) and b.paper_type = a.paper_type and b.paper_code = a.paper_code and b.due_time is not null)) and t.status = ? , timer.reminder.days=-10, timer.reminder.title=投保资料差缺到期提醒, sql.queryCarOwner.proposal=SELECT DECODE(C.CARINSUREDRELATION, '3', '1', '2') AS INSUREDTYPE, NULL AS CAROWNERCODE, T.IDENTIFYTYPE, T.CERTIFICATENO, '3' AS CAROWNERFLAG, NULL AS INVALIDDATE FROM PRPTCAROWNER T INNER JOIN PRPTITEMCAR C ON C.PROPOSALNO = T.PROPOSALNO WHERE T.PROPOSALNO = ?, scan.read.class.code.motor=05, sql.queryCarOwner.policy=SELECT DECODE(C.CARINSUREDRELATION, '3', '1', '2') AS INSUREDTYPE, NULL AS CAROWNERCODE, T.IDENTIFYTYPE, T.CERTIFICATENO, '3' AS CAROWNERFLAG, NULL AS INVALIDDATE FROM PRPCCAROWNER T INNER JOIN PRPCITEMCAR C ON C.POLICYNO = T.POLICYNO WHERE T.POLICYNO = ?, mail.encoding=UTF-8, sql.check.commit=SELECT DISTINCT NO FROM ( SELECT T.ID, T.NO, T.FILE_STATUS, (CEIL(SYSDATE - T.SALES_TIME) - NVL(NVL(NVL(NVL(L.DAYS, L1.DAYS), L2.DAYS), L3.DAYS), ?)) AS DAYS, NVL(NVL(NVL(NVL(L.CTRL_TYPE, L1.CTRL_TYPE), L2.CTRL_TYPE), L3.CTRL_TYPE), ?) AS CTRL_TYPE FROM T_F_DOCUMENT T INNER JOIN T_F_DOCUMENT_FILE TT ON T.ID = TT.DOCUMENT_ID INNER JOIN T_F_FILE_TYPE TF ON TT.FILE_TYPE_ID = TF.ID LEFT JOIN T_F_FILE_DEADLINE L ON L.STATUS = '1' AND L.PRODUCT_ID = T.PRODUCT_ID AND L.FILE_DEPT_ID = T.BUSINESS_DEPT_ID LEFT JOIN T_F_FILE_DEADLINE L1 ON L1.STATUS = '1' AND L1.PRODUCT_ID IS NULL AND L1.FILE_DEPT_ID = T.BUSINESS_DEPT_ID LEFT JOIN T_F_FILE_DEADLINE L2 ON L2.STATUS = '1' AND L2.PRODUCT_ID = T.PRODUCT_ID AND L2.FILE_DEPT_ID IS NULL AND L2.COMPANY_ID = T.BUSINESS_COMPANY_ID LEFT JOIN T_F_FILE_DEADLINE L3 ON L3.STATUS = '1' AND L3.PRODUCT_ID IS NULL AND L3.FILE_DEPT_ID IS NULL AND L3.COMPANY_ID = T.BUSINESS_COMPANY_ID WHERE T.FILE_STATUS IN (?, ?) AND T.STATUS = ? AND TF.SIGNED <> ? AND T.BUSINESS_NO = ?) A WHERE DAYS > 0 AND ((CTRL_TYPE = ?) OR (FILE_STATUS = ? AND CTRL_TYPE = ?)), timer.file.lending.sql=SELECT T.BORROWER_EMAIL AS USER_CODE, T.BORROWER_NAME, T.BORROWER_EMAIL, DOC.NO, F.NO AS FILE_NO, (P.ID || '.' || P.NAME) AS TYPE_NAME, TO_CHAR(T.INSERT_TIME, 'YYYY-MM-DD'), TO_CHAR(T.EXPECTED_RETURN_DATE, 'YYYY-MM-DD') FROM T_F_FILE_LENDING T INNER JOIN T_F_FILE_LENDING_DETAIL D ON D.LENDING_ID = T.ID INNER JOIN PRPDUSER U ON U.USERCODE = T.USER_ID INNER JOIN T_F_DOCUMENT_FILE DOF ON DOF.ID = D.DOCUMENT_FILE_ID INNER JOIN T_F_DOCUMENT DOC ON DOC.ID = DOF.DOCUMENT_ID INNER JOIN T_F_FILE F ON F.ID = DOF.FILE_ID INNER JOIN T_F_FILE_TYPE P ON P.ID = F.TYPE_ID WHERE D.STATUS IN (?) AND TRUNC(SYSDATE - T.EXPECTED_RETURN_DATE) = ?, sql.queryVehicle.proposal=SELECT T.USENATURECODE, C.VEHICLECATEGORYCODE, T.ENROLLDATE, T.VINNO, T.ENGINENO FROM PRPTITEMCAR T LEFT JOIN PRPTITEMCAREXT C ON C.PROPOSALNO = T.PROPOSALNO AND C.ITEMNO = T.ITEMNO WHERE T.PROPOSALNO = ?, sql.file.core.audit=SELECT T.ID , T.NO , T.FILE_APPROVE_STATUS, T.APPLICANT  AS APPLICANT,   PU3.USERNAME AS SALESNAME,   PC.COMCNAME  AS COMCNAME,    T.AGENT_NAME AS AGENT_NAME,  PU1.USERNAME AS BUSINESSNAME,PU2.USERNAME AS USERNAME, (SELECT COUNT(*) FROM T_F_DOCUMENT_FILE TF	INNER JOIN T_F_FILE F ON TF.FILE_ID = F.ID    WHERE T.ID = TF.DOCUMENT_ID	AND F.FILE_APPROVE_STATUS IS NOT NULL AND (TF.STATUS = ? AND F.FILE_APPROVE_STATUS = ?)) AS UNAUDITED_COUNT FROM T_F_DOCUMENT T  LEFT JOIN PRPDCOMPANY PC ON T.BUSINESS_DEPT_ID = PC.COMCODE  LEFT JOIN PRPDUSER PU1 ON T.BUSINESS_USER_ID = PU1.USERCODE  LEFT JOIN PRPDUSER PU2 ON T.USER_ID = PU2.USERCODE           LEFT JOIN PRPDUSER PU3 ON T.SALES_ID = PU3.USERCODE			WHERE EXISTS (										SELECT 1 FROM T_F_DOCUMENT_FILE TF							INNER JOIN T_F_FILE TT ON TF.FILE_ID = TT.ID    WHERE T.ID = TF.DOCUMENT_ID	AND TT.FILE_APPROVE_STATUS IS NOT NULL AND ((TF.STATUS = ? AND TT.FILE_APPROVE_STATUS = ?) OR TT.FILE_APPROVE_STATUS IN (?, ?)) ), cq.import.dir=, timer.file.lending.days=0, ??????#=é???????????sql?????????, mail.transport.protocol=smtp, mail.debug=true, sql.report.lack=SELECT ID, NO, PRODUCT_NAME, NVL(LICENSE_NO, ENGINE_NO), DEPT_NAME, USER_NAME, BUSINESS_NO, APPLICANT, SALES_TIME, EFFECTIVE_TIME, LACKS, DAYS FROM ( SELECT T.*, (CASE WHEN XDAYS > 0 AND ((CTRL_TYPE = '11') OR (FILE_STATUS = '00' AND CTRL_TYPE = '00')) THEN XDAYS ELSE 0 END) AS DAYS FROM ( SELECT T.*, P.NAME AS PRODUCT_NAME, (D.COMCNAME) AS DEPT_NAME, (U.USERNAME) AS USER_NAME, (CEIL(SYSDATE - T.SALES_TIME) - NVL(NVL(NVL(NVL(L.DAYS, L1.DAYS), L2.DAYS), L3.DAYS), ?)) AS XDAYS, NVL(NVL(NVL(NVL(L.CTRL_TYPE, L1.CTRL_TYPE), L2.CTRL_TYPE), L3.CTRL_TYPE), '11') AS CTRL_TYPE FROM T_F_DOCUMENT T LEFT JOIN PRPDCOMPANY D ON D.COMCODE = T.BUSINESS_DEPT_ID LEFT JOIN PRPDUSER U ON U.USERCODE = T.BUSINESS_USER_ID LEFT JOIN T_F_PRODUCT P ON P.ID = T.PRODUCT_ID LEFT JOIN T_F_FILE_DEADLINE L ON L.STATUS = '1' AND L.PRODUCT_ID = T.PRODUCT_ID AND L.FILE_DEPT_ID = T.BUSINESS_DEPT_ID LEFT JOIN T_F_FILE_DEADLINE L1 ON L1.STATUS = '1' AND L1.PRODUCT_ID IS NULL AND L1.FILE_DEPT_ID = T.BUSINESS_DEPT_ID LEFT JOIN T_F_FILE_DEADLINE L2 ON L2.STATUS = '1' AND L2.PRODUCT_ID = T.PRODUCT_ID AND L2.FILE_DEPT_ID IS NULL AND L2.COMPANY_ID = T.BUSINESS_COMPANY_ID LEFT JOIN T_F_FILE_DEADLINE L3 ON L3.STATUS = '1' AND L3.PRODUCT_ID IS NULL AND L3.FILE_DEPT_ID IS NULL AND L3.COMPANY_ID = T.BUSINESS_COMPANY_ID WHERE T.FILE_STATUS IN (?, ?) AND T.STATUS = ? ) T ) T, sql.queryClient.endor=SELECT T.INSUREDTYPE, T.INSUREDCODE, T.IDENTIFYTYPE, T.IDENTIFYNUMBER, T.INSUREDFLAG, NVL(C.IDINVALIDDATE, U.ORGINVALIDDATE) FROM PRPCPINSURED T LEFT JOIN PRPDCUSTOMERIDV C ON C.CUSTOMERCODE = T.INSUREDCODE AND T.INSUREDTYPE = '1' LEFT JOIN PRPDCUSTOMERUNIT U ON U.CUSTOMERCODE = T.INSUREDCODE AND T.INSUREDTYPE = '2' WHERE T.POLICYNO = ? AND T.INSUREDFLAG = ?, timer.file.lending.template=timer.fileLending, mail.from=eFiling UAT<eFilingSystem@libertymutual.com.cn>, timer.file.lending.title=借阅档案到期提醒, timer.reminder.sql=SELECT BUSINESS_USER_ID, USER_NAME, USER_MAIL, NO, BUSINESS_NO, PRODUCT_NAME, NVL(LICENSE_NO, ENGINE_NO), APPLICANT, TO_CHAR(SALES_TIME, 'YYYY-MM-DD'), TO_CHAR(EFFECTIVE_TIME, 'YYYY-MM-DD'), LACKS, DAYS FROM ( SELECT T.*, P.NAME AS PRODUCT_NAME, (U.USERENAME || ' - ' || U.USERNAME) AS USER_NAME, U.EMAIL AS USER_MAIL, (CEIL(SYSDATE - T.SALES_TIME) - NVL(NVL(NVL(NVL(L.DAYS, L1.DAYS), L2.DAYS), L3.DAYS), ?)) AS DAYS, NVL(NVL(NVL(NVL(L.CTRL_TYPE, L1.CTRL_TYPE), L2.CTRL_TYPE), L3.CTRL_TYPE), '11') AS CTRL_TYPE FROM T_F_DOCUMENT T LEFT JOIN PRPDCOMPANY D ON D.COMCODE = T.BUSINESS_DEPT_ID LEFT JOIN PRPDUSER U ON U.USERCODE = T.BUSINESS_USER_ID LEFT JOIN T_F_PRODUCT P ON P.ID = T.PRODUCT_ID LEFT JOIN T_F_FILE_DEADLINE L ON L.STATUS = '1' AND L.PRODUCT_ID = T.PRODUCT_ID AND L.FILE_DEPT_ID = T.BUSINESS_DEPT_ID LEFT JOIN T_F_FILE_DEADLINE L1 ON L1.STATUS = '1' AND L1.PRODUCT_ID IS NULL AND L1.FILE_DEPT_ID = T.BUSINESS_DEPT_ID LEFT JOIN T_F_FILE_DEADLINE L2 ON L2.STATUS = '1' AND L2.PRODUCT_ID = T.PRODUCT_ID AND L2.FILE_DEPT_ID IS NULL AND L2.COMPANY_ID = T.BUSINESS_COMPANY_ID LEFT JOIN T_F_FILE_DEADLINE L3 ON L3.STATUS = '1' AND L3.PRODUCT_ID IS NULL AND L3.FILE_DEPT_ID IS NULL AND L3.COMPANY_ID = T.BUSINESS_COMPANY_ID WHERE T.FILE_STATUS IN ('00', '01') AND T.STATUS = '1' ) T WHERE ((CTRL_TYPE = '11') OR (FILE_STATUS = '00' AND CTRL_TYPE = '00')) AND DAYS >= ? ORDER BY BUSINESS_USER_ID, DAYS, PROPOSAL_NO, POLICY_NO, NO, ???#=é?????????????????,?¤???????é????¨é????・??????é??, sql.queryClient.proposal.coverNote=SELECT T.INSUREDTYPE, T.INSUREDCODE, T.IDENTIFYTYPE, T.IDENTIFYNUMBER, T.INSUREDFLAG, NVL(C.IDINVALIDDATE, U.ORGINVALIDDATE) FROM PRPCCUSTOMER T LEFT JOIN PRPDCUSTOMERIDV C ON C.CUSTOMERCODE = T.INSUREDCODE AND T.INSUREDTYPE = '1' LEFT JOIN PRPDCUSTOMERUNIT U ON U.CUSTOMERCODE = T.INSUREDCODE AND T.INSUREDTYPE = '2' WHERE T.POLICYNO = ? AND T.INSUREDFLAG = ?, mail.smtp.host=10.132.1.168, sql.queryClient.proposal=SELECT T.INSUREDTYPE, T.INSUREDCODE, T.IDENTIFYTYPE, T.IDENTIFYNUMBER, T.INSUREDFLAG, NVL(C.IDINVALIDDATE, U.ORGINVALIDDATE) FROM PRPTINSURED T LEFT JOIN PRPDCUSTOMERIDV C ON C.CUSTOMERCODE = T.INSUREDCODE AND T.INSUREDTYPE = '1' LEFT JOIN PRPDCUSTOMERUNIT U ON U.CUSTOMERCODE = T.INSUREDCODE AND T.INSUREDTYPE = '2' WHERE T.PROPOSALNO = ? AND T.INSUREDFLAG = ?, sql.fileLending.query=SELECT T.ID, T.NO, T.TYPE, FD.BORROWER_NAME, FD.INSERT_TIME, FD.EXPECTED_RETURN_DATE, T.FILE_STATUS, TRUNC(SYSDATE - FD.EXPECTED_RETURN_DATE) AS RETURN_DATE1, TRUNC(SYSDATE - FD.EXPECTED_RETURN_DATE) AS RETURN_DATE2, U.USERNAME, T.LENT, FD.ID AS LENDING_ID FROM T_F_DOCUMENT T LEFT JOIN ( SELECT DISTINCT F.DOCUMENT_ID, L.* FROM T_F_FILE_LENDING L INNER JOIN T_F_FILE_LENDING_DETAIL D ON D.LENDING_ID = L.ID INNER JOIN T_F_DOCUMENT_FILE F ON F.FILE_ID = D.FILE_ID WHERE L.STATUS IN ('1', '2') ) FD ON FD.DOCUMENT_ID = T.ID LEFT JOIN PRPDUSER U ON U.USERCODE = FD.USER_ID, sql.queryCarOwner.endor=SELECT DECODE(C.CARINSUREDRELATION, '3', '1', '2') AS INSUREDTYPE, NULL AS CAROWNERCODE, T.IDENTIFYTYPE, T.CERTIFICATENO, '3' AS CAROWNERFLAG, NULL AS INVALIDDATE FROM PRPCPCAROWNER T INNER JOIN PRPCPITEMCAR C ON C.POLICYNO = T.POLICYNO WHERE T.POLICYNO = ?, mail.user=eFilingSystemTest, sql.queryVehicle.endor=SELECT T.USENATURECODE, C.VEHICLECATEGORYCODE, T.ENROLLDATE, T.VINNO, T.ENGINENO FROM PRPCPITEMCAR T LEFT JOIN PRPPITEMCAREXT C ON C.ENDORSENO = T.ENDORSENO AND C.ITEMNO = T.ITEMNO WHERE T.POLICYNO = ?, timer.document.complement.sql=SELECT POLICYNO, ? AS TYPE FROM PRPCMAIN C WHERE EXISTS (SELECT ID FROM T_F_DOCUMENT D WHERE D.TYPE = ? AND D.PROPOSAL_NO = C.PROPOSALNO) UNION ALL SELECT POLICYNO, ? AS TYPE FROM PRPCMAIN C WHERE C.OPERATEDATE >= ? AND NOT EXISTS (SELECT PROPOSAL_NO FROM T_F_DOCUMENT D WHERE D.PROPOSAL_NO = C.PROPOSALNO AND D.TYPE IN (?, ?)) UNION ALL SELECT POLICYNO, ? FROM PRPCMAINCOVERNOTE C WHERE ( (OPERATEDATE >= ? AND UNDERWRITEFLAG IN ('1', '3') AND NOT EXISTS (SELECT POLICY_NO FROM T_F_DOCUMENT D WHERE D.TYPE = ? AND D.STATUS = ? AND D.POLICY_NO = C.POLICYNO) ) OR (OPERATEDATE >= ? AND UNDERWRITEFLAG NOT IN ('1', '3') AND NOT EXISTS (SELECT POLICY_NO FROM T_F_DOCUMENT D WHERE D.TYPE = ? AND D.POLICY_NO = C.POLICYNO) ) ) UNION ALL SELECT ENDORSENO, ? FROM PRPPHEAD C WHERE ( (INPUTDATE >= ? AND UNDERWRITEFLAG IN ('1', '3') AND NOT EXISTS (SELECT NO FROM T_F_DOCUMENT D WHERE D.TYPE = ? AND D.STATUS = ? AND D.NO = C.ENDORSENO)) OR (INPUTDATE >= ? AND UNDERWRITEFLAG NOT IN ('1', '3') AND NOT EXISTS (SELECT NO FROM T_F_DOCUMENT D WHERE D.TYPE = ? AND D.NO = C.ENDORSENO) ) ) UNION ALL SELECT ENDORSENO, ? FROM PRPPHEADCOVERNOTE C WHERE ( (INPUTDATE >= ? AND UNDERWRITEFLAG IN ('1', '3') AND NOT EXISTS (SELECT ENDOR_NO FROM T_F_DOCUMENT D WHERE D.TYPE = ? AND D.STATUS = ? AND D.NO = C.ENDORSENO)) OR (INPUTDATE >= ? AND UNDERWRITEFLAG NOT IN ('1', '3') AND NOT EXISTS (SELECT ENDOR_NO FROM T_F_DOCUMENT D WHERE D.TYPE = ? AND D.NO = C.ENDORSENO) ) ) UNION ALL SELECT PROPOSALNO, ? FROM PRPTMAIN C WHERE OPERATEDATE >= ? AND UNDERWRITEFLAG NOT IN ('1', '3') AND NOT EXISTS (SELECT PROPOSAL_NO FROM T_F_DOCUMENT D WHERE D.TYPE IN (?, ?) AND D.PROPOSAL_NO = C.PROPOSALNO) , sql.queryClient.policy=SELECT T.INSUREDTYPE, T.INSUREDCODE, T.IDENTIFYTYPE, T.IDENTIFYNUMBER, T.INSUREDFLAG, NVL(C.IDINVALIDDATE, U.ORGINVALIDDATE) FROM PRPCINSURED T LEFT JOIN PRPDCUSTOMERIDV C ON C.CUSTOMERCODE = T.INSUREDCODE AND T.INSUREDTYPE = '1' LEFT JOIN PRPDCUSTOMERUNIT U ON U.CUSTOMERCODE = T.INSUREDCODE AND T.INSUREDTYPE = '2' WHERE T.POLICYNO = ? AND T.INSUREDFLAG = ?}
[DEBUG][2017-09-11 15:32:02,330] com.sinosoft.efiling.mail.MailHelper.setProperties(MailHelper.java:151)
	from=eFiling UAT <eFilingSystem@libertymutual.com.cn>
[DEBUG][2017-09-11 15:32:02,330] com.sinosoft.efiling.mail.MailHelper.setProperties(MailHelper.java:161)
	from=eFiling UAT <eFilingSystem@libertymutual.com.cn>
[DEBUG][2017-09-11 15:32:02,335] com.opensymphony.xwork2.util.logging.commons.CommonsLogger.debug(CommonsLogger.java:68)
	{mail.password=, mail.user=ARAP System, mail.smtp.host=10.132.1.168}
[DEBUG][2017-09-11 15:32:02,335] com.sinosoft.efiling.mail.MailHelper.setProperties(MailHelper.java:125)
	切换邮件配置:{mail.password=, mail.user=ARAP System, mail.smtp.host=10.132.1.168}
[DEBUG][2017-09-11 15:32:02,335] com.sinosoft.efiling.mail.MailHelper.setProperties(MailHelper.java:151)
	from=eFiling UAT <eFilingSystem@libertymutual.com.cn>
[DEBUG][2017-09-11 15:32:02,335] com.sinosoft.efiling.mail.MailHelper.setProperties(MailHelper.java:161)
	from=eFiling UAT <eFilingSystem@libertymutual.com.cn>
[DEBUG][2017-09-11 15:32:02,336] com.opensymphony.xwork2.util.logging.commons.CommonsLogger.debug(CommonsLogger.java:68)
	初始化定时器配置...
[INFO][2017-09-11 15:32:02,337] com.opensymphony.xwork2.util.logging.commons.CommonsLogger.info(CommonsLogger.java:42)
	配置timer.tasks=null
[INFO][2017-09-11 15:32:03,949] com.opensymphony.xwork2.util.logging.commons.CommonsLogger.info(CommonsLogger.java:42)
	DocumentAuditServiceAction.save(),生成保单数据接口调用:9805025000170002991000
[INFO][2017-09-11 15:32:04,437] com.sinosoft.efiling.service.DocumentAuditService.save(DocumentAuditService.java:236)
	9805025000170002991000 开始保存数据
[INFO][2017-09-11 15:33:19,759] com.sinosoft.efiling.service.DocumentAuditService.saveDocumntFiles(DocumentAuditService.java:1715)
	9805025000170002991000从承保数据库查询到的承保资料：
	0009 - 投保单或投保及报价确认单或续保通知书[com.sinosoft.efiling.hibernate.entity.DocumentFile@1a16f89]false,true
	1200 - 被保险人身份证或组织机构代码证或营业执照(三证合一)[com.sinosoft.efiling.hibernate.entity.DocumentFile@1fa179]false,true
	2201 - 投保险人身份证或组织机构代码证或营业执照（三证合一）[com.sinosoft.efiling.hibernate.entity.DocumentFile@191cd31]false,true
	3250 - 营业执照[com.sinosoft.efiling.hibernate.entity.DocumentFile@16df91]false,true
	4251 - 税务登记证/营业执照(三证合一)复印件[]false,false
	5258 - 货物进出口证明书/购车发票[com.sinosoft.efiling.hibernate.entity.DocumentFile@1afb5b9]false,true
	6278 - 免责事项说明书[com.sinosoft.efiling.hibernate.entity.DocumentFile@395801]false,true
	7280 - 纳税人身份证[com.sinosoft.efiling.hibernate.entity.DocumentFile@141b891]false,true
	8281 - 投保人实际控制人或法定代理人或负责人身份证件[com.sinosoft.efiling.hibernate.entity.DocumentFile@7eefa9]false,true
	9282 - 被保险人实际控制人或法定代理人或负责人身份证件[com.sinosoft.efiling.hibernate.entity.DocumentFile@c3ad36]false,true
[INFO][2017-09-11 15:33:25,010] com.sinosoft.efiling.service.DocumentAuditService.saveDocumntFiles(DocumentAuditService.java:1726)
	282
[INFO][2017-09-11 15:33:25,251] com.sinosoft.efiling.service.DocumentAuditService.saveDocumntFiles(DocumentAuditService.java:1729)
	
[INFO][2017-09-11 15:33:25,288] com.sinosoft.efiling.service.DocumentAuditService.saveDocumntFiles(DocumentAuditService.java:1726)
	258
[INFO][2017-09-11 15:33:25,412] com.sinosoft.efiling.service.DocumentAuditService.saveDocumntFiles(DocumentAuditService.java:1729)
	
[INFO][2017-09-11 15:33:25,415] com.sinosoft.efiling.service.DocumentAuditService.saveDocumntFiles(DocumentAuditService.java:1726)
	281
[INFO][2017-09-11 15:33:25,497] com.sinosoft.efiling.service.DocumentAuditService.saveDocumntFiles(DocumentAuditService.java:1729)
	
[INFO][2017-09-11 15:33:25,499] com.sinosoft.efiling.service.DocumentAuditService.saveDocumntFiles(DocumentAuditService.java:1726)
	009
[INFO][2017-09-11 15:33:25,606] com.sinosoft.efiling.service.DocumentAuditService.saveDocumntFiles(DocumentAuditService.java:1729)
	
[INFO][2017-09-11 15:33:25,608] com.sinosoft.efiling.service.DocumentAuditService.saveDocumntFiles(DocumentAuditService.java:1726)
	1003
[INFO][2017-09-11 15:33:25,690] com.sinosoft.efiling.service.DocumentAuditService.saveDocumntFiles(DocumentAuditService.java:1729)
	
[INFO][2017-09-11 15:33:25,692] com.sinosoft.efiling.service.DocumentAuditService.saveDocumntFiles(DocumentAuditService.java:1726)
	200
[INFO][2017-09-11 15:33:25,777] com.sinosoft.efiling.service.DocumentAuditService.saveDocumntFiles(DocumentAuditService.java:1729)
	
[INFO][2017-09-11 15:33:25,779] com.sinosoft.efiling.service.DocumentAuditService.saveDocumntFiles(DocumentAuditService.java:1726)
	1004
[INFO][2017-09-11 15:33:25,865] com.sinosoft.efiling.service.DocumentAuditService.saveDocumntFiles(DocumentAuditService.java:1729)
	
[INFO][2017-09-11 15:33:25,868] com.sinosoft.efiling.service.DocumentAuditService.saveDocumntFiles(DocumentAuditService.java:1726)
	250
[INFO][2017-09-11 15:33:25,958] com.sinosoft.efiling.service.DocumentAuditService.saveDocumntFiles(DocumentAuditService.java:1729)
	
[INFO][2017-09-11 15:33:25,960] com.sinosoft.efiling.service.DocumentAuditService.saveDocumntFiles(DocumentAuditService.java:1726)
	201
[INFO][2017-09-11 15:33:26,045] com.sinosoft.efiling.service.DocumentAuditService.saveDocumntFiles(DocumentAuditService.java:1729)
	
[INFO][2017-09-11 15:33:26,158] com.sinosoft.efiling.service.DocumentAuditService.saveDocumntFiles(DocumentAuditService.java:1791)
	删除0条数据!
[INFO][2017-09-11 15:33:30,263] com.sinosoft.efiling.service.DocumentAuditService.save(DocumentAuditService.java:281)
	9805025000170002991000 数据保存完成,需要的承保资料清单:

	1.282 - 被保险人实际控制人或法定代理人或负责人身份证件
	2.258 - 货物进出口证明书/购车发票
	3.281 - 投保人实际控制人或法定代理人或负责人身份证件
	4.009 - 投保单或投保及报价确认单或续保通知书
	5.1003 - 免责事项说明书
	6.200 - 被保险人身份证或组织机构代码证或营业执照（三证合一）
	7.1004 - 纳税人身份证
	8.250 - 营业执照复印件
	9.201 - 投保险人身份证或组织机构代码证或营业执照（三证合一）
[INFO][2017-09-11 15:33:30,284] com.opensymphony.xwork2.util.logging.commons.CommonsLogger.info(CommonsLogger.java:42)
	DocumentAuditServiceAction.save(),生成保单数据接口调用成功:9805025000170002991000
[DEBUG][2017-09-12 10:04:43,955] com.opensymphony.xwork2.util.logging.commons.CommonsLogger.debug(CommonsLogger.java:68)
	系统启动!
[DEBUG][2017-09-12 10:04:43,990] com.opensymphony.xwork2.util.logging.commons.CommonsLogger.debug(CommonsLogger.java:68)
	系统主目录:[E:\workspace\eFiling\eFiling\]
[DEBUG][2017-09-12 10:04:44,623] com.opensymphony.xwork2.util.logging.commons.CommonsLogger.debug(CommonsLogger.java:68)
	初始化FileNet配置...
[DEBUG][2017-09-12 10:04:44,779] com.opensymphony.xwork2.util.logging.commons.CommonsLogger.debug(CommonsLogger.java:68)
	{}
[DEBUG][2017-09-12 10:04:44,806] com.opensymphony.xwork2.util.logging.commons.CommonsLogger.debug(CommonsLogger.java:68)
	初始化邮件配置...
[DEBUG][2017-09-12 10:04:44,874] com.sinosoft.efiling.mail.MailHelper.setProperties(MailHelper.java:125)
	切换邮件配置:{include=sql.properties, timer.properties, mail.properties, timer.reminder.template=timer.reminder, sql.queryClient.endor.coverNote=SELECT T.INSUREDTYPE, T.INSUREDCODE, T.IDENTIFYTYPE, T.IDENTIFYNUMBER, T.INSUREDFLAG, NVL(C.IDINVALIDDATE, U.ORGINVALIDDATE) FROM PRPCPCUSTOMER T LEFT JOIN PRPDCUSTOMERIDV C ON C.CUSTOMERCODE = T.INSUREDCODE AND T.INSUREDTYPE = '1' LEFT JOIN PRPDCUSTOMERUNIT U ON U.CUSTOMERCODE = T.INSUREDCODE AND T.INSUREDTYPE = '2' WHERE T.POLICYNO = ? AND T.INSUREDFLAG = ?, mail.debug.to=15922901803@163.com,Laura.Luo@libertymutual.com.cn,annie.zhang@libertymutual.com.cn, timer.document.complement.date=2014-04-27, mail.smtp.auth=false, mail.disabled=false, sql.queryVehicle.policy=SELECT T.USENATURECODE, C.VEHICLECATEGORYCODE, T.ENROLLDATE, T.VINNO, T.ENGINENO FROM PRPCITEMCAR T LEFT JOIN PRPCITEMCAREXT C ON C.POLICYNO = T.POLICYNO AND C.ITEMNO = T.ITEMNO WHERE T.POLICYNO = ?, mail.password=, timer.document.share.sql=select no from t_f_document t where id in (select document_id from t_f_document_file a where a.status = ? and a.paper_type is not null and a.paper_code is not null and a.due_time is not null and exists (select * from t_f_document_file b where b.status = ? and (b.file_type_id = a.file_type_id or b.file_type_code = a.file_type_code or (a.file_type_id in ('200', '201') and b.file_type_id in ('200', '201'))) and b.paper_type = a.paper_type and b.paper_code = a.paper_code and b.due_time is not null)) and t.status = ? , timer.reminder.days=-10, timer.reminder.title=投保资料差缺到期提醒, sql.queryCarOwner.proposal=SELECT DECODE(C.CARINSUREDRELATION, '3', '1', '2') AS INSUREDTYPE, NULL AS CAROWNERCODE, T.IDENTIFYTYPE, T.CERTIFICATENO, '3' AS CAROWNERFLAG, NULL AS INVALIDDATE FROM PRPTCAROWNER T INNER JOIN PRPTITEMCAR C ON C.PROPOSALNO = T.PROPOSALNO WHERE T.PROPOSALNO = ?, scan.read.class.code.motor=05, sql.queryCarOwner.policy=SELECT DECODE(C.CARINSUREDRELATION, '3', '1', '2') AS INSUREDTYPE, NULL AS CAROWNERCODE, T.IDENTIFYTYPE, T.CERTIFICATENO, '3' AS CAROWNERFLAG, NULL AS INVALIDDATE FROM PRPCCAROWNER T INNER JOIN PRPCITEMCAR C ON C.POLICYNO = T.POLICYNO WHERE T.POLICYNO = ?, mail.encoding=UTF-8, sql.check.commit=SELECT DISTINCT NO FROM ( SELECT T.ID, T.NO, T.FILE_STATUS, (CEIL(SYSDATE - T.SALES_TIME) - NVL(NVL(NVL(NVL(L.DAYS, L1.DAYS), L2.DAYS), L3.DAYS), ?)) AS DAYS, NVL(NVL(NVL(NVL(L.CTRL_TYPE, L1.CTRL_TYPE), L2.CTRL_TYPE), L3.CTRL_TYPE), ?) AS CTRL_TYPE FROM T_F_DOCUMENT T INNER JOIN T_F_DOCUMENT_FILE TT ON T.ID = TT.DOCUMENT_ID INNER JOIN T_F_FILE_TYPE TF ON TT.FILE_TYPE_ID = TF.ID LEFT JOIN T_F_FILE_DEADLINE L ON L.STATUS = '1' AND L.PRODUCT_ID = T.PRODUCT_ID AND L.FILE_DEPT_ID = T.BUSINESS_DEPT_ID LEFT JOIN T_F_FILE_DEADLINE L1 ON L1.STATUS = '1' AND L1.PRODUCT_ID IS NULL AND L1.FILE_DEPT_ID = T.BUSINESS_DEPT_ID LEFT JOIN T_F_FILE_DEADLINE L2 ON L2.STATUS = '1' AND L2.PRODUCT_ID = T.PRODUCT_ID AND L2.FILE_DEPT_ID IS NULL AND L2.COMPANY_ID = T.BUSINESS_COMPANY_ID LEFT JOIN T_F_FILE_DEADLINE L3 ON L3.STATUS = '1' AND L3.PRODUCT_ID IS NULL AND L3.FILE_DEPT_ID IS NULL AND L3.COMPANY_ID = T.BUSINESS_COMPANY_ID WHERE T.FILE_STATUS IN (?, ?) AND T.STATUS = ? AND TF.SIGNED <> ? AND T.BUSINESS_NO = ?) A WHERE DAYS > 0 AND ((CTRL_TYPE = ?) OR (FILE_STATUS = ? AND CTRL_TYPE = ?)), timer.file.lending.sql=SELECT T.BORROWER_EMAIL AS USER_CODE, T.BORROWER_NAME, T.BORROWER_EMAIL, DOC.NO, F.NO AS FILE_NO, (P.ID || '.' || P.NAME) AS TYPE_NAME, TO_CHAR(T.INSERT_TIME, 'YYYY-MM-DD'), TO_CHAR(T.EXPECTED_RETURN_DATE, 'YYYY-MM-DD') FROM T_F_FILE_LENDING T INNER JOIN T_F_FILE_LENDING_DETAIL D ON D.LENDING_ID = T.ID INNER JOIN PRPDUSER U ON U.USERCODE = T.USER_ID INNER JOIN T_F_DOCUMENT_FILE DOF ON DOF.ID = D.DOCUMENT_FILE_ID INNER JOIN T_F_DOCUMENT DOC ON DOC.ID = DOF.DOCUMENT_ID INNER JOIN T_F_FILE F ON F.ID = DOF.FILE_ID INNER JOIN T_F_FILE_TYPE P ON P.ID = F.TYPE_ID WHERE D.STATUS IN (?) AND TRUNC(SYSDATE - T.EXPECTED_RETURN_DATE) = ?, sql.queryVehicle.proposal=SELECT T.USENATURECODE, C.VEHICLECATEGORYCODE, T.ENROLLDATE, T.VINNO, T.ENGINENO FROM PRPTITEMCAR T LEFT JOIN PRPTITEMCAREXT C ON C.PROPOSALNO = T.PROPOSALNO AND C.ITEMNO = T.ITEMNO WHERE T.PROPOSALNO = ?, sql.file.core.audit=SELECT T.ID , T.NO , T.FILE_APPROVE_STATUS, T.APPLICANT  AS APPLICANT,   PU3.USERNAME AS SALESNAME,   PC.COMCNAME  AS COMCNAME,    T.AGENT_NAME AS AGENT_NAME,  PU1.USERNAME AS BUSINESSNAME,PU2.USERNAME AS USERNAME, (SELECT COUNT(*) FROM T_F_DOCUMENT_FILE TF	INNER JOIN T_F_FILE F ON TF.FILE_ID = F.ID    WHERE T.ID = TF.DOCUMENT_ID	AND F.FILE_APPROVE_STATUS IS NOT NULL AND (TF.STATUS = ? AND F.FILE_APPROVE_STATUS = ?)) AS UNAUDITED_COUNT FROM T_F_DOCUMENT T  LEFT JOIN PRPDCOMPANY PC ON T.BUSINESS_DEPT_ID = PC.COMCODE  LEFT JOIN PRPDUSER PU1 ON T.BUSINESS_USER_ID = PU1.USERCODE  LEFT JOIN PRPDUSER PU2 ON T.USER_ID = PU2.USERCODE           LEFT JOIN PRPDUSER PU3 ON T.SALES_ID = PU3.USERCODE			WHERE EXISTS (										SELECT 1 FROM T_F_DOCUMENT_FILE TF							INNER JOIN T_F_FILE TT ON TF.FILE_ID = TT.ID    WHERE T.ID = TF.DOCUMENT_ID	AND TT.FILE_APPROVE_STATUS IS NOT NULL AND ((TF.STATUS = ? AND TT.FILE_APPROVE_STATUS = ?) OR TT.FILE_APPROVE_STATUS IN (?, ?)) ), cq.import.dir=, timer.file.lending.days=0, ??????#=é???????????sql?????????, mail.transport.protocol=smtp, mail.debug=true, sql.report.lack=SELECT ID, NO, PRODUCT_NAME, NVL(LICENSE_NO, ENGINE_NO), DEPT_NAME, USER_NAME, BUSINESS_NO, APPLICANT, SALES_TIME, EFFECTIVE_TIME, LACKS, DAYS FROM ( SELECT T.*, (CASE WHEN XDAYS > 0 AND ((CTRL_TYPE = '11') OR (FILE_STATUS = '00' AND CTRL_TYPE = '00')) THEN XDAYS ELSE 0 END) AS DAYS FROM ( SELECT T.*, P.NAME AS PRODUCT_NAME, (D.COMCNAME) AS DEPT_NAME, (U.USERNAME) AS USER_NAME, (CEIL(SYSDATE - T.SALES_TIME) - NVL(NVL(NVL(NVL(L.DAYS, L1.DAYS), L2.DAYS), L3.DAYS), ?)) AS XDAYS, NVL(NVL(NVL(NVL(L.CTRL_TYPE, L1.CTRL_TYPE), L2.CTRL_TYPE), L3.CTRL_TYPE), '11') AS CTRL_TYPE FROM T_F_DOCUMENT T LEFT JOIN PRPDCOMPANY D ON D.COMCODE = T.BUSINESS_DEPT_ID LEFT JOIN PRPDUSER U ON U.USERCODE = T.BUSINESS_USER_ID LEFT JOIN T_F_PRODUCT P ON P.ID = T.PRODUCT_ID LEFT JOIN T_F_FILE_DEADLINE L ON L.STATUS = '1' AND L.PRODUCT_ID = T.PRODUCT_ID AND L.FILE_DEPT_ID = T.BUSINESS_DEPT_ID LEFT JOIN T_F_FILE_DEADLINE L1 ON L1.STATUS = '1' AND L1.PRODUCT_ID IS NULL AND L1.FILE_DEPT_ID = T.BUSINESS_DEPT_ID LEFT JOIN T_F_FILE_DEADLINE L2 ON L2.STATUS = '1' AND L2.PRODUCT_ID = T.PRODUCT_ID AND L2.FILE_DEPT_ID IS NULL AND L2.COMPANY_ID = T.BUSINESS_COMPANY_ID LEFT JOIN T_F_FILE_DEADLINE L3 ON L3.STATUS = '1' AND L3.PRODUCT_ID IS NULL AND L3.FILE_DEPT_ID IS NULL AND L3.COMPANY_ID = T.BUSINESS_COMPANY_ID WHERE T.FILE_STATUS IN (?, ?) AND T.STATUS = ? ) T ) T, sql.queryClient.endor=SELECT T.INSUREDTYPE, T.INSUREDCODE, T.IDENTIFYTYPE, T.IDENTIFYNUMBER, T.INSUREDFLAG, NVL(C.IDINVALIDDATE, U.ORGINVALIDDATE) FROM PRPCPINSURED T LEFT JOIN PRPDCUSTOMERIDV C ON C.CUSTOMERCODE = T.INSUREDCODE AND T.INSUREDTYPE = '1' LEFT JOIN PRPDCUSTOMERUNIT U ON U.CUSTOMERCODE = T.INSUREDCODE AND T.INSUREDTYPE = '2' WHERE T.POLICYNO = ? AND T.INSUREDFLAG = ?, timer.file.lending.template=timer.fileLending, mail.from=eFiling UAT<eFilingSystem@libertymutual.com.cn>, timer.file.lending.title=借阅档案到期提醒, timer.reminder.sql=SELECT BUSINESS_USER_ID, USER_NAME, USER_MAIL, NO, BUSINESS_NO, PRODUCT_NAME, NVL(LICENSE_NO, ENGINE_NO), APPLICANT, TO_CHAR(SALES_TIME, 'YYYY-MM-DD'), TO_CHAR(EFFECTIVE_TIME, 'YYYY-MM-DD'), LACKS, DAYS FROM ( SELECT T.*, P.NAME AS PRODUCT_NAME, (U.USERENAME || ' - ' || U.USERNAME) AS USER_NAME, U.EMAIL AS USER_MAIL, (CEIL(SYSDATE - T.SALES_TIME) - NVL(NVL(NVL(NVL(L.DAYS, L1.DAYS), L2.DAYS), L3.DAYS), ?)) AS DAYS, NVL(NVL(NVL(NVL(L.CTRL_TYPE, L1.CTRL_TYPE), L2.CTRL_TYPE), L3.CTRL_TYPE), '11') AS CTRL_TYPE FROM T_F_DOCUMENT T LEFT JOIN PRPDCOMPANY D ON D.COMCODE = T.BUSINESS_DEPT_ID LEFT JOIN PRPDUSER U ON U.USERCODE = T.BUSINESS_USER_ID LEFT JOIN T_F_PRODUCT P ON P.ID = T.PRODUCT_ID LEFT JOIN T_F_FILE_DEADLINE L ON L.STATUS = '1' AND L.PRODUCT_ID = T.PRODUCT_ID AND L.FILE_DEPT_ID = T.BUSINESS_DEPT_ID LEFT JOIN T_F_FILE_DEADLINE L1 ON L1.STATUS = '1' AND L1.PRODUCT_ID IS NULL AND L1.FILE_DEPT_ID = T.BUSINESS_DEPT_ID LEFT JOIN T_F_FILE_DEADLINE L2 ON L2.STATUS = '1' AND L2.PRODUCT_ID = T.PRODUCT_ID AND L2.FILE_DEPT_ID IS NULL AND L2.COMPANY_ID = T.BUSINESS_COMPANY_ID LEFT JOIN T_F_FILE_DEADLINE L3 ON L3.STATUS = '1' AND L3.PRODUCT_ID IS NULL AND L3.FILE_DEPT_ID IS NULL AND L3.COMPANY_ID = T.BUSINESS_COMPANY_ID WHERE T.FILE_STATUS IN ('00', '01') AND T.STATUS = '1' ) T WHERE ((CTRL_TYPE = '11') OR (FILE_STATUS = '00' AND CTRL_TYPE = '00')) AND DAYS >= ? ORDER BY BUSINESS_USER_ID, DAYS, PROPOSAL_NO, POLICY_NO, NO, ???#=é?????????????????,?¤???????é????¨é????・??????é??, sql.queryClient.proposal.coverNote=SELECT T.INSUREDTYPE, T.INSUREDCODE, T.IDENTIFYTYPE, T.IDENTIFYNUMBER, T.INSUREDFLAG, NVL(C.IDINVALIDDATE, U.ORGINVALIDDATE) FROM PRPCCUSTOMER T LEFT JOIN PRPDCUSTOMERIDV C ON C.CUSTOMERCODE = T.INSUREDCODE AND T.INSUREDTYPE = '1' LEFT JOIN PRPDCUSTOMERUNIT U ON U.CUSTOMERCODE = T.INSUREDCODE AND T.INSUREDTYPE = '2' WHERE T.POLICYNO = ? AND T.INSUREDFLAG = ?, mail.smtp.host=10.132.1.168, sql.queryClient.proposal=SELECT T.INSUREDTYPE, T.INSUREDCODE, T.IDENTIFYTYPE, T.IDENTIFYNUMBER, T.INSUREDFLAG, NVL(C.IDINVALIDDATE, U.ORGINVALIDDATE) FROM PRPTINSURED T LEFT JOIN PRPDCUSTOMERIDV C ON C.CUSTOMERCODE = T.INSUREDCODE AND T.INSUREDTYPE = '1' LEFT JOIN PRPDCUSTOMERUNIT U ON U.CUSTOMERCODE = T.INSUREDCODE AND T.INSUREDTYPE = '2' WHERE T.PROPOSALNO = ? AND T.INSUREDFLAG = ?, sql.fileLending.query=SELECT T.ID, T.NO, T.TYPE, FD.BORROWER_NAME, FD.INSERT_TIME, FD.EXPECTED_RETURN_DATE, T.FILE_STATUS, TRUNC(SYSDATE - FD.EXPECTED_RETURN_DATE) AS RETURN_DATE1, TRUNC(SYSDATE - FD.EXPECTED_RETURN_DATE) AS RETURN_DATE2, U.USERNAME, T.LENT, FD.ID AS LENDING_ID FROM T_F_DOCUMENT T LEFT JOIN ( SELECT DISTINCT F.DOCUMENT_ID, L.* FROM T_F_FILE_LENDING L INNER JOIN T_F_FILE_LENDING_DETAIL D ON D.LENDING_ID = L.ID INNER JOIN T_F_DOCUMENT_FILE F ON F.FILE_ID = D.FILE_ID WHERE L.STATUS IN ('1', '2') ) FD ON FD.DOCUMENT_ID = T.ID LEFT JOIN PRPDUSER U ON U.USERCODE = FD.USER_ID, sql.queryCarOwner.endor=SELECT DECODE(C.CARINSUREDRELATION, '3', '1', '2') AS INSUREDTYPE, NULL AS CAROWNERCODE, T.IDENTIFYTYPE, T.CERTIFICATENO, '3' AS CAROWNERFLAG, NULL AS INVALIDDATE FROM PRPCPCAROWNER T INNER JOIN PRPCPITEMCAR C ON C.POLICYNO = T.POLICYNO WHERE T.POLICYNO = ?, mail.user=eFilingSystemTest, sql.queryVehicle.endor=SELECT T.USENATURECODE, C.VEHICLECATEGORYCODE, T.ENROLLDATE, T.VINNO, T.ENGINENO FROM PRPCPITEMCAR T LEFT JOIN PRPPITEMCAREXT C ON C.ENDORSENO = T.ENDORSENO AND C.ITEMNO = T.ITEMNO WHERE T.POLICYNO = ?, timer.document.complement.sql=SELECT POLICYNO, ? AS TYPE FROM PRPCMAIN C WHERE EXISTS (SELECT ID FROM T_F_DOCUMENT D WHERE D.TYPE = ? AND D.PROPOSAL_NO = C.PROPOSALNO) UNION ALL SELECT POLICYNO, ? AS TYPE FROM PRPCMAIN C WHERE C.OPERATEDATE >= ? AND NOT EXISTS (SELECT PROPOSAL_NO FROM T_F_DOCUMENT D WHERE D.PROPOSAL_NO = C.PROPOSALNO AND D.TYPE IN (?, ?)) UNION ALL SELECT POLICYNO, ? FROM PRPCMAINCOVERNOTE C WHERE ( (OPERATEDATE >= ? AND UNDERWRITEFLAG IN ('1', '3') AND NOT EXISTS (SELECT POLICY_NO FROM T_F_DOCUMENT D WHERE D.TYPE = ? AND D.STATUS = ? AND D.POLICY_NO = C.POLICYNO) ) OR (OPERATEDATE >= ? AND UNDERWRITEFLAG NOT IN ('1', '3') AND NOT EXISTS (SELECT POLICY_NO FROM T_F_DOCUMENT D WHERE D.TYPE = ? AND D.POLICY_NO = C.POLICYNO) ) ) UNION ALL SELECT ENDORSENO, ? FROM PRPPHEAD C WHERE ( (INPUTDATE >= ? AND UNDERWRITEFLAG IN ('1', '3') AND NOT EXISTS (SELECT NO FROM T_F_DOCUMENT D WHERE D.TYPE = ? AND D.STATUS = ? AND D.NO = C.ENDORSENO)) OR (INPUTDATE >= ? AND UNDERWRITEFLAG NOT IN ('1', '3') AND NOT EXISTS (SELECT NO FROM T_F_DOCUMENT D WHERE D.TYPE = ? AND D.NO = C.ENDORSENO) ) ) UNION ALL SELECT ENDORSENO, ? FROM PRPPHEADCOVERNOTE C WHERE ( (INPUTDATE >= ? AND UNDERWRITEFLAG IN ('1', '3') AND NOT EXISTS (SELECT ENDOR_NO FROM T_F_DOCUMENT D WHERE D.TYPE = ? AND D.STATUS = ? AND D.NO = C.ENDORSENO)) OR (INPUTDATE >= ? AND UNDERWRITEFLAG NOT IN ('1', '3') AND NOT EXISTS (SELECT ENDOR_NO FROM T_F_DOCUMENT D WHERE D.TYPE = ? AND D.NO = C.ENDORSENO) ) ) UNION ALL SELECT PROPOSALNO, ? FROM PRPTMAIN C WHERE OPERATEDATE >= ? AND UNDERWRITEFLAG NOT IN ('1', '3') AND NOT EXISTS (SELECT PROPOSAL_NO FROM T_F_DOCUMENT D WHERE D.TYPE IN (?, ?) AND D.PROPOSAL_NO = C.PROPOSALNO) , sql.queryClient.policy=SELECT T.INSUREDTYPE, T.INSUREDCODE, T.IDENTIFYTYPE, T.IDENTIFYNUMBER, T.INSUREDFLAG, NVL(C.IDINVALIDDATE, U.ORGINVALIDDATE) FROM PRPCINSURED T LEFT JOIN PRPDCUSTOMERIDV C ON C.CUSTOMERCODE = T.INSUREDCODE AND T.INSUREDTYPE = '1' LEFT JOIN PRPDCUSTOMERUNIT U ON U.CUSTOMERCODE = T.INSUREDCODE AND T.INSUREDTYPE = '2' WHERE T.POLICYNO = ? AND T.INSUREDFLAG = ?}
[DEBUG][2017-09-12 10:04:44,891] com.sinosoft.efiling.mail.MailHelper.setProperties(MailHelper.java:151)
	from=eFiling UAT <eFilingSystem@libertymutual.com.cn>
[DEBUG][2017-09-12 10:04:44,896] com.sinosoft.efiling.mail.MailHelper.setProperties(MailHelper.java:161)
	from=eFiling UAT <eFilingSystem@libertymutual.com.cn>
[DEBUG][2017-09-12 10:04:44,910] com.opensymphony.xwork2.util.logging.commons.CommonsLogger.debug(CommonsLogger.java:68)
	{mail.password=, mail.user=ARAP System, mail.smtp.host=10.132.1.168}
[DEBUG][2017-09-12 10:04:44,911] com.sinosoft.efiling.mail.MailHelper.setProperties(MailHelper.java:125)
	切换邮件配置:{mail.password=, mail.user=ARAP System, mail.smtp.host=10.132.1.168}
[DEBUG][2017-09-12 10:04:44,911] com.sinosoft.efiling.mail.MailHelper.setProperties(MailHelper.java:151)
	from=eFiling UAT <eFilingSystem@libertymutual.com.cn>
[DEBUG][2017-09-12 10:04:44,911] com.sinosoft.efiling.mail.MailHelper.setProperties(MailHelper.java:161)
	from=eFiling UAT <eFilingSystem@libertymutual.com.cn>
[DEBUG][2017-09-12 10:04:44,912] com.opensymphony.xwork2.util.logging.commons.CommonsLogger.debug(CommonsLogger.java:68)
	初始化定时器配置...
[INFO][2017-09-12 10:04:44,922] com.opensymphony.xwork2.util.logging.commons.CommonsLogger.info(CommonsLogger.java:42)
	配置timer.tasks=null
