[DEBUG][2017-10-17 09:21:03,707] com.opensymphony.xwork2.util.logging.commons.CommonsLogger.debug(CommonsLogger.java:68)
	系统启动!
[DEBUG][2017-10-17 09:21:03,723] com.opensymphony.xwork2.util.logging.commons.CommonsLogger.debug(CommonsLogger.java:68)
	系统主目录:[E:\workspace\eFiling\eFiling\]
[DEBUG][2017-10-17 09:21:04,652] com.opensymphony.xwork2.util.logging.commons.CommonsLogger.debug(CommonsLogger.java:68)
	初始化FileNet配置...
[DEBUG][2017-10-17 09:21:04,701] com.opensymphony.xwork2.util.logging.commons.CommonsLogger.debug(CommonsLogger.java:68)
	{}
[DEBUG][2017-10-17 09:21:04,704] com.opensymphony.xwork2.util.logging.commons.CommonsLogger.debug(CommonsLogger.java:68)
	初始化邮件配置...
[DEBUG][2017-10-17 09:21:04,765] com.sinosoft.efiling.mail.MailHelper.setProperties(MailHelper.java:125)
	切换邮件配置:{include=sql.properties, timer.properties, mail.properties, timer.reminder.template=timer.reminder, sql.queryClient.endor.coverNote=SELECT T.INSUREDTYPE, T.INSUREDCODE, T.IDENTIFYTYPE, T.IDENTIFYNUMBER, T.INSUREDFLAG, NVL(C.IDINVALIDDATE, U.ORGINVALIDDATE) FROM PRPCPCUSTOMER T LEFT JOIN PRPDCUSTOMERIDV C ON C.CUSTOMERCODE = T.INSUREDCODE AND T.INSUREDTYPE = '1' LEFT JOIN PRPDCUSTOMERUNIT U ON U.CUSTOMERCODE = T.INSUREDCODE AND T.INSUREDTYPE = '2' WHERE T.POLICYNO = ? AND T.INSUREDFLAG = ?, mail.debug.to=15922901803@163.com,Laura.Luo@libertymutual.com.cn,annie.zhang@libertymutual.com.cn, timer.document.complement.date=2014-04-27, mail.smtp.auth=false, mail.disabled=false, sql.queryVehicle.policy=SELECT T.USENATURECODE, C.VEHICLECATEGORYCODE, T.ENROLLDATE, T.VINNO, T.ENGINENO FROM PRPCITEMCAR T LEFT JOIN PRPCITEMCAREXT C ON C.POLICYNO = T.POLICYNO AND C.ITEMNO = T.ITEMNO WHERE T.POLICYNO = ?, mail.password=, timer.document.share.sql=select no from t_f_document t where id in (select document_id from t_f_document_file a where a.status = ? and a.paper_type is not null and a.paper_code is not null and a.due_time is not null and exists (select * from t_f_document_file b where b.status = ? and (b.file_type_id = a.file_type_id or b.file_type_code = a.file_type_code or (a.file_type_id in ('200', '201') and b.file_type_id in ('200', '201'))) and b.paper_type = a.paper_type and b.paper_code = a.paper_code and b.due_time is not null)) and t.status = ? , timer.reminder.days=-10, timer.reminder.title=投保资料差缺到期提醒, sql.queryCarOwner.proposal=SELECT DECODE(C.CARINSUREDRELATION, '3', '1', '2') AS INSUREDTYPE, NULL AS CAROWNERCODE, T.IDENTIFYTYPE, T.CERTIFICATENO, '3' AS CAROWNERFLAG, NULL AS INVALIDDATE FROM PRPTCAROWNER T INNER JOIN PRPTITEMCAR C ON C.PROPOSALNO = T.PROPOSALNO WHERE T.PROPOSALNO = ?, scan.read.class.code.motor=05, sql.queryCarOwner.policy=SELECT DECODE(C.CARINSUREDRELATION, '3', '1', '2') AS INSUREDTYPE, NULL AS CAROWNERCODE, T.IDENTIFYTYPE, T.CERTIFICATENO, '3' AS CAROWNERFLAG, NULL AS INVALIDDATE FROM PRPCCAROWNER T INNER JOIN PRPCITEMCAR C ON C.POLICYNO = T.POLICYNO WHERE T.POLICYNO = ?, mail.encoding=UTF-8, sql.check.commit=SELECT DISTINCT NO FROM ( SELECT T.ID, T.NO, T.FILE_STATUS, (CEIL(SYSDATE - T.SALES_TIME) - NVL(NVL(NVL(NVL(L.DAYS, L1.DAYS), L2.DAYS), L3.DAYS), ?)) AS DAYS, NVL(NVL(NVL(NVL(L.CTRL_TYPE, L1.CTRL_TYPE), L2.CTRL_TYPE), L3.CTRL_TYPE), ?) AS CTRL_TYPE FROM T_F_DOCUMENT T INNER JOIN T_F_DOCUMENT_FILE TT ON T.ID = TT.DOCUMENT_ID INNER JOIN T_F_FILE_TYPE TF ON TT.FILE_TYPE_ID = TF.ID LEFT JOIN T_F_FILE_DEADLINE L ON L.STATUS = '1' AND L.PRODUCT_ID = T.PRODUCT_ID AND L.FILE_DEPT_ID = T.BUSINESS_DEPT_ID LEFT JOIN T_F_FILE_DEADLINE L1 ON L1.STATUS = '1' AND L1.PRODUCT_ID IS NULL AND L1.FILE_DEPT_ID = T.BUSINESS_DEPT_ID LEFT JOIN T_F_FILE_DEADLINE L2 ON L2.STATUS = '1' AND L2.PRODUCT_ID = T.PRODUCT_ID AND L2.FILE_DEPT_ID IS NULL AND L2.COMPANY_ID = T.BUSINESS_COMPANY_ID LEFT JOIN T_F_FILE_DEADLINE L3 ON L3.STATUS = '1' AND L3.PRODUCT_ID IS NULL AND L3.FILE_DEPT_ID IS NULL AND L3.COMPANY_ID = T.BUSINESS_COMPANY_ID WHERE T.FILE_STATUS IN (?, ?) AND T.STATUS = ? AND TF.SIGNED <> ? AND T.BUSINESS_NO = ?) A WHERE DAYS > 0 AND ((CTRL_TYPE = ?) OR (FILE_STATUS = ? AND CTRL_TYPE = ?)), timer.file.lending.sql=SELECT T.BORROWER_EMAIL AS USER_CODE, T.BORROWER_NAME, T.BORROWER_EMAIL, DOC.NO, F.NO AS FILE_NO, (P.ID || '.' || P.NAME) AS TYPE_NAME, TO_CHAR(T.INSERT_TIME, 'YYYY-MM-DD'), TO_CHAR(T.EXPECTED_RETURN_DATE, 'YYYY-MM-DD') FROM T_F_FILE_LENDING T INNER JOIN T_F_FILE_LENDING_DETAIL D ON D.LENDING_ID = T.ID INNER JOIN PRPDUSER U ON U.USERCODE = T.USER_ID INNER JOIN T_F_DOCUMENT_FILE DOF ON DOF.ID = D.DOCUMENT_FILE_ID INNER JOIN T_F_DOCUMENT DOC ON DOC.ID = DOF.DOCUMENT_ID INNER JOIN T_F_FILE F ON F.ID = DOF.FILE_ID INNER JOIN T_F_FILE_TYPE P ON P.ID = F.TYPE_ID WHERE D.STATUS IN (?) AND TRUNC(SYSDATE - T.EXPECTED_RETURN_DATE) = ?, sql.queryVehicle.proposal=SELECT T.USENATURECODE, C.VEHICLECATEGORYCODE, T.ENROLLDATE, T.VINNO, T.ENGINENO FROM PRPTITEMCAR T LEFT JOIN PRPTITEMCAREXT C ON C.PROPOSALNO = T.PROPOSALNO AND C.ITEMNO = T.ITEMNO WHERE T.PROPOSALNO = ?, sql.file.core.audit=SELECT T.ID , T.NO , T.FILE_APPROVE_STATUS, T.APPLICANT  AS APPLICANT,   PU3.USERNAME AS SALESNAME,   PC.COMCNAME  AS COMCNAME,    T.AGENT_NAME AS AGENT_NAME,  PU1.USERNAME AS BUSINESSNAME,PU2.USERNAME AS USERNAME, (SELECT COUNT(*) FROM T_F_DOCUMENT_FILE TF	INNER JOIN T_F_FILE F ON TF.FILE_ID = F.ID    WHERE T.ID = TF.DOCUMENT_ID	AND F.FILE_APPROVE_STATUS IS NOT NULL AND (TF.STATUS = ? AND F.FILE_APPROVE_STATUS = ?)) AS UNAUDITED_COUNT FROM T_F_DOCUMENT T  LEFT JOIN PRPDCOMPANY PC ON T.BUSINESS_DEPT_ID = PC.COMCODE  LEFT JOIN PRPDUSER PU1 ON T.BUSINESS_USER_ID = PU1.USERCODE  LEFT JOIN PRPDUSER PU2 ON T.USER_ID = PU2.USERCODE           LEFT JOIN PRPDUSER PU3 ON T.SALES_ID = PU3.USERCODE			WHERE EXISTS (										SELECT 1 FROM T_F_DOCUMENT_FILE TF							INNER JOIN T_F_FILE TT ON TF.FILE_ID = TT.ID    WHERE T.ID = TF.DOCUMENT_ID	AND TT.FILE_APPROVE_STATUS IS NOT NULL AND ((TF.STATUS = ? AND TT.FILE_APPROVE_STATUS = ?) OR TT.FILE_APPROVE_STATUS IN (?, ?)) ), cq.import.dir=, timer.file.lending.days=0, ??????#=é???????????sql?????????, mail.transport.protocol=smtp, mail.debug=true, sql.report.lack=SELECT ID, NO, PRODUCT_NAME, NVL(LICENSE_NO, ENGINE_NO), DEPT_NAME, USER_NAME, BUSINESS_NO, APPLICANT, SALES_TIME, EFFECTIVE_TIME, LACKS, DAYS FROM ( SELECT T.*, (CASE WHEN XDAYS > 0 AND ((CTRL_TYPE = '11') OR (FILE_STATUS = '00' AND CTRL_TYPE = '00')) THEN XDAYS ELSE 0 END) AS DAYS FROM ( SELECT T.*, P.NAME AS PRODUCT_NAME, (D.COMCNAME) AS DEPT_NAME, (U.USERNAME) AS USER_NAME, (CEIL(SYSDATE - T.SALES_TIME) - NVL(NVL(NVL(NVL(L.DAYS, L1.DAYS), L2.DAYS), L3.DAYS), ?)) AS XDAYS, NVL(NVL(NVL(NVL(L.CTRL_TYPE, L1.CTRL_TYPE), L2.CTRL_TYPE), L3.CTRL_TYPE), '11') AS CTRL_TYPE FROM T_F_DOCUMENT T LEFT JOIN PRPDCOMPANY D ON D.COMCODE = T.BUSINESS_DEPT_ID LEFT JOIN PRPDUSER U ON U.USERCODE = T.BUSINESS_USER_ID LEFT JOIN T_F_PRODUCT P ON P.ID = T.PRODUCT_ID LEFT JOIN T_F_FILE_DEADLINE L ON L.STATUS = '1' AND L.PRODUCT_ID = T.PRODUCT_ID AND L.FILE_DEPT_ID = T.BUSINESS_DEPT_ID LEFT JOIN T_F_FILE_DEADLINE L1 ON L1.STATUS = '1' AND L1.PRODUCT_ID IS NULL AND L1.FILE_DEPT_ID = T.BUSINESS_DEPT_ID LEFT JOIN T_F_FILE_DEADLINE L2 ON L2.STATUS = '1' AND L2.PRODUCT_ID = T.PRODUCT_ID AND L2.FILE_DEPT_ID IS NULL AND L2.COMPANY_ID = T.BUSINESS_COMPANY_ID LEFT JOIN T_F_FILE_DEADLINE L3 ON L3.STATUS = '1' AND L3.PRODUCT_ID IS NULL AND L3.FILE_DEPT_ID IS NULL AND L3.COMPANY_ID = T.BUSINESS_COMPANY_ID WHERE T.FILE_STATUS IN (?, ?) AND T.STATUS = ? ) T ) T, sql.queryClient.endor=SELECT T.INSUREDTYPE, T.INSUREDCODE, T.IDENTIFYTYPE, T.IDENTIFYNUMBER, T.INSUREDFLAG, NVL(C.IDINVALIDDATE, U.ORGINVALIDDATE) FROM PRPCPINSURED T LEFT JOIN PRPDCUSTOMERIDV C ON C.CUSTOMERCODE = T.INSUREDCODE AND T.INSUREDTYPE = '1' LEFT JOIN PRPDCUSTOMERUNIT U ON U.CUSTOMERCODE = T.INSUREDCODE AND T.INSUREDTYPE = '2' WHERE T.POLICYNO = ? AND T.INSUREDFLAG = ?, timer.file.lending.template=timer.fileLending, mail.from=eFiling UAT<eFilingSystem@libertymutual.com.cn>, timer.file.lending.title=借阅档案到期提醒, timer.reminder.sql=SELECT BUSINESS_USER_ID, USER_NAME, USER_MAIL, NO, BUSINESS_NO, PRODUCT_NAME, NVL(LICENSE_NO, ENGINE_NO), APPLICANT, TO_CHAR(SALES_TIME, 'YYYY-MM-DD'), TO_CHAR(EFFECTIVE_TIME, 'YYYY-MM-DD'), LACKS, DAYS FROM ( SELECT T.*, P.NAME AS PRODUCT_NAME, (U.USERENAME || ' - ' || U.USERNAME) AS USER_NAME, U.EMAIL AS USER_MAIL, (CEIL(SYSDATE - T.SALES_TIME) - NVL(NVL(NVL(NVL(L.DAYS, L1.DAYS), L2.DAYS), L3.DAYS), ?)) AS DAYS, NVL(NVL(NVL(NVL(L.CTRL_TYPE, L1.CTRL_TYPE), L2.CTRL_TYPE), L3.CTRL_TYPE), '11') AS CTRL_TYPE FROM T_F_DOCUMENT T LEFT JOIN PRPDCOMPANY D ON D.COMCODE = T.BUSINESS_DEPT_ID LEFT JOIN PRPDUSER U ON U.USERCODE = T.BUSINESS_USER_ID LEFT JOIN T_F_PRODUCT P ON P.ID = T.PRODUCT_ID LEFT JOIN T_F_FILE_DEADLINE L ON L.STATUS = '1' AND L.PRODUCT_ID = T.PRODUCT_ID AND L.FILE_DEPT_ID = T.BUSINESS_DEPT_ID LEFT JOIN T_F_FILE_DEADLINE L1 ON L1.STATUS = '1' AND L1.PRODUCT_ID IS NULL AND L1.FILE_DEPT_ID = T.BUSINESS_DEPT_ID LEFT JOIN T_F_FILE_DEADLINE L2 ON L2.STATUS = '1' AND L2.PRODUCT_ID = T.PRODUCT_ID AND L2.FILE_DEPT_ID IS NULL AND L2.COMPANY_ID = T.BUSINESS_COMPANY_ID LEFT JOIN T_F_FILE_DEADLINE L3 ON L3.STATUS = '1' AND L3.PRODUCT_ID IS NULL AND L3.FILE_DEPT_ID IS NULL AND L3.COMPANY_ID = T.BUSINESS_COMPANY_ID WHERE T.FILE_STATUS IN ('00', '01') AND T.STATUS = '1' ) T WHERE ((CTRL_TYPE = '11') OR (FILE_STATUS = '00' AND CTRL_TYPE = '00')) AND DAYS >= ? ORDER BY BUSINESS_USER_ID, DAYS, PROPOSAL_NO, POLICY_NO, NO, ???#=é?????????????????,?¤???????é????¨é????・??????é??, sql.queryClient.proposal.coverNote=SELECT T.INSUREDTYPE, T.INSUREDCODE, T.IDENTIFYTYPE, T.IDENTIFYNUMBER, T.INSUREDFLAG, NVL(C.IDINVALIDDATE, U.ORGINVALIDDATE) FROM PRPCCUSTOMER T LEFT JOIN PRPDCUSTOMERIDV C ON C.CUSTOMERCODE = T.INSUREDCODE AND T.INSUREDTYPE = '1' LEFT JOIN PRPDCUSTOMERUNIT U ON U.CUSTOMERCODE = T.INSUREDCODE AND T.INSUREDTYPE = '2' WHERE T.POLICYNO = ? AND T.INSUREDFLAG = ?, mail.smtp.host=10.132.1.168, sql.queryClient.proposal=SELECT T.INSUREDTYPE, T.INSUREDCODE, T.IDENTIFYTYPE, T.IDENTIFYNUMBER, T.INSUREDFLAG, NVL(C.IDINVALIDDATE, U.ORGINVALIDDATE) FROM PRPTINSURED T LEFT JOIN PRPDCUSTOMERIDV C ON C.CUSTOMERCODE = T.INSUREDCODE AND T.INSUREDTYPE = '1' LEFT JOIN PRPDCUSTOMERUNIT U ON U.CUSTOMERCODE = T.INSUREDCODE AND T.INSUREDTYPE = '2' WHERE T.PROPOSALNO = ? AND T.INSUREDFLAG = ?, sql.fileLending.query=SELECT T.ID, T.NO, T.TYPE, FD.BORROWER_NAME, FD.INSERT_TIME, FD.EXPECTED_RETURN_DATE, T.FILE_STATUS, TRUNC(SYSDATE - FD.EXPECTED_RETURN_DATE) AS RETURN_DATE1, TRUNC(SYSDATE - FD.EXPECTED_RETURN_DATE) AS RETURN_DATE2, U.USERNAME, T.LENT, FD.ID AS LENDING_ID FROM T_F_DOCUMENT T LEFT JOIN ( SELECT DISTINCT F.DOCUMENT_ID, L.* FROM T_F_FILE_LENDING L INNER JOIN T_F_FILE_LENDING_DETAIL D ON D.LENDING_ID = L.ID INNER JOIN T_F_DOCUMENT_FILE F ON F.FILE_ID = D.FILE_ID WHERE L.STATUS IN ('1', '2') ) FD ON FD.DOCUMENT_ID = T.ID LEFT JOIN PRPDUSER U ON U.USERCODE = FD.USER_ID, sql.queryCarOwner.endor=SELECT DECODE(C.CARINSUREDRELATION, '3', '1', '2') AS INSUREDTYPE, NULL AS CAROWNERCODE, T.IDENTIFYTYPE, T.CERTIFICATENO, '3' AS CAROWNERFLAG, NULL AS INVALIDDATE FROM PRPCPCAROWNER T INNER JOIN PRPCPITEMCAR C ON C.POLICYNO = T.POLICYNO WHERE T.POLICYNO = ?, mail.user=eFilingSystemTest, sql.queryVehicle.endor=SELECT T.USENATURECODE, C.VEHICLECATEGORYCODE, T.ENROLLDATE, T.VINNO, T.ENGINENO FROM PRPCPITEMCAR T LEFT JOIN PRPPITEMCAREXT C ON C.ENDORSENO = T.ENDORSENO AND C.ITEMNO = T.ITEMNO WHERE T.POLICYNO = ?, timer.document.complement.sql=SELECT POLICYNO, ? AS TYPE FROM PRPCMAIN C WHERE EXISTS (SELECT ID FROM T_F_DOCUMENT D WHERE D.TYPE = ? AND D.PROPOSAL_NO = C.PROPOSALNO) UNION ALL SELECT POLICYNO, ? AS TYPE FROM PRPCMAIN C WHERE C.OPERATEDATE >= ? AND NOT EXISTS (SELECT PROPOSAL_NO FROM T_F_DOCUMENT D WHERE D.PROPOSAL_NO = C.PROPOSALNO AND D.TYPE IN (?, ?)) UNION ALL SELECT POLICYNO, ? FROM PRPCMAINCOVERNOTE C WHERE ( (OPERATEDATE >= ? AND UNDERWRITEFLAG IN ('1', '3') AND NOT EXISTS (SELECT POLICY_NO FROM T_F_DOCUMENT D WHERE D.TYPE = ? AND D.STATUS = ? AND D.POLICY_NO = C.POLICYNO) ) OR (OPERATEDATE >= ? AND UNDERWRITEFLAG NOT IN ('1', '3') AND NOT EXISTS (SELECT POLICY_NO FROM T_F_DOCUMENT D WHERE D.TYPE = ? AND D.POLICY_NO = C.POLICYNO) ) ) UNION ALL SELECT ENDORSENO, ? FROM PRPPHEAD C WHERE ( (INPUTDATE >= ? AND UNDERWRITEFLAG IN ('1', '3') AND NOT EXISTS (SELECT NO FROM T_F_DOCUMENT D WHERE D.TYPE = ? AND D.STATUS = ? AND D.NO = C.ENDORSENO)) OR (INPUTDATE >= ? AND UNDERWRITEFLAG NOT IN ('1', '3') AND NOT EXISTS (SELECT NO FROM T_F_DOCUMENT D WHERE D.TYPE = ? AND D.NO = C.ENDORSENO) ) ) UNION ALL SELECT ENDORSENO, ? FROM PRPPHEADCOVERNOTE C WHERE ( (INPUTDATE >= ? AND UNDERWRITEFLAG IN ('1', '3') AND NOT EXISTS (SELECT ENDOR_NO FROM T_F_DOCUMENT D WHERE D.TYPE = ? AND D.STATUS = ? AND D.NO = C.ENDORSENO)) OR (INPUTDATE >= ? AND UNDERWRITEFLAG NOT IN ('1', '3') AND NOT EXISTS (SELECT ENDOR_NO FROM T_F_DOCUMENT D WHERE D.TYPE = ? AND D.NO = C.ENDORSENO) ) ) UNION ALL SELECT PROPOSALNO, ? FROM PRPTMAIN C WHERE OPERATEDATE >= ? AND UNDERWRITEFLAG NOT IN ('1', '3') AND NOT EXISTS (SELECT PROPOSAL_NO FROM T_F_DOCUMENT D WHERE D.TYPE IN (?, ?) AND D.PROPOSAL_NO = C.PROPOSALNO) , sql.queryClient.policy=SELECT T.INSUREDTYPE, T.INSUREDCODE, T.IDENTIFYTYPE, T.IDENTIFYNUMBER, T.INSUREDFLAG, NVL(C.IDINVALIDDATE, U.ORGINVALIDDATE) FROM PRPCINSURED T LEFT JOIN PRPDCUSTOMERIDV C ON C.CUSTOMERCODE = T.INSUREDCODE AND T.INSUREDTYPE = '1' LEFT JOIN PRPDCUSTOMERUNIT U ON U.CUSTOMERCODE = T.INSUREDCODE AND T.INSUREDTYPE = '2' WHERE T.POLICYNO = ? AND T.INSUREDFLAG = ?}
[DEBUG][2017-10-17 09:21:04,778] com.sinosoft.efiling.mail.MailHelper.setProperties(MailHelper.java:151)
	from=eFiling UAT <eFilingSystem@libertymutual.com.cn>
[DEBUG][2017-10-17 09:21:04,787] com.sinosoft.efiling.mail.MailHelper.setProperties(MailHelper.java:161)
	from=eFiling UAT <eFilingSystem@libertymutual.com.cn>
[DEBUG][2017-10-17 09:21:04,807] com.opensymphony.xwork2.util.logging.commons.CommonsLogger.debug(CommonsLogger.java:68)
	{mail.password=, mail.user=ARAP System, mail.smtp.host=10.132.1.168}
[DEBUG][2017-10-17 09:21:04,808] com.sinosoft.efiling.mail.MailHelper.setProperties(MailHelper.java:125)
	切换邮件配置:{mail.password=, mail.user=ARAP System, mail.smtp.host=10.132.1.168}
[DEBUG][2017-10-17 09:21:04,809] com.sinosoft.efiling.mail.MailHelper.setProperties(MailHelper.java:151)
	from=eFiling UAT <eFilingSystem@libertymutual.com.cn>
[DEBUG][2017-10-17 09:21:04,809] com.sinosoft.efiling.mail.MailHelper.setProperties(MailHelper.java:161)
	from=eFiling UAT <eFilingSystem@libertymutual.com.cn>
[DEBUG][2017-10-17 09:21:04,810] com.opensymphony.xwork2.util.logging.commons.CommonsLogger.debug(CommonsLogger.java:68)
	初始化定时器配置...
[INFO][2017-10-17 09:21:04,813] com.opensymphony.xwork2.util.logging.commons.CommonsLogger.info(CommonsLogger.java:42)
	配置timer.tasks=null
[INFO][2017-10-17 13:50:46,596] com.opensymphony.xwork2.util.logging.commons.CommonsLogger.info(CommonsLogger.java:42)
	DocumentAuditServiceAction.save(),生成保单数据接口调用:7201045000170000002001
[INFO][2017-10-17 13:50:54,067] com.sinosoft.efiling.service.DocumentAuditService.save(DocumentAuditService.java:236)
	7201045000170000002001 开始保存数据
[ERROR][2017-10-17 13:53:06,007] com.sinosoft.efiling.service.DocumentAuditService.save(DocumentAuditService.java:285)
	数据保存失败:no=7201045000170000002001,type=7
java.lang.IndexOutOfBoundsException: Index: 0, Size: 0
	at java.util.ArrayList.RangeCheck(ArrayList.java:547)
	at java.util.ArrayList.get(ArrayList.java:322)
	at com.sinosoft.efiling.service.DocumentAuditService.saveEndor(DocumentAuditService.java:888)
	at com.sinosoft.efiling.service.DocumentAuditService.save(DocumentAuditService.java:264)
	at com.sinosoft.efiling.service.DocumentAuditService.save(DocumentAuditService.java:223)
	at com.sinosoft.efiling.service.DocumentAuditService$$FastClassByCGLIB$$dbca09be.invoke(<generated>)
	at org.springframework.cglib.proxy.MethodProxy.invoke(MethodProxy.java:204)
	at org.springframework.aop.framework.CglibAopProxy$CglibMethodInvocation.invokeJoinpoint(CglibAopProxy.java:698)
	at org.springframework.aop.framework.ReflectiveMethodInvocation.proceed(ReflectiveMethodInvocation.java:150)
	at org.springframework.transaction.interceptor.TransactionInterceptor.invoke(TransactionInterceptor.java:110)
	at org.springframework.aop.framework.ReflectiveMethodInvocation.proceed(ReflectiveMethodInvocation.java:172)
	at org.springframework.aop.framework.CglibAopProxy$DynamicAdvisedInterceptor.intercept(CglibAopProxy.java:631)
	at com.sinosoft.efiling.service.DocumentAuditService$$EnhancerByCGLIB$$f25e653b.save(<generated>)
	at com.sinosoft.efiling.struts2.action.DocumentAuditServiceAction.save(DocumentAuditServiceAction.java:73)
	at sun.reflect.NativeMethodAccessorImpl.invoke0(Native Method)
	at sun.reflect.NativeMethodAccessorImpl.invoke(NativeMethodAccessorImpl.java:39)
	at sun.reflect.DelegatingMethodAccessorImpl.invoke(DelegatingMethodAccessorImpl.java:25)
	at java.lang.reflect.Method.invoke(Method.java:597)
	at com.opensymphony.xwork2.DefaultActionInvocation.invokeAction(DefaultActionInvocation.java:446)
	at com.opensymphony.xwork2.DefaultActionInvocation.invokeActionOnly(DefaultActionInvocation.java:285)
	at com.opensymphony.xwork2.DefaultActionInvocation.invoke(DefaultActionInvocation.java:248)
	at org.apache.struts2.interceptor.debugging.DebuggingInterceptor.intercept(DebuggingInterceptor.java:256)
	at com.opensymphony.xwork2.DefaultActionInvocation.invoke(DefaultActionInvocation.java:242)
	at com.opensymphony.xwork2.interceptor.DefaultWorkflowInterceptor.doIntercept(DefaultWorkflowInterceptor.java:176)
	at com.opensymphony.xwork2.interceptor.MethodFilterInterceptor.intercept(MethodFilterInterceptor.java:98)
	at com.opensymphony.xwork2.DefaultActionInvocation.invoke(DefaultActionInvocation.java:242)
	at com.opensymphony.xwork2.validator.ValidationInterceptor.doIntercept(ValidationInterceptor.java:265)
	at org.apache.struts2.interceptor.validation.AnnotationValidationInterceptor.doIntercept(AnnotationValidationInterceptor.java:68)
	at com.opensymphony.xwork2.interceptor.MethodFilterInterceptor.intercept(MethodFilterInterceptor.java:98)
	at com.opensymphony.xwork2.DefaultActionInvocation.invoke(DefaultActionInvocation.java:242)
	at com.opensymphony.xwork2.interceptor.ConversionErrorInterceptor.intercept(ConversionErrorInterceptor.java:138)
	at com.opensymphony.xwork2.DefaultActionInvocation.invoke(DefaultActionInvocation.java:242)
	at com.opensymphony.xwork2.interceptor.ParametersInterceptor.doIntercept(ParametersInterceptor.java:238)
	at com.opensymphony.xwork2.interceptor.MethodFilterInterceptor.intercept(MethodFilterInterceptor.java:98)
	at com.opensymphony.xwork2.DefaultActionInvocation.invoke(DefaultActionInvocation.java:242)
	at com.opensymphony.xwork2.interceptor.ParametersInterceptor.doIntercept(ParametersInterceptor.java:238)
	at com.opensymphony.xwork2.interceptor.MethodFilterInterceptor.intercept(MethodFilterInterceptor.java:98)
	at com.opensymphony.xwork2.DefaultActionInvocation.invoke(DefaultActionInvocation.java:242)
	at com.opensymphony.xwork2.interceptor.StaticParametersInterceptor.intercept(StaticParametersInterceptor.java:191)
	at com.opensymphony.xwork2.DefaultActionInvocation.invoke(DefaultActionInvocation.java:242)
	at org.apache.struts2.interceptor.MultiselectInterceptor.intercept(MultiselectInterceptor.java:73)
	at com.opensymphony.xwork2.DefaultActionInvocation.invoke(DefaultActionInvocation.java:242)
	at org.apache.struts2.interceptor.CheckboxInterceptor.intercept(CheckboxInterceptor.java:91)
	at com.opensymphony.xwork2.DefaultActionInvocation.invoke(DefaultActionInvocation.java:242)
	at org.apache.struts2.interceptor.FileUploadInterceptor.intercept(FileUploadInterceptor.java:252)
	at com.opensymphony.xwork2.DefaultActionInvocation.invoke(DefaultActionInvocation.java:242)
	at com.opensymphony.xwork2.interceptor.ModelDrivenInterceptor.intercept(ModelDrivenInterceptor.java:100)
	at com.opensymphony.xwork2.DefaultActionInvocation.invoke(DefaultActionInvocation.java:242)
	at com.opensymphony.xwork2.interceptor.ScopedModelDrivenInterceptor.intercept(ScopedModelDrivenInterceptor.java:141)
	at com.opensymphony.xwork2.DefaultActionInvocation.invoke(DefaultActionInvocation.java:242)
	at com.opensymphony.xwork2.interceptor.ChainingInterceptor.intercept(ChainingInterceptor.java:145)
	at com.opensymphony.xwork2.DefaultActionInvocation.invoke(DefaultActionInvocation.java:242)
	at com.opensymphony.xwork2.interceptor.PrepareInterceptor.doIntercept(PrepareInterceptor.java:171)
	at com.opensymphony.xwork2.interceptor.MethodFilterInterceptor.intercept(MethodFilterInterceptor.java:98)
	at com.opensymphony.xwork2.DefaultActionInvocation.invoke(DefaultActionInvocation.java:242)
	at com.opensymphony.xwork2.interceptor.I18nInterceptor.intercept(I18nInterceptor.java:176)
	at com.opensymphony.xwork2.DefaultActionInvocation.invoke(DefaultActionInvocation.java:242)
	at org.apache.struts2.interceptor.ServletConfigInterceptor.intercept(ServletConfigInterceptor.java:164)
	at com.opensymphony.xwork2.DefaultActionInvocation.invoke(DefaultActionInvocation.java:242)
	at com.opensymphony.xwork2.interceptor.AliasInterceptor.intercept(AliasInterceptor.java:193)
	at com.opensymphony.xwork2.DefaultActionInvocation.invoke(DefaultActionInvocation.java:242)
	at com.opensymphony.xwork2.interceptor.ExceptionMappingInterceptor.intercept(ExceptionMappingInterceptor.java:187)
	at com.opensymphony.xwork2.DefaultActionInvocation.invoke(DefaultActionInvocation.java:242)
	at com.sinosoft.util.struts2.intercepter.CreateEntityIntercepter.doIntercept(CreateEntityIntercepter.java:28)
	at com.opensymphony.xwork2.interceptor.MethodFilterInterceptor.intercept(MethodFilterInterceptor.java:98)
	at com.opensymphony.xwork2.DefaultActionInvocation.invoke(DefaultActionInvocation.java:242)
	at org.apache.struts2.impl.StrutsActionProxy.execute(StrutsActionProxy.java:54)
	at org.apache.struts2.dispatcher.Dispatcher.serviceAction(Dispatcher.java:544)
	at org.apache.struts2.dispatcher.ng.ExecuteOperations.executeAction(ExecuteOperations.java:77)
	at org.apache.struts2.dispatcher.ng.filter.StrutsPrepareAndExecuteFilter.doFilter(StrutsPrepareAndExecuteFilter.java:91)
	at weblogic.servlet.internal.FilterChainImpl.doFilter(FilterChainImpl.java:56)
	at org.springframework.orm.hibernate3.support.OpenSessionInViewFilter.doFilterInternal(OpenSessionInViewFilter.java:233)
	at org.springframework.web.filter.OncePerRequestFilter.doFilter(OncePerRequestFilter.java:107)
	at weblogic.servlet.internal.FilterChainImpl.doFilter(FilterChainImpl.java:56)
	at com.sinosoft.efiling.util.UserSessionFilter.doFilter(UserSessionFilter.java:143)
	at com.sinosoft.efiling.util.UserSessionFilter.doFilter(UserSessionFilter.java:109)
	at weblogic.servlet.internal.FilterChainImpl.doFilter(FilterChainImpl.java:56)
	at org.jasig.cas.client.util.AssertionThreadLocalFilter.doFilter(AssertionThreadLocalFilter.java:40)
	at weblogic.servlet.internal.FilterChainImpl.doFilter(FilterChainImpl.java:56)
	at org.jasig.cas.client.util.HttpServletRequestWrapperFilter.doFilter(HttpServletRequestWrapperFilter.java:62)
	at weblogic.servlet.internal.FilterChainImpl.doFilter(FilterChainImpl.java:56)
	at com.sinosoft.util.cas.Cas20ProxyReceivingTicketValidationFilter.preFilter(Cas20ProxyReceivingTicketValidationFilter.java:183)
	at org.jasig.cas.client.validation.AbstractTicketValidationFilter.doFilter(AbstractTicketValidationFilter.java:118)
	at weblogic.servlet.internal.FilterChainImpl.doFilter(FilterChainImpl.java:56)
	at com.sinosoft.util.cas.AuthenticationFilter.doFilter(AuthenticationFilter.java:147)
	at weblogic.servlet.internal.FilterChainImpl.doFilter(FilterChainImpl.java:56)
	at org.jasig.cas.client.session.SingleSignOutFilter.doFilter(SingleSignOutFilter.java:110)
	at weblogic.servlet.internal.FilterChainImpl.doFilter(FilterChainImpl.java:56)
	at weblogic.servlet.internal.WebAppServletContext$ServletInvocationAction.doIt(WebAppServletContext.java:3684)
	at weblogic.servlet.internal.WebAppServletContext$ServletInvocationAction.run(WebAppServletContext.java:3650)
	at weblogic.security.acl.internal.AuthenticatedSubject.doAs(AuthenticatedSubject.java:321)
	at weblogic.security.service.SecurityManager.runAs(SecurityManager.java:121)
	at weblogic.servlet.internal.WebAppServletContext.securedExecute(WebAppServletContext.java:2268)
	at weblogic.servlet.internal.WebAppServletContext.execute(WebAppServletContext.java:2174)
	at weblogic.servlet.internal.ServletRequestImpl.run(ServletRequestImpl.java:1446)
	at weblogic.work.ExecuteThread.execute(ExecuteThread.java:201)
	at weblogic.work.ExecuteThread.run(ExecuteThread.java:173)
[INFO][2017-10-17 13:53:06,024] com.opensymphony.xwork2.util.logging.commons.CommonsLogger.info(CommonsLogger.java:42)
	DocumentAuditServiceAction.save(),生成保单数据接口调用成功:7201045000170000002001
[INFO][2017-10-17 13:53:24,113] com.opensymphony.xwork2.util.logging.commons.CommonsLogger.info(CommonsLogger.java:42)
	DocumentAuditServiceAction.save(),生成保单数据接口调用:7201045000170000002001
[INFO][2017-10-17 13:53:24,122] com.sinosoft.efiling.service.DocumentAuditService.save(DocumentAuditService.java:236)
	7201045000170000002001 开始保存数据
[ERROR][2017-10-17 13:57:52,696] com.sinosoft.efiling.service.DocumentAuditService.save(DocumentAuditService.java:285)
	数据保存失败:no=7201045000170000002001,type=7
java.lang.IndexOutOfBoundsException: Index: 0, Size: 0
	at java.util.ArrayList.RangeCheck(ArrayList.java:547)
	at java.util.ArrayList.get(ArrayList.java:322)
	at com.sinosoft.efiling.service.DocumentAuditService.saveEndor(DocumentAuditService.java:888)
	at com.sinosoft.efiling.service.DocumentAuditService.save(DocumentAuditService.java:264)
	at com.sinosoft.efiling.service.DocumentAuditService.save(DocumentAuditService.java:223)
	at com.sinosoft.efiling.service.DocumentAuditService$$FastClassByCGLIB$$dbca09be.invoke(<generated>)
	at org.springframework.cglib.proxy.MethodProxy.invoke(MethodProxy.java:204)
	at org.springframework.aop.framework.CglibAopProxy$CglibMethodInvocation.invokeJoinpoint(CglibAopProxy.java:698)
	at org.springframework.aop.framework.ReflectiveMethodInvocation.proceed(ReflectiveMethodInvocation.java:150)
	at org.springframework.transaction.interceptor.TransactionInterceptor.invoke(TransactionInterceptor.java:110)
	at org.springframework.aop.framework.ReflectiveMethodInvocation.proceed(ReflectiveMethodInvocation.java:172)
	at org.springframework.aop.framework.CglibAopProxy$DynamicAdvisedInterceptor.intercept(CglibAopProxy.java:631)
	at com.sinosoft.efiling.service.DocumentAuditService$$EnhancerByCGLIB$$f25e653b.save(<generated>)
	at com.sinosoft.efiling.struts2.action.DocumentAuditServiceAction.save(DocumentAuditServiceAction.java:73)
	at sun.reflect.NativeMethodAccessorImpl.invoke0(Native Method)
	at sun.reflect.NativeMethodAccessorImpl.invoke(NativeMethodAccessorImpl.java:39)
	at sun.reflect.DelegatingMethodAccessorImpl.invoke(DelegatingMethodAccessorImpl.java:25)
	at java.lang.reflect.Method.invoke(Method.java:597)
	at com.opensymphony.xwork2.DefaultActionInvocation.invokeAction(DefaultActionInvocation.java:446)
	at com.opensymphony.xwork2.DefaultActionInvocation.invokeActionOnly(DefaultActionInvocation.java:285)
	at com.opensymphony.xwork2.DefaultActionInvocation.invoke(DefaultActionInvocation.java:248)
	at org.apache.struts2.interceptor.debugging.DebuggingInterceptor.intercept(DebuggingInterceptor.java:256)
	at com.opensymphony.xwork2.DefaultActionInvocation.invoke(DefaultActionInvocation.java:242)
	at com.opensymphony.xwork2.interceptor.DefaultWorkflowInterceptor.doIntercept(DefaultWorkflowInterceptor.java:176)
	at com.opensymphony.xwork2.interceptor.MethodFilterInterceptor.intercept(MethodFilterInterceptor.java:98)
	at com.opensymphony.xwork2.DefaultActionInvocation.invoke(DefaultActionInvocation.java:242)
	at com.opensymphony.xwork2.validator.ValidationInterceptor.doIntercept(ValidationInterceptor.java:265)
	at org.apache.struts2.interceptor.validation.AnnotationValidationInterceptor.doIntercept(AnnotationValidationInterceptor.java:68)
	at com.opensymphony.xwork2.interceptor.MethodFilterInterceptor.intercept(MethodFilterInterceptor.java:98)
	at com.opensymphony.xwork2.DefaultActionInvocation.invoke(DefaultActionInvocation.java:242)
	at com.opensymphony.xwork2.interceptor.ConversionErrorInterceptor.intercept(ConversionErrorInterceptor.java:138)
	at com.opensymphony.xwork2.DefaultActionInvocation.invoke(DefaultActionInvocation.java:242)
	at com.opensymphony.xwork2.interceptor.ParametersInterceptor.doIntercept(ParametersInterceptor.java:238)
	at com.opensymphony.xwork2.interceptor.MethodFilterInterceptor.intercept(MethodFilterInterceptor.java:98)
	at com.opensymphony.xwork2.DefaultActionInvocation.invoke(DefaultActionInvocation.java:242)
	at com.opensymphony.xwork2.interceptor.ParametersInterceptor.doIntercept(ParametersInterceptor.java:238)
	at com.opensymphony.xwork2.interceptor.MethodFilterInterceptor.intercept(MethodFilterInterceptor.java:98)
	at com.opensymphony.xwork2.DefaultActionInvocation.invoke(DefaultActionInvocation.java:242)
	at com.opensymphony.xwork2.interceptor.StaticParametersInterceptor.intercept(StaticParametersInterceptor.java:191)
	at com.opensymphony.xwork2.DefaultActionInvocation.invoke(DefaultActionInvocation.java:242)
	at org.apache.struts2.interceptor.MultiselectInterceptor.intercept(MultiselectInterceptor.java:73)
	at com.opensymphony.xwork2.DefaultActionInvocation.invoke(DefaultActionInvocation.java:242)
	at org.apache.struts2.interceptor.CheckboxInterceptor.intercept(CheckboxInterceptor.java:91)
	at com.opensymphony.xwork2.DefaultActionInvocation.invoke(DefaultActionInvocation.java:242)
	at org.apache.struts2.interceptor.FileUploadInterceptor.intercept(FileUploadInterceptor.java:252)
	at com.opensymphony.xwork2.DefaultActionInvocation.invoke(DefaultActionInvocation.java:242)
	at com.opensymphony.xwork2.interceptor.ModelDrivenInterceptor.intercept(ModelDrivenInterceptor.java:100)
	at com.opensymphony.xwork2.DefaultActionInvocation.invoke(DefaultActionInvocation.java:242)
	at com.opensymphony.xwork2.interceptor.ScopedModelDrivenInterceptor.intercept(ScopedModelDrivenInterceptor.java:141)
	at com.opensymphony.xwork2.DefaultActionInvocation.invoke(DefaultActionInvocation.java:242)
	at com.opensymphony.xwork2.interceptor.ChainingInterceptor.intercept(ChainingInterceptor.java:145)
	at com.opensymphony.xwork2.DefaultActionInvocation.invoke(DefaultActionInvocation.java:242)
	at com.opensymphony.xwork2.interceptor.PrepareInterceptor.doIntercept(PrepareInterceptor.java:171)
	at com.opensymphony.xwork2.interceptor.MethodFilterInterceptor.intercept(MethodFilterInterceptor.java:98)
	at com.opensymphony.xwork2.DefaultActionInvocation.invoke(DefaultActionInvocation.java:242)
	at com.opensymphony.xwork2.interceptor.I18nInterceptor.intercept(I18nInterceptor.java:176)
	at com.opensymphony.xwork2.DefaultActionInvocation.invoke(DefaultActionInvocation.java:242)
	at org.apache.struts2.interceptor.ServletConfigInterceptor.intercept(ServletConfigInterceptor.java:164)
	at com.opensymphony.xwork2.DefaultActionInvocation.invoke(DefaultActionInvocation.java:242)
	at com.opensymphony.xwork2.interceptor.AliasInterceptor.intercept(AliasInterceptor.java:193)
	at com.opensymphony.xwork2.DefaultActionInvocation.invoke(DefaultActionInvocation.java:242)
	at com.opensymphony.xwork2.interceptor.ExceptionMappingInterceptor.intercept(ExceptionMappingInterceptor.java:187)
	at com.opensymphony.xwork2.DefaultActionInvocation.invoke(DefaultActionInvocation.java:242)
	at com.sinosoft.util.struts2.intercepter.CreateEntityIntercepter.doIntercept(CreateEntityIntercepter.java:28)
	at com.opensymphony.xwork2.interceptor.MethodFilterInterceptor.intercept(MethodFilterInterceptor.java:98)
	at com.opensymphony.xwork2.DefaultActionInvocation.invoke(DefaultActionInvocation.java:242)
	at org.apache.struts2.impl.StrutsActionProxy.execute(StrutsActionProxy.java:54)
	at org.apache.struts2.dispatcher.Dispatcher.serviceAction(Dispatcher.java:544)
	at org.apache.struts2.dispatcher.ng.ExecuteOperations.executeAction(ExecuteOperations.java:77)
	at org.apache.struts2.dispatcher.ng.filter.StrutsPrepareAndExecuteFilter.doFilter(StrutsPrepareAndExecuteFilter.java:91)
	at weblogic.servlet.internal.FilterChainImpl.doFilter(FilterChainImpl.java:56)
	at org.springframework.orm.hibernate3.support.OpenSessionInViewFilter.doFilterInternal(OpenSessionInViewFilter.java:233)
	at org.springframework.web.filter.OncePerRequestFilter.doFilter(OncePerRequestFilter.java:107)
	at weblogic.servlet.internal.FilterChainImpl.doFilter(FilterChainImpl.java:56)
	at com.sinosoft.efiling.util.UserSessionFilter.doFilter(UserSessionFilter.java:143)
	at com.sinosoft.efiling.util.UserSessionFilter.doFilter(UserSessionFilter.java:109)
	at weblogic.servlet.internal.FilterChainImpl.doFilter(FilterChainImpl.java:56)
	at org.jasig.cas.client.util.AssertionThreadLocalFilter.doFilter(AssertionThreadLocalFilter.java:40)
	at weblogic.servlet.internal.FilterChainImpl.doFilter(FilterChainImpl.java:56)
	at org.jasig.cas.client.util.HttpServletRequestWrapperFilter.doFilter(HttpServletRequestWrapperFilter.java:62)
	at weblogic.servlet.internal.FilterChainImpl.doFilter(FilterChainImpl.java:56)
	at com.sinosoft.util.cas.Cas20ProxyReceivingTicketValidationFilter.preFilter(Cas20ProxyReceivingTicketValidationFilter.java:183)
	at org.jasig.cas.client.validation.AbstractTicketValidationFilter.doFilter(AbstractTicketValidationFilter.java:118)
	at weblogic.servlet.internal.FilterChainImpl.doFilter(FilterChainImpl.java:56)
	at com.sinosoft.util.cas.AuthenticationFilter.doFilter(AuthenticationFilter.java:147)
	at weblogic.servlet.internal.FilterChainImpl.doFilter(FilterChainImpl.java:56)
	at org.jasig.cas.client.session.SingleSignOutFilter.doFilter(SingleSignOutFilter.java:110)
	at weblogic.servlet.internal.FilterChainImpl.doFilter(FilterChainImpl.java:56)
	at weblogic.servlet.internal.WebAppServletContext$ServletInvocationAction.doIt(WebAppServletContext.java:3684)
	at weblogic.servlet.internal.WebAppServletContext$ServletInvocationAction.run(WebAppServletContext.java:3650)
	at weblogic.security.acl.internal.AuthenticatedSubject.doAs(AuthenticatedSubject.java:321)
	at weblogic.security.service.SecurityManager.runAs(SecurityManager.java:121)
	at weblogic.servlet.internal.WebAppServletContext.securedExecute(WebAppServletContext.java:2268)
	at weblogic.servlet.internal.WebAppServletContext.execute(WebAppServletContext.java:2174)
	at weblogic.servlet.internal.ServletRequestImpl.run(ServletRequestImpl.java:1446)
	at weblogic.work.ExecuteThread.execute(ExecuteThread.java:201)
	at weblogic.work.ExecuteThread.run(ExecuteThread.java:173)
[INFO][2017-10-17 13:57:52,749] com.opensymphony.xwork2.util.logging.commons.CommonsLogger.info(CommonsLogger.java:42)
	DocumentAuditServiceAction.save(),生成保单数据接口调用成功:7201045000170000002001
[INFO][2017-10-17 13:58:24,672] com.opensymphony.xwork2.util.logging.commons.CommonsLogger.info(CommonsLogger.java:42)
	DocumentAuditServiceAction.save(),生成保单数据接口调用:7201045000170000002001
[INFO][2017-10-17 13:58:24,673] com.sinosoft.efiling.service.DocumentAuditService.save(DocumentAuditService.java:236)
	7201045000170000002001 开始保存数据
[INFO][2017-10-17 14:08:58,108] com.sinosoft.efiling.service.DocumentAuditService.saveDocumntFiles(DocumentAuditService.java:1715)
	7201045000170000002001从承保数据库查询到的承保资料：
	0273 - 签章类文件[com.sinosoft.efiling.hibernate.entity.DocumentFile@37770d]false,true
[INFO][2017-10-17 14:08:58,110] com.sinosoft.efiling.service.DocumentAuditService.saveDocumntFiles(DocumentAuditService.java:1726)
	1001
[INFO][2017-10-17 14:08:59,290] com.sinosoft.efiling.service.DocumentAuditService.saveDocumntFiles(DocumentAuditService.java:1729)
	
[INFO][2017-10-17 14:08:59,572] com.sinosoft.efiling.service.DocumentAuditService.saveDocumntFiles(DocumentAuditService.java:1791)
	删除0条数据!
[INFO][2017-10-17 14:08:59,949] com.sinosoft.efiling.service.DocumentAuditService.save(DocumentAuditService.java:281)
	7201045000170000002001 数据保存完成,需要的承保资料清单:

	1.1001 - 签章类文件
[INFO][2017-10-17 14:08:59,971] com.opensymphony.xwork2.util.logging.commons.CommonsLogger.info(CommonsLogger.java:42)
	DocumentAuditServiceAction.save(),生成保单数据接口调用成功:7201045000170000002001
[DEBUG][2017-10-17 16:52:48,773] com.opensymphony.xwork2.util.logging.commons.CommonsLogger.debug(CommonsLogger.java:68)
	系统启动!
[DEBUG][2017-10-17 16:52:48,833] com.opensymphony.xwork2.util.logging.commons.CommonsLogger.debug(CommonsLogger.java:68)
	系统主目录:[E:\workspace\eFiling\eFiling\]
[DEBUG][2017-10-17 16:52:49,665] com.opensymphony.xwork2.util.logging.commons.CommonsLogger.debug(CommonsLogger.java:68)
	初始化FileNet配置...
[DEBUG][2017-10-17 16:52:49,721] com.opensymphony.xwork2.util.logging.commons.CommonsLogger.debug(CommonsLogger.java:68)
	{}
[DEBUG][2017-10-17 16:52:49,902] com.opensymphony.xwork2.util.logging.commons.CommonsLogger.debug(CommonsLogger.java:68)
	初始化邮件配置...
[DEBUG][2017-10-17 16:52:50,232] com.sinosoft.efiling.mail.MailHelper.setProperties(MailHelper.java:125)
	切换邮件配置:{include=sql.properties, timer.properties, mail.properties, timer.reminder.template=timer.reminder, sql.queryClient.endor.coverNote=SELECT T.INSUREDTYPE, T.INSUREDCODE, T.IDENTIFYTYPE, T.IDENTIFYNUMBER, T.INSUREDFLAG, NVL(C.IDINVALIDDATE, U.ORGINVALIDDATE) FROM PRPCPCUSTOMER T LEFT JOIN PRPDCUSTOMERIDV C ON C.CUSTOMERCODE = T.INSUREDCODE AND T.INSUREDTYPE = '1' LEFT JOIN PRPDCUSTOMERUNIT U ON U.CUSTOMERCODE = T.INSUREDCODE AND T.INSUREDTYPE = '2' WHERE T.POLICYNO = ? AND T.INSUREDFLAG = ?, mail.debug.to=15922901803@163.com,Laura.Luo@libertymutual.com.cn,annie.zhang@libertymutual.com.cn, timer.document.complement.date=2014-04-27, mail.smtp.auth=false, mail.disabled=false, sql.queryVehicle.policy=SELECT T.USENATURECODE, C.VEHICLECATEGORYCODE, T.ENROLLDATE, T.VINNO, T.ENGINENO FROM PRPCITEMCAR T LEFT JOIN PRPCITEMCAREXT C ON C.POLICYNO = T.POLICYNO AND C.ITEMNO = T.ITEMNO WHERE T.POLICYNO = ?, mail.password=, timer.document.share.sql=select no from t_f_document t where id in (select document_id from t_f_document_file a where a.status = ? and a.paper_type is not null and a.paper_code is not null and a.due_time is not null and exists (select * from t_f_document_file b where b.status = ? and (b.file_type_id = a.file_type_id or b.file_type_code = a.file_type_code or (a.file_type_id in ('200', '201') and b.file_type_id in ('200', '201'))) and b.paper_type = a.paper_type and b.paper_code = a.paper_code and b.due_time is not null)) and t.status = ? , timer.reminder.days=-10, timer.reminder.title=投保资料差缺到期提醒, sql.queryCarOwner.proposal=SELECT DECODE(C.CARINSUREDRELATION, '3', '1', '2') AS INSUREDTYPE, NULL AS CAROWNERCODE, T.IDENTIFYTYPE, T.CERTIFICATENO, '3' AS CAROWNERFLAG, NULL AS INVALIDDATE FROM PRPTCAROWNER T INNER JOIN PRPTITEMCAR C ON C.PROPOSALNO = T.PROPOSALNO WHERE T.PROPOSALNO = ?, scan.read.class.code.motor=05, sql.queryCarOwner.policy=SELECT DECODE(C.CARINSUREDRELATION, '3', '1', '2') AS INSUREDTYPE, NULL AS CAROWNERCODE, T.IDENTIFYTYPE, T.CERTIFICATENO, '3' AS CAROWNERFLAG, NULL AS INVALIDDATE FROM PRPCCAROWNER T INNER JOIN PRPCITEMCAR C ON C.POLICYNO = T.POLICYNO WHERE T.POLICYNO = ?, mail.encoding=UTF-8, sql.check.commit=SELECT DISTINCT NO FROM ( SELECT T.ID, T.NO, T.FILE_STATUS, (CEIL(SYSDATE - T.SALES_TIME) - NVL(NVL(NVL(NVL(L.DAYS, L1.DAYS), L2.DAYS), L3.DAYS), ?)) AS DAYS, NVL(NVL(NVL(NVL(L.CTRL_TYPE, L1.CTRL_TYPE), L2.CTRL_TYPE), L3.CTRL_TYPE), ?) AS CTRL_TYPE FROM T_F_DOCUMENT T INNER JOIN T_F_DOCUMENT_FILE TT ON T.ID = TT.DOCUMENT_ID INNER JOIN T_F_FILE_TYPE TF ON TT.FILE_TYPE_ID = TF.ID LEFT JOIN T_F_FILE_DEADLINE L ON L.STATUS = '1' AND L.PRODUCT_ID = T.PRODUCT_ID AND L.FILE_DEPT_ID = T.BUSINESS_DEPT_ID LEFT JOIN T_F_FILE_DEADLINE L1 ON L1.STATUS = '1' AND L1.PRODUCT_ID IS NULL AND L1.FILE_DEPT_ID = T.BUSINESS_DEPT_ID LEFT JOIN T_F_FILE_DEADLINE L2 ON L2.STATUS = '1' AND L2.PRODUCT_ID = T.PRODUCT_ID AND L2.FILE_DEPT_ID IS NULL AND L2.COMPANY_ID = T.BUSINESS_COMPANY_ID LEFT JOIN T_F_FILE_DEADLINE L3 ON L3.STATUS = '1' AND L3.PRODUCT_ID IS NULL AND L3.FILE_DEPT_ID IS NULL AND L3.COMPANY_ID = T.BUSINESS_COMPANY_ID WHERE T.FILE_STATUS IN (?, ?) AND T.STATUS = ? AND TF.SIGNED <> ? AND T.BUSINESS_NO = ?) A WHERE DAYS > 0 AND ((CTRL_TYPE = ?) OR (FILE_STATUS = ? AND CTRL_TYPE = ?)), timer.file.lending.sql=SELECT T.BORROWER_EMAIL AS USER_CODE, T.BORROWER_NAME, T.BORROWER_EMAIL, DOC.NO, F.NO AS FILE_NO, (P.ID || '.' || P.NAME) AS TYPE_NAME, TO_CHAR(T.INSERT_TIME, 'YYYY-MM-DD'), TO_CHAR(T.EXPECTED_RETURN_DATE, 'YYYY-MM-DD') FROM T_F_FILE_LENDING T INNER JOIN T_F_FILE_LENDING_DETAIL D ON D.LENDING_ID = T.ID INNER JOIN PRPDUSER U ON U.USERCODE = T.USER_ID INNER JOIN T_F_DOCUMENT_FILE DOF ON DOF.ID = D.DOCUMENT_FILE_ID INNER JOIN T_F_DOCUMENT DOC ON DOC.ID = DOF.DOCUMENT_ID INNER JOIN T_F_FILE F ON F.ID = DOF.FILE_ID INNER JOIN T_F_FILE_TYPE P ON P.ID = F.TYPE_ID WHERE D.STATUS IN (?) AND TRUNC(SYSDATE - T.EXPECTED_RETURN_DATE) = ?, sql.queryVehicle.proposal=SELECT T.USENATURECODE, C.VEHICLECATEGORYCODE, T.ENROLLDATE, T.VINNO, T.ENGINENO FROM PRPTITEMCAR T LEFT JOIN PRPTITEMCAREXT C ON C.PROPOSALNO = T.PROPOSALNO AND C.ITEMNO = T.ITEMNO WHERE T.PROPOSALNO = ?, sql.file.core.audit=SELECT T.ID , T.NO , T.FILE_APPROVE_STATUS, T.APPLICANT  AS APPLICANT,   PU3.USERNAME AS SALESNAME,   PC.COMCNAME  AS COMCNAME,    T.AGENT_NAME AS AGENT_NAME,  PU1.USERNAME AS BUSINESSNAME,PU2.USERNAME AS USERNAME, (SELECT COUNT(*) FROM T_F_DOCUMENT_FILE TF	INNER JOIN T_F_FILE F ON TF.FILE_ID = F.ID    WHERE T.ID = TF.DOCUMENT_ID	AND F.FILE_APPROVE_STATUS IS NOT NULL AND (TF.STATUS = ? AND F.FILE_APPROVE_STATUS = ?)) AS UNAUDITED_COUNT FROM T_F_DOCUMENT T  LEFT JOIN PRPDCOMPANY PC ON T.BUSINESS_DEPT_ID = PC.COMCODE  LEFT JOIN PRPDUSER PU1 ON T.BUSINESS_USER_ID = PU1.USERCODE  LEFT JOIN PRPDUSER PU2 ON T.USER_ID = PU2.USERCODE           LEFT JOIN PRPDUSER PU3 ON T.SALES_ID = PU3.USERCODE			WHERE EXISTS (										SELECT 1 FROM T_F_DOCUMENT_FILE TF							INNER JOIN T_F_FILE TT ON TF.FILE_ID = TT.ID    WHERE T.ID = TF.DOCUMENT_ID	AND TT.FILE_APPROVE_STATUS IS NOT NULL AND ((TF.STATUS = ? AND TT.FILE_APPROVE_STATUS = ?) OR TT.FILE_APPROVE_STATUS IN (?, ?)) ), cq.import.dir=, timer.file.lending.days=0, ??????#=é???????????sql?????????, mail.transport.protocol=smtp, mail.debug=true, sql.report.lack=SELECT ID, NO, PRODUCT_NAME, NVL(LICENSE_NO, ENGINE_NO), DEPT_NAME, USER_NAME, BUSINESS_NO, APPLICANT, SALES_TIME, EFFECTIVE_TIME, LACKS, DAYS FROM ( SELECT T.*, (CASE WHEN XDAYS > 0 AND ((CTRL_TYPE = '11') OR (FILE_STATUS = '00' AND CTRL_TYPE = '00')) THEN XDAYS ELSE 0 END) AS DAYS FROM ( SELECT T.*, P.NAME AS PRODUCT_NAME, (D.COMCNAME) AS DEPT_NAME, (U.USERNAME) AS USER_NAME, (CEIL(SYSDATE - T.SALES_TIME) - NVL(NVL(NVL(NVL(L.DAYS, L1.DAYS), L2.DAYS), L3.DAYS), ?)) AS XDAYS, NVL(NVL(NVL(NVL(L.CTRL_TYPE, L1.CTRL_TYPE), L2.CTRL_TYPE), L3.CTRL_TYPE), '11') AS CTRL_TYPE FROM T_F_DOCUMENT T LEFT JOIN PRPDCOMPANY D ON D.COMCODE = T.BUSINESS_DEPT_ID LEFT JOIN PRPDUSER U ON U.USERCODE = T.BUSINESS_USER_ID LEFT JOIN T_F_PRODUCT P ON P.ID = T.PRODUCT_ID LEFT JOIN T_F_FILE_DEADLINE L ON L.STATUS = '1' AND L.PRODUCT_ID = T.PRODUCT_ID AND L.FILE_DEPT_ID = T.BUSINESS_DEPT_ID LEFT JOIN T_F_FILE_DEADLINE L1 ON L1.STATUS = '1' AND L1.PRODUCT_ID IS NULL AND L1.FILE_DEPT_ID = T.BUSINESS_DEPT_ID LEFT JOIN T_F_FILE_DEADLINE L2 ON L2.STATUS = '1' AND L2.PRODUCT_ID = T.PRODUCT_ID AND L2.FILE_DEPT_ID IS NULL AND L2.COMPANY_ID = T.BUSINESS_COMPANY_ID LEFT JOIN T_F_FILE_DEADLINE L3 ON L3.STATUS = '1' AND L3.PRODUCT_ID IS NULL AND L3.FILE_DEPT_ID IS NULL AND L3.COMPANY_ID = T.BUSINESS_COMPANY_ID WHERE T.FILE_STATUS IN (?, ?) AND T.STATUS = ? ) T ) T, sql.queryClient.endor=SELECT T.INSUREDTYPE, T.INSUREDCODE, T.IDENTIFYTYPE, T.IDENTIFYNUMBER, T.INSUREDFLAG, NVL(C.IDINVALIDDATE, U.ORGINVALIDDATE) FROM PRPCPINSURED T LEFT JOIN PRPDCUSTOMERIDV C ON C.CUSTOMERCODE = T.INSUREDCODE AND T.INSUREDTYPE = '1' LEFT JOIN PRPDCUSTOMERUNIT U ON U.CUSTOMERCODE = T.INSUREDCODE AND T.INSUREDTYPE = '2' WHERE T.POLICYNO = ? AND T.INSUREDFLAG = ?, timer.file.lending.template=timer.fileLending, mail.from=eFiling UAT<eFilingSystem@libertymutual.com.cn>, timer.file.lending.title=借阅档案到期提醒, timer.reminder.sql=SELECT BUSINESS_USER_ID, USER_NAME, USER_MAIL, NO, BUSINESS_NO, PRODUCT_NAME, NVL(LICENSE_NO, ENGINE_NO), APPLICANT, TO_CHAR(SALES_TIME, 'YYYY-MM-DD'), TO_CHAR(EFFECTIVE_TIME, 'YYYY-MM-DD'), LACKS, DAYS FROM ( SELECT T.*, P.NAME AS PRODUCT_NAME, (U.USERENAME || ' - ' || U.USERNAME) AS USER_NAME, U.EMAIL AS USER_MAIL, (CEIL(SYSDATE - T.SALES_TIME) - NVL(NVL(NVL(NVL(L.DAYS, L1.DAYS), L2.DAYS), L3.DAYS), ?)) AS DAYS, NVL(NVL(NVL(NVL(L.CTRL_TYPE, L1.CTRL_TYPE), L2.CTRL_TYPE), L3.CTRL_TYPE), '11') AS CTRL_TYPE FROM T_F_DOCUMENT T LEFT JOIN PRPDCOMPANY D ON D.COMCODE = T.BUSINESS_DEPT_ID LEFT JOIN PRPDUSER U ON U.USERCODE = T.BUSINESS_USER_ID LEFT JOIN T_F_PRODUCT P ON P.ID = T.PRODUCT_ID LEFT JOIN T_F_FILE_DEADLINE L ON L.STATUS = '1' AND L.PRODUCT_ID = T.PRODUCT_ID AND L.FILE_DEPT_ID = T.BUSINESS_DEPT_ID LEFT JOIN T_F_FILE_DEADLINE L1 ON L1.STATUS = '1' AND L1.PRODUCT_ID IS NULL AND L1.FILE_DEPT_ID = T.BUSINESS_DEPT_ID LEFT JOIN T_F_FILE_DEADLINE L2 ON L2.STATUS = '1' AND L2.PRODUCT_ID = T.PRODUCT_ID AND L2.FILE_DEPT_ID IS NULL AND L2.COMPANY_ID = T.BUSINESS_COMPANY_ID LEFT JOIN T_F_FILE_DEADLINE L3 ON L3.STATUS = '1' AND L3.PRODUCT_ID IS NULL AND L3.FILE_DEPT_ID IS NULL AND L3.COMPANY_ID = T.BUSINESS_COMPANY_ID WHERE T.FILE_STATUS IN ('00', '01') AND T.STATUS = '1' ) T WHERE ((CTRL_TYPE = '11') OR (FILE_STATUS = '00' AND CTRL_TYPE = '00')) AND DAYS >= ? ORDER BY BUSINESS_USER_ID, DAYS, PROPOSAL_NO, POLICY_NO, NO, ???#=é?????????????????,?¤???????é????¨é????・??????é??, sql.queryClient.proposal.coverNote=SELECT T.INSUREDTYPE, T.INSUREDCODE, T.IDENTIFYTYPE, T.IDENTIFYNUMBER, T.INSUREDFLAG, NVL(C.IDINVALIDDATE, U.ORGINVALIDDATE) FROM PRPCCUSTOMER T LEFT JOIN PRPDCUSTOMERIDV C ON C.CUSTOMERCODE = T.INSUREDCODE AND T.INSUREDTYPE = '1' LEFT JOIN PRPDCUSTOMERUNIT U ON U.CUSTOMERCODE = T.INSUREDCODE AND T.INSUREDTYPE = '2' WHERE T.POLICYNO = ? AND T.INSUREDFLAG = ?, mail.smtp.host=10.132.1.168, sql.queryClient.proposal=SELECT T.INSUREDTYPE, T.INSUREDCODE, T.IDENTIFYTYPE, T.IDENTIFYNUMBER, T.INSUREDFLAG, NVL(C.IDINVALIDDATE, U.ORGINVALIDDATE) FROM PRPTINSURED T LEFT JOIN PRPDCUSTOMERIDV C ON C.CUSTOMERCODE = T.INSUREDCODE AND T.INSUREDTYPE = '1' LEFT JOIN PRPDCUSTOMERUNIT U ON U.CUSTOMERCODE = T.INSUREDCODE AND T.INSUREDTYPE = '2' WHERE T.PROPOSALNO = ? AND T.INSUREDFLAG = ?, sql.fileLending.query=SELECT T.ID, T.NO, T.TYPE, FD.BORROWER_NAME, FD.INSERT_TIME, FD.EXPECTED_RETURN_DATE, T.FILE_STATUS, TRUNC(SYSDATE - FD.EXPECTED_RETURN_DATE) AS RETURN_DATE1, TRUNC(SYSDATE - FD.EXPECTED_RETURN_DATE) AS RETURN_DATE2, U.USERNAME, T.LENT, FD.ID AS LENDING_ID FROM T_F_DOCUMENT T LEFT JOIN ( SELECT DISTINCT F.DOCUMENT_ID, L.* FROM T_F_FILE_LENDING L INNER JOIN T_F_FILE_LENDING_DETAIL D ON D.LENDING_ID = L.ID INNER JOIN T_F_DOCUMENT_FILE F ON F.FILE_ID = D.FILE_ID WHERE L.STATUS IN ('1', '2') ) FD ON FD.DOCUMENT_ID = T.ID LEFT JOIN PRPDUSER U ON U.USERCODE = FD.USER_ID, sql.queryCarOwner.endor=SELECT DECODE(C.CARINSUREDRELATION, '3', '1', '2') AS INSUREDTYPE, NULL AS CAROWNERCODE, T.IDENTIFYTYPE, T.CERTIFICATENO, '3' AS CAROWNERFLAG, NULL AS INVALIDDATE FROM PRPCPCAROWNER T INNER JOIN PRPCPITEMCAR C ON C.POLICYNO = T.POLICYNO WHERE T.POLICYNO = ?, mail.user=eFilingSystemTest, sql.queryVehicle.endor=SELECT T.USENATURECODE, C.VEHICLECATEGORYCODE, T.ENROLLDATE, T.VINNO, T.ENGINENO FROM PRPCPITEMCAR T LEFT JOIN PRPPITEMCAREXT C ON C.ENDORSENO = T.ENDORSENO AND C.ITEMNO = T.ITEMNO WHERE T.POLICYNO = ?, timer.document.complement.sql=SELECT POLICYNO, ? AS TYPE FROM PRPCMAIN C WHERE EXISTS (SELECT ID FROM T_F_DOCUMENT D WHERE D.TYPE = ? AND D.PROPOSAL_NO = C.PROPOSALNO) UNION ALL SELECT POLICYNO, ? AS TYPE FROM PRPCMAIN C WHERE C.OPERATEDATE >= ? AND NOT EXISTS (SELECT PROPOSAL_NO FROM T_F_DOCUMENT D WHERE D.PROPOSAL_NO = C.PROPOSALNO AND D.TYPE IN (?, ?)) UNION ALL SELECT POLICYNO, ? FROM PRPCMAINCOVERNOTE C WHERE ( (OPERATEDATE >= ? AND UNDERWRITEFLAG IN ('1', '3') AND NOT EXISTS (SELECT POLICY_NO FROM T_F_DOCUMENT D WHERE D.TYPE = ? AND D.STATUS = ? AND D.POLICY_NO = C.POLICYNO) ) OR (OPERATEDATE >= ? AND UNDERWRITEFLAG NOT IN ('1', '3') AND NOT EXISTS (SELECT POLICY_NO FROM T_F_DOCUMENT D WHERE D.TYPE = ? AND D.POLICY_NO = C.POLICYNO) ) ) UNION ALL SELECT ENDORSENO, ? FROM PRPPHEAD C WHERE ( (INPUTDATE >= ? AND UNDERWRITEFLAG IN ('1', '3') AND NOT EXISTS (SELECT NO FROM T_F_DOCUMENT D WHERE D.TYPE = ? AND D.STATUS = ? AND D.NO = C.ENDORSENO)) OR (INPUTDATE >= ? AND UNDERWRITEFLAG NOT IN ('1', '3') AND NOT EXISTS (SELECT NO FROM T_F_DOCUMENT D WHERE D.TYPE = ? AND D.NO = C.ENDORSENO) ) ) UNION ALL SELECT ENDORSENO, ? FROM PRPPHEADCOVERNOTE C WHERE ( (INPUTDATE >= ? AND UNDERWRITEFLAG IN ('1', '3') AND NOT EXISTS (SELECT ENDOR_NO FROM T_F_DOCUMENT D WHERE D.TYPE = ? AND D.STATUS = ? AND D.NO = C.ENDORSENO)) OR (INPUTDATE >= ? AND UNDERWRITEFLAG NOT IN ('1', '3') AND NOT EXISTS (SELECT ENDOR_NO FROM T_F_DOCUMENT D WHERE D.TYPE = ? AND D.NO = C.ENDORSENO) ) ) UNION ALL SELECT PROPOSALNO, ? FROM PRPTMAIN C WHERE OPERATEDATE >= ? AND UNDERWRITEFLAG NOT IN ('1', '3') AND NOT EXISTS (SELECT PROPOSAL_NO FROM T_F_DOCUMENT D WHERE D.TYPE IN (?, ?) AND D.PROPOSAL_NO = C.PROPOSALNO) , sql.queryClient.policy=SELECT T.INSUREDTYPE, T.INSUREDCODE, T.IDENTIFYTYPE, T.IDENTIFYNUMBER, T.INSUREDFLAG, NVL(C.IDINVALIDDATE, U.ORGINVALIDDATE) FROM PRPCINSURED T LEFT JOIN PRPDCUSTOMERIDV C ON C.CUSTOMERCODE = T.INSUREDCODE AND T.INSUREDTYPE = '1' LEFT JOIN PRPDCUSTOMERUNIT U ON U.CUSTOMERCODE = T.INSUREDCODE AND T.INSUREDTYPE = '2' WHERE T.POLICYNO = ? AND T.INSUREDFLAG = ?}
[DEBUG][2017-10-17 16:52:50,239] com.sinosoft.efiling.mail.MailHelper.setProperties(MailHelper.java:151)
	from=eFiling UAT <eFilingSystem@libertymutual.com.cn>
[DEBUG][2017-10-17 16:52:50,245] com.sinosoft.efiling.mail.MailHelper.setProperties(MailHelper.java:161)
	from=eFiling UAT <eFilingSystem@libertymutual.com.cn>
[DEBUG][2017-10-17 16:52:50,260] com.opensymphony.xwork2.util.logging.commons.CommonsLogger.debug(CommonsLogger.java:68)
	{mail.password=, mail.user=ARAP System, mail.smtp.host=10.132.1.168}
[DEBUG][2017-10-17 16:52:50,261] com.sinosoft.efiling.mail.MailHelper.setProperties(MailHelper.java:125)
	切换邮件配置:{mail.password=, mail.user=ARAP System, mail.smtp.host=10.132.1.168}
[DEBUG][2017-10-17 16:52:50,261] com.sinosoft.efiling.mail.MailHelper.setProperties(MailHelper.java:151)
	from=eFiling UAT <eFilingSystem@libertymutual.com.cn>
[DEBUG][2017-10-17 16:52:50,266] com.sinosoft.efiling.mail.MailHelper.setProperties(MailHelper.java:161)
	from=eFiling UAT <eFilingSystem@libertymutual.com.cn>
[DEBUG][2017-10-17 16:52:50,267] com.opensymphony.xwork2.util.logging.commons.CommonsLogger.debug(CommonsLogger.java:68)
	初始化定时器配置...
[INFO][2017-10-17 16:52:50,280] com.opensymphony.xwork2.util.logging.commons.CommonsLogger.info(CommonsLogger.java:42)
	配置timer.tasks=null
